[2023-01-24T12:01:32.325-0300] {taskinstance.py:1087} INFO - Dependencies all met for <TaskInstance: raw_opt_t_servicoconta.run_adf_pipeline scheduled__2023-01-23T15:00:00+00:00 [queued]>
[2023-01-24T12:01:32.705-0300] {taskinstance.py:1087} INFO - Dependencies all met for <TaskInstance: raw_opt_t_servicoconta.run_adf_pipeline scheduled__2023-01-23T15:00:00+00:00 [queued]>
[2023-01-24T12:01:32.705-0300] {taskinstance.py:1283} INFO - 
--------------------------------------------------------------------------------
[2023-01-24T12:01:32.706-0300] {taskinstance.py:1284} INFO - Starting attempt 1 of 1
[2023-01-24T12:01:32.706-0300] {taskinstance.py:1285} INFO - 
--------------------------------------------------------------------------------
[2023-01-24T12:01:33.326-0300] {taskinstance.py:1304} INFO - Executing <Task(AzureDataFactoryRunPipelineOperator): run_adf_pipeline> on 2023-01-23 15:00:00+00:00
[2023-01-24T12:01:33.334-0300] {standard_task_runner.py:55} INFO - Started process 1420541 to run task
[2023-01-24T12:01:33.338-0300] {standard_task_runner.py:82} INFO - Running: ['airflow', 'tasks', 'run', 'raw_opt_t_servicoconta', 'run_adf_pipeline', 'scheduled__2023-01-23T15:00:00+00:00', '--job-id', '1299', '--raw', '--subdir', 'DAGS_FOLDER/raw/dock_opt/raw_opt_t_servicoconta.py', '--cfg-path', '/tmp/tmpyko4xf2e']
[2023-01-24T12:01:33.341-0300] {standard_task_runner.py:83} INFO - Job 1299: Subtask run_adf_pipeline
[2023-01-24T12:01:36.580-0300] {task_command.py:389} INFO - Running <TaskInstance: raw_opt_t_servicoconta.run_adf_pipeline scheduled__2023-01-23T15:00:00+00:00 [running]> on host vm-airflow-01
[2023-01-24T12:01:39.699-0300] {taskinstance.py:1511} INFO - Exporting the following env vars:
AIRFLOW_CTX_DAG_OWNER=matheus.rodrigues@fortbrasil.com.br
AIRFLOW_CTX_DAG_ID=raw_opt_t_servicoconta
AIRFLOW_CTX_TASK_ID=run_adf_pipeline
AIRFLOW_CTX_EXECUTION_DATE=2023-01-23T15:00:00+00:00
AIRFLOW_CTX_TRY_NUMBER=1
AIRFLOW_CTX_DAG_RUN_ID=scheduled__2023-01-23T15:00:00+00:00
[2023-01-24T12:01:39.700-0300] {data_factory.py:154} INFO - Executing the cp_opt_to_datalake pipeline.
[2023-01-24T12:01:40.213-0300] {base.py:73} INFO - Using connection ID 'adf' for task execution.
[2023-01-24T12:01:40.708-0300] {base.py:73} INFO - Using connection ID 'adf' for task execution.
[2023-01-24T12:01:41.240-0300] {base.py:73} INFO - Using connection ID 'adf' for task execution.
[2023-01-24T12:01:41.249-0300] {_universal.py:526} INFO - Request URL: 'https://login.microsoftonline.com:443/d47e09d1-17c6-4a6f-b65c-d49d61e186a2/v2.0/.well-known/openid-configuration'
Request method: 'GET'
Request headers:
    'User-Agent': 'azsdk-python-identity/1.12.0 Python/3.10.6 (Linux-5.15.0-58-generic-x86_64-with-glibc2.35)'
No body was attached to the request
[2023-01-24T12:01:41.696-0300] {_universal.py:554} INFO - Response status: 200
Response headers:
    'Cache-Control': 'max-age=86400, private'
    'Content-Type': 'application/json; charset=utf-8'
    'Strict-Transport-Security': 'REDACTED'
    'X-Content-Type-Options': 'REDACTED'
    'Access-Control-Allow-Origin': 'REDACTED'
    'Access-Control-Allow-Methods': 'REDACTED'
    'P3P': 'REDACTED'
    'x-ms-request-id': '47478437-22d5-4d47-af71-252db6775900'
    'x-ms-ests-server': 'REDACTED'
    'X-XSS-Protection': 'REDACTED'
    'Set-Cookie': 'REDACTED'
    'Date': 'Tue, 24 Jan 2023 15:01:41 GMT'
    'Content-Length': '1753'
[2023-01-24T12:01:41.697-0300] {_universal.py:526} INFO - Request URL: 'https://login.microsoftonline.com/common/discovery/instance?api-version=REDACTED&authorization_endpoint=REDACTED'
Request method: 'GET'
Request headers:
    'Accept': 'application/json'
    'User-Agent': 'azsdk-python-identity/1.12.0 Python/3.10.6 (Linux-5.15.0-58-generic-x86_64-with-glibc2.35)'
No body was attached to the request
[2023-01-24T12:01:41.892-0300] {_universal.py:554} INFO - Response status: 200
Response headers:
    'Cache-Control': 'max-age=86400, private'
    'Content-Type': 'application/json; charset=utf-8'
    'Strict-Transport-Security': 'REDACTED'
    'X-Content-Type-Options': 'REDACTED'
    'Access-Control-Allow-Origin': 'REDACTED'
    'Access-Control-Allow-Methods': 'REDACTED'
    'P3P': 'REDACTED'
    'x-ms-request-id': 'e98452dc-becf-4e03-9d8a-83a3e5fe6200'
    'x-ms-ests-server': 'REDACTED'
    'X-XSS-Protection': 'REDACTED'
    'Set-Cookie': 'REDACTED'
    'Date': 'Tue, 24 Jan 2023 15:01:41 GMT'
    'Content-Length': '945'
[2023-01-24T12:01:41.893-0300] {_universal.py:523} INFO - Request URL: 'https://login.microsoftonline.com/d47e09d1-17c6-4a6f-b65c-d49d61e186a2/oauth2/v2.0/token'
Request method: 'POST'
Request headers:
    'Accept': 'application/json'
    'x-client-sku': 'REDACTED'
    'x-client-ver': 'REDACTED'
    'x-client-os': 'REDACTED'
    'x-client-cpu': 'REDACTED'
    'x-ms-lib-capability': 'REDACTED'
    'client-request-id': 'REDACTED'
    'x-client-current-telemetry': 'REDACTED'
    'x-client-last-telemetry': 'REDACTED'
    'User-Agent': 'azsdk-python-identity/1.12.0 Python/3.10.6 (Linux-5.15.0-58-generic-x86_64-with-glibc2.35)'
A body is sent with the request
[2023-01-24T12:01:42.145-0300] {_universal.py:554} INFO - Response status: 200
Response headers:
    'Cache-Control': 'no-store, no-cache'
    'Pragma': 'no-cache'
    'Content-Type': 'application/json; charset=utf-8'
    'Expires': '-1'
    'Strict-Transport-Security': 'REDACTED'
    'X-Content-Type-Options': 'REDACTED'
    'P3P': 'REDACTED'
    'client-request-id': 'REDACTED'
    'x-ms-request-id': 'a20c65d3-dd9a-453d-ae58-f1a274c95800'
    'x-ms-ests-server': 'REDACTED'
    'x-ms-clitelem': 'REDACTED'
    'X-XSS-Protection': 'REDACTED'
    'Set-Cookie': 'REDACTED'
    'Date': 'Tue, 24 Jan 2023 15:01:41 GMT'
    'Content-Length': '1391'
[2023-01-24T12:01:42.146-0300] {get_token_mixin.py:77} INFO - ClientSecretCredential.get_token succeeded
[2023-01-24T12:01:42.146-0300] {_universal.py:523} INFO - Request URL: 'https://management.azure.com/subscriptions/5e5642ec-dd71-4e9a-a29e-58effbf39209/resourceGroups/rg-mdw-hml-fb/providers/Microsoft.DataFactory/factories/adf-mdw-hml-fb/pipelines/cp_opt_to_datalake/createRun?api-version=REDACTED'
Request method: 'POST'
Request headers:
    'Content-Type': 'application/json'
    'Accept': 'application/json'
    'Content-Length': '132'
    'x-ms-client-request-id': '02616f68-9bf8-11ed-a50b-05e3ce77118f'
    'User-Agent': 'azsdk-python-mgmt-datafactory/1.1.0 Python/3.10.6 (Linux-5.15.0-58-generic-x86_64-with-glibc2.35)'
    'Authorization': 'REDACTED'
A body is sent with the request
[2023-01-24T12:01:44.406-0300] {_universal.py:554} INFO - Response status: 200
Response headers:
    'Cache-Control': 'no-cache'
    'Pragma': 'no-cache'
    'Transfer-Encoding': 'chunked'
    'Content-Type': 'application/json; charset=utf-8'
    'Content-Encoding': 'REDACTED'
    'Expires': '-1'
    'Vary': 'REDACTED'
    'x-ms-correlation-request-id': 'REDACTED'
    'Server': 'Kestrel'
    'x-ms-ratelimit-remaining-subscription-writes': 'REDACTED'
    'x-ms-request-id': '12c9bb20-3d68-46c8-9095-12d236f982eb'
    'x-ms-routing-request-id': 'REDACTED'
    'Strict-Transport-Security': 'REDACTED'
    'X-Content-Type-Options': 'REDACTED'
    'Date': 'Tue, 24 Jan 2023 15:01:43 GMT'
[2023-01-24T12:01:45.588-0300] {data_factory.py:172} INFO - Waiting for pipeline run 02616f68-9bf8-11ed-a50b-05e3ce77118f to terminate.
[2023-01-24T12:01:45.589-0300] {data_factory.py:768} INFO - Getting the status of run ID 02616f68-9bf8-11ed-a50b-05e3ce77118f.
[2023-01-24T12:01:46.087-0300] {base.py:73} INFO - Using connection ID 'adf' for task execution.
[2023-01-24T12:01:46.585-0300] {base.py:73} INFO - Using connection ID 'adf' for task execution.
[2023-01-24T12:01:46.587-0300] {_universal.py:526} INFO - Request URL: 'https://management.azure.com/subscriptions/5e5642ec-dd71-4e9a-a29e-58effbf39209/resourceGroups/rg-mdw-hml-fb/providers/Microsoft.DataFactory/factories/adf-mdw-hml-fb/pipelineruns/02616f68-9bf8-11ed-a50b-05e3ce77118f?api-version=REDACTED'
Request method: 'GET'
Request headers:
    'Accept': 'application/json'
    'x-ms-client-request-id': '058ff8d0-9bf8-11ed-a50b-05e3ce77118f'
    'User-Agent': 'azsdk-python-mgmt-datafactory/1.1.0 Python/3.10.6 (Linux-5.15.0-58-generic-x86_64-with-glibc2.35)'
    'Authorization': 'REDACTED'
No body was attached to the request
[2023-01-24T12:01:46.767-0300] {_universal.py:554} INFO - Response status: 200
Response headers:
    'Cache-Control': 'no-cache'
    'Pragma': 'no-cache'
    'Transfer-Encoding': 'chunked'
    'Content-Type': 'application/json; charset=utf-8'
    'Content-Encoding': 'REDACTED'
    'Expires': '-1'
    'Vary': 'REDACTED'
    'x-ms-correlation-request-id': 'REDACTED'
    'Server': 'Kestrel'
    'x-ms-ratelimit-remaining-subscription-reads': 'REDACTED'
    'x-ms-request-id': 'a037e4c9-f180-428c-a29e-ad4762004402'
    'x-ms-routing-request-id': 'REDACTED'
    'Strict-Transport-Security': 'REDACTED'
    'X-Content-Type-Options': 'REDACTED'
    'Date': 'Tue, 24 Jan 2023 15:01:45 GMT'
[2023-01-24T12:01:46.774-0300] {data_factory.py:774} INFO - Current status of pipeline run 02616f68-9bf8-11ed-a50b-05e3ce77118f: InProgress
[2023-01-24T12:02:46.776-0300] {data_factory.py:768} INFO - Getting the status of run ID 02616f68-9bf8-11ed-a50b-05e3ce77118f.
[2023-01-24T12:02:47.279-0300] {base.py:73} INFO - Using connection ID 'adf' for task execution.
[2023-01-24T12:02:47.780-0300] {base.py:73} INFO - Using connection ID 'adf' for task execution.
[2023-01-24T12:02:47.782-0300] {_universal.py:526} INFO - Request URL: 'https://management.azure.com/subscriptions/5e5642ec-dd71-4e9a-a29e-58effbf39209/resourceGroups/rg-mdw-hml-fb/providers/Microsoft.DataFactory/factories/adf-mdw-hml-fb/pipelineruns/02616f68-9bf8-11ed-a50b-05e3ce77118f?api-version=REDACTED'
Request method: 'GET'
Request headers:
    'Accept': 'application/json'
    'x-ms-client-request-id': '2a099306-9bf8-11ed-a50b-05e3ce77118f'
    'User-Agent': 'azsdk-python-mgmt-datafactory/1.1.0 Python/3.10.6 (Linux-5.15.0-58-generic-x86_64-with-glibc2.35)'
    'Authorization': 'REDACTED'
No body was attached to the request
[2023-01-24T12:02:47.938-0300] {_universal.py:554} INFO - Response status: 200
Response headers:
    'Cache-Control': 'no-cache'
    'Pragma': 'no-cache'
    'Transfer-Encoding': 'chunked'
    'Content-Type': 'application/json; charset=utf-8'
    'Content-Encoding': 'REDACTED'
    'Expires': '-1'
    'Vary': 'REDACTED'
    'x-ms-correlation-request-id': 'REDACTED'
    'Server': 'Kestrel'
    'x-ms-ratelimit-remaining-subscription-reads': 'REDACTED'
    'x-ms-request-id': 'dc3411b9-18a5-4bd6-8a80-dc47b591e9a1'
    'x-ms-routing-request-id': 'REDACTED'
    'Strict-Transport-Security': 'REDACTED'
    'X-Content-Type-Options': 'REDACTED'
    'Date': 'Tue, 24 Jan 2023 15:02:47 GMT'
[2023-01-24T12:02:47.939-0300] {data_factory.py:774} INFO - Current status of pipeline run 02616f68-9bf8-11ed-a50b-05e3ce77118f: InProgress
[2023-01-24T12:03:47.993-0300] {data_factory.py:768} INFO - Getting the status of run ID 02616f68-9bf8-11ed-a50b-05e3ce77118f.
[2023-01-24T12:03:48.491-0300] {base.py:73} INFO - Using connection ID 'adf' for task execution.
[2023-01-24T12:03:49.004-0300] {base.py:73} INFO - Using connection ID 'adf' for task execution.
[2023-01-24T12:03:49.005-0300] {_universal.py:526} INFO - Request URL: 'https://management.azure.com/subscriptions/5e5642ec-dd71-4e9a-a29e-58effbf39209/resourceGroups/rg-mdw-hml-fb/providers/Microsoft.DataFactory/factories/adf-mdw-hml-fb/pipelineruns/02616f68-9bf8-11ed-a50b-05e3ce77118f?api-version=REDACTED'
Request method: 'GET'
Request headers:
    'Accept': 'application/json'
    'x-ms-client-request-id': '4e878990-9bf8-11ed-a50b-05e3ce77118f'
    'User-Agent': 'azsdk-python-mgmt-datafactory/1.1.0 Python/3.10.6 (Linux-5.15.0-58-generic-x86_64-with-glibc2.35)'
    'Authorization': 'REDACTED'
No body was attached to the request
[2023-01-24T12:03:49.167-0300] {_universal.py:554} INFO - Response status: 200
Response headers:
    'Cache-Control': 'no-cache'
    'Pragma': 'no-cache'
    'Transfer-Encoding': 'chunked'
    'Content-Type': 'application/json; charset=utf-8'
    'Content-Encoding': 'REDACTED'
    'Expires': '-1'
    'Vary': 'REDACTED'
    'x-ms-correlation-request-id': 'REDACTED'
    'Server': 'Kestrel'
    'x-ms-ratelimit-remaining-subscription-reads': 'REDACTED'
    'x-ms-request-id': 'f7ac010a-e94e-45b0-bfb0-28075232d42f'
    'x-ms-routing-request-id': 'REDACTED'
    'Strict-Transport-Security': 'REDACTED'
    'X-Content-Type-Options': 'REDACTED'
    'Date': 'Tue, 24 Jan 2023 15:03:48 GMT'
[2023-01-24T12:03:49.168-0300] {data_factory.py:774} INFO - Current status of pipeline run 02616f68-9bf8-11ed-a50b-05e3ce77118f: InProgress
[2023-01-24T12:04:49.216-0300] {data_factory.py:768} INFO - Getting the status of run ID 02616f68-9bf8-11ed-a50b-05e3ce77118f.
[2023-01-24T12:04:49.721-0300] {base.py:73} INFO - Using connection ID 'adf' for task execution.
[2023-01-24T12:04:50.231-0300] {base.py:73} INFO - Using connection ID 'adf' for task execution.
[2023-01-24T12:04:50.233-0300] {_universal.py:526} INFO - Request URL: 'https://management.azure.com/subscriptions/5e5642ec-dd71-4e9a-a29e-58effbf39209/resourceGroups/rg-mdw-hml-fb/providers/Microsoft.DataFactory/factories/adf-mdw-hml-fb/pipelineruns/02616f68-9bf8-11ed-a50b-05e3ce77118f?api-version=REDACTED'
Request method: 'GET'
Request headers:
    'Accept': 'application/json'
    'x-ms-client-request-id': '7306245c-9bf8-11ed-a50b-05e3ce77118f'
    'User-Agent': 'azsdk-python-mgmt-datafactory/1.1.0 Python/3.10.6 (Linux-5.15.0-58-generic-x86_64-with-glibc2.35)'
    'Authorization': 'REDACTED'
No body was attached to the request
[2023-01-24T12:04:50.396-0300] {_universal.py:554} INFO - Response status: 200
Response headers:
    'Cache-Control': 'no-cache'
    'Pragma': 'no-cache'
    'Transfer-Encoding': 'chunked'
    'Content-Type': 'application/json; charset=utf-8'
    'Content-Encoding': 'REDACTED'
    'Expires': '-1'
    'Vary': 'REDACTED'
    'x-ms-correlation-request-id': 'REDACTED'
    'Server': 'Kestrel'
    'x-ms-ratelimit-remaining-subscription-reads': 'REDACTED'
    'x-ms-request-id': '171880bc-d7a2-48a6-9633-cc7593315606'
    'x-ms-routing-request-id': 'REDACTED'
    'Strict-Transport-Security': 'REDACTED'
    'X-Content-Type-Options': 'REDACTED'
    'Date': 'Tue, 24 Jan 2023 15:04:50 GMT'
[2023-01-24T12:04:50.397-0300] {data_factory.py:774} INFO - Current status of pipeline run 02616f68-9bf8-11ed-a50b-05e3ce77118f: Succeeded
[2023-01-24T12:04:50.397-0300] {data_factory.py:182} INFO - Pipeline run 02616f68-9bf8-11ed-a50b-05e3ce77118f has completed successfully.
[2023-01-24T12:04:50.401-0300] {logging_mixin.py:137} WARNING - /home/airflow/.local/lib/python3.10/site-packages/airflow/models/baseoperator.py:1393 RemovedInAirflow3Warning: Passing 'execution_date' to 'TaskInstance.xcom_push()' is deprecated.
[2023-01-24T12:04:51.612-0300] {taskinstance.py:1322} INFO - Marking task as SUCCESS. dag_id=raw_opt_t_servicoconta, task_id=run_adf_pipeline, execution_date=20230123T150000, start_date=20230124T150132, end_date=20230124T150451
[2023-01-24T12:04:52.713-0300] {local_task_job.py:159} INFO - Task exited with return code 0
[2023-01-24T12:04:53.261-0300] {taskinstance.py:2582} INFO - 0 downstream tasks scheduled from follow-on schedule check
