[2023-01-23T13:33:46.490-0300] {taskinstance.py:1087} INFO - Dependencies all met for <TaskInstance: raw_opt_t_transacaofatura.get_last_date manual__2023-01-23T16:33:14.833003+00:00 [queued]>
[2023-01-23T13:33:47.113-0300] {taskinstance.py:1087} INFO - Dependencies all met for <TaskInstance: raw_opt_t_transacaofatura.get_last_date manual__2023-01-23T16:33:14.833003+00:00 [queued]>
[2023-01-23T13:33:47.114-0300] {taskinstance.py:1283} INFO - 
--------------------------------------------------------------------------------
[2023-01-23T13:33:47.114-0300] {taskinstance.py:1284} INFO - Starting attempt 1 of 1
[2023-01-23T13:33:47.114-0300] {taskinstance.py:1285} INFO - 
--------------------------------------------------------------------------------
[2023-01-23T13:33:47.615-0300] {taskinstance.py:1304} INFO - Executing <Task(DatabricksSubmitRunOperator): get_last_date> on 2023-01-23 16:33:14.833003+00:00
[2023-01-23T13:33:47.621-0300] {standard_task_runner.py:55} INFO - Started process 1124174 to run task
[2023-01-23T13:33:47.628-0300] {standard_task_runner.py:82} INFO - Running: ['airflow', 'tasks', 'run', 'raw_opt_t_transacaofatura', 'get_last_date', 'manual__2023-01-23T16:33:14.833003+00:00', '--job-id', '1214', '--raw', '--subdir', 'DAGS_FOLDER/raw/dock_opt/raw_opt_t_transacaofatura.py', '--cfg-path', '/tmp/tmpxage8kcw']
[2023-01-23T13:33:47.633-0300] {standard_task_runner.py:83} INFO - Job 1214: Subtask get_last_date
[2023-01-23T13:33:50.683-0300] {task_command.py:389} INFO - Running <TaskInstance: raw_opt_t_transacaofatura.get_last_date manual__2023-01-23T16:33:14.833003+00:00 [running]> on host vm-airflow-01
[2023-01-23T13:33:53.160-0300] {taskinstance.py:1511} INFO - Exporting the following env vars:
AIRFLOW_CTX_DAG_OWNER=matheus.rodrigues@fortbrasil.com.br
AIRFLOW_CTX_DAG_ID=raw_opt_t_transacaofatura
AIRFLOW_CTX_TASK_ID=get_last_date
AIRFLOW_CTX_EXECUTION_DATE=2023-01-23T16:33:14.833003+00:00
AIRFLOW_CTX_TRY_NUMBER=1
AIRFLOW_CTX_DAG_RUN_ID=manual__2023-01-23T16:33:14.833003+00:00
[2023-01-23T13:33:53.663-0300] {base.py:73} INFO - Using connection ID 'adb' for task execution.
[2023-01-23T13:33:53.871-0300] {databricks_base.py:424} INFO - Using token auth. For security reasons, please set token in Password field instead of extra
[2023-01-23T13:33:55.175-0300] {databricks.py:50} INFO - Run submitted with run_id: 78371
[2023-01-23T13:33:55.176-0300] {databricks_base.py:424} INFO - Using token auth. For security reasons, please set token in Password field instead of extra
[2023-01-23T13:33:56.190-0300] {databricks_base.py:424} INFO - Using token auth. For security reasons, please set token in Password field instead of extra
[2023-01-23T13:33:56.515-0300] {databricks.py:91} INFO - get_last_date in run state: {'life_cycle_state': 'PENDING', 'result_state': '', 'state_message': ''}
[2023-01-23T13:33:56.515-0300] {databricks.py:92} INFO - View run status, Spark UI, and logs at https://adb-1362567168960874.14.azuredatabricks.net/?o=1362567168960874#job/945663855045675/run/78371
[2023-01-23T13:33:56.515-0300] {databricks.py:93} INFO - Sleeping for 30 seconds.
[2023-01-23T13:34:26.528-0300] {databricks_base.py:424} INFO - Using token auth. For security reasons, please set token in Password field instead of extra
[2023-01-23T13:34:26.803-0300] {databricks.py:61} INFO - get_last_date completed successfully.
[2023-01-23T13:34:26.803-0300] {databricks.py:62} INFO - View run status, Spark UI, and logs at https://adb-1362567168960874.14.azuredatabricks.net/?o=1362567168960874#job/945663855045675/run/78371
[2023-01-23T13:34:27.286-0300] {taskinstance.py:1322} INFO - Marking task as SUCCESS. dag_id=raw_opt_t_transacaofatura, task_id=get_last_date, execution_date=20230123T163314, start_date=20230123T163346, end_date=20230123T163427
[2023-01-23T13:34:27.839-0300] {local_task_job.py:159} INFO - Task exited with return code 0
[2023-01-23T13:34:28.630-0300] {taskinstance.py:2582} INFO - 1 downstream tasks scheduled from follow-on schedule check
