[2023-01-20T16:54:48.366-0300] {taskinstance.py:1087} INFO - Dependencies all met for <TaskInstance: bronze_opt_t_conta.run_databricks_notebook dataset_triggered__2023-01-20T19:44:02.142548+00:00 [queued]>
[2023-01-20T16:54:48.751-0300] {taskinstance.py:1087} INFO - Dependencies all met for <TaskInstance: bronze_opt_t_conta.run_databricks_notebook dataset_triggered__2023-01-20T19:44:02.142548+00:00 [queued]>
[2023-01-20T16:54:48.751-0300] {taskinstance.py:1283} INFO - 
--------------------------------------------------------------------------------
[2023-01-20T16:54:48.751-0300] {taskinstance.py:1284} INFO - Starting attempt 1 of 1
[2023-01-20T16:54:48.751-0300] {taskinstance.py:1285} INFO - 
--------------------------------------------------------------------------------
[2023-01-20T16:54:49.256-0300] {taskinstance.py:1304} INFO - Executing <Task(DatabricksSubmitRunOperator): run_databricks_notebook> on 2023-01-20 19:44:02.142548+00:00
[2023-01-20T16:54:49.261-0300] {standard_task_runner.py:55} INFO - Started process 654382 to run task
[2023-01-20T16:54:49.267-0300] {standard_task_runner.py:82} INFO - Running: ['airflow', 'tasks', 'run', 'bronze_opt_t_conta', 'run_databricks_notebook', 'dataset_triggered__2023-01-20T19:44:02.142548+00:00', '--job-id', '1079', '--raw', '--subdir', 'DAGS_FOLDER/bronze/dock_opt/bronze_opt_t_conta.py', '--cfg-path', '/tmp/tmpp4570fk7']
[2023-01-20T16:54:49.272-0300] {standard_task_runner.py:83} INFO - Job 1079: Subtask run_databricks_notebook
[2023-01-20T16:54:52.275-0300] {task_command.py:389} INFO - Running <TaskInstance: bronze_opt_t_conta.run_databricks_notebook dataset_triggered__2023-01-20T19:44:02.142548+00:00 [running]> on host vm-airflow-01
[2023-01-20T16:54:54.611-0300] {taskinstance.py:1511} INFO - Exporting the following env vars:
AIRFLOW_CTX_DAG_OWNER=matheus.rodrigues@fortbrasil.com.br
AIRFLOW_CTX_DAG_ID=bronze_opt_t_conta
AIRFLOW_CTX_TASK_ID=run_databricks_notebook
AIRFLOW_CTX_EXECUTION_DATE=2023-01-20T19:44:02.142548+00:00
AIRFLOW_CTX_TRY_NUMBER=1
AIRFLOW_CTX_DAG_RUN_ID=dataset_triggered__2023-01-20T19:44:02.142548+00:00
[2023-01-20T16:54:55.119-0300] {base.py:73} INFO - Using connection ID 'adb' for task execution.
[2023-01-20T16:54:55.310-0300] {databricks_base.py:424} INFO - Using token auth. For security reasons, please set token in Password field instead of extra
[2023-01-20T16:54:56.854-0300] {databricks.py:50} INFO - Run submitted with run_id: 61135
[2023-01-20T16:54:56.854-0300] {databricks_base.py:424} INFO - Using token auth. For security reasons, please set token in Password field instead of extra
[2023-01-20T16:54:58.081-0300] {databricks_base.py:424} INFO - Using token auth. For security reasons, please set token in Password field instead of extra
[2023-01-20T16:54:58.392-0300] {databricks.py:91} INFO - run_databricks_notebook in run state: {'life_cycle_state': 'PENDING', 'result_state': '', 'state_message': ''}
[2023-01-20T16:54:58.392-0300] {databricks.py:92} INFO - View run status, Spark UI, and logs at https://adb-1362567168960874.14.azuredatabricks.net/?o=1362567168960874#job/15958419438830/run/61135
[2023-01-20T16:54:58.392-0300] {databricks.py:93} INFO - Sleeping for 30 seconds.
[2023-01-20T16:55:28.416-0300] {databricks_base.py:424} INFO - Using token auth. For security reasons, please set token in Password field instead of extra
[2023-01-20T16:55:28.691-0300] {databricks_base.py:424} INFO - Using token auth. For security reasons, please set token in Password field instead of extra
[2023-01-20T16:55:29.666-0300] {taskinstance.py:1772} ERROR - Task failed with exception
Traceback (most recent call last):
  File "/home/airflow/.local/lib/python3.10/site-packages/airflow/providers/databricks/operators/databricks.py", line 376, in execute
    _handle_databricks_operator_execution(self, self._hook, self.log, context)
  File "/home/airflow/.local/lib/python3.10/site-packages/airflow/providers/databricks/operators/databricks.py", line 88, in _handle_databricks_operator_execution
    raise AirflowException(error_message)
airflow.exceptions.AirflowException: run_databricks_notebook failed with terminal state: {'life_cycle_state': 'TERMINATED', 'result_state': 'FAILED', 'state_message': ''} and with the error <span class='ansi-red-fg'>SyntaxError</span>: invalid syntax (<command-509999989100759>, line 9)
[2023-01-20T16:55:29.789-0300] {taskinstance.py:1322} INFO - Marking task as FAILED. dag_id=bronze_opt_t_conta, task_id=run_databricks_notebook, execution_date=20230120T194402, start_date=20230120T195448, end_date=20230120T195529
[2023-01-20T16:55:30.437-0300] {standard_task_runner.py:100} ERROR - Failed to execute job 1079 for task run_databricks_notebook (run_databricks_notebook failed with terminal state: {'life_cycle_state': 'TERMINATED', 'result_state': 'FAILED', 'state_message': ''} and with the error <span class='ansi-red-fg'>SyntaxError</span>: invalid syntax (<command-509999989100759>, line 9); 654382)
[2023-01-20T16:55:30.469-0300] {local_task_job.py:159} INFO - Task exited with return code 1
[2023-01-20T16:55:31.037-0300] {taskinstance.py:2582} INFO - 0 downstream tasks scheduled from follow-on schedule check
