[2023-01-25T12:44:07.852-0300] {taskinstance.py:1087} INFO - Dependencies all met for <TaskInstance: bronze_opt_t_transacaofatura.run_databricks_notebook dataset_triggered__2023-01-25T15:43:55.741172+00:00 [queued]>
[2023-01-25T12:44:08.230-0300] {taskinstance.py:1087} INFO - Dependencies all met for <TaskInstance: bronze_opt_t_transacaofatura.run_databricks_notebook dataset_triggered__2023-01-25T15:43:55.741172+00:00 [queued]>
[2023-01-25T12:44:08.231-0300] {taskinstance.py:1283} INFO - 
--------------------------------------------------------------------------------
[2023-01-25T12:44:08.231-0300] {taskinstance.py:1284} INFO - Starting attempt 1 of 1
[2023-01-25T12:44:08.231-0300] {taskinstance.py:1285} INFO - 
--------------------------------------------------------------------------------
[2023-01-25T12:44:08.715-0300] {taskinstance.py:1304} INFO - Executing <Task(DatabricksSubmitRunOperator): run_databricks_notebook> on 2023-01-25 15:43:55.741172+00:00
[2023-01-25T12:44:08.722-0300] {standard_task_runner.py:55} INFO - Started process 1749306 to run task
[2023-01-25T12:44:08.726-0300] {standard_task_runner.py:82} INFO - Running: ['airflow', 'tasks', 'run', 'bronze_opt_t_transacaofatura', 'run_databricks_notebook', 'dataset_triggered__2023-01-25T15:43:55.741172+00:00', '--job-id', '1479', '--raw', '--subdir', 'DAGS_FOLDER/bronze/dock_opt/bronze_opt_t_transacaofatura.py', '--cfg-path', '/tmp/tmp445r0uol']
[2023-01-25T12:44:08.732-0300] {standard_task_runner.py:83} INFO - Job 1479: Subtask run_databricks_notebook
[2023-01-25T12:44:11.840-0300] {task_command.py:389} INFO - Running <TaskInstance: bronze_opt_t_transacaofatura.run_databricks_notebook dataset_triggered__2023-01-25T15:43:55.741172+00:00 [running]> on host vm-airflow-01
[2023-01-25T12:44:14.333-0300] {taskinstance.py:1511} INFO - Exporting the following env vars:
AIRFLOW_CTX_DAG_OWNER=matheus.rodrigues@fortbrasil.com.br
AIRFLOW_CTX_DAG_ID=bronze_opt_t_transacaofatura
AIRFLOW_CTX_TASK_ID=run_databricks_notebook
AIRFLOW_CTX_EXECUTION_DATE=2023-01-25T15:43:55.741172+00:00
AIRFLOW_CTX_TRY_NUMBER=1
AIRFLOW_CTX_DAG_RUN_ID=dataset_triggered__2023-01-25T15:43:55.741172+00:00
[2023-01-25T12:44:14.832-0300] {base.py:73} INFO - Using connection ID 'adb' for task execution.
[2023-01-25T12:44:15.027-0300] {databricks_base.py:424} INFO - Using token auth. For security reasons, please set token in Password field instead of extra
[2023-01-25T12:44:16.432-0300] {databricks.py:50} INFO - Run submitted with run_id: 146600
[2023-01-25T12:44:16.433-0300] {databricks_base.py:424} INFO - Using token auth. For security reasons, please set token in Password field instead of extra
[2023-01-25T12:44:17.472-0300] {databricks_base.py:424} INFO - Using token auth. For security reasons, please set token in Password field instead of extra
[2023-01-25T12:44:17.769-0300] {databricks.py:91} INFO - run_databricks_notebook in run state: {'life_cycle_state': 'PENDING', 'result_state': '', 'state_message': ''}
[2023-01-25T12:44:17.770-0300] {databricks.py:92} INFO - View run status, Spark UI, and logs at https://adb-1362567168960874.14.azuredatabricks.net/?o=1362567168960874#job/729250638317336/run/146600
[2023-01-25T12:44:17.770-0300] {databricks.py:93} INFO - Sleeping for 30 seconds.
[2023-01-25T12:44:47.781-0300] {databricks_base.py:424} INFO - Using token auth. For security reasons, please set token in Password field instead of extra
[2023-01-25T12:44:48.177-0300] {databricks.py:61} INFO - run_databricks_notebook completed successfully.
[2023-01-25T12:44:48.178-0300] {databricks.py:62} INFO - View run status, Spark UI, and logs at https://adb-1362567168960874.14.azuredatabricks.net/?o=1362567168960874#job/729250638317336/run/146600
[2023-01-25T12:44:48.186-0300] {logging_mixin.py:137} WARNING - /home/airflow/.local/lib/python3.10/site-packages/airflow/models/baseoperator.py:1393 RemovedInAirflow3Warning: Passing 'execution_date' to 'TaskInstance.xcom_push()' is deprecated.
[2023-01-25T12:44:49.373-0300] {taskinstance.py:1322} INFO - Marking task as SUCCESS. dag_id=bronze_opt_t_transacaofatura, task_id=run_databricks_notebook, execution_date=20230125T154355, start_date=20230125T154407, end_date=20230125T154449
[2023-01-25T12:44:50.462-0300] {local_task_job.py:159} INFO - Task exited with return code 0
[2023-01-25T12:44:51.038-0300] {taskinstance.py:2582} INFO - 0 downstream tasks scheduled from follow-on schedule check
