[2023-01-23T14:04:52.102-0300] {taskinstance.py:1087} INFO - Dependencies all met for <TaskInstance: bronze_opt_t_estabelecimento.run_databricks_notebook manual__2023-01-23T17:04:43.868904+00:00 [queued]>
[2023-01-23T14:04:52.479-0300] {taskinstance.py:1087} INFO - Dependencies all met for <TaskInstance: bronze_opt_t_estabelecimento.run_databricks_notebook manual__2023-01-23T17:04:43.868904+00:00 [queued]>
[2023-01-23T14:04:52.479-0300] {taskinstance.py:1283} INFO - 
--------------------------------------------------------------------------------
[2023-01-23T14:04:52.479-0300] {taskinstance.py:1284} INFO - Starting attempt 1 of 1
[2023-01-23T14:04:52.480-0300] {taskinstance.py:1285} INFO - 
--------------------------------------------------------------------------------
[2023-01-23T14:04:53.037-0300] {taskinstance.py:1304} INFO - Executing <Task(DatabricksSubmitRunOperator): run_databricks_notebook> on 2023-01-23 17:04:43.868904+00:00
[2023-01-23T14:04:53.042-0300] {standard_task_runner.py:55} INFO - Started process 1130850 to run task
[2023-01-23T14:04:53.046-0300] {standard_task_runner.py:82} INFO - Running: ['airflow', 'tasks', 'run', 'bronze_opt_t_estabelecimento', 'run_databricks_notebook', 'manual__2023-01-23T17:04:43.868904+00:00', '--job-id', '1234', '--raw', '--subdir', 'DAGS_FOLDER/bronze/dock_opt/bronze_opt_t_estabelecimento.py', '--cfg-path', '/tmp/tmpaz115l6i']
[2023-01-23T14:04:53.052-0300] {standard_task_runner.py:83} INFO - Job 1234: Subtask run_databricks_notebook
[2023-01-23T14:04:56.138-0300] {task_command.py:389} INFO - Running <TaskInstance: bronze_opt_t_estabelecimento.run_databricks_notebook manual__2023-01-23T17:04:43.868904+00:00 [running]> on host vm-airflow-01
[2023-01-23T14:04:58.747-0300] {taskinstance.py:1511} INFO - Exporting the following env vars:
AIRFLOW_CTX_DAG_OWNER=matheus.rodrigues@fortbrasil.com.br
AIRFLOW_CTX_DAG_ID=bronze_opt_t_estabelecimento
AIRFLOW_CTX_TASK_ID=run_databricks_notebook
AIRFLOW_CTX_EXECUTION_DATE=2023-01-23T17:04:43.868904+00:00
AIRFLOW_CTX_TRY_NUMBER=1
AIRFLOW_CTX_DAG_RUN_ID=manual__2023-01-23T17:04:43.868904+00:00
[2023-01-23T14:04:59.277-0300] {base.py:73} INFO - Using connection ID 'adb' for task execution.
[2023-01-23T14:04:59.479-0300] {databricks_base.py:424} INFO - Using token auth. For security reasons, please set token in Password field instead of extra
[2023-01-23T14:05:00.976-0300] {databricks.py:50} INFO - Run submitted with run_id: 81137
[2023-01-23T14:05:00.977-0300] {databricks_base.py:424} INFO - Using token auth. For security reasons, please set token in Password field instead of extra
[2023-01-23T14:05:02.021-0300] {databricks_base.py:424} INFO - Using token auth. For security reasons, please set token in Password field instead of extra
[2023-01-23T14:05:02.375-0300] {databricks.py:91} INFO - run_databricks_notebook in run state: {'life_cycle_state': 'PENDING', 'result_state': '', 'state_message': ''}
[2023-01-23T14:05:02.376-0300] {databricks.py:92} INFO - View run status, Spark UI, and logs at https://adb-1362567168960874.14.azuredatabricks.net/?o=1362567168960874#job/238687356252453/run/81137
[2023-01-23T14:05:02.376-0300] {databricks.py:93} INFO - Sleeping for 30 seconds.
[2023-01-23T14:05:32.406-0300] {databricks_base.py:424} INFO - Using token auth. For security reasons, please set token in Password field instead of extra
[2023-01-23T14:05:32.740-0300] {databricks.py:61} INFO - run_databricks_notebook completed successfully.
[2023-01-23T14:05:32.740-0300] {databricks.py:62} INFO - View run status, Spark UI, and logs at https://adb-1362567168960874.14.azuredatabricks.net/?o=1362567168960874#job/238687356252453/run/81137
[2023-01-23T14:05:32.747-0300] {logging_mixin.py:137} WARNING - /home/airflow/.local/lib/python3.10/site-packages/airflow/models/baseoperator.py:1393 RemovedInAirflow3Warning: Passing 'execution_date' to 'TaskInstance.xcom_push()' is deprecated.
[2023-01-23T14:05:33.912-0300] {taskinstance.py:1322} INFO - Marking task as SUCCESS. dag_id=bronze_opt_t_estabelecimento, task_id=run_databricks_notebook, execution_date=20230123T170443, start_date=20230123T170452, end_date=20230123T170533
[2023-01-23T14:05:34.753-0300] {local_task_job.py:159} INFO - Task exited with return code 0
[2023-01-23T14:05:35.332-0300] {taskinstance.py:2582} INFO - 0 downstream tasks scheduled from follow-on schedule check
