[2023-01-23T13:35:11.868-0300] {taskinstance.py:1087} INFO - Dependencies all met for <TaskInstance: raw_opt_t_transacaofatura.run_adf_pipeline manual__2023-01-23T16:33:14.833003+00:00 [queued]>
[2023-01-23T13:35:12.239-0300] {taskinstance.py:1087} INFO - Dependencies all met for <TaskInstance: raw_opt_t_transacaofatura.run_adf_pipeline manual__2023-01-23T16:33:14.833003+00:00 [queued]>
[2023-01-23T13:35:12.239-0300] {taskinstance.py:1283} INFO - 
--------------------------------------------------------------------------------
[2023-01-23T13:35:12.239-0300] {taskinstance.py:1284} INFO - Starting attempt 1 of 1
[2023-01-23T13:35:12.239-0300] {taskinstance.py:1285} INFO - 
--------------------------------------------------------------------------------
[2023-01-23T13:35:12.865-0300] {taskinstance.py:1304} INFO - Executing <Task(AzureDataFactoryRunPipelineOperator): run_adf_pipeline> on 2023-01-23 16:33:14.833003+00:00
[2023-01-23T13:35:12.871-0300] {standard_task_runner.py:55} INFO - Started process 1124452 to run task
[2023-01-23T13:35:12.877-0300] {standard_task_runner.py:82} INFO - Running: ['airflow', 'tasks', 'run', 'raw_opt_t_transacaofatura', 'run_adf_pipeline', 'manual__2023-01-23T16:33:14.833003+00:00', '--job-id', '1220', '--raw', '--subdir', 'DAGS_FOLDER/raw/dock_opt/raw_opt_t_transacaofatura.py', '--cfg-path', '/tmp/tmp_jh8g86x']
[2023-01-23T13:35:12.881-0300] {standard_task_runner.py:83} INFO - Job 1220: Subtask run_adf_pipeline
[2023-01-23T13:35:15.821-0300] {task_command.py:389} INFO - Running <TaskInstance: raw_opt_t_transacaofatura.run_adf_pipeline manual__2023-01-23T16:33:14.833003+00:00 [running]> on host vm-airflow-01
[2023-01-23T13:35:19.724-0300] {taskinstance.py:1511} INFO - Exporting the following env vars:
AIRFLOW_CTX_DAG_OWNER=matheus.rodrigues@fortbrasil.com.br
AIRFLOW_CTX_DAG_ID=raw_opt_t_transacaofatura
AIRFLOW_CTX_TASK_ID=run_adf_pipeline
AIRFLOW_CTX_EXECUTION_DATE=2023-01-23T16:33:14.833003+00:00
AIRFLOW_CTX_TRY_NUMBER=1
AIRFLOW_CTX_DAG_RUN_ID=manual__2023-01-23T16:33:14.833003+00:00
[2023-01-23T13:35:19.725-0300] {data_factory.py:154} INFO - Executing the cp_opt_to_datalake pipeline.
[2023-01-23T13:35:20.284-0300] {base.py:73} INFO - Using connection ID 'adf' for task execution.
[2023-01-23T13:35:20.784-0300] {base.py:73} INFO - Using connection ID 'adf' for task execution.
[2023-01-23T13:35:21.300-0300] {base.py:73} INFO - Using connection ID 'adf' for task execution.
[2023-01-23T13:35:21.309-0300] {_universal.py:526} INFO - Request URL: 'https://login.microsoftonline.com:443/d47e09d1-17c6-4a6f-b65c-d49d61e186a2/v2.0/.well-known/openid-configuration'
Request method: 'GET'
Request headers:
    'User-Agent': 'azsdk-python-identity/1.12.0 Python/3.10.6 (Linux-5.15.0-58-generic-x86_64-with-glibc2.35)'
No body was attached to the request
[2023-01-23T13:35:21.780-0300] {_universal.py:554} INFO - Response status: 200
Response headers:
    'Cache-Control': 'max-age=86400, private'
    'Content-Type': 'application/json; charset=utf-8'
    'Strict-Transport-Security': 'REDACTED'
    'X-Content-Type-Options': 'REDACTED'
    'Access-Control-Allow-Origin': 'REDACTED'
    'Access-Control-Allow-Methods': 'REDACTED'
    'P3P': 'REDACTED'
    'x-ms-request-id': '47ac9b5b-00bc-435a-9b8b-f45138023100'
    'x-ms-ests-server': 'REDACTED'
    'X-XSS-Protection': 'REDACTED'
    'Set-Cookie': 'REDACTED'
    'Date': 'Mon, 23 Jan 2023 16:35:21 GMT'
    'Content-Length': '1753'
[2023-01-23T13:35:21.782-0300] {_universal.py:526} INFO - Request URL: 'https://login.microsoftonline.com/common/discovery/instance?api-version=REDACTED&authorization_endpoint=REDACTED'
Request method: 'GET'
Request headers:
    'Accept': 'application/json'
    'User-Agent': 'azsdk-python-identity/1.12.0 Python/3.10.6 (Linux-5.15.0-58-generic-x86_64-with-glibc2.35)'
No body was attached to the request
[2023-01-23T13:35:22.021-0300] {_universal.py:554} INFO - Response status: 200
Response headers:
    'Cache-Control': 'max-age=86400, private'
    'Content-Type': 'application/json; charset=utf-8'
    'Strict-Transport-Security': 'REDACTED'
    'X-Content-Type-Options': 'REDACTED'
    'Access-Control-Allow-Origin': 'REDACTED'
    'Access-Control-Allow-Methods': 'REDACTED'
    'P3P': 'REDACTED'
    'x-ms-request-id': 'b321aa21-9552-45a9-9a46-b472eec40400'
    'x-ms-ests-server': 'REDACTED'
    'X-XSS-Protection': 'REDACTED'
    'Set-Cookie': 'REDACTED'
    'Date': 'Mon, 23 Jan 2023 16:35:21 GMT'
    'Content-Length': '945'
[2023-01-23T13:35:22.022-0300] {_universal.py:523} INFO - Request URL: 'https://login.microsoftonline.com/d47e09d1-17c6-4a6f-b65c-d49d61e186a2/oauth2/v2.0/token'
Request method: 'POST'
Request headers:
    'Accept': 'application/json'
    'x-client-sku': 'REDACTED'
    'x-client-ver': 'REDACTED'
    'x-client-os': 'REDACTED'
    'x-client-cpu': 'REDACTED'
    'x-ms-lib-capability': 'REDACTED'
    'client-request-id': 'REDACTED'
    'x-client-current-telemetry': 'REDACTED'
    'x-client-last-telemetry': 'REDACTED'
    'User-Agent': 'azsdk-python-identity/1.12.0 Python/3.10.6 (Linux-5.15.0-58-generic-x86_64-with-glibc2.35)'
A body is sent with the request
[2023-01-23T13:35:22.340-0300] {_universal.py:554} INFO - Response status: 200
Response headers:
    'Cache-Control': 'no-store, no-cache'
    'Pragma': 'no-cache'
    'Content-Type': 'application/json; charset=utf-8'
    'Expires': '-1'
    'Strict-Transport-Security': 'REDACTED'
    'X-Content-Type-Options': 'REDACTED'
    'P3P': 'REDACTED'
    'client-request-id': 'REDACTED'
    'x-ms-request-id': '0c1958d9-fc43-4fbb-9f8d-87982a7b2d00'
    'x-ms-ests-server': 'REDACTED'
    'x-ms-clitelem': 'REDACTED'
    'X-XSS-Protection': 'REDACTED'
    'Set-Cookie': 'REDACTED'
    'Date': 'Mon, 23 Jan 2023 16:35:22 GMT'
    'Content-Length': '1391'
[2023-01-23T13:35:22.341-0300] {get_token_mixin.py:77} INFO - ClientSecretCredential.get_token succeeded
[2023-01-23T13:35:22.341-0300] {_universal.py:523} INFO - Request URL: 'https://management.azure.com/subscriptions/5e5642ec-dd71-4e9a-a29e-58effbf39209/resourceGroups/rg-mdw-hml-fb/providers/Microsoft.DataFactory/factories/adf-mdw-hml-fb/pipelines/cp_opt_to_datalake/createRun?api-version=REDACTED'
Request method: 'POST'
Request headers:
    'Content-Type': 'application/json'
    'Accept': 'application/json'
    'Content-Length': '231'
    'x-ms-client-request-id': 'edc8c6c6-9b3b-11ed-a50b-05e3ce77118f'
    'User-Agent': 'azsdk-python-mgmt-datafactory/1.1.0 Python/3.10.6 (Linux-5.15.0-58-generic-x86_64-with-glibc2.35)'
    'Authorization': 'REDACTED'
A body is sent with the request
[2023-01-23T13:35:24.758-0300] {_universal.py:554} INFO - Response status: 200
Response headers:
    'Cache-Control': 'no-cache'
    'Pragma': 'no-cache'
    'Transfer-Encoding': 'chunked'
    'Content-Type': 'application/json; charset=utf-8'
    'Content-Encoding': 'REDACTED'
    'Expires': '-1'
    'Vary': 'REDACTED'
    'x-ms-correlation-request-id': 'REDACTED'
    'Server': 'Kestrel'
    'x-ms-ratelimit-remaining-subscription-writes': 'REDACTED'
    'x-ms-request-id': '5748fe83-f490-41c5-ae8a-69ff60959201'
    'x-ms-routing-request-id': 'REDACTED'
    'Strict-Transport-Security': 'REDACTED'
    'X-Content-Type-Options': 'REDACTED'
    'Date': 'Mon, 23 Jan 2023 16:35:24 GMT'
[2023-01-23T13:35:25.497-0300] {data_factory.py:172} INFO - Waiting for pipeline run edc8c6c6-9b3b-11ed-a50b-05e3ce77118f to terminate.
[2023-01-23T13:35:25.498-0300] {data_factory.py:768} INFO - Getting the status of run ID edc8c6c6-9b3b-11ed-a50b-05e3ce77118f.
[2023-01-23T13:35:26.017-0300] {base.py:73} INFO - Using connection ID 'adf' for task execution.
[2023-01-23T13:35:26.557-0300] {base.py:73} INFO - Using connection ID 'adf' for task execution.
[2023-01-23T13:35:26.559-0300] {_universal.py:526} INFO - Request URL: 'https://management.azure.com/subscriptions/5e5642ec-dd71-4e9a-a29e-58effbf39209/resourceGroups/rg-mdw-hml-fb/providers/Microsoft.DataFactory/factories/adf-mdw-hml-fb/pipelineruns/edc8c6c6-9b3b-11ed-a50b-05e3ce77118f?api-version=REDACTED'
Request method: 'GET'
Request headers:
    'Accept': 'application/json'
    'x-ms-client-request-id': 'f0e9f596-9b3b-11ed-a50b-05e3ce77118f'
    'User-Agent': 'azsdk-python-mgmt-datafactory/1.1.0 Python/3.10.6 (Linux-5.15.0-58-generic-x86_64-with-glibc2.35)'
    'Authorization': 'REDACTED'
No body was attached to the request
[2023-01-23T13:35:26.672-0300] {_universal.py:554} INFO - Response status: 200
Response headers:
    'Cache-Control': 'no-cache'
    'Pragma': 'no-cache'
    'Transfer-Encoding': 'chunked'
    'Content-Type': 'application/json; charset=utf-8'
    'Content-Encoding': 'REDACTED'
    'Expires': '-1'
    'Vary': 'REDACTED'
    'x-ms-correlation-request-id': 'REDACTED'
    'Server': 'Kestrel'
    'x-ms-ratelimit-remaining-subscription-reads': 'REDACTED'
    'x-ms-request-id': 'edd1fa57-81a8-4142-aacf-8e1ada931d9a'
    'x-ms-routing-request-id': 'REDACTED'
    'Strict-Transport-Security': 'REDACTED'
    'X-Content-Type-Options': 'REDACTED'
    'Date': 'Mon, 23 Jan 2023 16:35:26 GMT'
[2023-01-23T13:35:26.678-0300] {data_factory.py:774} INFO - Current status of pipeline run edc8c6c6-9b3b-11ed-a50b-05e3ce77118f: InProgress
[2023-01-23T13:36:26.737-0300] {data_factory.py:768} INFO - Getting the status of run ID edc8c6c6-9b3b-11ed-a50b-05e3ce77118f.
[2023-01-23T13:36:27.247-0300] {base.py:73} INFO - Using connection ID 'adf' for task execution.
[2023-01-23T13:36:27.752-0300] {base.py:73} INFO - Using connection ID 'adf' for task execution.
[2023-01-23T13:36:27.754-0300] {_universal.py:526} INFO - Request URL: 'https://management.azure.com/subscriptions/5e5642ec-dd71-4e9a-a29e-58effbf39209/resourceGroups/rg-mdw-hml-fb/providers/Microsoft.DataFactory/factories/adf-mdw-hml-fb/pipelineruns/edc8c6c6-9b3b-11ed-a50b-05e3ce77118f?api-version=REDACTED'
Request method: 'GET'
Request headers:
    'Accept': 'application/json'
    'x-ms-client-request-id': '15638d60-9b3c-11ed-a50b-05e3ce77118f'
    'User-Agent': 'azsdk-python-mgmt-datafactory/1.1.0 Python/3.10.6 (Linux-5.15.0-58-generic-x86_64-with-glibc2.35)'
    'Authorization': 'REDACTED'
No body was attached to the request
[2023-01-23T13:36:27.917-0300] {_universal.py:554} INFO - Response status: 200
Response headers:
    'Cache-Control': 'no-cache'
    'Pragma': 'no-cache'
    'Transfer-Encoding': 'chunked'
    'Content-Type': 'application/json; charset=utf-8'
    'Content-Encoding': 'REDACTED'
    'Expires': '-1'
    'Vary': 'REDACTED'
    'x-ms-correlation-request-id': 'REDACTED'
    'Server': 'Kestrel'
    'x-ms-ratelimit-remaining-subscription-reads': 'REDACTED'
    'x-ms-request-id': 'b0f274a9-8e1f-422a-96b6-34e4f945d6cb'
    'x-ms-routing-request-id': 'REDACTED'
    'Strict-Transport-Security': 'REDACTED'
    'X-Content-Type-Options': 'REDACTED'
    'Date': 'Mon, 23 Jan 2023 16:36:27 GMT'
[2023-01-23T13:36:27.918-0300] {data_factory.py:774} INFO - Current status of pipeline run edc8c6c6-9b3b-11ed-a50b-05e3ce77118f: InProgress
[2023-01-23T13:37:27.976-0300] {data_factory.py:768} INFO - Getting the status of run ID edc8c6c6-9b3b-11ed-a50b-05e3ce77118f.
[2023-01-23T13:37:28.546-0300] {base.py:73} INFO - Using connection ID 'adf' for task execution.
[2023-01-23T13:37:29.109-0300] {base.py:73} INFO - Using connection ID 'adf' for task execution.
[2023-01-23T13:37:29.111-0300] {_universal.py:526} INFO - Request URL: 'https://management.azure.com/subscriptions/5e5642ec-dd71-4e9a-a29e-58effbf39209/resourceGroups/rg-mdw-hml-fb/providers/Microsoft.DataFactory/factories/adf-mdw-hml-fb/pipelineruns/edc8c6c6-9b3b-11ed-a50b-05e3ce77118f?api-version=REDACTED'
Request method: 'GET'
Request headers:
    'Accept': 'application/json'
    'x-ms-client-request-id': '39f5d854-9b3c-11ed-a50b-05e3ce77118f'
    'User-Agent': 'azsdk-python-mgmt-datafactory/1.1.0 Python/3.10.6 (Linux-5.15.0-58-generic-x86_64-with-glibc2.35)'
    'Authorization': 'REDACTED'
No body was attached to the request
[2023-01-23T13:37:29.273-0300] {_universal.py:554} INFO - Response status: 200
Response headers:
    'Cache-Control': 'no-cache'
    'Pragma': 'no-cache'
    'Transfer-Encoding': 'chunked'
    'Content-Type': 'application/json; charset=utf-8'
    'Content-Encoding': 'REDACTED'
    'Expires': '-1'
    'Vary': 'REDACTED'
    'x-ms-correlation-request-id': 'REDACTED'
    'Server': 'Kestrel'
    'x-ms-ratelimit-remaining-subscription-reads': 'REDACTED'
    'x-ms-request-id': '6ed62d11-49e4-422b-9037-197131975f93'
    'x-ms-routing-request-id': 'REDACTED'
    'Strict-Transport-Security': 'REDACTED'
    'X-Content-Type-Options': 'REDACTED'
    'Date': 'Mon, 23 Jan 2023 16:37:28 GMT'
[2023-01-23T13:37:29.274-0300] {data_factory.py:774} INFO - Current status of pipeline run edc8c6c6-9b3b-11ed-a50b-05e3ce77118f: InProgress
[2023-01-23T13:38:29.284-0300] {data_factory.py:768} INFO - Getting the status of run ID edc8c6c6-9b3b-11ed-a50b-05e3ce77118f.
[2023-01-23T13:38:29.814-0300] {base.py:73} INFO - Using connection ID 'adf' for task execution.
[2023-01-23T13:38:30.786-0300] {base.py:73} INFO - Using connection ID 'adf' for task execution.
[2023-01-23T13:38:30.788-0300] {_universal.py:526} INFO - Request URL: 'https://management.azure.com/subscriptions/5e5642ec-dd71-4e9a-a29e-58effbf39209/resourceGroups/rg-mdw-hml-fb/providers/Microsoft.DataFactory/factories/adf-mdw-hml-fb/pipelineruns/edc8c6c6-9b3b-11ed-a50b-05e3ce77118f?api-version=REDACTED'
Request method: 'GET'
Request headers:
    'Accept': 'application/json'
    'x-ms-client-request-id': '5eb90a76-9b3c-11ed-a50b-05e3ce77118f'
    'User-Agent': 'azsdk-python-mgmt-datafactory/1.1.0 Python/3.10.6 (Linux-5.15.0-58-generic-x86_64-with-glibc2.35)'
    'Authorization': 'REDACTED'
No body was attached to the request
[2023-01-23T13:38:30.986-0300] {_universal.py:554} INFO - Response status: 200
Response headers:
    'Cache-Control': 'no-cache'
    'Pragma': 'no-cache'
    'Transfer-Encoding': 'chunked'
    'Content-Type': 'application/json; charset=utf-8'
    'Content-Encoding': 'REDACTED'
    'Expires': '-1'
    'Vary': 'REDACTED'
    'x-ms-correlation-request-id': 'REDACTED'
    'Server': 'Kestrel'
    'x-ms-ratelimit-remaining-subscription-reads': 'REDACTED'
    'x-ms-request-id': '23378de4-f0f6-4f46-a471-63282e9bf155'
    'x-ms-routing-request-id': 'REDACTED'
    'Strict-Transport-Security': 'REDACTED'
    'X-Content-Type-Options': 'REDACTED'
    'Date': 'Mon, 23 Jan 2023 16:38:30 GMT'
[2023-01-23T13:38:30.987-0300] {data_factory.py:774} INFO - Current status of pipeline run edc8c6c6-9b3b-11ed-a50b-05e3ce77118f: InProgress
[2023-01-23T13:39:31.044-0300] {data_factory.py:768} INFO - Getting the status of run ID edc8c6c6-9b3b-11ed-a50b-05e3ce77118f.
[2023-01-23T13:39:31.539-0300] {base.py:73} INFO - Using connection ID 'adf' for task execution.
[2023-01-23T13:39:32.040-0300] {base.py:73} INFO - Using connection ID 'adf' for task execution.
[2023-01-23T13:39:32.042-0300] {_universal.py:526} INFO - Request URL: 'https://management.azure.com/subscriptions/5e5642ec-dd71-4e9a-a29e-58effbf39209/resourceGroups/rg-mdw-hml-fb/providers/Microsoft.DataFactory/factories/adf-mdw-hml-fb/pipelineruns/edc8c6c6-9b3b-11ed-a50b-05e3ce77118f?api-version=REDACTED'
Request method: 'GET'
Request headers:
    'Accept': 'application/json'
    'x-ms-client-request-id': '833ba700-9b3c-11ed-a50b-05e3ce77118f'
    'User-Agent': 'azsdk-python-mgmt-datafactory/1.1.0 Python/3.10.6 (Linux-5.15.0-58-generic-x86_64-with-glibc2.35)'
    'Authorization': 'REDACTED'
No body was attached to the request
[2023-01-23T13:39:32.227-0300] {_universal.py:554} INFO - Response status: 200
Response headers:
    'Cache-Control': 'no-cache'
    'Pragma': 'no-cache'
    'Transfer-Encoding': 'chunked'
    'Content-Type': 'application/json; charset=utf-8'
    'Content-Encoding': 'REDACTED'
    'Expires': '-1'
    'Vary': 'REDACTED'
    'x-ms-correlation-request-id': 'REDACTED'
    'Server': 'Kestrel'
    'x-ms-ratelimit-remaining-subscription-reads': 'REDACTED'
    'x-ms-request-id': '2a6397f7-2ecd-41f4-a3f0-0e3be7513cb3'
    'x-ms-routing-request-id': 'REDACTED'
    'Strict-Transport-Security': 'REDACTED'
    'X-Content-Type-Options': 'REDACTED'
    'Date': 'Mon, 23 Jan 2023 16:39:31 GMT'
[2023-01-23T13:39:32.229-0300] {data_factory.py:774} INFO - Current status of pipeline run edc8c6c6-9b3b-11ed-a50b-05e3ce77118f: InProgress
[2023-01-23T13:40:32.248-0300] {data_factory.py:768} INFO - Getting the status of run ID edc8c6c6-9b3b-11ed-a50b-05e3ce77118f.
[2023-01-23T13:40:33.075-0300] {base.py:73} INFO - Using connection ID 'adf' for task execution.
[2023-01-23T13:40:33.576-0300] {base.py:73} INFO - Using connection ID 'adf' for task execution.
[2023-01-23T13:40:33.578-0300] {_universal.py:526} INFO - Request URL: 'https://management.azure.com/subscriptions/5e5642ec-dd71-4e9a-a29e-58effbf39209/resourceGroups/rg-mdw-hml-fb/providers/Microsoft.DataFactory/factories/adf-mdw-hml-fb/pipelineruns/edc8c6c6-9b3b-11ed-a50b-05e3ce77118f?api-version=REDACTED'
Request method: 'GET'
Request headers:
    'Accept': 'application/json'
    'x-ms-client-request-id': 'a7e9488c-9b3c-11ed-a50b-05e3ce77118f'
    'User-Agent': 'azsdk-python-mgmt-datafactory/1.1.0 Python/3.10.6 (Linux-5.15.0-58-generic-x86_64-with-glibc2.35)'
    'Authorization': 'REDACTED'
No body was attached to the request
[2023-01-23T13:40:33.767-0300] {_universal.py:554} INFO - Response status: 200
Response headers:
    'Cache-Control': 'no-cache'
    'Pragma': 'no-cache'
    'Transfer-Encoding': 'chunked'
    'Content-Type': 'application/json; charset=utf-8'
    'Content-Encoding': 'REDACTED'
    'Expires': '-1'
    'Vary': 'REDACTED'
    'x-ms-correlation-request-id': 'REDACTED'
    'Server': 'Kestrel'
    'x-ms-ratelimit-remaining-subscription-reads': 'REDACTED'
    'x-ms-request-id': '95ce39d5-00e3-4981-9c24-0a024a4be96c'
    'x-ms-routing-request-id': 'REDACTED'
    'Strict-Transport-Security': 'REDACTED'
    'X-Content-Type-Options': 'REDACTED'
    'Date': 'Mon, 23 Jan 2023 16:40:33 GMT'
[2023-01-23T13:40:33.768-0300] {data_factory.py:774} INFO - Current status of pipeline run edc8c6c6-9b3b-11ed-a50b-05e3ce77118f: InProgress
[2023-01-23T13:41:33.788-0300] {data_factory.py:768} INFO - Getting the status of run ID edc8c6c6-9b3b-11ed-a50b-05e3ce77118f.
[2023-01-23T13:41:34.299-0300] {base.py:73} INFO - Using connection ID 'adf' for task execution.
[2023-01-23T13:41:35.069-0300] {base.py:73} INFO - Using connection ID 'adf' for task execution.
[2023-01-23T13:41:35.071-0300] {_universal.py:526} INFO - Request URL: 'https://management.azure.com/subscriptions/5e5642ec-dd71-4e9a-a29e-58effbf39209/resourceGroups/rg-mdw-hml-fb/providers/Microsoft.DataFactory/factories/adf-mdw-hml-fb/pipelineruns/edc8c6c6-9b3b-11ed-a50b-05e3ce77118f?api-version=REDACTED'
Request method: 'GET'
Request headers:
    'Accept': 'application/json'
    'x-ms-client-request-id': 'cc906bac-9b3c-11ed-a50b-05e3ce77118f'
    'User-Agent': 'azsdk-python-mgmt-datafactory/1.1.0 Python/3.10.6 (Linux-5.15.0-58-generic-x86_64-with-glibc2.35)'
    'Authorization': 'REDACTED'
No body was attached to the request
[2023-01-23T13:41:35.248-0300] {_universal.py:554} INFO - Response status: 200
Response headers:
    'Cache-Control': 'no-cache'
    'Pragma': 'no-cache'
    'Transfer-Encoding': 'chunked'
    'Content-Type': 'application/json; charset=utf-8'
    'Content-Encoding': 'REDACTED'
    'Expires': '-1'
    'Vary': 'REDACTED'
    'x-ms-correlation-request-id': 'REDACTED'
    'Server': 'Kestrel'
    'x-ms-ratelimit-remaining-subscription-reads': 'REDACTED'
    'x-ms-request-id': '94fad55f-2774-4c46-9484-3b15fa1dd0b7'
    'x-ms-routing-request-id': 'REDACTED'
    'Strict-Transport-Security': 'REDACTED'
    'X-Content-Type-Options': 'REDACTED'
    'Date': 'Mon, 23 Jan 2023 16:41:34 GMT'
[2023-01-23T13:41:35.249-0300] {data_factory.py:774} INFO - Current status of pipeline run edc8c6c6-9b3b-11ed-a50b-05e3ce77118f: InProgress
[2023-01-23T13:42:35.272-0300] {data_factory.py:768} INFO - Getting the status of run ID edc8c6c6-9b3b-11ed-a50b-05e3ce77118f.
[2023-01-23T13:42:35.765-0300] {base.py:73} INFO - Using connection ID 'adf' for task execution.
[2023-01-23T13:42:36.572-0300] {base.py:73} INFO - Using connection ID 'adf' for task execution.
[2023-01-23T13:42:36.574-0300] {_universal.py:526} INFO - Request URL: 'https://management.azure.com/subscriptions/5e5642ec-dd71-4e9a-a29e-58effbf39209/resourceGroups/rg-mdw-hml-fb/providers/Microsoft.DataFactory/factories/adf-mdw-hml-fb/pipelineruns/edc8c6c6-9b3b-11ed-a50b-05e3ce77118f?api-version=REDACTED'
Request method: 'GET'
Request headers:
    'Accept': 'application/json'
    'x-ms-client-request-id': 'f1390036-9b3c-11ed-a50b-05e3ce77118f'
    'User-Agent': 'azsdk-python-mgmt-datafactory/1.1.0 Python/3.10.6 (Linux-5.15.0-58-generic-x86_64-with-glibc2.35)'
    'Authorization': 'REDACTED'
No body was attached to the request
[2023-01-23T13:42:36.789-0300] {_universal.py:554} INFO - Response status: 200
Response headers:
    'Cache-Control': 'no-cache'
    'Pragma': 'no-cache'
    'Transfer-Encoding': 'chunked'
    'Content-Type': 'application/json; charset=utf-8'
    'Content-Encoding': 'REDACTED'
    'Expires': '-1'
    'Vary': 'REDACTED'
    'x-ms-correlation-request-id': 'REDACTED'
    'Server': 'Kestrel'
    'x-ms-ratelimit-remaining-subscription-reads': 'REDACTED'
    'x-ms-request-id': '9d87875c-7482-4944-b06a-eb87d1195b9e'
    'x-ms-routing-request-id': 'REDACTED'
    'Strict-Transport-Security': 'REDACTED'
    'X-Content-Type-Options': 'REDACTED'
    'Date': 'Mon, 23 Jan 2023 16:42:35 GMT'
[2023-01-23T13:42:36.789-0300] {data_factory.py:774} INFO - Current status of pipeline run edc8c6c6-9b3b-11ed-a50b-05e3ce77118f: InProgress
[2023-01-23T13:43:36.850-0300] {data_factory.py:768} INFO - Getting the status of run ID edc8c6c6-9b3b-11ed-a50b-05e3ce77118f.
[2023-01-23T13:43:37.359-0300] {base.py:73} INFO - Using connection ID 'adf' for task execution.
[2023-01-23T13:43:37.855-0300] {base.py:73} INFO - Using connection ID 'adf' for task execution.
[2023-01-23T13:43:37.857-0300] {_universal.py:526} INFO - Request URL: 'https://management.azure.com/subscriptions/5e5642ec-dd71-4e9a-a29e-58effbf39209/resourceGroups/rg-mdw-hml-fb/providers/Microsoft.DataFactory/factories/adf-mdw-hml-fb/pipelineruns/edc8c6c6-9b3b-11ed-a50b-05e3ce77118f?api-version=REDACTED'
Request method: 'GET'
Request headers:
    'Accept': 'application/json'
    'x-ms-client-request-id': '15c00c24-9b3d-11ed-a50b-05e3ce77118f'
    'User-Agent': 'azsdk-python-mgmt-datafactory/1.1.0 Python/3.10.6 (Linux-5.15.0-58-generic-x86_64-with-glibc2.35)'
    'Authorization': 'REDACTED'
No body was attached to the request
[2023-01-23T13:43:38.083-0300] {_universal.py:554} INFO - Response status: 200
Response headers:
    'Cache-Control': 'no-cache'
    'Pragma': 'no-cache'
    'Transfer-Encoding': 'chunked'
    'Content-Type': 'application/json; charset=utf-8'
    'Content-Encoding': 'REDACTED'
    'Expires': '-1'
    'Vary': 'REDACTED'
    'x-ms-correlation-request-id': 'REDACTED'
    'Server': 'Kestrel'
    'x-ms-ratelimit-remaining-subscription-reads': 'REDACTED'
    'x-ms-request-id': '601dad50-e410-40e0-9c9e-3120549bf931'
    'x-ms-routing-request-id': 'REDACTED'
    'Strict-Transport-Security': 'REDACTED'
    'X-Content-Type-Options': 'REDACTED'
    'Date': 'Mon, 23 Jan 2023 16:43:37 GMT'
[2023-01-23T13:43:38.084-0300] {data_factory.py:774} INFO - Current status of pipeline run edc8c6c6-9b3b-11ed-a50b-05e3ce77118f: InProgress
[2023-01-23T13:44:38.144-0300] {data_factory.py:768} INFO - Getting the status of run ID edc8c6c6-9b3b-11ed-a50b-05e3ce77118f.
[2023-01-23T13:44:38.662-0300] {base.py:73} INFO - Using connection ID 'adf' for task execution.
[2023-01-23T13:44:39.163-0300] {base.py:73} INFO - Using connection ID 'adf' for task execution.
[2023-01-23T13:44:39.164-0300] {_universal.py:526} INFO - Request URL: 'https://management.azure.com/subscriptions/5e5642ec-dd71-4e9a-a29e-58effbf39209/resourceGroups/rg-mdw-hml-fb/providers/Microsoft.DataFactory/factories/adf-mdw-hml-fb/pipelineruns/edc8c6c6-9b3b-11ed-a50b-05e3ce77118f?api-version=REDACTED'
Request method: 'GET'
Request headers:
    'Accept': 'application/json'
    'x-ms-client-request-id': '3a4ad1be-9b3d-11ed-a50b-05e3ce77118f'
    'User-Agent': 'azsdk-python-mgmt-datafactory/1.1.0 Python/3.10.6 (Linux-5.15.0-58-generic-x86_64-with-glibc2.35)'
    'Authorization': 'REDACTED'
No body was attached to the request
[2023-01-23T13:44:39.373-0300] {_universal.py:554} INFO - Response status: 200
Response headers:
    'Cache-Control': 'no-cache'
    'Pragma': 'no-cache'
    'Transfer-Encoding': 'chunked'
    'Content-Type': 'application/json; charset=utf-8'
    'Content-Encoding': 'REDACTED'
    'Expires': '-1'
    'Vary': 'REDACTED'
    'x-ms-correlation-request-id': 'REDACTED'
    'Server': 'Kestrel'
    'x-ms-ratelimit-remaining-subscription-reads': 'REDACTED'
    'x-ms-request-id': 'bc29edfb-3f63-46b3-82e0-a304c79a00a3'
    'x-ms-routing-request-id': 'REDACTED'
    'Strict-Transport-Security': 'REDACTED'
    'X-Content-Type-Options': 'REDACTED'
    'Date': 'Mon, 23 Jan 2023 16:44:38 GMT'
[2023-01-23T13:44:39.374-0300] {data_factory.py:774} INFO - Current status of pipeline run edc8c6c6-9b3b-11ed-a50b-05e3ce77118f: InProgress
[2023-01-23T13:45:39.384-0300] {data_factory.py:768} INFO - Getting the status of run ID edc8c6c6-9b3b-11ed-a50b-05e3ce77118f.
[2023-01-23T13:45:39.879-0300] {base.py:73} INFO - Using connection ID 'adf' for task execution.
[2023-01-23T13:45:40.383-0300] {base.py:73} INFO - Using connection ID 'adf' for task execution.
[2023-01-23T13:45:40.385-0300] {_universal.py:526} INFO - Request URL: 'https://management.azure.com/subscriptions/5e5642ec-dd71-4e9a-a29e-58effbf39209/resourceGroups/rg-mdw-hml-fb/providers/Microsoft.DataFactory/factories/adf-mdw-hml-fb/pipelineruns/edc8c6c6-9b3b-11ed-a50b-05e3ce77118f?api-version=REDACTED'
Request method: 'GET'
Request headers:
    'Accept': 'application/json'
    'x-ms-client-request-id': '5ec85386-9b3d-11ed-a50b-05e3ce77118f'
    'User-Agent': 'azsdk-python-mgmt-datafactory/1.1.0 Python/3.10.6 (Linux-5.15.0-58-generic-x86_64-with-glibc2.35)'
    'Authorization': 'REDACTED'
No body was attached to the request
[2023-01-23T13:45:40.827-0300] {_universal.py:554} INFO - Response status: 200
Response headers:
    'Cache-Control': 'no-cache'
    'Pragma': 'no-cache'
    'Transfer-Encoding': 'chunked'
    'Content-Type': 'application/json; charset=utf-8'
    'Content-Encoding': 'REDACTED'
    'Expires': '-1'
    'Vary': 'REDACTED'
    'x-ms-correlation-request-id': 'REDACTED'
    'Server': 'Kestrel'
    'x-ms-ratelimit-remaining-subscription-reads': 'REDACTED'
    'x-ms-request-id': 'c08a0bee-f580-419b-b972-c054ff073e24'
    'x-ms-routing-request-id': 'REDACTED'
    'Strict-Transport-Security': 'REDACTED'
    'X-Content-Type-Options': 'REDACTED'
    'Date': 'Mon, 23 Jan 2023 16:45:40 GMT'
[2023-01-23T13:45:40.828-0300] {data_factory.py:774} INFO - Current status of pipeline run edc8c6c6-9b3b-11ed-a50b-05e3ce77118f: Succeeded
[2023-01-23T13:45:40.828-0300] {data_factory.py:182} INFO - Pipeline run edc8c6c6-9b3b-11ed-a50b-05e3ce77118f has completed successfully.
[2023-01-23T13:45:40.831-0300] {logging_mixin.py:137} WARNING - /home/airflow/.local/lib/python3.10/site-packages/airflow/models/baseoperator.py:1393 RemovedInAirflow3Warning: Passing 'execution_date' to 'TaskInstance.xcom_push()' is deprecated.
[2023-01-23T13:45:41.989-0300] {taskinstance.py:1322} INFO - Marking task as SUCCESS. dag_id=raw_opt_t_transacaofatura, task_id=run_adf_pipeline, execution_date=20230123T163314, start_date=20230123T163511, end_date=20230123T164541
[2023-01-23T13:45:43.339-0300] {local_task_job.py:159} INFO - Task exited with return code 0
[2023-01-23T13:45:43.897-0300] {taskinstance.py:2582} INFO - 0 downstream tasks scheduled from follow-on schedule check
