[2023-01-21T16:06:08.397-0300] {taskinstance.py:1087} INFO - Dependencies all met for <TaskInstance: raw_opt_t_statusconta.run_adf_pipeline scheduled__2023-01-20T15:00:00+00:00 [queued]>
[2023-01-21T16:06:08.779-0300] {taskinstance.py:1087} INFO - Dependencies all met for <TaskInstance: raw_opt_t_statusconta.run_adf_pipeline scheduled__2023-01-20T15:00:00+00:00 [queued]>
[2023-01-21T16:06:08.780-0300] {taskinstance.py:1283} INFO - 
--------------------------------------------------------------------------------
[2023-01-21T16:06:08.780-0300] {taskinstance.py:1284} INFO - Starting attempt 1 of 1
[2023-01-21T16:06:08.780-0300] {taskinstance.py:1285} INFO - 
--------------------------------------------------------------------------------
[2023-01-21T16:06:09.383-0300] {taskinstance.py:1304} INFO - Executing <Task(AzureDataFactoryRunPipelineOperator): run_adf_pipeline> on 2023-01-20 15:00:00+00:00
[2023-01-21T16:06:09.389-0300] {standard_task_runner.py:55} INFO - Started process 684436 to run task
[2023-01-21T16:06:09.393-0300] {standard_task_runner.py:82} INFO - Running: ['airflow', 'tasks', 'run', 'raw_opt_t_statusconta', 'run_adf_pipeline', 'scheduled__2023-01-20T15:00:00+00:00', '--job-id', '1129', '--raw', '--subdir', 'DAGS_FOLDER/raw/dock_opt/raw_opt_t_statusconta.py', '--cfg-path', '/tmp/tmphn9b8nua']
[2023-01-21T16:06:09.397-0300] {standard_task_runner.py:83} INFO - Job 1129: Subtask run_adf_pipeline
[2023-01-21T16:06:12.425-0300] {task_command.py:389} INFO - Running <TaskInstance: raw_opt_t_statusconta.run_adf_pipeline scheduled__2023-01-20T15:00:00+00:00 [running]> on host vm-airflow-01
[2023-01-21T16:06:15.338-0300] {taskinstance.py:1511} INFO - Exporting the following env vars:
AIRFLOW_CTX_DAG_OWNER=matheus.rodrigues@fortbrasil.com.br
AIRFLOW_CTX_DAG_ID=raw_opt_t_statusconta
AIRFLOW_CTX_TASK_ID=run_adf_pipeline
AIRFLOW_CTX_EXECUTION_DATE=2023-01-20T15:00:00+00:00
AIRFLOW_CTX_TRY_NUMBER=1
AIRFLOW_CTX_DAG_RUN_ID=scheduled__2023-01-20T15:00:00+00:00
[2023-01-21T16:06:15.339-0300] {data_factory.py:154} INFO - Executing the cp_opt_to_datalake pipeline.
[2023-01-21T16:06:15.844-0300] {base.py:73} INFO - Using connection ID 'adf' for task execution.
[2023-01-21T16:06:16.345-0300] {base.py:73} INFO - Using connection ID 'adf' for task execution.
[2023-01-21T16:06:16.838-0300] {base.py:73} INFO - Using connection ID 'adf' for task execution.
[2023-01-21T16:06:16.847-0300] {_universal.py:526} INFO - Request URL: 'https://login.microsoftonline.com:443/d47e09d1-17c6-4a6f-b65c-d49d61e186a2/v2.0/.well-known/openid-configuration'
Request method: 'GET'
Request headers:
    'User-Agent': 'azsdk-python-identity/1.12.0 Python/3.10.6 (Linux-5.15.0-58-generic-x86_64-with-glibc2.35)'
No body was attached to the request
[2023-01-21T16:06:17.283-0300] {_universal.py:554} INFO - Response status: 200
Response headers:
    'Cache-Control': 'max-age=86400, private'
    'Content-Type': 'application/json; charset=utf-8'
    'Strict-Transport-Security': 'REDACTED'
    'X-Content-Type-Options': 'REDACTED'
    'Access-Control-Allow-Origin': 'REDACTED'
    'Access-Control-Allow-Methods': 'REDACTED'
    'P3P': 'REDACTED'
    'x-ms-request-id': 'f3422bc9-3f85-4276-8171-71816db03a00'
    'x-ms-ests-server': 'REDACTED'
    'X-XSS-Protection': 'REDACTED'
    'Set-Cookie': 'REDACTED'
    'Date': 'Sat, 21 Jan 2023 19:06:16 GMT'
    'Content-Length': '1753'
[2023-01-21T16:06:17.285-0300] {_universal.py:526} INFO - Request URL: 'https://login.microsoftonline.com/common/discovery/instance?api-version=REDACTED&authorization_endpoint=REDACTED'
Request method: 'GET'
Request headers:
    'Accept': 'application/json'
    'User-Agent': 'azsdk-python-identity/1.12.0 Python/3.10.6 (Linux-5.15.0-58-generic-x86_64-with-glibc2.35)'
No body was attached to the request
[2023-01-21T16:06:17.479-0300] {_universal.py:554} INFO - Response status: 200
Response headers:
    'Cache-Control': 'max-age=86400, private'
    'Content-Type': 'application/json; charset=utf-8'
    'Strict-Transport-Security': 'REDACTED'
    'X-Content-Type-Options': 'REDACTED'
    'Access-Control-Allow-Origin': 'REDACTED'
    'Access-Control-Allow-Methods': 'REDACTED'
    'P3P': 'REDACTED'
    'x-ms-request-id': '9b6af5db-fb2b-4dc6-b499-e9e847390c00'
    'x-ms-ests-server': 'REDACTED'
    'X-XSS-Protection': 'REDACTED'
    'Set-Cookie': 'REDACTED'
    'Date': 'Sat, 21 Jan 2023 19:06:16 GMT'
    'Content-Length': '945'
[2023-01-21T16:06:17.480-0300] {_universal.py:523} INFO - Request URL: 'https://login.microsoftonline.com/d47e09d1-17c6-4a6f-b65c-d49d61e186a2/oauth2/v2.0/token'
Request method: 'POST'
Request headers:
    'Accept': 'application/json'
    'x-client-sku': 'REDACTED'
    'x-client-ver': 'REDACTED'
    'x-client-os': 'REDACTED'
    'x-client-cpu': 'REDACTED'
    'x-ms-lib-capability': 'REDACTED'
    'client-request-id': 'REDACTED'
    'x-client-current-telemetry': 'REDACTED'
    'x-client-last-telemetry': 'REDACTED'
    'User-Agent': 'azsdk-python-identity/1.12.0 Python/3.10.6 (Linux-5.15.0-58-generic-x86_64-with-glibc2.35)'
A body is sent with the request
[2023-01-21T16:06:17.732-0300] {_universal.py:554} INFO - Response status: 200
Response headers:
    'Cache-Control': 'no-store, no-cache'
    'Pragma': 'no-cache'
    'Content-Type': 'application/json; charset=utf-8'
    'Expires': '-1'
    'Strict-Transport-Security': 'REDACTED'
    'X-Content-Type-Options': 'REDACTED'
    'P3P': 'REDACTED'
    'client-request-id': 'REDACTED'
    'x-ms-request-id': '45515bcf-8dd0-4008-bf25-921ac2d5fd00'
    'x-ms-ests-server': 'REDACTED'
    'x-ms-clitelem': 'REDACTED'
    'X-XSS-Protection': 'REDACTED'
    'Set-Cookie': 'REDACTED'
    'Date': 'Sat, 21 Jan 2023 19:06:16 GMT'
    'Content-Length': '1391'
[2023-01-21T16:06:17.733-0300] {get_token_mixin.py:77} INFO - ClientSecretCredential.get_token succeeded
[2023-01-21T16:06:17.733-0300] {_universal.py:523} INFO - Request URL: 'https://management.azure.com/subscriptions/5e5642ec-dd71-4e9a-a29e-58effbf39209/resourceGroups/rg-mdw-hml-fb/providers/Microsoft.DataFactory/factories/adf-mdw-hml-fb/pipelines/cp_opt_to_datalake/createRun?api-version=REDACTED'
Request method: 'POST'
Request headers:
    'Content-Type': 'application/json'
    'Accept': 'application/json'
    'Content-Length': '129'
    'x-ms-client-request-id': 'ae7aa3c8-99be-11ed-a50b-05e3ce77118f'
    'User-Agent': 'azsdk-python-mgmt-datafactory/1.1.0 Python/3.10.6 (Linux-5.15.0-58-generic-x86_64-with-glibc2.35)'
    'Authorization': 'REDACTED'
A body is sent with the request
[2023-01-21T16:06:19.893-0300] {_universal.py:554} INFO - Response status: 200
Response headers:
    'Cache-Control': 'no-cache'
    'Pragma': 'no-cache'
    'Transfer-Encoding': 'chunked'
    'Content-Type': 'application/json; charset=utf-8'
    'Content-Encoding': 'REDACTED'
    'Expires': '-1'
    'Vary': 'REDACTED'
    'x-ms-correlation-request-id': 'REDACTED'
    'Server': 'Kestrel'
    'x-ms-ratelimit-remaining-subscription-writes': 'REDACTED'
    'x-ms-request-id': '12cdb356-8435-4595-8320-93038b7aa39e'
    'x-ms-routing-request-id': 'REDACTED'
    'Strict-Transport-Security': 'REDACTED'
    'X-Content-Type-Options': 'REDACTED'
    'Date': 'Sat, 21 Jan 2023 19:06:18 GMT'
[2023-01-21T16:06:20.595-0300] {data_factory.py:172} INFO - Waiting for pipeline run ae7aa3c8-99be-11ed-a50b-05e3ce77118f to terminate.
[2023-01-21T16:06:20.596-0300] {data_factory.py:768} INFO - Getting the status of run ID ae7aa3c8-99be-11ed-a50b-05e3ce77118f.
[2023-01-21T16:06:21.095-0300] {base.py:73} INFO - Using connection ID 'adf' for task execution.
[2023-01-21T16:06:21.590-0300] {base.py:73} INFO - Using connection ID 'adf' for task execution.
[2023-01-21T16:06:21.591-0300] {_universal.py:526} INFO - Request URL: 'https://management.azure.com/subscriptions/5e5642ec-dd71-4e9a-a29e-58effbf39209/resourceGroups/rg-mdw-hml-fb/providers/Microsoft.DataFactory/factories/adf-mdw-hml-fb/pipelineruns/ae7aa3c8-99be-11ed-a50b-05e3ce77118f?api-version=REDACTED'
Request method: 'GET'
Request headers:
    'Accept': 'application/json'
    'x-ms-client-request-id': 'b14eb620-99be-11ed-a50b-05e3ce77118f'
    'User-Agent': 'azsdk-python-mgmt-datafactory/1.1.0 Python/3.10.6 (Linux-5.15.0-58-generic-x86_64-with-glibc2.35)'
    'Authorization': 'REDACTED'
No body was attached to the request
[2023-01-21T16:06:21.760-0300] {_universal.py:554} INFO - Response status: 200
Response headers:
    'Cache-Control': 'no-cache'
    'Pragma': 'no-cache'
    'Transfer-Encoding': 'chunked'
    'Content-Type': 'application/json; charset=utf-8'
    'Content-Encoding': 'REDACTED'
    'Expires': '-1'
    'Vary': 'REDACTED'
    'x-ms-correlation-request-id': 'REDACTED'
    'Server': 'Kestrel'
    'x-ms-ratelimit-remaining-subscription-reads': 'REDACTED'
    'x-ms-request-id': '134555d0-0d8c-4cd6-9c21-bfb6259ef9f9'
    'x-ms-routing-request-id': 'REDACTED'
    'Strict-Transport-Security': 'REDACTED'
    'X-Content-Type-Options': 'REDACTED'
    'Date': 'Sat, 21 Jan 2023 19:06:20 GMT'
[2023-01-21T16:06:21.767-0300] {data_factory.py:774} INFO - Current status of pipeline run ae7aa3c8-99be-11ed-a50b-05e3ce77118f: InProgress
[2023-01-21T16:07:21.804-0300] {data_factory.py:768} INFO - Getting the status of run ID ae7aa3c8-99be-11ed-a50b-05e3ce77118f.
[2023-01-21T16:07:22.326-0300] {base.py:73} INFO - Using connection ID 'adf' for task execution.
[2023-01-21T16:07:22.830-0300] {base.py:73} INFO - Using connection ID 'adf' for task execution.
[2023-01-21T16:07:22.832-0300] {_universal.py:526} INFO - Request URL: 'https://management.azure.com/subscriptions/5e5642ec-dd71-4e9a-a29e-58effbf39209/resourceGroups/rg-mdw-hml-fb/providers/Microsoft.DataFactory/factories/adf-mdw-hml-fb/pipelineruns/ae7aa3c8-99be-11ed-a50b-05e3ce77118f?api-version=REDACTED'
Request method: 'GET'
Request headers:
    'Accept': 'application/json'
    'x-ms-client-request-id': 'd5cf48e8-99be-11ed-a50b-05e3ce77118f'
    'User-Agent': 'azsdk-python-mgmt-datafactory/1.1.0 Python/3.10.6 (Linux-5.15.0-58-generic-x86_64-with-glibc2.35)'
    'Authorization': 'REDACTED'
No body was attached to the request
[2023-01-21T16:07:23.010-0300] {_universal.py:554} INFO - Response status: 200
Response headers:
    'Cache-Control': 'no-cache'
    'Pragma': 'no-cache'
    'Transfer-Encoding': 'chunked'
    'Content-Type': 'application/json; charset=utf-8'
    'Content-Encoding': 'REDACTED'
    'Expires': '-1'
    'Vary': 'REDACTED'
    'x-ms-correlation-request-id': 'REDACTED'
    'Server': 'Kestrel'
    'x-ms-ratelimit-remaining-subscription-reads': 'REDACTED'
    'x-ms-request-id': '988357a3-ac0a-4f42-a3f6-fd3f4d94fbcd'
    'x-ms-routing-request-id': 'REDACTED'
    'Strict-Transport-Security': 'REDACTED'
    'X-Content-Type-Options': 'REDACTED'
    'Date': 'Sat, 21 Jan 2023 19:07:22 GMT'
[2023-01-21T16:07:23.012-0300] {data_factory.py:774} INFO - Current status of pipeline run ae7aa3c8-99be-11ed-a50b-05e3ce77118f: Succeeded
[2023-01-21T16:07:23.012-0300] {data_factory.py:182} INFO - Pipeline run ae7aa3c8-99be-11ed-a50b-05e3ce77118f has completed successfully.
[2023-01-21T16:07:23.015-0300] {logging_mixin.py:137} WARNING - /home/airflow/.local/lib/python3.10/site-packages/airflow/models/baseoperator.py:1393 RemovedInAirflow3Warning: Passing 'execution_date' to 'TaskInstance.xcom_push()' is deprecated.
[2023-01-21T16:07:24.199-0300] {taskinstance.py:1322} INFO - Marking task as SUCCESS. dag_id=raw_opt_t_statusconta, task_id=run_adf_pipeline, execution_date=20230120T150000, start_date=20230121T190608, end_date=20230121T190724
[2023-01-21T16:07:25.323-0300] {local_task_job.py:159} INFO - Task exited with return code 0
[2023-01-21T16:07:25.885-0300] {taskinstance.py:2582} INFO - 0 downstream tasks scheduled from follow-on schedule check
