[2023-01-23T13:41:57.210-0300] {taskinstance.py:1087} INFO - Dependencies all met for <TaskInstance: raw_opt_t_estabelecimento.current_date scheduled__2023-01-22T15:00:00+00:00 [queued]>
[2023-01-23T13:41:57.679-0300] {taskinstance.py:1087} INFO - Dependencies all met for <TaskInstance: raw_opt_t_estabelecimento.current_date scheduled__2023-01-22T15:00:00+00:00 [queued]>
[2023-01-23T13:41:57.679-0300] {taskinstance.py:1283} INFO - 
--------------------------------------------------------------------------------
[2023-01-23T13:41:57.679-0300] {taskinstance.py:1284} INFO - Starting attempt 1 of 1
[2023-01-23T13:41:57.679-0300] {taskinstance.py:1285} INFO - 
--------------------------------------------------------------------------------
[2023-01-23T13:41:58.327-0300] {taskinstance.py:1304} INFO - Executing <Task(_PythonDecoratedOperator): current_date> on 2023-01-22 15:00:00+00:00
[2023-01-23T13:41:58.332-0300] {standard_task_runner.py:55} INFO - Started process 1125928 to run task
[2023-01-23T13:41:58.337-0300] {standard_task_runner.py:82} INFO - Running: ['airflow', 'tasks', 'run', 'raw_opt_t_estabelecimento', 'current_date', 'scheduled__2023-01-22T15:00:00+00:00', '--job-id', '1222', '--raw', '--subdir', 'DAGS_FOLDER/raw/dock_opt/raw_opt_t_estabelecimento.py', '--cfg-path', '/tmp/tmpe4vjx83b']
[2023-01-23T13:41:58.340-0300] {standard_task_runner.py:83} INFO - Job 1222: Subtask current_date
[2023-01-23T13:42:07.355-0300] {task_command.py:389} INFO - Running <TaskInstance: raw_opt_t_estabelecimento.current_date scheduled__2023-01-22T15:00:00+00:00 [running]> on host vm-airflow-01
[2023-01-23T13:42:09.827-0300] {taskinstance.py:1511} INFO - Exporting the following env vars:
AIRFLOW_CTX_DAG_OWNER=matheus.rodrigues@fortbrasil.com.br
AIRFLOW_CTX_DAG_ID=raw_opt_t_estabelecimento
AIRFLOW_CTX_TASK_ID=current_date
AIRFLOW_CTX_EXECUTION_DATE=2023-01-22T15:00:00+00:00
AIRFLOW_CTX_TRY_NUMBER=1
AIRFLOW_CTX_DAG_RUN_ID=scheduled__2023-01-22T15:00:00+00:00
[2023-01-23T13:42:09.828-0300] {python.py:177} INFO - Done. Returned value was: 2023-01-23
[2023-01-23T13:42:10.997-0300] {taskinstance.py:1322} INFO - Marking task as SUCCESS. dag_id=raw_opt_t_estabelecimento, task_id=current_date, execution_date=20230122T150000, start_date=20230123T164157, end_date=20230123T164210
[2023-01-23T13:42:11.810-0300] {local_task_job.py:159} INFO - Task exited with return code 0
[2023-01-23T13:42:12.633-0300] {taskinstance.py:2582} INFO - 1 downstream tasks scheduled from follow-on schedule check
