[2023-01-25T13:07:42.488-0300] {taskinstance.py:1087} INFO - Dependencies all met for <TaskInstance: bronze_opt_t_parcelamentofatura.run_databricks_notebook dataset_triggered__2023-01-25T16:07:29.222402+00:00 [queued]>
[2023-01-25T13:07:42.869-0300] {taskinstance.py:1087} INFO - Dependencies all met for <TaskInstance: bronze_opt_t_parcelamentofatura.run_databricks_notebook dataset_triggered__2023-01-25T16:07:29.222402+00:00 [queued]>
[2023-01-25T13:07:42.869-0300] {taskinstance.py:1283} INFO - 
--------------------------------------------------------------------------------
[2023-01-25T13:07:42.870-0300] {taskinstance.py:1284} INFO - Starting attempt 1 of 1
[2023-01-25T13:07:42.870-0300] {taskinstance.py:1285} INFO - 
--------------------------------------------------------------------------------
[2023-01-25T13:07:43.263-0300] {taskinstance.py:1304} INFO - Executing <Task(DatabricksSubmitRunOperator): run_databricks_notebook> on 2023-01-25 16:07:29.222402+00:00
[2023-01-25T13:07:43.269-0300] {standard_task_runner.py:55} INFO - Started process 1755382 to run task
[2023-01-25T13:07:43.274-0300] {standard_task_runner.py:82} INFO - Running: ['airflow', 'tasks', 'run', 'bronze_opt_t_parcelamentofatura', 'run_databricks_notebook', 'dataset_triggered__2023-01-25T16:07:29.222402+00:00', '--job-id', '1530', '--raw', '--subdir', 'DAGS_FOLDER/bronze/dock_opt/bronze_opt_t_parcelamentofatura.py', '--cfg-path', '/tmp/tmpwi0lae_8']
[2023-01-25T13:07:43.277-0300] {standard_task_runner.py:83} INFO - Job 1530: Subtask run_databricks_notebook
[2023-01-25T13:07:46.298-0300] {task_command.py:389} INFO - Running <TaskInstance: bronze_opt_t_parcelamentofatura.run_databricks_notebook dataset_triggered__2023-01-25T16:07:29.222402+00:00 [running]> on host vm-airflow-01
[2023-01-25T13:07:52.618-0300] {taskinstance.py:1511} INFO - Exporting the following env vars:
AIRFLOW_CTX_DAG_OWNER=matheus.rodrigues@fortbrasil.com.br
AIRFLOW_CTX_DAG_ID=bronze_opt_t_parcelamentofatura
AIRFLOW_CTX_TASK_ID=run_databricks_notebook
AIRFLOW_CTX_EXECUTION_DATE=2023-01-25T16:07:29.222402+00:00
AIRFLOW_CTX_TRY_NUMBER=1
AIRFLOW_CTX_DAG_RUN_ID=dataset_triggered__2023-01-25T16:07:29.222402+00:00
[2023-01-25T13:07:53.131-0300] {base.py:73} INFO - Using connection ID 'adb' for task execution.
[2023-01-25T13:07:53.324-0300] {databricks_base.py:424} INFO - Using token auth. For security reasons, please set token in Password field instead of extra
[2023-01-25T13:07:54.561-0300] {databricks.py:50} INFO - Run submitted with run_id: 170021
[2023-01-25T13:07:54.561-0300] {databricks_base.py:424} INFO - Using token auth. For security reasons, please set token in Password field instead of extra
[2023-01-25T13:07:55.542-0300] {databricks_base.py:424} INFO - Using token auth. For security reasons, please set token in Password field instead of extra
[2023-01-25T13:07:55.871-0300] {databricks.py:91} INFO - run_databricks_notebook in run state: {'life_cycle_state': 'PENDING', 'result_state': '', 'state_message': ''}
[2023-01-25T13:07:55.871-0300] {databricks.py:92} INFO - View run status, Spark UI, and logs at https://adb-1362567168960874.14.azuredatabricks.net/?o=1362567168960874#job/602166436758108/run/170021
[2023-01-25T13:07:55.871-0300] {databricks.py:93} INFO - Sleeping for 30 seconds.
[2023-01-25T13:08:25.892-0300] {databricks_base.py:424} INFO - Using token auth. For security reasons, please set token in Password field instead of extra
[2023-01-25T13:08:26.171-0300] {databricks.py:61} INFO - run_databricks_notebook completed successfully.
[2023-01-25T13:08:26.171-0300] {databricks.py:62} INFO - View run status, Spark UI, and logs at https://adb-1362567168960874.14.azuredatabricks.net/?o=1362567168960874#job/602166436758108/run/170021
[2023-01-25T13:08:26.178-0300] {logging_mixin.py:137} WARNING - /home/airflow/.local/lib/python3.10/site-packages/airflow/models/baseoperator.py:1393 RemovedInAirflow3Warning: Passing 'execution_date' to 'TaskInstance.xcom_push()' is deprecated.
[2023-01-25T13:08:27.331-0300] {taskinstance.py:1322} INFO - Marking task as SUCCESS. dag_id=bronze_opt_t_parcelamentofatura, task_id=run_databricks_notebook, execution_date=20230125T160729, start_date=20230125T160742, end_date=20230125T160827
[2023-01-25T13:08:28.489-0300] {local_task_job.py:159} INFO - Task exited with return code 0
[2023-01-25T13:08:29.053-0300] {taskinstance.py:2582} INFO - 0 downstream tasks scheduled from follow-on schedule check
