[2023-01-24T15:29:35.537-0300] {taskinstance.py:1087} INFO - Dependencies all met for <TaskInstance: raw_opt_t_fatura.run_adf_pipeline manual__2023-01-24T18:21:25.582918+00:00 [queued]>
[2023-01-24T15:29:35.913-0300] {taskinstance.py:1087} INFO - Dependencies all met for <TaskInstance: raw_opt_t_fatura.run_adf_pipeline manual__2023-01-24T18:21:25.582918+00:00 [queued]>
[2023-01-24T15:29:35.913-0300] {taskinstance.py:1283} INFO - 
--------------------------------------------------------------------------------
[2023-01-24T15:29:35.913-0300] {taskinstance.py:1284} INFO - Starting attempt 1 of 1
[2023-01-24T15:29:35.913-0300] {taskinstance.py:1285} INFO - 
--------------------------------------------------------------------------------
[2023-01-24T15:29:36.592-0300] {taskinstance.py:1304} INFO - Executing <Task(AzureDataFactoryRunPipelineOperator): run_adf_pipeline> on 2023-01-24 18:21:25.582918+00:00
[2023-01-24T15:29:36.598-0300] {standard_task_runner.py:55} INFO - Started process 1466044 to run task
[2023-01-24T15:29:36.602-0300] {standard_task_runner.py:82} INFO - Running: ['airflow', 'tasks', 'run', 'raw_opt_t_fatura', 'run_adf_pipeline', 'manual__2023-01-24T18:21:25.582918+00:00', '--job-id', '1332', '--raw', '--subdir', 'DAGS_FOLDER/raw/dock_opt/raw_opt_t_fatura.py', '--cfg-path', '/tmp/tmpnfn9z_uq']
[2023-01-24T15:29:36.605-0300] {standard_task_runner.py:83} INFO - Job 1332: Subtask run_adf_pipeline
[2023-01-24T15:29:39.682-0300] {task_command.py:389} INFO - Running <TaskInstance: raw_opt_t_fatura.run_adf_pipeline manual__2023-01-24T18:21:25.582918+00:00 [running]> on host vm-airflow-01
[2023-01-24T15:29:43.599-0300] {taskinstance.py:1511} INFO - Exporting the following env vars:
AIRFLOW_CTX_DAG_OWNER=matheus.rodrigues@fortbrasil.com.br
AIRFLOW_CTX_DAG_ID=raw_opt_t_fatura
AIRFLOW_CTX_TASK_ID=run_adf_pipeline
AIRFLOW_CTX_EXECUTION_DATE=2023-01-24T18:21:25.582918+00:00
AIRFLOW_CTX_TRY_NUMBER=1
AIRFLOW_CTX_DAG_RUN_ID=manual__2023-01-24T18:21:25.582918+00:00
[2023-01-24T15:29:43.600-0300] {data_factory.py:154} INFO - Executing the cp_opt_to_datalake pipeline.
[2023-01-24T15:29:44.108-0300] {base.py:73} INFO - Using connection ID 'adf' for task execution.
[2023-01-24T15:29:44.653-0300] {base.py:73} INFO - Using connection ID 'adf' for task execution.
[2023-01-24T15:29:45.176-0300] {base.py:73} INFO - Using connection ID 'adf' for task execution.
[2023-01-24T15:29:45.185-0300] {_universal.py:526} INFO - Request URL: 'https://login.microsoftonline.com:443/d47e09d1-17c6-4a6f-b65c-d49d61e186a2/v2.0/.well-known/openid-configuration'
Request method: 'GET'
Request headers:
    'User-Agent': 'azsdk-python-identity/1.12.0 Python/3.10.6 (Linux-5.15.0-58-generic-x86_64-with-glibc2.35)'
No body was attached to the request
[2023-01-24T15:29:45.714-0300] {_universal.py:554} INFO - Response status: 200
Response headers:
    'Cache-Control': 'max-age=86400, private'
    'Content-Type': 'application/json; charset=utf-8'
    'Strict-Transport-Security': 'REDACTED'
    'X-Content-Type-Options': 'REDACTED'
    'Access-Control-Allow-Origin': 'REDACTED'
    'Access-Control-Allow-Methods': 'REDACTED'
    'P3P': 'REDACTED'
    'x-ms-request-id': 'd0cbe2e7-8a6e-413c-9efa-5b7277df3c00'
    'x-ms-ests-server': 'REDACTED'
    'X-XSS-Protection': 'REDACTED'
    'Set-Cookie': 'REDACTED'
    'Date': 'Tue, 24 Jan 2023 18:29:44 GMT'
    'Content-Length': '1753'
[2023-01-24T15:29:45.716-0300] {_universal.py:526} INFO - Request URL: 'https://login.microsoftonline.com/common/discovery/instance?api-version=REDACTED&authorization_endpoint=REDACTED'
Request method: 'GET'
Request headers:
    'Accept': 'application/json'
    'User-Agent': 'azsdk-python-identity/1.12.0 Python/3.10.6 (Linux-5.15.0-58-generic-x86_64-with-glibc2.35)'
No body was attached to the request
[2023-01-24T15:29:45.951-0300] {_universal.py:554} INFO - Response status: 200
Response headers:
    'Cache-Control': 'max-age=86400, private'
    'Content-Type': 'application/json; charset=utf-8'
    'Strict-Transport-Security': 'REDACTED'
    'X-Content-Type-Options': 'REDACTED'
    'Access-Control-Allow-Origin': 'REDACTED'
    'Access-Control-Allow-Methods': 'REDACTED'
    'P3P': 'REDACTED'
    'x-ms-request-id': 'aa5ee137-ad62-4479-bfa8-8027fbc63700'
    'x-ms-ests-server': 'REDACTED'
    'X-XSS-Protection': 'REDACTED'
    'Set-Cookie': 'REDACTED'
    'Date': 'Tue, 24 Jan 2023 18:29:45 GMT'
    'Content-Length': '945'
[2023-01-24T15:29:45.952-0300] {_universal.py:523} INFO - Request URL: 'https://login.microsoftonline.com/d47e09d1-17c6-4a6f-b65c-d49d61e186a2/oauth2/v2.0/token'
Request method: 'POST'
Request headers:
    'Accept': 'application/json'
    'x-client-sku': 'REDACTED'
    'x-client-ver': 'REDACTED'
    'x-client-os': 'REDACTED'
    'x-client-cpu': 'REDACTED'
    'x-ms-lib-capability': 'REDACTED'
    'client-request-id': 'REDACTED'
    'x-client-current-telemetry': 'REDACTED'
    'x-client-last-telemetry': 'REDACTED'
    'User-Agent': 'azsdk-python-identity/1.12.0 Python/3.10.6 (Linux-5.15.0-58-generic-x86_64-with-glibc2.35)'
A body is sent with the request
[2023-01-24T15:29:46.223-0300] {_universal.py:554} INFO - Response status: 200
Response headers:
    'Cache-Control': 'no-store, no-cache'
    'Pragma': 'no-cache'
    'Content-Type': 'application/json; charset=utf-8'
    'Expires': '-1'
    'Strict-Transport-Security': 'REDACTED'
    'X-Content-Type-Options': 'REDACTED'
    'P3P': 'REDACTED'
    'client-request-id': 'REDACTED'
    'x-ms-request-id': 'e01c5208-966a-499d-8794-90dcf9745300'
    'x-ms-ests-server': 'REDACTED'
    'x-ms-clitelem': 'REDACTED'
    'X-XSS-Protection': 'REDACTED'
    'Set-Cookie': 'REDACTED'
    'Date': 'Tue, 24 Jan 2023 18:29:45 GMT'
    'Content-Length': '1391'
[2023-01-24T15:29:46.224-0300] {get_token_mixin.py:77} INFO - ClientSecretCredential.get_token succeeded
[2023-01-24T15:29:46.224-0300] {_universal.py:523} INFO - Request URL: 'https://management.azure.com/subscriptions/5e5642ec-dd71-4e9a-a29e-58effbf39209/resourceGroups/rg-mdw-hml-fb/providers/Microsoft.DataFactory/factories/adf-mdw-hml-fb/pipelines/cp_opt_to_datalake/createRun?api-version=REDACTED'
Request method: 'POST'
Request headers:
    'Content-Type': 'application/json'
    'Accept': 'application/json'
    'Content-Length': '199'
    'x-ms-client-request-id': '1362c75e-9c15-11ed-a50b-05e3ce77118f'
    'User-Agent': 'azsdk-python-mgmt-datafactory/1.1.0 Python/3.10.6 (Linux-5.15.0-58-generic-x86_64-with-glibc2.35)'
    'Authorization': 'REDACTED'
A body is sent with the request
[2023-01-24T15:29:47.023-0300] {_universal.py:554} INFO - Response status: 200
Response headers:
    'Cache-Control': 'no-cache'
    'Pragma': 'no-cache'
    'Transfer-Encoding': 'chunked'
    'Content-Type': 'application/json; charset=utf-8'
    'Content-Encoding': 'REDACTED'
    'Expires': '-1'
    'Vary': 'REDACTED'
    'x-ms-correlation-request-id': 'REDACTED'
    'Server': 'Kestrel'
    'x-ms-ratelimit-remaining-subscription-writes': 'REDACTED'
    'x-ms-request-id': '33f29320-066d-4888-a919-0a0a4815bbf4'
    'x-ms-routing-request-id': 'REDACTED'
    'Strict-Transport-Security': 'REDACTED'
    'X-Content-Type-Options': 'REDACTED'
    'Date': 'Tue, 24 Jan 2023 18:29:46 GMT'
[2023-01-24T15:29:47.722-0300] {data_factory.py:172} INFO - Waiting for pipeline run 1362c75e-9c15-11ed-a50b-05e3ce77118f to terminate.
[2023-01-24T15:29:47.723-0300] {data_factory.py:768} INFO - Getting the status of run ID 1362c75e-9c15-11ed-a50b-05e3ce77118f.
[2023-01-24T15:29:48.224-0300] {base.py:73} INFO - Using connection ID 'adf' for task execution.
[2023-01-24T15:29:48.719-0300] {base.py:73} INFO - Using connection ID 'adf' for task execution.
[2023-01-24T15:29:48.721-0300] {_universal.py:526} INFO - Request URL: 'https://management.azure.com/subscriptions/5e5642ec-dd71-4e9a-a29e-58effbf39209/resourceGroups/rg-mdw-hml-fb/providers/Microsoft.DataFactory/factories/adf-mdw-hml-fb/pipelineruns/1362c75e-9c15-11ed-a50b-05e3ce77118f?api-version=REDACTED'
Request method: 'GET'
Request headers:
    'Accept': 'application/json'
    'x-ms-client-request-id': '157e73b2-9c15-11ed-a50b-05e3ce77118f'
    'User-Agent': 'azsdk-python-mgmt-datafactory/1.1.0 Python/3.10.6 (Linux-5.15.0-58-generic-x86_64-with-glibc2.35)'
    'Authorization': 'REDACTED'
No body was attached to the request
[2023-01-24T15:29:48.813-0300] {_universal.py:554} INFO - Response status: 200
Response headers:
    'Cache-Control': 'no-cache'
    'Pragma': 'no-cache'
    'Transfer-Encoding': 'chunked'
    'Content-Type': 'application/json; charset=utf-8'
    'Content-Encoding': 'REDACTED'
    'Expires': '-1'
    'Vary': 'REDACTED'
    'x-ms-correlation-request-id': 'REDACTED'
    'Server': 'Kestrel'
    'x-ms-ratelimit-remaining-subscription-reads': 'REDACTED'
    'x-ms-request-id': 'd6fc84ae-39c4-4152-8105-93e572090a34'
    'x-ms-routing-request-id': 'REDACTED'
    'Strict-Transport-Security': 'REDACTED'
    'X-Content-Type-Options': 'REDACTED'
    'Date': 'Tue, 24 Jan 2023 18:29:48 GMT'
[2023-01-24T15:29:48.820-0300] {data_factory.py:774} INFO - Current status of pipeline run 1362c75e-9c15-11ed-a50b-05e3ce77118f: InProgress
[2023-01-24T15:30:48.880-0300] {data_factory.py:768} INFO - Getting the status of run ID 1362c75e-9c15-11ed-a50b-05e3ce77118f.
[2023-01-24T15:30:49.383-0300] {base.py:73} INFO - Using connection ID 'adf' for task execution.
[2023-01-24T15:30:49.890-0300] {base.py:73} INFO - Using connection ID 'adf' for task execution.
[2023-01-24T15:30:49.892-0300] {_universal.py:526} INFO - Request URL: 'https://management.azure.com/subscriptions/5e5642ec-dd71-4e9a-a29e-58effbf39209/resourceGroups/rg-mdw-hml-fb/providers/Microsoft.DataFactory/factories/adf-mdw-hml-fb/pipelineruns/1362c75e-9c15-11ed-a50b-05e3ce77118f?api-version=REDACTED'
Request method: 'GET'
Request headers:
    'Accept': 'application/json'
    'x-ms-client-request-id': '39f46fc6-9c15-11ed-a50b-05e3ce77118f'
    'User-Agent': 'azsdk-python-mgmt-datafactory/1.1.0 Python/3.10.6 (Linux-5.15.0-58-generic-x86_64-with-glibc2.35)'
    'Authorization': 'REDACTED'
No body was attached to the request
[2023-01-24T15:30:50.010-0300] {_universal.py:554} INFO - Response status: 200
Response headers:
    'Cache-Control': 'no-cache'
    'Pragma': 'no-cache'
    'Transfer-Encoding': 'chunked'
    'Content-Type': 'application/json; charset=utf-8'
    'Content-Encoding': 'REDACTED'
    'Expires': '-1'
    'Vary': 'REDACTED'
    'x-ms-correlation-request-id': 'REDACTED'
    'Server': 'Kestrel'
    'x-ms-ratelimit-remaining-subscription-reads': 'REDACTED'
    'x-ms-request-id': '8cc85e29-3633-4e4b-8a75-1a68ce0248a2'
    'x-ms-routing-request-id': 'REDACTED'
    'Strict-Transport-Security': 'REDACTED'
    'X-Content-Type-Options': 'REDACTED'
    'Date': 'Tue, 24 Jan 2023 18:30:49 GMT'
[2023-01-24T15:30:50.011-0300] {data_factory.py:774} INFO - Current status of pipeline run 1362c75e-9c15-11ed-a50b-05e3ce77118f: Succeeded
[2023-01-24T15:30:50.011-0300] {data_factory.py:182} INFO - Pipeline run 1362c75e-9c15-11ed-a50b-05e3ce77118f has completed successfully.
[2023-01-24T15:30:50.014-0300] {logging_mixin.py:137} WARNING - /home/airflow/.local/lib/python3.10/site-packages/airflow/models/baseoperator.py:1393 RemovedInAirflow3Warning: Passing 'execution_date' to 'TaskInstance.xcom_push()' is deprecated.
[2023-01-24T15:30:51.193-0300] {taskinstance.py:1322} INFO - Marking task as SUCCESS. dag_id=raw_opt_t_fatura, task_id=run_adf_pipeline, execution_date=20230124T182125, start_date=20230124T182935, end_date=20230124T183051
[2023-01-24T15:30:52.340-0300] {local_task_job.py:159} INFO - Task exited with return code 0
[2023-01-24T15:30:52.926-0300] {taskinstance.py:2582} INFO - 0 downstream tasks scheduled from follow-on schedule check
