[2023-01-23T16:01:05.953-0300] {taskinstance.py:1087} INFO - Dependencies all met for <TaskInstance: raw_opt_t_parametro.waiting_dock_opt scheduled__2023-01-22T15:00:00+00:00 [queued]>
[2023-01-23T16:01:06.386-0300] {taskinstance.py:1087} INFO - Dependencies all met for <TaskInstance: raw_opt_t_parametro.waiting_dock_opt scheduled__2023-01-22T15:00:00+00:00 [queued]>
[2023-01-23T16:01:06.387-0300] {taskinstance.py:1283} INFO - 
--------------------------------------------------------------------------------
[2023-01-23T16:01:06.387-0300] {taskinstance.py:1284} INFO - Starting attempt 1 of 1
[2023-01-23T16:01:06.387-0300] {taskinstance.py:1285} INFO - 
--------------------------------------------------------------------------------
[2023-01-23T16:01:07.092-0300] {taskinstance.py:1304} INFO - Executing <Task(SqlSensor): waiting_dock_opt> on 2023-01-22 15:00:00+00:00
[2023-01-23T16:01:07.100-0300] {standard_task_runner.py:55} INFO - Started process 1157303 to run task
[2023-01-23T16:01:07.105-0300] {standard_task_runner.py:82} INFO - Running: ['airflow', 'tasks', 'run', 'raw_opt_t_parametro', 'waiting_dock_opt', 'scheduled__2023-01-22T15:00:00+00:00', '--job-id', '1258', '--raw', '--subdir', 'DAGS_FOLDER/raw/dock_opt/raw_opt_t_parametro.py', '--cfg-path', '/tmp/tmpluraujlo']
[2023-01-23T16:01:07.108-0300] {standard_task_runner.py:83} INFO - Job 1258: Subtask waiting_dock_opt
[2023-01-23T16:01:10.094-0300] {task_command.py:389} INFO - Running <TaskInstance: raw_opt_t_parametro.waiting_dock_opt scheduled__2023-01-22T15:00:00+00:00 [running]> on host vm-airflow-01
[2023-01-23T16:01:13.417-0300] {taskinstance.py:1511} INFO - Exporting the following env vars:
AIRFLOW_CTX_DAG_OWNER=matheus.rodrigues@fortbrasil.com.br
AIRFLOW_CTX_DAG_ID=raw_opt_t_parametro
AIRFLOW_CTX_TASK_ID=waiting_dock_opt
AIRFLOW_CTX_EXECUTION_DATE=2023-01-22T15:00:00+00:00
AIRFLOW_CTX_TRY_NUMBER=1
AIRFLOW_CTX_DAG_RUN_ID=scheduled__2023-01-22T15:00:00+00:00
[2023-01-23T16:01:14.430-0300] {base.py:73} INFO - Using connection ID 'dock_opt' for task execution.
[2023-01-23T16:01:14.634-0300] {sql.py:91} INFO - Poking: select count(1) from t_control where name = 't_parametro' and convert(date, dt_start) = convert(date, getdate()) and dt_finish is not null (with parameters None)
[2023-01-23T16:01:15.138-0300] {base.py:73} INFO - Using connection ID 'dock_opt' for task execution.
[2023-01-23T16:01:15.588-0300] {sql.py:365} INFO - Running statement: select count(1) from t_control where name = 't_parametro' and convert(date, dt_start) = convert(date, getdate()) and dt_finish is not null, parameters: None
[2023-01-23T16:01:15.778-0300] {base.py:228} INFO - Success criteria met. Exiting.
[2023-01-23T16:01:16.234-0300] {taskinstance.py:1322} INFO - Marking task as SUCCESS. dag_id=raw_opt_t_parametro, task_id=waiting_dock_opt, execution_date=20230122T150000, start_date=20230123T190105, end_date=20230123T190116
[2023-01-23T16:01:16.758-0300] {local_task_job.py:159} INFO - Task exited with return code 0
[2023-01-23T16:01:17.620-0300] {taskinstance.py:2582} INFO - 1 downstream tasks scheduled from follow-on schedule check
