[2023-01-22T12:02:38.914-0300] {taskinstance.py:1087} INFO - Dependencies all met for <TaskInstance: bronze_opt_t_operacao.run_databricks_notebook dataset_triggered__2023-01-22T15:02:18.846279+00:00 [queued]>
[2023-01-22T12:02:39.321-0300] {taskinstance.py:1087} INFO - Dependencies all met for <TaskInstance: bronze_opt_t_operacao.run_databricks_notebook dataset_triggered__2023-01-22T15:02:18.846279+00:00 [queued]>
[2023-01-22T12:02:39.322-0300] {taskinstance.py:1283} INFO - 
--------------------------------------------------------------------------------
[2023-01-22T12:02:39.322-0300] {taskinstance.py:1284} INFO - Starting attempt 1 of 1
[2023-01-22T12:02:39.322-0300] {taskinstance.py:1285} INFO - 
--------------------------------------------------------------------------------
[2023-01-22T12:02:39.863-0300] {taskinstance.py:1304} INFO - Executing <Task(DatabricksSubmitRunOperator): run_databricks_notebook> on 2023-01-22 15:02:18.846279+00:00
[2023-01-22T12:02:39.869-0300] {standard_task_runner.py:55} INFO - Started process 876264 to run task
[2023-01-22T12:02:39.873-0300] {standard_task_runner.py:82} INFO - Running: ['airflow', 'tasks', 'run', 'bronze_opt_t_operacao', 'run_databricks_notebook', 'dataset_triggered__2023-01-22T15:02:18.846279+00:00', '--job-id', '1163', '--raw', '--subdir', 'DAGS_FOLDER/bronze/dock_opt/bronze_opt_t_operacao.py', '--cfg-path', '/tmp/tmp2uwu6c11']
[2023-01-22T12:02:39.878-0300] {standard_task_runner.py:83} INFO - Job 1163: Subtask run_databricks_notebook
[2023-01-22T12:02:42.883-0300] {task_command.py:389} INFO - Running <TaskInstance: bronze_opt_t_operacao.run_databricks_notebook dataset_triggered__2023-01-22T15:02:18.846279+00:00 [running]> on host vm-airflow-01
[2023-01-22T12:02:45.235-0300] {taskinstance.py:1511} INFO - Exporting the following env vars:
AIRFLOW_CTX_DAG_OWNER=matheus.rodrigues@fortbrasil.com.br
AIRFLOW_CTX_DAG_ID=bronze_opt_t_operacao
AIRFLOW_CTX_TASK_ID=run_databricks_notebook
AIRFLOW_CTX_EXECUTION_DATE=2023-01-22T15:02:18.846279+00:00
AIRFLOW_CTX_TRY_NUMBER=1
AIRFLOW_CTX_DAG_RUN_ID=dataset_triggered__2023-01-22T15:02:18.846279+00:00
[2023-01-22T12:02:45.732-0300] {base.py:73} INFO - Using connection ID 'adb' for task execution.
[2023-01-22T12:02:45.926-0300] {databricks_base.py:424} INFO - Using token auth. For security reasons, please set token in Password field instead of extra
[2023-01-22T12:02:47.201-0300] {databricks.py:50} INFO - Run submitted with run_id: 69669
[2023-01-22T12:02:47.202-0300] {databricks_base.py:424} INFO - Using token auth. For security reasons, please set token in Password field instead of extra
[2023-01-22T12:02:48.249-0300] {databricks_base.py:424} INFO - Using token auth. For security reasons, please set token in Password field instead of extra
[2023-01-22T12:02:49.038-0300] {databricks.py:91} INFO - run_databricks_notebook in run state: {'life_cycle_state': 'PENDING', 'result_state': '', 'state_message': ''}
[2023-01-22T12:02:49.038-0300] {databricks.py:92} INFO - View run status, Spark UI, and logs at https://adb-1362567168960874.14.azuredatabricks.net/?o=1362567168960874#job/116882505085691/run/69669
[2023-01-22T12:02:49.038-0300] {databricks.py:93} INFO - Sleeping for 30 seconds.
[2023-01-22T12:03:19.051-0300] {databricks_base.py:424} INFO - Using token auth. For security reasons, please set token in Password field instead of extra
[2023-01-22T12:03:19.319-0300] {databricks.py:91} INFO - run_databricks_notebook in run state: {'life_cycle_state': 'PENDING', 'result_state': '', 'state_message': ''}
[2023-01-22T12:03:19.319-0300] {databricks.py:92} INFO - View run status, Spark UI, and logs at https://adb-1362567168960874.14.azuredatabricks.net/?o=1362567168960874#job/116882505085691/run/69669
[2023-01-22T12:03:19.319-0300] {databricks.py:93} INFO - Sleeping for 30 seconds.
[2023-01-22T12:03:49.348-0300] {databricks_base.py:424} INFO - Using token auth. For security reasons, please set token in Password field instead of extra
[2023-01-22T12:03:49.650-0300] {databricks.py:91} INFO - run_databricks_notebook in run state: {'life_cycle_state': 'PENDING', 'result_state': '', 'state_message': ''}
[2023-01-22T12:03:49.650-0300] {databricks.py:92} INFO - View run status, Spark UI, and logs at https://adb-1362567168960874.14.azuredatabricks.net/?o=1362567168960874#job/116882505085691/run/69669
[2023-01-22T12:03:49.650-0300] {databricks.py:93} INFO - Sleeping for 30 seconds.
[2023-01-22T12:04:19.680-0300] {databricks_base.py:424} INFO - Using token auth. For security reasons, please set token in Password field instead of extra
[2023-01-22T12:04:19.967-0300] {databricks.py:91} INFO - run_databricks_notebook in run state: {'life_cycle_state': 'PENDING', 'result_state': '', 'state_message': ''}
[2023-01-22T12:04:19.967-0300] {databricks.py:92} INFO - View run status, Spark UI, and logs at https://adb-1362567168960874.14.azuredatabricks.net/?o=1362567168960874#job/116882505085691/run/69669
[2023-01-22T12:04:19.967-0300] {databricks.py:93} INFO - Sleeping for 30 seconds.
[2023-01-22T12:04:49.980-0300] {databricks_base.py:424} INFO - Using token auth. For security reasons, please set token in Password field instead of extra
[2023-01-22T12:04:50.341-0300] {databricks.py:91} INFO - run_databricks_notebook in run state: {'life_cycle_state': 'PENDING', 'result_state': '', 'state_message': ''}
[2023-01-22T12:04:50.341-0300] {databricks.py:92} INFO - View run status, Spark UI, and logs at https://adb-1362567168960874.14.azuredatabricks.net/?o=1362567168960874#job/116882505085691/run/69669
[2023-01-22T12:04:50.341-0300] {databricks.py:93} INFO - Sleeping for 30 seconds.
[2023-01-22T12:05:20.371-0300] {databricks_base.py:424} INFO - Using token auth. For security reasons, please set token in Password field instead of extra
[2023-01-22T12:05:20.737-0300] {databricks.py:91} INFO - run_databricks_notebook in run state: {'life_cycle_state': 'PENDING', 'result_state': '', 'state_message': ''}
[2023-01-22T12:05:20.738-0300] {databricks.py:92} INFO - View run status, Spark UI, and logs at https://adb-1362567168960874.14.azuredatabricks.net/?o=1362567168960874#job/116882505085691/run/69669
[2023-01-22T12:05:20.738-0300] {databricks.py:93} INFO - Sleeping for 30 seconds.
[2023-01-22T12:05:50.768-0300] {databricks_base.py:424} INFO - Using token auth. For security reasons, please set token in Password field instead of extra
[2023-01-22T12:05:51.038-0300] {databricks.py:91} INFO - run_databricks_notebook in run state: {'life_cycle_state': 'PENDING', 'result_state': '', 'state_message': ''}
[2023-01-22T12:05:51.038-0300] {databricks.py:92} INFO - View run status, Spark UI, and logs at https://adb-1362567168960874.14.azuredatabricks.net/?o=1362567168960874#job/116882505085691/run/69669
[2023-01-22T12:05:51.038-0300] {databricks.py:93} INFO - Sleeping for 30 seconds.
[2023-01-22T12:06:21.049-0300] {databricks_base.py:424} INFO - Using token auth. For security reasons, please set token in Password field instead of extra
[2023-01-22T12:06:21.397-0300] {databricks.py:91} INFO - run_databricks_notebook in run state: {'life_cycle_state': 'PENDING', 'result_state': '', 'state_message': ''}
[2023-01-22T12:06:21.397-0300] {databricks.py:92} INFO - View run status, Spark UI, and logs at https://adb-1362567168960874.14.azuredatabricks.net/?o=1362567168960874#job/116882505085691/run/69669
[2023-01-22T12:06:21.397-0300] {databricks.py:93} INFO - Sleeping for 30 seconds.
[2023-01-22T12:06:51.414-0300] {databricks_base.py:424} INFO - Using token auth. For security reasons, please set token in Password field instead of extra
[2023-01-22T12:06:51.688-0300] {databricks.py:91} INFO - run_databricks_notebook in run state: {'life_cycle_state': 'PENDING', 'result_state': '', 'state_message': ''}
[2023-01-22T12:06:51.689-0300] {databricks.py:92} INFO - View run status, Spark UI, and logs at https://adb-1362567168960874.14.azuredatabricks.net/?o=1362567168960874#job/116882505085691/run/69669
[2023-01-22T12:06:51.689-0300] {databricks.py:93} INFO - Sleeping for 30 seconds.
[2023-01-22T12:07:21.714-0300] {databricks_base.py:424} INFO - Using token auth. For security reasons, please set token in Password field instead of extra
[2023-01-22T12:07:22.013-0300] {databricks.py:91} INFO - run_databricks_notebook in run state: {'life_cycle_state': 'PENDING', 'result_state': '', 'state_message': ''}
[2023-01-22T12:07:22.013-0300] {databricks.py:92} INFO - View run status, Spark UI, and logs at https://adb-1362567168960874.14.azuredatabricks.net/?o=1362567168960874#job/116882505085691/run/69669
[2023-01-22T12:07:22.014-0300] {databricks.py:93} INFO - Sleeping for 30 seconds.
[2023-01-22T12:07:52.040-0300] {databricks_base.py:424} INFO - Using token auth. For security reasons, please set token in Password field instead of extra
[2023-01-22T12:07:52.348-0300] {databricks.py:91} INFO - run_databricks_notebook in run state: {'life_cycle_state': 'RUNNING', 'result_state': '', 'state_message': 'In run'}
[2023-01-22T12:07:52.349-0300] {databricks.py:92} INFO - View run status, Spark UI, and logs at https://adb-1362567168960874.14.azuredatabricks.net/?o=1362567168960874#job/116882505085691/run/69669
[2023-01-22T12:07:52.349-0300] {databricks.py:93} INFO - Sleeping for 30 seconds.
[2023-01-22T12:08:22.379-0300] {databricks_base.py:424} INFO - Using token auth. For security reasons, please set token in Password field instead of extra
[2023-01-22T12:08:22.653-0300] {databricks.py:91} INFO - run_databricks_notebook in run state: {'life_cycle_state': 'RUNNING', 'result_state': '', 'state_message': 'In run'}
[2023-01-22T12:08:22.653-0300] {databricks.py:92} INFO - View run status, Spark UI, and logs at https://adb-1362567168960874.14.azuredatabricks.net/?o=1362567168960874#job/116882505085691/run/69669
[2023-01-22T12:08:22.653-0300] {databricks.py:93} INFO - Sleeping for 30 seconds.
[2023-01-22T12:08:52.684-0300] {databricks_base.py:424} INFO - Using token auth. For security reasons, please set token in Password field instead of extra
[2023-01-22T12:08:52.965-0300] {databricks.py:91} INFO - run_databricks_notebook in run state: {'life_cycle_state': 'RUNNING', 'result_state': '', 'state_message': 'In run'}
[2023-01-22T12:08:52.965-0300] {databricks.py:92} INFO - View run status, Spark UI, and logs at https://adb-1362567168960874.14.azuredatabricks.net/?o=1362567168960874#job/116882505085691/run/69669
[2023-01-22T12:08:52.965-0300] {databricks.py:93} INFO - Sleeping for 30 seconds.
[2023-01-22T12:09:22.993-0300] {databricks_base.py:424} INFO - Using token auth. For security reasons, please set token in Password field instead of extra
[2023-01-22T12:09:23.288-0300] {databricks.py:91} INFO - run_databricks_notebook in run state: {'life_cycle_state': 'RUNNING', 'result_state': '', 'state_message': 'In run'}
[2023-01-22T12:09:23.288-0300] {databricks.py:92} INFO - View run status, Spark UI, and logs at https://adb-1362567168960874.14.azuredatabricks.net/?o=1362567168960874#job/116882505085691/run/69669
[2023-01-22T12:09:23.289-0300] {databricks.py:93} INFO - Sleeping for 30 seconds.
[2023-01-22T12:09:53.318-0300] {databricks_base.py:424} INFO - Using token auth. For security reasons, please set token in Password field instead of extra
[2023-01-22T12:09:53.636-0300] {databricks.py:91} INFO - run_databricks_notebook in run state: {'life_cycle_state': 'RUNNING', 'result_state': '', 'state_message': 'In run'}
[2023-01-22T12:09:53.637-0300] {databricks.py:92} INFO - View run status, Spark UI, and logs at https://adb-1362567168960874.14.azuredatabricks.net/?o=1362567168960874#job/116882505085691/run/69669
[2023-01-22T12:09:53.637-0300] {databricks.py:93} INFO - Sleeping for 30 seconds.
[2023-01-22T12:10:23.667-0300] {databricks_base.py:424} INFO - Using token auth. For security reasons, please set token in Password field instead of extra
[2023-01-22T12:10:23.941-0300] {databricks.py:61} INFO - run_databricks_notebook completed successfully.
[2023-01-22T12:10:23.941-0300] {databricks.py:62} INFO - View run status, Spark UI, and logs at https://adb-1362567168960874.14.azuredatabricks.net/?o=1362567168960874#job/116882505085691/run/69669
[2023-01-22T12:10:23.950-0300] {logging_mixin.py:137} WARNING - /home/airflow/.local/lib/python3.10/site-packages/airflow/models/baseoperator.py:1393 RemovedInAirflow3Warning: Passing 'execution_date' to 'TaskInstance.xcom_push()' is deprecated.
[2023-01-22T12:10:25.146-0300] {taskinstance.py:1322} INFO - Marking task as SUCCESS. dag_id=bronze_opt_t_operacao, task_id=run_databricks_notebook, execution_date=20230122T150218, start_date=20230122T150238, end_date=20230122T151025
[2023-01-22T12:10:25.987-0300] {local_task_job.py:159} INFO - Task exited with return code 0
[2023-01-22T12:10:26.566-0300] {taskinstance.py:2582} INFO - 0 downstream tasks scheduled from follow-on schedule check
