[2023-01-24T12:02:55.265-0300] {taskinstance.py:1087} INFO - Dependencies all met for <TaskInstance: bronze_opt_t_operacao.run_databricks_notebook dataset_triggered__2023-01-24T15:02:25.507495+00:00 [queued]>
[2023-01-24T12:02:55.685-0300] {taskinstance.py:1087} INFO - Dependencies all met for <TaskInstance: bronze_opt_t_operacao.run_databricks_notebook dataset_triggered__2023-01-24T15:02:25.507495+00:00 [queued]>
[2023-01-24T12:02:55.685-0300] {taskinstance.py:1283} INFO - 
--------------------------------------------------------------------------------
[2023-01-24T12:02:55.685-0300] {taskinstance.py:1284} INFO - Starting attempt 1 of 1
[2023-01-24T12:02:55.685-0300] {taskinstance.py:1285} INFO - 
--------------------------------------------------------------------------------
[2023-01-24T12:02:56.135-0300] {taskinstance.py:1304} INFO - Executing <Task(DatabricksSubmitRunOperator): run_databricks_notebook> on 2023-01-24 15:02:25.507495+00:00
[2023-01-24T12:02:56.143-0300] {standard_task_runner.py:55} INFO - Started process 1420853 to run task
[2023-01-24T12:02:56.148-0300] {standard_task_runner.py:82} INFO - Running: ['airflow', 'tasks', 'run', 'bronze_opt_t_operacao', 'run_databricks_notebook', 'dataset_triggered__2023-01-24T15:02:25.507495+00:00', '--job-id', '1303', '--raw', '--subdir', 'DAGS_FOLDER/bronze/dock_opt/bronze_opt_t_operacao.py', '--cfg-path', '/tmp/tmpq0k2rvy7']
[2023-01-24T12:02:56.155-0300] {standard_task_runner.py:83} INFO - Job 1303: Subtask run_databricks_notebook
[2023-01-24T12:02:59.252-0300] {task_command.py:389} INFO - Running <TaskInstance: bronze_opt_t_operacao.run_databricks_notebook dataset_triggered__2023-01-24T15:02:25.507495+00:00 [running]> on host vm-airflow-01
[2023-01-24T12:03:01.866-0300] {taskinstance.py:1511} INFO - Exporting the following env vars:
AIRFLOW_CTX_DAG_OWNER=matheus.rodrigues@fortbrasil.com.br
AIRFLOW_CTX_DAG_ID=bronze_opt_t_operacao
AIRFLOW_CTX_TASK_ID=run_databricks_notebook
AIRFLOW_CTX_EXECUTION_DATE=2023-01-24T15:02:25.507495+00:00
AIRFLOW_CTX_TRY_NUMBER=1
AIRFLOW_CTX_DAG_RUN_ID=dataset_triggered__2023-01-24T15:02:25.507495+00:00
[2023-01-24T12:03:02.372-0300] {base.py:73} INFO - Using connection ID 'adb' for task execution.
[2023-01-24T12:03:02.666-0300] {databricks_base.py:424} INFO - Using token auth. For security reasons, please set token in Password field instead of extra
[2023-01-24T12:03:03.878-0300] {databricks.py:50} INFO - Run submitted with run_id: 89013
[2023-01-24T12:03:03.878-0300] {databricks_base.py:424} INFO - Using token auth. For security reasons, please set token in Password field instead of extra
[2023-01-24T12:03:04.868-0300] {databricks_base.py:424} INFO - Using token auth. For security reasons, please set token in Password field instead of extra
[2023-01-24T12:03:05.179-0300] {databricks.py:91} INFO - run_databricks_notebook in run state: {'life_cycle_state': 'PENDING', 'result_state': '', 'state_message': ''}
[2023-01-24T12:03:05.179-0300] {databricks.py:92} INFO - View run status, Spark UI, and logs at https://adb-1362567168960874.14.azuredatabricks.net/?o=1362567168960874#job/451371406024435/run/89013
[2023-01-24T12:03:05.179-0300] {databricks.py:93} INFO - Sleeping for 30 seconds.
[2023-01-24T12:03:35.208-0300] {databricks_base.py:424} INFO - Using token auth. For security reasons, please set token in Password field instead of extra
[2023-01-24T12:03:35.486-0300] {databricks.py:91} INFO - run_databricks_notebook in run state: {'life_cycle_state': 'PENDING', 'result_state': '', 'state_message': ''}
[2023-01-24T12:03:35.486-0300] {databricks.py:92} INFO - View run status, Spark UI, and logs at https://adb-1362567168960874.14.azuredatabricks.net/?o=1362567168960874#job/451371406024435/run/89013
[2023-01-24T12:03:35.486-0300] {databricks.py:93} INFO - Sleeping for 30 seconds.
[2023-01-24T12:04:05.516-0300] {databricks_base.py:424} INFO - Using token auth. For security reasons, please set token in Password field instead of extra
[2023-01-24T12:04:05.866-0300] {databricks.py:91} INFO - run_databricks_notebook in run state: {'life_cycle_state': 'PENDING', 'result_state': '', 'state_message': ''}
[2023-01-24T12:04:05.867-0300] {databricks.py:92} INFO - View run status, Spark UI, and logs at https://adb-1362567168960874.14.azuredatabricks.net/?o=1362567168960874#job/451371406024435/run/89013
[2023-01-24T12:04:05.867-0300] {databricks.py:93} INFO - Sleeping for 30 seconds.
[2023-01-24T12:04:35.896-0300] {databricks_base.py:424} INFO - Using token auth. For security reasons, please set token in Password field instead of extra
[2023-01-24T12:04:36.161-0300] {databricks.py:91} INFO - run_databricks_notebook in run state: {'life_cycle_state': 'PENDING', 'result_state': '', 'state_message': ''}
[2023-01-24T12:04:36.161-0300] {databricks.py:92} INFO - View run status, Spark UI, and logs at https://adb-1362567168960874.14.azuredatabricks.net/?o=1362567168960874#job/451371406024435/run/89013
[2023-01-24T12:04:36.161-0300] {databricks.py:93} INFO - Sleeping for 30 seconds.
[2023-01-24T12:05:06.188-0300] {databricks_base.py:424} INFO - Using token auth. For security reasons, please set token in Password field instead of extra
[2023-01-24T12:05:06.481-0300] {databricks.py:91} INFO - run_databricks_notebook in run state: {'life_cycle_state': 'PENDING', 'result_state': '', 'state_message': ''}
[2023-01-24T12:05:06.482-0300] {databricks.py:92} INFO - View run status, Spark UI, and logs at https://adb-1362567168960874.14.azuredatabricks.net/?o=1362567168960874#job/451371406024435/run/89013
[2023-01-24T12:05:06.482-0300] {databricks.py:93} INFO - Sleeping for 30 seconds.
[2023-01-24T12:05:36.512-0300] {databricks_base.py:424} INFO - Using token auth. For security reasons, please set token in Password field instead of extra
[2023-01-24T12:05:36.804-0300] {databricks.py:91} INFO - run_databricks_notebook in run state: {'life_cycle_state': 'PENDING', 'result_state': '', 'state_message': ''}
[2023-01-24T12:05:36.805-0300] {databricks.py:92} INFO - View run status, Spark UI, and logs at https://adb-1362567168960874.14.azuredatabricks.net/?o=1362567168960874#job/451371406024435/run/89013
[2023-01-24T12:05:36.805-0300] {databricks.py:93} INFO - Sleeping for 30 seconds.
[2023-01-24T12:06:06.834-0300] {databricks_base.py:424} INFO - Using token auth. For security reasons, please set token in Password field instead of extra
[2023-01-24T12:06:07.160-0300] {databricks.py:91} INFO - run_databricks_notebook in run state: {'life_cycle_state': 'RUNNING', 'result_state': '', 'state_message': 'In run'}
[2023-01-24T12:06:07.161-0300] {databricks.py:92} INFO - View run status, Spark UI, and logs at https://adb-1362567168960874.14.azuredatabricks.net/?o=1362567168960874#job/451371406024435/run/89013
[2023-01-24T12:06:07.161-0300] {databricks.py:93} INFO - Sleeping for 30 seconds.
[2023-01-24T12:06:37.188-0300] {databricks_base.py:424} INFO - Using token auth. For security reasons, please set token in Password field instead of extra
[2023-01-24T12:06:37.471-0300] {databricks.py:91} INFO - run_databricks_notebook in run state: {'life_cycle_state': 'RUNNING', 'result_state': '', 'state_message': 'In run'}
[2023-01-24T12:06:37.471-0300] {databricks.py:92} INFO - View run status, Spark UI, and logs at https://adb-1362567168960874.14.azuredatabricks.net/?o=1362567168960874#job/451371406024435/run/89013
[2023-01-24T12:06:37.471-0300] {databricks.py:93} INFO - Sleeping for 30 seconds.
[2023-01-24T12:07:07.500-0300] {databricks_base.py:424} INFO - Using token auth. For security reasons, please set token in Password field instead of extra
[2023-01-24T12:07:07.824-0300] {databricks.py:91} INFO - run_databricks_notebook in run state: {'life_cycle_state': 'RUNNING', 'result_state': '', 'state_message': 'In run'}
[2023-01-24T12:07:07.824-0300] {databricks.py:92} INFO - View run status, Spark UI, and logs at https://adb-1362567168960874.14.azuredatabricks.net/?o=1362567168960874#job/451371406024435/run/89013
[2023-01-24T12:07:07.824-0300] {databricks.py:93} INFO - Sleeping for 30 seconds.
[2023-01-24T12:07:37.848-0300] {databricks_base.py:424} INFO - Using token auth. For security reasons, please set token in Password field instead of extra
[2023-01-24T12:07:38.175-0300] {databricks.py:91} INFO - run_databricks_notebook in run state: {'life_cycle_state': 'RUNNING', 'result_state': '', 'state_message': 'In run'}
[2023-01-24T12:07:38.175-0300] {databricks.py:92} INFO - View run status, Spark UI, and logs at https://adb-1362567168960874.14.azuredatabricks.net/?o=1362567168960874#job/451371406024435/run/89013
[2023-01-24T12:07:38.175-0300] {databricks.py:93} INFO - Sleeping for 30 seconds.
[2023-01-24T12:08:08.204-0300] {databricks_base.py:424} INFO - Using token auth. For security reasons, please set token in Password field instead of extra
[2023-01-24T12:08:08.549-0300] {databricks.py:91} INFO - run_databricks_notebook in run state: {'life_cycle_state': 'RUNNING', 'result_state': '', 'state_message': 'In run'}
[2023-01-24T12:08:08.550-0300] {databricks.py:92} INFO - View run status, Spark UI, and logs at https://adb-1362567168960874.14.azuredatabricks.net/?o=1362567168960874#job/451371406024435/run/89013
[2023-01-24T12:08:08.550-0300] {databricks.py:93} INFO - Sleeping for 30 seconds.
[2023-01-24T12:08:38.581-0300] {databricks_base.py:424} INFO - Using token auth. For security reasons, please set token in Password field instead of extra
[2023-01-24T12:08:38.898-0300] {databricks.py:61} INFO - run_databricks_notebook completed successfully.
[2023-01-24T12:08:38.899-0300] {databricks.py:62} INFO - View run status, Spark UI, and logs at https://adb-1362567168960874.14.azuredatabricks.net/?o=1362567168960874#job/451371406024435/run/89013
[2023-01-24T12:08:38.907-0300] {logging_mixin.py:137} WARNING - /home/airflow/.local/lib/python3.10/site-packages/airflow/models/baseoperator.py:1393 RemovedInAirflow3Warning: Passing 'execution_date' to 'TaskInstance.xcom_push()' is deprecated.
[2023-01-24T12:08:40.145-0300] {taskinstance.py:1322} INFO - Marking task as SUCCESS. dag_id=bronze_opt_t_operacao, task_id=run_databricks_notebook, execution_date=20230124T150225, start_date=20230124T150255, end_date=20230124T150840
[2023-01-24T12:08:40.924-0300] {local_task_job.py:159} INFO - Task exited with return code 0
[2023-01-24T12:08:41.549-0300] {taskinstance.py:2582} INFO - 0 downstream tasks scheduled from follow-on schedule check
