[2023-01-24T12:10:53.068-0300] {taskinstance.py:1087} INFO - Dependencies all met for <TaskInstance: bronze_opt_t_eventocompra.run_databricks_notebook dataset_triggered__2023-01-24T15:10:34.863348+00:00 [queued]>
[2023-01-24T12:10:53.444-0300] {taskinstance.py:1087} INFO - Dependencies all met for <TaskInstance: bronze_opt_t_eventocompra.run_databricks_notebook dataset_triggered__2023-01-24T15:10:34.863348+00:00 [queued]>
[2023-01-24T12:10:53.444-0300] {taskinstance.py:1283} INFO - 
--------------------------------------------------------------------------------
[2023-01-24T12:10:53.445-0300] {taskinstance.py:1284} INFO - Starting attempt 1 of 1
[2023-01-24T12:10:53.445-0300] {taskinstance.py:1285} INFO - 
--------------------------------------------------------------------------------
[2023-01-24T12:10:53.920-0300] {taskinstance.py:1304} INFO - Executing <Task(DatabricksSubmitRunOperator): run_databricks_notebook> on 2023-01-24 15:10:34.863348+00:00
[2023-01-24T12:10:53.927-0300] {standard_task_runner.py:55} INFO - Started process 1422648 to run task
[2023-01-24T12:10:53.933-0300] {standard_task_runner.py:82} INFO - Running: ['airflow', 'tasks', 'run', 'bronze_opt_t_eventocompra', 'run_databricks_notebook', 'dataset_triggered__2023-01-24T15:10:34.863348+00:00', '--job-id', '1325', '--raw', '--subdir', 'DAGS_FOLDER/bronze/dock_opt/bronze_opt_t_eventocompra.py', '--cfg-path', '/tmp/tmp7vyvnzff']
[2023-01-24T12:10:53.938-0300] {standard_task_runner.py:83} INFO - Job 1325: Subtask run_databricks_notebook
[2023-01-24T12:10:59.990-0300] {task_command.py:389} INFO - Running <TaskInstance: bronze_opt_t_eventocompra.run_databricks_notebook dataset_triggered__2023-01-24T15:10:34.863348+00:00 [running]> on host vm-airflow-01
[2023-01-24T12:11:02.518-0300] {taskinstance.py:1511} INFO - Exporting the following env vars:
AIRFLOW_CTX_DAG_OWNER=matheus.rodrigues@fortbrasil.com.br
AIRFLOW_CTX_DAG_ID=bronze_opt_t_eventocompra
AIRFLOW_CTX_TASK_ID=run_databricks_notebook
AIRFLOW_CTX_EXECUTION_DATE=2023-01-24T15:10:34.863348+00:00
AIRFLOW_CTX_TRY_NUMBER=1
AIRFLOW_CTX_DAG_RUN_ID=dataset_triggered__2023-01-24T15:10:34.863348+00:00
[2023-01-24T12:11:03.012-0300] {base.py:73} INFO - Using connection ID 'adb' for task execution.
[2023-01-24T12:11:03.209-0300] {databricks_base.py:424} INFO - Using token auth. For security reasons, please set token in Password field instead of extra
[2023-01-24T12:11:04.409-0300] {databricks.py:50} INFO - Run submitted with run_id: 95430
[2023-01-24T12:11:04.410-0300] {databricks_base.py:424} INFO - Using token auth. For security reasons, please set token in Password field instead of extra
[2023-01-24T12:11:05.386-0300] {databricks_base.py:424} INFO - Using token auth. For security reasons, please set token in Password field instead of extra
[2023-01-24T12:11:05.693-0300] {databricks.py:91} INFO - run_databricks_notebook in run state: {'life_cycle_state': 'PENDING', 'result_state': '', 'state_message': ''}
[2023-01-24T12:11:05.694-0300] {databricks.py:92} INFO - View run status, Spark UI, and logs at https://adb-1362567168960874.14.azuredatabricks.net/?o=1362567168960874#job/483216899584625/run/95430
[2023-01-24T12:11:05.694-0300] {databricks.py:93} INFO - Sleeping for 30 seconds.
[2023-01-24T12:11:35.725-0300] {databricks_base.py:424} INFO - Using token auth. For security reasons, please set token in Password field instead of extra
[2023-01-24T12:11:36.033-0300] {databricks.py:91} INFO - run_databricks_notebook in run state: {'life_cycle_state': 'RUNNING', 'result_state': '', 'state_message': 'In run'}
[2023-01-24T12:11:36.034-0300] {databricks.py:92} INFO - View run status, Spark UI, and logs at https://adb-1362567168960874.14.azuredatabricks.net/?o=1362567168960874#job/483216899584625/run/95430
[2023-01-24T12:11:36.034-0300] {databricks.py:93} INFO - Sleeping for 30 seconds.
[2023-01-24T12:12:06.065-0300] {databricks_base.py:424} INFO - Using token auth. For security reasons, please set token in Password field instead of extra
[2023-01-24T12:12:06.338-0300] {databricks.py:61} INFO - run_databricks_notebook completed successfully.
[2023-01-24T12:12:06.338-0300] {databricks.py:62} INFO - View run status, Spark UI, and logs at https://adb-1362567168960874.14.azuredatabricks.net/?o=1362567168960874#job/483216899584625/run/95430
[2023-01-24T12:12:06.349-0300] {logging_mixin.py:137} WARNING - /home/airflow/.local/lib/python3.10/site-packages/airflow/models/baseoperator.py:1393 RemovedInAirflow3Warning: Passing 'execution_date' to 'TaskInstance.xcom_push()' is deprecated.
[2023-01-24T12:12:07.475-0300] {taskinstance.py:1322} INFO - Marking task as SUCCESS. dag_id=bronze_opt_t_eventocompra, task_id=run_databricks_notebook, execution_date=20230124T151034, start_date=20230124T151053, end_date=20230124T151207
[2023-01-24T12:12:08.280-0300] {local_task_job.py:159} INFO - Task exited with return code 0
[2023-01-24T12:12:08.855-0300] {taskinstance.py:2582} INFO - 0 downstream tasks scheduled from follow-on schedule check
