[2023-01-22T12:00:55.615-0300] {taskinstance.py:1087} INFO - Dependencies all met for <TaskInstance: raw_opt_t_produto.run_adf_pipeline scheduled__2023-01-21T15:00:00+00:00 [queued]>
[2023-01-22T12:00:55.991-0300] {taskinstance.py:1087} INFO - Dependencies all met for <TaskInstance: raw_opt_t_produto.run_adf_pipeline scheduled__2023-01-21T15:00:00+00:00 [queued]>
[2023-01-22T12:00:55.992-0300] {taskinstance.py:1283} INFO - 
--------------------------------------------------------------------------------
[2023-01-22T12:00:55.992-0300] {taskinstance.py:1284} INFO - Starting attempt 1 of 1
[2023-01-22T12:00:55.992-0300] {taskinstance.py:1285} INFO - 
--------------------------------------------------------------------------------
[2023-01-22T12:00:56.890-0300] {taskinstance.py:1304} INFO - Executing <Task(AzureDataFactoryRunPipelineOperator): run_adf_pipeline> on 2023-01-21 15:00:00+00:00
[2023-01-22T12:00:56.895-0300] {standard_task_runner.py:55} INFO - Started process 875985 to run task
[2023-01-22T12:00:56.899-0300] {standard_task_runner.py:82} INFO - Running: ['airflow', 'tasks', 'run', 'raw_opt_t_produto', 'run_adf_pipeline', 'scheduled__2023-01-21T15:00:00+00:00', '--job-id', '1158', '--raw', '--subdir', 'DAGS_FOLDER/raw/dock_opt/raw_opt_t_produto.py', '--cfg-path', '/tmp/tmpyqgstwdx']
[2023-01-22T12:00:56.903-0300] {standard_task_runner.py:83} INFO - Job 1158: Subtask run_adf_pipeline
[2023-01-22T12:00:59.938-0300] {task_command.py:389} INFO - Running <TaskInstance: raw_opt_t_produto.run_adf_pipeline scheduled__2023-01-21T15:00:00+00:00 [running]> on host vm-airflow-01
[2023-01-22T12:01:02.831-0300] {taskinstance.py:1511} INFO - Exporting the following env vars:
AIRFLOW_CTX_DAG_OWNER=matheus.rodrigues@fortbrasil.com.br
AIRFLOW_CTX_DAG_ID=raw_opt_t_produto
AIRFLOW_CTX_TASK_ID=run_adf_pipeline
AIRFLOW_CTX_EXECUTION_DATE=2023-01-21T15:00:00+00:00
AIRFLOW_CTX_TRY_NUMBER=1
AIRFLOW_CTX_DAG_RUN_ID=scheduled__2023-01-21T15:00:00+00:00
[2023-01-22T12:01:02.832-0300] {data_factory.py:154} INFO - Executing the cp_opt_to_datalake pipeline.
[2023-01-22T12:01:03.337-0300] {base.py:73} INFO - Using connection ID 'adf' for task execution.
[2023-01-22T12:01:03.827-0300] {base.py:73} INFO - Using connection ID 'adf' for task execution.
[2023-01-22T12:01:04.317-0300] {base.py:73} INFO - Using connection ID 'adf' for task execution.
[2023-01-22T12:01:04.326-0300] {_universal.py:526} INFO - Request URL: 'https://login.microsoftonline.com:443/d47e09d1-17c6-4a6f-b65c-d49d61e186a2/v2.0/.well-known/openid-configuration'
Request method: 'GET'
Request headers:
    'User-Agent': 'azsdk-python-identity/1.12.0 Python/3.10.6 (Linux-5.15.0-58-generic-x86_64-with-glibc2.35)'
No body was attached to the request
[2023-01-22T12:01:04.748-0300] {_universal.py:554} INFO - Response status: 200
Response headers:
    'Cache-Control': 'max-age=86400, private'
    'Content-Type': 'application/json; charset=utf-8'
    'Strict-Transport-Security': 'REDACTED'
    'X-Content-Type-Options': 'REDACTED'
    'Access-Control-Allow-Origin': 'REDACTED'
    'Access-Control-Allow-Methods': 'REDACTED'
    'P3P': 'REDACTED'
    'x-ms-request-id': 'e9fc9a1a-636b-44bf-9d7a-814c7ad70e00'
    'x-ms-ests-server': 'REDACTED'
    'X-XSS-Protection': 'REDACTED'
    'Set-Cookie': 'REDACTED'
    'Date': 'Sun, 22 Jan 2023 15:01:04 GMT'
    'Content-Length': '1753'
[2023-01-22T12:01:04.749-0300] {_universal.py:526} INFO - Request URL: 'https://login.microsoftonline.com/common/discovery/instance?api-version=REDACTED&authorization_endpoint=REDACTED'
Request method: 'GET'
Request headers:
    'Accept': 'application/json'
    'User-Agent': 'azsdk-python-identity/1.12.0 Python/3.10.6 (Linux-5.15.0-58-generic-x86_64-with-glibc2.35)'
No body was attached to the request
[2023-01-22T12:01:04.983-0300] {_universal.py:554} INFO - Response status: 200
Response headers:
    'Cache-Control': 'max-age=86400, private'
    'Content-Type': 'application/json; charset=utf-8'
    'Strict-Transport-Security': 'REDACTED'
    'X-Content-Type-Options': 'REDACTED'
    'Access-Control-Allow-Origin': 'REDACTED'
    'Access-Control-Allow-Methods': 'REDACTED'
    'P3P': 'REDACTED'
    'x-ms-request-id': '9babd21c-a5a0-4550-a496-7262083d1700'
    'x-ms-ests-server': 'REDACTED'
    'X-XSS-Protection': 'REDACTED'
    'Set-Cookie': 'REDACTED'
    'Date': 'Sun, 22 Jan 2023 15:01:04 GMT'
    'Content-Length': '945'
[2023-01-22T12:01:04.984-0300] {_universal.py:523} INFO - Request URL: 'https://login.microsoftonline.com/d47e09d1-17c6-4a6f-b65c-d49d61e186a2/oauth2/v2.0/token'
Request method: 'POST'
Request headers:
    'Accept': 'application/json'
    'x-client-sku': 'REDACTED'
    'x-client-ver': 'REDACTED'
    'x-client-os': 'REDACTED'
    'x-client-cpu': 'REDACTED'
    'x-ms-lib-capability': 'REDACTED'
    'client-request-id': 'REDACTED'
    'x-client-current-telemetry': 'REDACTED'
    'x-client-last-telemetry': 'REDACTED'
    'User-Agent': 'azsdk-python-identity/1.12.0 Python/3.10.6 (Linux-5.15.0-58-generic-x86_64-with-glibc2.35)'
A body is sent with the request
[2023-01-22T12:01:05.237-0300] {_universal.py:554} INFO - Response status: 200
Response headers:
    'Cache-Control': 'no-store, no-cache'
    'Pragma': 'no-cache'
    'Content-Type': 'application/json; charset=utf-8'
    'Expires': '-1'
    'Strict-Transport-Security': 'REDACTED'
    'X-Content-Type-Options': 'REDACTED'
    'P3P': 'REDACTED'
    'client-request-id': 'REDACTED'
    'x-ms-request-id': 'cc945e0f-5132-4798-a214-2783d7b51000'
    'x-ms-ests-server': 'REDACTED'
    'x-ms-clitelem': 'REDACTED'
    'X-XSS-Protection': 'REDACTED'
    'Set-Cookie': 'REDACTED'
    'Date': 'Sun, 22 Jan 2023 15:01:05 GMT'
    'Content-Length': '1391'
[2023-01-22T12:01:05.238-0300] {get_token_mixin.py:77} INFO - ClientSecretCredential.get_token succeeded
[2023-01-22T12:01:05.238-0300] {_universal.py:523} INFO - Request URL: 'https://management.azure.com/subscriptions/5e5642ec-dd71-4e9a-a29e-58effbf39209/resourceGroups/rg-mdw-hml-fb/providers/Microsoft.DataFactory/factories/adf-mdw-hml-fb/pipelines/cp_opt_to_datalake/createRun?api-version=REDACTED'
Request method: 'POST'
Request headers:
    'Content-Type': 'application/json'
    'Accept': 'application/json'
    'Content-Length': '117'
    'x-ms-client-request-id': '978bd86a-9a65-11ed-a50b-05e3ce77118f'
    'User-Agent': 'azsdk-python-mgmt-datafactory/1.1.0 Python/3.10.6 (Linux-5.15.0-58-generic-x86_64-with-glibc2.35)'
    'Authorization': 'REDACTED'
A body is sent with the request
[2023-01-22T12:01:05.968-0300] {_universal.py:554} INFO - Response status: 200
Response headers:
    'Cache-Control': 'no-cache'
    'Pragma': 'no-cache'
    'Transfer-Encoding': 'chunked'
    'Content-Type': 'application/json; charset=utf-8'
    'Content-Encoding': 'REDACTED'
    'Expires': '-1'
    'Vary': 'REDACTED'
    'x-ms-correlation-request-id': 'REDACTED'
    'Server': 'Kestrel'
    'x-ms-ratelimit-remaining-subscription-writes': 'REDACTED'
    'x-ms-request-id': 'e424e7a4-f146-42a6-9601-7e018b6ec1c5'
    'x-ms-routing-request-id': 'REDACTED'
    'Strict-Transport-Security': 'REDACTED'
    'X-Content-Type-Options': 'REDACTED'
    'Date': 'Sun, 22 Jan 2023 15:01:05 GMT'
[2023-01-22T12:01:06.708-0300] {data_factory.py:172} INFO - Waiting for pipeline run 978bd86a-9a65-11ed-a50b-05e3ce77118f to terminate.
[2023-01-22T12:01:06.708-0300] {data_factory.py:768} INFO - Getting the status of run ID 978bd86a-9a65-11ed-a50b-05e3ce77118f.
[2023-01-22T12:01:07.199-0300] {base.py:73} INFO - Using connection ID 'adf' for task execution.
[2023-01-22T12:01:07.688-0300] {base.py:73} INFO - Using connection ID 'adf' for task execution.
[2023-01-22T12:01:07.690-0300] {_universal.py:526} INFO - Request URL: 'https://management.azure.com/subscriptions/5e5642ec-dd71-4e9a-a29e-58effbf39209/resourceGroups/rg-mdw-hml-fb/providers/Microsoft.DataFactory/factories/adf-mdw-hml-fb/pipelineruns/978bd86a-9a65-11ed-a50b-05e3ce77118f?api-version=REDACTED'
Request method: 'GET'
Request headers:
    'Accept': 'application/json'
    'x-ms-client-request-id': '998d4c52-9a65-11ed-a50b-05e3ce77118f'
    'User-Agent': 'azsdk-python-mgmt-datafactory/1.1.0 Python/3.10.6 (Linux-5.15.0-58-generic-x86_64-with-glibc2.35)'
    'Authorization': 'REDACTED'
No body was attached to the request
[2023-01-22T12:01:07.946-0300] {_universal.py:554} INFO - Response status: 200
Response headers:
    'Cache-Control': 'no-cache'
    'Pragma': 'no-cache'
    'Transfer-Encoding': 'chunked'
    'Content-Type': 'application/json; charset=utf-8'
    'Content-Encoding': 'REDACTED'
    'Expires': '-1'
    'Vary': 'REDACTED'
    'x-ms-correlation-request-id': 'REDACTED'
    'Server': 'Kestrel'
    'x-ms-ratelimit-remaining-subscription-reads': 'REDACTED'
    'x-ms-request-id': '6f09e3b5-3ad4-47be-adf2-510569aff102'
    'x-ms-routing-request-id': 'REDACTED'
    'Strict-Transport-Security': 'REDACTED'
    'X-Content-Type-Options': 'REDACTED'
    'Date': 'Sun, 22 Jan 2023 15:01:07 GMT'
[2023-01-22T12:01:07.953-0300] {data_factory.py:774} INFO - Current status of pipeline run 978bd86a-9a65-11ed-a50b-05e3ce77118f: InProgress
[2023-01-22T12:02:07.964-0300] {data_factory.py:768} INFO - Getting the status of run ID 978bd86a-9a65-11ed-a50b-05e3ce77118f.
[2023-01-22T12:02:08.458-0300] {base.py:73} INFO - Using connection ID 'adf' for task execution.
[2023-01-22T12:02:08.947-0300] {base.py:73} INFO - Using connection ID 'adf' for task execution.
[2023-01-22T12:02:08.949-0300] {_universal.py:526} INFO - Request URL: 'https://management.azure.com/subscriptions/5e5642ec-dd71-4e9a-a29e-58effbf39209/resourceGroups/rg-mdw-hml-fb/providers/Microsoft.DataFactory/factories/adf-mdw-hml-fb/pipelineruns/978bd86a-9a65-11ed-a50b-05e3ce77118f?api-version=REDACTED'
Request method: 'GET'
Request headers:
    'Accept': 'application/json'
    'x-ms-client-request-id': 'be10a268-9a65-11ed-a50b-05e3ce77118f'
    'User-Agent': 'azsdk-python-mgmt-datafactory/1.1.0 Python/3.10.6 (Linux-5.15.0-58-generic-x86_64-with-glibc2.35)'
    'Authorization': 'REDACTED'
No body was attached to the request
[2023-01-22T12:02:09.067-0300] {_universal.py:554} INFO - Response status: 200
Response headers:
    'Cache-Control': 'no-cache'
    'Pragma': 'no-cache'
    'Transfer-Encoding': 'chunked'
    'Content-Type': 'application/json; charset=utf-8'
    'Content-Encoding': 'REDACTED'
    'Expires': '-1'
    'Vary': 'REDACTED'
    'x-ms-correlation-request-id': 'REDACTED'
    'Server': 'Kestrel'
    'x-ms-ratelimit-remaining-subscription-reads': 'REDACTED'
    'x-ms-request-id': 'b8fc0716-29ee-4e13-857c-bc2bbcc14a34'
    'x-ms-routing-request-id': 'REDACTED'
    'Strict-Transport-Security': 'REDACTED'
    'X-Content-Type-Options': 'REDACTED'
    'Date': 'Sun, 22 Jan 2023 15:02:08 GMT'
[2023-01-22T12:02:09.068-0300] {data_factory.py:774} INFO - Current status of pipeline run 978bd86a-9a65-11ed-a50b-05e3ce77118f: Succeeded
[2023-01-22T12:02:09.068-0300] {data_factory.py:182} INFO - Pipeline run 978bd86a-9a65-11ed-a50b-05e3ce77118f has completed successfully.
[2023-01-22T12:02:09.072-0300] {logging_mixin.py:137} WARNING - /home/airflow/.local/lib/python3.10/site-packages/airflow/models/baseoperator.py:1393 RemovedInAirflow3Warning: Passing 'execution_date' to 'TaskInstance.xcom_push()' is deprecated.
[2023-01-22T12:02:10.258-0300] {taskinstance.py:1322} INFO - Marking task as SUCCESS. dag_id=raw_opt_t_produto, task_id=run_adf_pipeline, execution_date=20230121T150000, start_date=20230122T150055, end_date=20230122T150210
[2023-01-22T12:02:12.473-0300] {local_task_job.py:159} INFO - Task exited with return code 0
[2023-01-22T12:02:13.031-0300] {taskinstance.py:2582} INFO - 0 downstream tasks scheduled from follow-on schedule check
