[2023-01-22T12:00:40.642-0300] {taskinstance.py:1087} INFO - Dependencies all met for <TaskInstance: raw_opt_t_statusconta.current_date scheduled__2023-01-21T15:00:00+00:00 [queued]>
[2023-01-22T12:00:41.152-0300] {taskinstance.py:1087} INFO - Dependencies all met for <TaskInstance: raw_opt_t_statusconta.current_date scheduled__2023-01-21T15:00:00+00:00 [queued]>
[2023-01-22T12:00:41.152-0300] {taskinstance.py:1283} INFO - 
--------------------------------------------------------------------------------
[2023-01-22T12:00:41.153-0300] {taskinstance.py:1284} INFO - Starting attempt 1 of 1
[2023-01-22T12:00:41.153-0300] {taskinstance.py:1285} INFO - 
--------------------------------------------------------------------------------
[2023-01-22T12:00:41.796-0300] {taskinstance.py:1304} INFO - Executing <Task(_PythonDecoratedOperator): current_date> on 2023-01-21 15:00:00+00:00
[2023-01-22T12:00:41.802-0300] {standard_task_runner.py:55} INFO - Started process 875921 to run task
[2023-01-22T12:00:41.806-0300] {standard_task_runner.py:82} INFO - Running: ['airflow', 'tasks', 'run', 'raw_opt_t_statusconta', 'current_date', 'scheduled__2023-01-21T15:00:00+00:00', '--job-id', '1146', '--raw', '--subdir', 'DAGS_FOLDER/raw/dock_opt/raw_opt_t_statusconta.py', '--cfg-path', '/tmp/tmpanerli8n']
[2023-01-22T12:00:41.809-0300] {standard_task_runner.py:83} INFO - Job 1146: Subtask current_date
[2023-01-22T12:00:44.844-0300] {task_command.py:389} INFO - Running <TaskInstance: raw_opt_t_statusconta.current_date scheduled__2023-01-21T15:00:00+00:00 [running]> on host vm-airflow-01
[2023-01-22T12:00:47.344-0300] {taskinstance.py:1511} INFO - Exporting the following env vars:
AIRFLOW_CTX_DAG_OWNER=matheus.rodrigues@fortbrasil.com.br
AIRFLOW_CTX_DAG_ID=raw_opt_t_statusconta
AIRFLOW_CTX_TASK_ID=current_date
AIRFLOW_CTX_EXECUTION_DATE=2023-01-21T15:00:00+00:00
AIRFLOW_CTX_TRY_NUMBER=1
AIRFLOW_CTX_DAG_RUN_ID=scheduled__2023-01-21T15:00:00+00:00
[2023-01-22T12:00:47.346-0300] {python.py:177} INFO - Done. Returned value was: 2023-01-22
[2023-01-22T12:00:48.540-0300] {taskinstance.py:1322} INFO - Marking task as SUCCESS. dag_id=raw_opt_t_statusconta, task_id=current_date, execution_date=20230121T150000, start_date=20230122T150040, end_date=20230122T150048
[2023-01-22T12:00:49.158-0300] {local_task_job.py:159} INFO - Task exited with return code 0
[2023-01-22T12:00:49.857-0300] {taskinstance.py:2582} INFO - 1 downstream tasks scheduled from follow-on schedule check
