[2023-01-25T12:08:31.031-0300] {taskinstance.py:1087} INFO - Dependencies all met for <TaskInstance: raw_opt_t_fatura.get_last_date_result scheduled__2023-01-24T15:00:00+00:00 [queued]>
[2023-01-25T12:08:31.412-0300] {taskinstance.py:1087} INFO - Dependencies all met for <TaskInstance: raw_opt_t_fatura.get_last_date_result scheduled__2023-01-24T15:00:00+00:00 [queued]>
[2023-01-25T12:08:31.413-0300] {taskinstance.py:1283} INFO - 
--------------------------------------------------------------------------------
[2023-01-25T12:08:31.413-0300] {taskinstance.py:1284} INFO - Starting attempt 1 of 1
[2023-01-25T12:08:31.413-0300] {taskinstance.py:1285} INFO - 
--------------------------------------------------------------------------------
[2023-01-25T12:08:32.110-0300] {taskinstance.py:1304} INFO - Executing <Task(GetDatabricksResultOperator): get_last_date_result> on 2023-01-24 15:00:00+00:00
[2023-01-25T12:08:32.124-0300] {standard_task_runner.py:55} INFO - Started process 1741172 to run task
[2023-01-25T12:08:32.131-0300] {standard_task_runner.py:82} INFO - Running: ['airflow', 'tasks', 'run', 'raw_opt_t_fatura', 'get_last_date_result', 'scheduled__2023-01-24T15:00:00+00:00', '--job-id', '1377', '--raw', '--subdir', 'DAGS_FOLDER/raw/dock_opt/raw_opt_t_fatura.py', '--cfg-path', '/tmp/tmp57p6ib8n']
[2023-01-25T12:08:32.135-0300] {standard_task_runner.py:83} INFO - Job 1377: Subtask get_last_date_result
[2023-01-25T12:08:38.337-0300] {task_command.py:389} INFO - Running <TaskInstance: raw_opt_t_fatura.get_last_date_result scheduled__2023-01-24T15:00:00+00:00 [running]> on host vm-airflow-01
[2023-01-25T12:08:40.770-0300] {taskinstance.py:1511} INFO - Exporting the following env vars:
AIRFLOW_CTX_DAG_OWNER=matheus.rodrigues@fortbrasil.com.br
AIRFLOW_CTX_DAG_ID=raw_opt_t_fatura
AIRFLOW_CTX_TASK_ID=get_last_date_result
AIRFLOW_CTX_EXECUTION_DATE=2023-01-24T15:00:00+00:00
AIRFLOW_CTX_TRY_NUMBER=1
AIRFLOW_CTX_DAG_RUN_ID=scheduled__2023-01-24T15:00:00+00:00
[2023-01-25T12:08:41.790-0300] {base.py:73} INFO - Using connection ID 'adb' for task execution.
[2023-01-25T12:08:41.989-0300] {databricks_base.py:424} INFO - Using token auth. For security reasons, please set token in Password field instead of extra
[2023-01-25T12:08:42.461-0300] {raw_opt_t_fatura.py:30} INFO - Result:
[2023-01-25T12:08:42.461-0300] {raw_opt_t_fatura.py:31} INFO - 2023-01-24
[2023-01-25T12:08:43.635-0300] {taskinstance.py:1322} INFO - Marking task as SUCCESS. dag_id=raw_opt_t_fatura, task_id=get_last_date_result, execution_date=20230124T150000, start_date=20230125T150831, end_date=20230125T150843
[2023-01-25T12:08:45.311-0300] {local_task_job.py:159} INFO - Task exited with return code 0
[2023-01-25T12:08:46.227-0300] {taskinstance.py:2582} INFO - 1 downstream tasks scheduled from follow-on schedule check
