[2023-01-23T13:46:11.262-0300] {taskinstance.py:1087} INFO - Dependencies all met for <TaskInstance: bronze_opt_t_parcelamentofatura.run_databricks_notebook dataset_triggered__2023-01-23T16:45:56.387448+00:00 [queued]>
[2023-01-23T13:46:11.664-0300] {taskinstance.py:1087} INFO - Dependencies all met for <TaskInstance: bronze_opt_t_parcelamentofatura.run_databricks_notebook dataset_triggered__2023-01-23T16:45:56.387448+00:00 [queued]>
[2023-01-23T13:46:11.664-0300] {taskinstance.py:1283} INFO - 
--------------------------------------------------------------------------------
[2023-01-23T13:46:11.664-0300] {taskinstance.py:1284} INFO - Starting attempt 1 of 1
[2023-01-23T13:46:11.665-0300] {taskinstance.py:1285} INFO - 
--------------------------------------------------------------------------------
[2023-01-23T13:46:12.170-0300] {taskinstance.py:1304} INFO - Executing <Task(DatabricksSubmitRunOperator): run_databricks_notebook> on 2023-01-23 16:45:56.387448+00:00
[2023-01-23T13:46:12.176-0300] {standard_task_runner.py:55} INFO - Started process 1126806 to run task
[2023-01-23T13:46:12.180-0300] {standard_task_runner.py:82} INFO - Running: ['airflow', 'tasks', 'run', 'bronze_opt_t_parcelamentofatura', 'run_databricks_notebook', 'dataset_triggered__2023-01-23T16:45:56.387448+00:00', '--job-id', '1226', '--raw', '--subdir', 'DAGS_FOLDER/bronze/dock_opt/bronze_opt_t_parcelamentofatura.py', '--cfg-path', '/tmp/tmph3718z2j']
[2023-01-23T13:46:12.183-0300] {standard_task_runner.py:83} INFO - Job 1226: Subtask run_databricks_notebook
[2023-01-23T13:46:15.116-0300] {task_command.py:389} INFO - Running <TaskInstance: bronze_opt_t_parcelamentofatura.run_databricks_notebook dataset_triggered__2023-01-23T16:45:56.387448+00:00 [running]> on host vm-airflow-01
[2023-01-23T13:46:17.650-0300] {taskinstance.py:1511} INFO - Exporting the following env vars:
AIRFLOW_CTX_DAG_OWNER=matheus.rodrigues@fortbrasil.com.br
AIRFLOW_CTX_DAG_ID=bronze_opt_t_parcelamentofatura
AIRFLOW_CTX_TASK_ID=run_databricks_notebook
AIRFLOW_CTX_EXECUTION_DATE=2023-01-23T16:45:56.387448+00:00
AIRFLOW_CTX_TRY_NUMBER=1
AIRFLOW_CTX_DAG_RUN_ID=dataset_triggered__2023-01-23T16:45:56.387448+00:00
[2023-01-23T13:46:18.202-0300] {base.py:73} INFO - Using connection ID 'adb' for task execution.
[2023-01-23T13:46:18.416-0300] {databricks_base.py:424} INFO - Using token auth. For security reasons, please set token in Password field instead of extra
[2023-01-23T13:46:19.804-0300] {databricks.py:50} INFO - Run submitted with run_id: 79077
[2023-01-23T13:46:19.804-0300] {databricks_base.py:424} INFO - Using token auth. For security reasons, please set token in Password field instead of extra
[2023-01-23T13:46:20.885-0300] {databricks_base.py:424} INFO - Using token auth. For security reasons, please set token in Password field instead of extra
[2023-01-23T13:46:21.174-0300] {databricks.py:91} INFO - run_databricks_notebook in run state: {'life_cycle_state': 'RUNNING', 'result_state': '', 'state_message': 'In run'}
[2023-01-23T13:46:21.174-0300] {databricks.py:92} INFO - View run status, Spark UI, and logs at https://adb-1362567168960874.14.azuredatabricks.net/?o=1362567168960874#job/65562028571067/run/79077
[2023-01-23T13:46:21.175-0300] {databricks.py:93} INFO - Sleeping for 30 seconds.
[2023-01-23T13:46:51.205-0300] {databricks_base.py:424} INFO - Using token auth. For security reasons, please set token in Password field instead of extra
[2023-01-23T13:46:51.541-0300] {databricks.py:91} INFO - run_databricks_notebook in run state: {'life_cycle_state': 'RUNNING', 'result_state': '', 'state_message': 'In run'}
[2023-01-23T13:46:51.542-0300] {databricks.py:92} INFO - View run status, Spark UI, and logs at https://adb-1362567168960874.14.azuredatabricks.net/?o=1362567168960874#job/65562028571067/run/79077
[2023-01-23T13:46:51.542-0300] {databricks.py:93} INFO - Sleeping for 30 seconds.
[2023-01-23T13:47:21.553-0300] {databricks_base.py:424} INFO - Using token auth. For security reasons, please set token in Password field instead of extra
[2023-01-23T13:47:21.959-0300] {databricks.py:91} INFO - run_databricks_notebook in run state: {'life_cycle_state': 'RUNNING', 'result_state': '', 'state_message': 'In run'}
[2023-01-23T13:47:21.959-0300] {databricks.py:92} INFO - View run status, Spark UI, and logs at https://adb-1362567168960874.14.azuredatabricks.net/?o=1362567168960874#job/65562028571067/run/79077
[2023-01-23T13:47:21.959-0300] {databricks.py:93} INFO - Sleeping for 30 seconds.
[2023-01-23T13:47:51.977-0300] {databricks_base.py:424} INFO - Using token auth. For security reasons, please set token in Password field instead of extra
[2023-01-23T13:47:52.322-0300] {databricks.py:91} INFO - run_databricks_notebook in run state: {'life_cycle_state': 'RUNNING', 'result_state': '', 'state_message': 'In run'}
[2023-01-23T13:47:52.323-0300] {databricks.py:92} INFO - View run status, Spark UI, and logs at https://adb-1362567168960874.14.azuredatabricks.net/?o=1362567168960874#job/65562028571067/run/79077
[2023-01-23T13:47:52.323-0300] {databricks.py:93} INFO - Sleeping for 30 seconds.
[2023-01-23T13:48:22.346-0300] {databricks_base.py:424} INFO - Using token auth. For security reasons, please set token in Password field instead of extra
[2023-01-23T13:48:22.686-0300] {databricks.py:61} INFO - run_databricks_notebook completed successfully.
[2023-01-23T13:48:22.687-0300] {databricks.py:62} INFO - View run status, Spark UI, and logs at https://adb-1362567168960874.14.azuredatabricks.net/?o=1362567168960874#job/65562028571067/run/79077
[2023-01-23T13:48:22.694-0300] {logging_mixin.py:137} WARNING - /home/airflow/.local/lib/python3.10/site-packages/airflow/models/baseoperator.py:1393 RemovedInAirflow3Warning: Passing 'execution_date' to 'TaskInstance.xcom_push()' is deprecated.
[2023-01-23T13:48:23.847-0300] {taskinstance.py:1322} INFO - Marking task as SUCCESS. dag_id=bronze_opt_t_parcelamentofatura, task_id=run_databricks_notebook, execution_date=20230123T164556, start_date=20230123T164611, end_date=20230123T164823
[2023-01-23T13:48:26.055-0300] {local_task_job.py:159} INFO - Task exited with return code 0
[2023-01-23T13:48:26.643-0300] {taskinstance.py:2582} INFO - 0 downstream tasks scheduled from follow-on schedule check
