[2023-01-20T17:25:31.619-0300] {taskinstance.py:1087} INFO - Dependencies all met for <TaskInstance: raw_opt_t_servicoconta.run_adf_pipeline scheduled__2023-01-19T15:00:00+00:00 [queued]>
[2023-01-20T17:25:31.998-0300] {taskinstance.py:1087} INFO - Dependencies all met for <TaskInstance: raw_opt_t_servicoconta.run_adf_pipeline scheduled__2023-01-19T15:00:00+00:00 [queued]>
[2023-01-20T17:25:31.999-0300] {taskinstance.py:1283} INFO - 
--------------------------------------------------------------------------------
[2023-01-20T17:25:31.999-0300] {taskinstance.py:1284} INFO - Starting attempt 1 of 1
[2023-01-20T17:25:31.999-0300] {taskinstance.py:1285} INFO - 
--------------------------------------------------------------------------------
[2023-01-20T17:25:32.624-0300] {taskinstance.py:1304} INFO - Executing <Task(AzureDataFactoryRunPipelineOperator): run_adf_pipeline> on 2023-01-19 15:00:00+00:00
[2023-01-20T17:25:32.629-0300] {standard_task_runner.py:55} INFO - Started process 659449 to run task
[2023-01-20T17:25:32.634-0300] {standard_task_runner.py:82} INFO - Running: ['airflow', 'tasks', 'run', 'raw_opt_t_servicoconta', 'run_adf_pipeline', 'scheduled__2023-01-19T15:00:00+00:00', '--job-id', '1107', '--raw', '--subdir', 'DAGS_FOLDER/raw/dock_opt/raw_opt_t_servicoconta.py', '--cfg-path', '/tmp/tmp4see9r6q']
[2023-01-20T17:25:32.637-0300] {standard_task_runner.py:83} INFO - Job 1107: Subtask run_adf_pipeline
[2023-01-20T17:25:35.559-0300] {task_command.py:389} INFO - Running <TaskInstance: raw_opt_t_servicoconta.run_adf_pipeline scheduled__2023-01-19T15:00:00+00:00 [running]> on host vm-airflow-01
[2023-01-20T17:25:38.350-0300] {taskinstance.py:1511} INFO - Exporting the following env vars:
AIRFLOW_CTX_DAG_OWNER=matheus.rodrigues@fortbrasil.com.br
AIRFLOW_CTX_DAG_ID=raw_opt_t_servicoconta
AIRFLOW_CTX_TASK_ID=run_adf_pipeline
AIRFLOW_CTX_EXECUTION_DATE=2023-01-19T15:00:00+00:00
AIRFLOW_CTX_TRY_NUMBER=1
AIRFLOW_CTX_DAG_RUN_ID=scheduled__2023-01-19T15:00:00+00:00
[2023-01-20T17:25:38.351-0300] {data_factory.py:154} INFO - Executing the cp_opt_to_datalake pipeline.
[2023-01-20T17:25:38.850-0300] {base.py:73} INFO - Using connection ID 'adf' for task execution.
[2023-01-20T17:25:39.351-0300] {base.py:73} INFO - Using connection ID 'adf' for task execution.
[2023-01-20T17:25:39.851-0300] {base.py:73} INFO - Using connection ID 'adf' for task execution.
[2023-01-20T17:25:39.861-0300] {_universal.py:526} INFO - Request URL: 'https://login.microsoftonline.com:443/d47e09d1-17c6-4a6f-b65c-d49d61e186a2/v2.0/.well-known/openid-configuration'
Request method: 'GET'
Request headers:
    'User-Agent': 'azsdk-python-identity/1.12.0 Python/3.10.6 (Linux-5.15.0-58-generic-x86_64-with-glibc2.35)'
No body was attached to the request
[2023-01-20T17:25:40.361-0300] {_universal.py:554} INFO - Response status: 200
Response headers:
    'Cache-Control': 'max-age=86400, private'
    'Content-Type': 'application/json; charset=utf-8'
    'Strict-Transport-Security': 'REDACTED'
    'X-Content-Type-Options': 'REDACTED'
    'Access-Control-Allow-Origin': 'REDACTED'
    'Access-Control-Allow-Methods': 'REDACTED'
    'P3P': 'REDACTED'
    'x-ms-request-id': '1c55315a-e52e-4f00-94a0-b1d865c89200'
    'x-ms-ests-server': 'REDACTED'
    'X-XSS-Protection': 'REDACTED'
    'Set-Cookie': 'REDACTED'
    'Date': 'Fri, 20 Jan 2023 20:25:39 GMT'
    'Content-Length': '1753'
[2023-01-20T17:25:40.363-0300] {_universal.py:526} INFO - Request URL: 'https://login.microsoftonline.com/common/discovery/instance?api-version=REDACTED&authorization_endpoint=REDACTED'
Request method: 'GET'
Request headers:
    'Accept': 'application/json'
    'User-Agent': 'azsdk-python-identity/1.12.0 Python/3.10.6 (Linux-5.15.0-58-generic-x86_64-with-glibc2.35)'
No body was attached to the request
[2023-01-20T17:25:40.549-0300] {_universal.py:554} INFO - Response status: 200
Response headers:
    'Cache-Control': 'max-age=86400, private'
    'Content-Type': 'application/json; charset=utf-8'
    'Strict-Transport-Security': 'REDACTED'
    'X-Content-Type-Options': 'REDACTED'
    'Access-Control-Allow-Origin': 'REDACTED'
    'Access-Control-Allow-Methods': 'REDACTED'
    'P3P': 'REDACTED'
    'x-ms-request-id': '64f429de-2bb1-4003-bf69-c7296dd9eb00'
    'x-ms-ests-server': 'REDACTED'
    'X-XSS-Protection': 'REDACTED'
    'Set-Cookie': 'REDACTED'
    'Date': 'Fri, 20 Jan 2023 20:25:39 GMT'
    'Content-Length': '945'
[2023-01-20T17:25:40.550-0300] {_universal.py:523} INFO - Request URL: 'https://login.microsoftonline.com/d47e09d1-17c6-4a6f-b65c-d49d61e186a2/oauth2/v2.0/token'
Request method: 'POST'
Request headers:
    'Accept': 'application/json'
    'x-client-sku': 'REDACTED'
    'x-client-ver': 'REDACTED'
    'x-client-os': 'REDACTED'
    'x-client-cpu': 'REDACTED'
    'x-ms-lib-capability': 'REDACTED'
    'client-request-id': 'REDACTED'
    'x-client-current-telemetry': 'REDACTED'
    'x-client-last-telemetry': 'REDACTED'
    'User-Agent': 'azsdk-python-identity/1.12.0 Python/3.10.6 (Linux-5.15.0-58-generic-x86_64-with-glibc2.35)'
A body is sent with the request
[2023-01-20T17:25:40.811-0300] {_universal.py:554} INFO - Response status: 200
Response headers:
    'Cache-Control': 'no-store, no-cache'
    'Pragma': 'no-cache'
    'Content-Type': 'application/json; charset=utf-8'
    'Expires': '-1'
    'Strict-Transport-Security': 'REDACTED'
    'X-Content-Type-Options': 'REDACTED'
    'P3P': 'REDACTED'
    'client-request-id': 'REDACTED'
    'x-ms-request-id': '072f9b9a-df9f-49fe-8154-94bffbadda00'
    'x-ms-ests-server': 'REDACTED'
    'x-ms-clitelem': 'REDACTED'
    'X-XSS-Protection': 'REDACTED'
    'Set-Cookie': 'REDACTED'
    'Date': 'Fri, 20 Jan 2023 20:25:39 GMT'
    'Content-Length': '1391'
[2023-01-20T17:25:40.811-0300] {get_token_mixin.py:77} INFO - ClientSecretCredential.get_token succeeded
[2023-01-20T17:25:40.812-0300] {_universal.py:523} INFO - Request URL: 'https://management.azure.com/subscriptions/5e5642ec-dd71-4e9a-a29e-58effbf39209/resourceGroups/rg-mdw-hml-fb/providers/Microsoft.DataFactory/factories/adf-mdw-hml-fb/pipelines/cp_opt_to_datalake/createRun?api-version=REDACTED'
Request method: 'POST'
Request headers:
    'Content-Type': 'application/json'
    'Accept': 'application/json'
    'Content-Length': '132'
    'x-ms-client-request-id': '9b0b2664-9900-11ed-a50b-05e3ce77118f'
    'User-Agent': 'azsdk-python-mgmt-datafactory/1.1.0 Python/3.10.6 (Linux-5.15.0-58-generic-x86_64-with-glibc2.35)'
    'Authorization': 'REDACTED'
A body is sent with the request
[2023-01-20T17:25:41.973-0300] {_universal.py:554} INFO - Response status: 200
Response headers:
    'Cache-Control': 'no-cache'
    'Pragma': 'no-cache'
    'Transfer-Encoding': 'chunked'
    'Content-Type': 'application/json; charset=utf-8'
    'Content-Encoding': 'REDACTED'
    'Expires': '-1'
    'Vary': 'REDACTED'
    'x-ms-correlation-request-id': 'REDACTED'
    'Server': 'Kestrel'
    'x-ms-ratelimit-remaining-subscription-writes': 'REDACTED'
    'x-ms-request-id': 'f393f5ff-a61d-41c4-ba02-68d34aa22dd0'
    'x-ms-routing-request-id': 'REDACTED'
    'Strict-Transport-Security': 'REDACTED'
    'X-Content-Type-Options': 'REDACTED'
    'Date': 'Fri, 20 Jan 2023 20:25:41 GMT'
[2023-01-20T17:25:42.675-0300] {data_factory.py:172} INFO - Waiting for pipeline run 9b0b2664-9900-11ed-a50b-05e3ce77118f to terminate.
[2023-01-20T17:25:42.676-0300] {data_factory.py:768} INFO - Getting the status of run ID 9b0b2664-9900-11ed-a50b-05e3ce77118f.
[2023-01-20T17:25:43.169-0300] {base.py:73} INFO - Using connection ID 'adf' for task execution.
[2023-01-20T17:25:43.667-0300] {base.py:73} INFO - Using connection ID 'adf' for task execution.
[2023-01-20T17:25:43.669-0300] {_universal.py:526} INFO - Request URL: 'https://management.azure.com/subscriptions/5e5642ec-dd71-4e9a-a29e-58effbf39209/resourceGroups/rg-mdw-hml-fb/providers/Microsoft.DataFactory/factories/adf-mdw-hml-fb/pipelineruns/9b0b2664-9900-11ed-a50b-05e3ce77118f?api-version=REDACTED'
Request method: 'GET'
Request headers:
    'Accept': 'application/json'
    'x-ms-client-request-id': '9d50479c-9900-11ed-a50b-05e3ce77118f'
    'User-Agent': 'azsdk-python-mgmt-datafactory/1.1.0 Python/3.10.6 (Linux-5.15.0-58-generic-x86_64-with-glibc2.35)'
    'Authorization': 'REDACTED'
No body was attached to the request
[2023-01-20T17:25:43.805-0300] {_universal.py:554} INFO - Response status: 200
Response headers:
    'Cache-Control': 'no-cache'
    'Pragma': 'no-cache'
    'Transfer-Encoding': 'chunked'
    'Content-Type': 'application/json; charset=utf-8'
    'Content-Encoding': 'REDACTED'
    'Expires': '-1'
    'Vary': 'REDACTED'
    'x-ms-correlation-request-id': 'REDACTED'
    'Server': 'Kestrel'
    'x-ms-ratelimit-remaining-subscription-reads': 'REDACTED'
    'x-ms-request-id': '024983cb-aaf4-46eb-990f-4787f73cf383'
    'x-ms-routing-request-id': 'REDACTED'
    'Strict-Transport-Security': 'REDACTED'
    'X-Content-Type-Options': 'REDACTED'
    'Date': 'Fri, 20 Jan 2023 20:25:43 GMT'
[2023-01-20T17:25:43.812-0300] {data_factory.py:774} INFO - Current status of pipeline run 9b0b2664-9900-11ed-a50b-05e3ce77118f: InProgress
[2023-01-20T17:26:43.860-0300] {data_factory.py:768} INFO - Getting the status of run ID 9b0b2664-9900-11ed-a50b-05e3ce77118f.
[2023-01-20T17:26:44.414-0300] {base.py:73} INFO - Using connection ID 'adf' for task execution.
[2023-01-20T17:26:44.927-0300] {base.py:73} INFO - Using connection ID 'adf' for task execution.
[2023-01-20T17:26:44.929-0300] {_universal.py:526} INFO - Request URL: 'https://management.azure.com/subscriptions/5e5642ec-dd71-4e9a-a29e-58effbf39209/resourceGroups/rg-mdw-hml-fb/providers/Microsoft.DataFactory/factories/adf-mdw-hml-fb/pipelineruns/9b0b2664-9900-11ed-a50b-05e3ce77118f?api-version=REDACTED'
Request method: 'GET'
Request headers:
    'Accept': 'application/json'
    'x-ms-client-request-id': 'c1d3db60-9900-11ed-a50b-05e3ce77118f'
    'User-Agent': 'azsdk-python-mgmt-datafactory/1.1.0 Python/3.10.6 (Linux-5.15.0-58-generic-x86_64-with-glibc2.35)'
    'Authorization': 'REDACTED'
No body was attached to the request
[2023-01-20T17:26:45.047-0300] {_universal.py:554} INFO - Response status: 200
Response headers:
    'Cache-Control': 'no-cache'
    'Pragma': 'no-cache'
    'Transfer-Encoding': 'chunked'
    'Content-Type': 'application/json; charset=utf-8'
    'Content-Encoding': 'REDACTED'
    'Expires': '-1'
    'Vary': 'REDACTED'
    'x-ms-correlation-request-id': 'REDACTED'
    'Server': 'Kestrel'
    'x-ms-ratelimit-remaining-subscription-reads': 'REDACTED'
    'x-ms-request-id': '31051127-42ad-4b61-91f5-87fd027cd151'
    'x-ms-routing-request-id': 'REDACTED'
    'Strict-Transport-Security': 'REDACTED'
    'X-Content-Type-Options': 'REDACTED'
    'Date': 'Fri, 20 Jan 2023 20:26:44 GMT'
[2023-01-20T17:26:45.048-0300] {data_factory.py:774} INFO - Current status of pipeline run 9b0b2664-9900-11ed-a50b-05e3ce77118f: InProgress
[2023-01-20T17:27:45.060-0300] {data_factory.py:768} INFO - Getting the status of run ID 9b0b2664-9900-11ed-a50b-05e3ce77118f.
[2023-01-20T17:27:45.645-0300] {base.py:73} INFO - Using connection ID 'adf' for task execution.
[2023-01-20T17:27:47.389-0300] {base.py:73} INFO - Using connection ID 'adf' for task execution.
[2023-01-20T17:27:47.390-0300] {_universal.py:526} INFO - Request URL: 'https://management.azure.com/subscriptions/5e5642ec-dd71-4e9a-a29e-58effbf39209/resourceGroups/rg-mdw-hml-fb/providers/Microsoft.DataFactory/factories/adf-mdw-hml-fb/pipelineruns/9b0b2664-9900-11ed-a50b-05e3ce77118f?api-version=REDACTED'
Request method: 'GET'
Request headers:
    'Accept': 'application/json'
    'x-ms-client-request-id': 'e70eb4f4-9900-11ed-a50b-05e3ce77118f'
    'User-Agent': 'azsdk-python-mgmt-datafactory/1.1.0 Python/3.10.6 (Linux-5.15.0-58-generic-x86_64-with-glibc2.35)'
    'Authorization': 'REDACTED'
No body was attached to the request
[2023-01-20T17:27:47.514-0300] {_universal.py:554} INFO - Response status: 200
Response headers:
    'Cache-Control': 'no-cache'
    'Pragma': 'no-cache'
    'Transfer-Encoding': 'chunked'
    'Content-Type': 'application/json; charset=utf-8'
    'Content-Encoding': 'REDACTED'
    'Expires': '-1'
    'Vary': 'REDACTED'
    'x-ms-correlation-request-id': 'REDACTED'
    'Server': 'Kestrel'
    'x-ms-ratelimit-remaining-subscription-reads': 'REDACTED'
    'x-ms-request-id': '48cbf75d-00b6-4d64-bb5a-d7b0e7dcc144'
    'x-ms-routing-request-id': 'REDACTED'
    'Strict-Transport-Security': 'REDACTED'
    'X-Content-Type-Options': 'REDACTED'
    'Date': 'Fri, 20 Jan 2023 20:27:47 GMT'
[2023-01-20T17:27:47.515-0300] {data_factory.py:774} INFO - Current status of pipeline run 9b0b2664-9900-11ed-a50b-05e3ce77118f: InProgress
[2023-01-20T17:28:47.544-0300] {data_factory.py:768} INFO - Getting the status of run ID 9b0b2664-9900-11ed-a50b-05e3ce77118f.
[2023-01-20T17:28:48.089-0300] {base.py:73} INFO - Using connection ID 'adf' for task execution.
[2023-01-20T17:28:48.577-0300] {base.py:73} INFO - Using connection ID 'adf' for task execution.
[2023-01-20T17:28:48.579-0300] {_universal.py:526} INFO - Request URL: 'https://management.azure.com/subscriptions/5e5642ec-dd71-4e9a-a29e-58effbf39209/resourceGroups/rg-mdw-hml-fb/providers/Microsoft.DataFactory/factories/adf-mdw-hml-fb/pipelineruns/9b0b2664-9900-11ed-a50b-05e3ce77118f?api-version=REDACTED'
Request method: 'GET'
Request headers:
    'Accept': 'application/json'
    'x-ms-client-request-id': '0b875548-9901-11ed-a50b-05e3ce77118f'
    'User-Agent': 'azsdk-python-mgmt-datafactory/1.1.0 Python/3.10.6 (Linux-5.15.0-58-generic-x86_64-with-glibc2.35)'
    'Authorization': 'REDACTED'
No body was attached to the request
[2023-01-20T17:28:48.683-0300] {_universal.py:554} INFO - Response status: 200
Response headers:
    'Cache-Control': 'no-cache'
    'Pragma': 'no-cache'
    'Transfer-Encoding': 'chunked'
    'Content-Type': 'application/json; charset=utf-8'
    'Content-Encoding': 'REDACTED'
    'Expires': '-1'
    'Vary': 'REDACTED'
    'x-ms-correlation-request-id': 'REDACTED'
    'Server': 'Kestrel'
    'x-ms-ratelimit-remaining-subscription-reads': 'REDACTED'
    'x-ms-request-id': '31fe66a7-a922-472b-bb46-c793ad9ac063'
    'x-ms-routing-request-id': 'REDACTED'
    'Strict-Transport-Security': 'REDACTED'
    'X-Content-Type-Options': 'REDACTED'
    'Date': 'Fri, 20 Jan 2023 20:28:47 GMT'
[2023-01-20T17:28:48.684-0300] {data_factory.py:774} INFO - Current status of pipeline run 9b0b2664-9900-11ed-a50b-05e3ce77118f: Succeeded
[2023-01-20T17:28:48.684-0300] {data_factory.py:182} INFO - Pipeline run 9b0b2664-9900-11ed-a50b-05e3ce77118f has completed successfully.
[2023-01-20T17:28:48.687-0300] {logging_mixin.py:137} WARNING - /home/airflow/.local/lib/python3.10/site-packages/airflow/models/baseoperator.py:1393 RemovedInAirflow3Warning: Passing 'execution_date' to 'TaskInstance.xcom_push()' is deprecated.
[2023-01-20T17:28:49.832-0300] {taskinstance.py:1322} INFO - Marking task as SUCCESS. dag_id=raw_opt_t_servicoconta, task_id=run_adf_pipeline, execution_date=20230119T150000, start_date=20230120T202531, end_date=20230120T202849
[2023-01-20T17:28:50.899-0300] {local_task_job.py:159} INFO - Task exited with return code 0
[2023-01-20T17:28:51.461-0300] {taskinstance.py:2582} INFO - 0 downstream tasks scheduled from follow-on schedule check
