[2023-01-22T12:02:31.008-0300] {taskinstance.py:1087} INFO - Dependencies all met for <TaskInstance: bronze_opt_t_origemcomercial.run_databricks_notebook dataset_triggered__2023-01-22T15:02:11.382990+00:00 [queued]>
[2023-01-22T12:02:31.392-0300] {taskinstance.py:1087} INFO - Dependencies all met for <TaskInstance: bronze_opt_t_origemcomercial.run_databricks_notebook dataset_triggered__2023-01-22T15:02:11.382990+00:00 [queued]>
[2023-01-22T12:02:31.392-0300] {taskinstance.py:1283} INFO - 
--------------------------------------------------------------------------------
[2023-01-22T12:02:31.393-0300] {taskinstance.py:1284} INFO - Starting attempt 1 of 1
[2023-01-22T12:02:31.393-0300] {taskinstance.py:1285} INFO - 
--------------------------------------------------------------------------------
[2023-01-22T12:02:31.893-0300] {taskinstance.py:1304} INFO - Executing <Task(DatabricksSubmitRunOperator): run_databricks_notebook> on 2023-01-22 15:02:11.382990+00:00
[2023-01-22T12:02:31.899-0300] {standard_task_runner.py:55} INFO - Started process 876244 to run task
[2023-01-22T12:02:31.902-0300] {standard_task_runner.py:82} INFO - Running: ['airflow', 'tasks', 'run', 'bronze_opt_t_origemcomercial', 'run_databricks_notebook', 'dataset_triggered__2023-01-22T15:02:11.382990+00:00', '--job-id', '1162', '--raw', '--subdir', 'DAGS_FOLDER/bronze/dock_opt/bronze_opt_t_origemcomercial.py', '--cfg-path', '/tmp/tmprgpay82l']
[2023-01-22T12:02:31.908-0300] {standard_task_runner.py:83} INFO - Job 1162: Subtask run_databricks_notebook
[2023-01-22T12:02:34.908-0300] {task_command.py:389} INFO - Running <TaskInstance: bronze_opt_t_origemcomercial.run_databricks_notebook dataset_triggered__2023-01-22T15:02:11.382990+00:00 [running]> on host vm-airflow-01
[2023-01-22T12:02:37.315-0300] {taskinstance.py:1511} INFO - Exporting the following env vars:
AIRFLOW_CTX_DAG_OWNER=matheus.rodrigues@fortbrasil.com.br
AIRFLOW_CTX_DAG_ID=bronze_opt_t_origemcomercial
AIRFLOW_CTX_TASK_ID=run_databricks_notebook
AIRFLOW_CTX_EXECUTION_DATE=2023-01-22T15:02:11.382990+00:00
AIRFLOW_CTX_TRY_NUMBER=1
AIRFLOW_CTX_DAG_RUN_ID=dataset_triggered__2023-01-22T15:02:11.382990+00:00
[2023-01-22T12:02:37.820-0300] {base.py:73} INFO - Using connection ID 'adb' for task execution.
[2023-01-22T12:02:38.022-0300] {databricks_base.py:424} INFO - Using token auth. For security reasons, please set token in Password field instead of extra
[2023-01-22T12:02:39.669-0300] {databricks.py:50} INFO - Run submitted with run_id: 69560
[2023-01-22T12:02:39.670-0300] {databricks_base.py:424} INFO - Using token auth. For security reasons, please set token in Password field instead of extra
[2023-01-22T12:02:40.819-0300] {databricks_base.py:424} INFO - Using token auth. For security reasons, please set token in Password field instead of extra
[2023-01-22T12:02:41.091-0300] {databricks.py:91} INFO - run_databricks_notebook in run state: {'life_cycle_state': 'PENDING', 'result_state': '', 'state_message': ''}
[2023-01-22T12:02:41.091-0300] {databricks.py:92} INFO - View run status, Spark UI, and logs at https://adb-1362567168960874.14.azuredatabricks.net/?o=1362567168960874#job/1011115408756282/run/69560
[2023-01-22T12:02:41.091-0300] {databricks.py:93} INFO - Sleeping for 30 seconds.
[2023-01-22T12:03:11.120-0300] {databricks_base.py:424} INFO - Using token auth. For security reasons, please set token in Password field instead of extra
[2023-01-22T12:03:11.432-0300] {databricks.py:91} INFO - run_databricks_notebook in run state: {'life_cycle_state': 'PENDING', 'result_state': '', 'state_message': ''}
[2023-01-22T12:03:11.432-0300] {databricks.py:92} INFO - View run status, Spark UI, and logs at https://adb-1362567168960874.14.azuredatabricks.net/?o=1362567168960874#job/1011115408756282/run/69560
[2023-01-22T12:03:11.433-0300] {databricks.py:93} INFO - Sleeping for 30 seconds.
[2023-01-22T12:03:41.461-0300] {databricks_base.py:424} INFO - Using token auth. For security reasons, please set token in Password field instead of extra
[2023-01-22T12:03:41.730-0300] {databricks.py:91} INFO - run_databricks_notebook in run state: {'life_cycle_state': 'PENDING', 'result_state': '', 'state_message': ''}
[2023-01-22T12:03:41.731-0300] {databricks.py:92} INFO - View run status, Spark UI, and logs at https://adb-1362567168960874.14.azuredatabricks.net/?o=1362567168960874#job/1011115408756282/run/69560
[2023-01-22T12:03:41.731-0300] {databricks.py:93} INFO - Sleeping for 30 seconds.
[2023-01-22T12:04:11.736-0300] {databricks_base.py:424} INFO - Using token auth. For security reasons, please set token in Password field instead of extra
[2023-01-22T12:04:12.028-0300] {databricks.py:91} INFO - run_databricks_notebook in run state: {'life_cycle_state': 'PENDING', 'result_state': '', 'state_message': ''}
[2023-01-22T12:04:12.028-0300] {databricks.py:92} INFO - View run status, Spark UI, and logs at https://adb-1362567168960874.14.azuredatabricks.net/?o=1362567168960874#job/1011115408756282/run/69560
[2023-01-22T12:04:12.028-0300] {databricks.py:93} INFO - Sleeping for 30 seconds.
[2023-01-22T12:04:42.059-0300] {databricks_base.py:424} INFO - Using token auth. For security reasons, please set token in Password field instead of extra
[2023-01-22T12:04:42.380-0300] {databricks.py:91} INFO - run_databricks_notebook in run state: {'life_cycle_state': 'PENDING', 'result_state': '', 'state_message': ''}
[2023-01-22T12:04:42.380-0300] {databricks.py:92} INFO - View run status, Spark UI, and logs at https://adb-1362567168960874.14.azuredatabricks.net/?o=1362567168960874#job/1011115408756282/run/69560
[2023-01-22T12:04:42.381-0300] {databricks.py:93} INFO - Sleeping for 30 seconds.
[2023-01-22T12:05:12.408-0300] {databricks_base.py:424} INFO - Using token auth. For security reasons, please set token in Password field instead of extra
[2023-01-22T12:05:12.711-0300] {databricks.py:91} INFO - run_databricks_notebook in run state: {'life_cycle_state': 'PENDING', 'result_state': '', 'state_message': ''}
[2023-01-22T12:05:12.711-0300] {databricks.py:92} INFO - View run status, Spark UI, and logs at https://adb-1362567168960874.14.azuredatabricks.net/?o=1362567168960874#job/1011115408756282/run/69560
[2023-01-22T12:05:12.711-0300] {databricks.py:93} INFO - Sleeping for 30 seconds.
[2023-01-22T12:05:42.740-0300] {databricks_base.py:424} INFO - Using token auth. For security reasons, please set token in Password field instead of extra
[2023-01-22T12:05:43.015-0300] {databricks.py:91} INFO - run_databricks_notebook in run state: {'life_cycle_state': 'PENDING', 'result_state': '', 'state_message': ''}
[2023-01-22T12:05:43.016-0300] {databricks.py:92} INFO - View run status, Spark UI, and logs at https://adb-1362567168960874.14.azuredatabricks.net/?o=1362567168960874#job/1011115408756282/run/69560
[2023-01-22T12:05:43.016-0300] {databricks.py:93} INFO - Sleeping for 30 seconds.
[2023-01-22T12:06:13.045-0300] {databricks_base.py:424} INFO - Using token auth. For security reasons, please set token in Password field instead of extra
[2023-01-22T12:06:13.344-0300] {databricks.py:91} INFO - run_databricks_notebook in run state: {'life_cycle_state': 'PENDING', 'result_state': '', 'state_message': ''}
[2023-01-22T12:06:13.344-0300] {databricks.py:92} INFO - View run status, Spark UI, and logs at https://adb-1362567168960874.14.azuredatabricks.net/?o=1362567168960874#job/1011115408756282/run/69560
[2023-01-22T12:06:13.345-0300] {databricks.py:93} INFO - Sleeping for 30 seconds.
[2023-01-22T12:06:43.372-0300] {databricks_base.py:424} INFO - Using token auth. For security reasons, please set token in Password field instead of extra
[2023-01-22T12:06:43.676-0300] {databricks.py:91} INFO - run_databricks_notebook in run state: {'life_cycle_state': 'PENDING', 'result_state': '', 'state_message': ''}
[2023-01-22T12:06:43.676-0300] {databricks.py:92} INFO - View run status, Spark UI, and logs at https://adb-1362567168960874.14.azuredatabricks.net/?o=1362567168960874#job/1011115408756282/run/69560
[2023-01-22T12:06:43.677-0300] {databricks.py:93} INFO - Sleeping for 30 seconds.
[2023-01-22T12:07:13.702-0300] {databricks_base.py:424} INFO - Using token auth. For security reasons, please set token in Password field instead of extra
[2023-01-22T12:07:14.052-0300] {databricks.py:91} INFO - run_databricks_notebook in run state: {'life_cycle_state': 'PENDING', 'result_state': '', 'state_message': ''}
[2023-01-22T12:07:14.052-0300] {databricks.py:92} INFO - View run status, Spark UI, and logs at https://adb-1362567168960874.14.azuredatabricks.net/?o=1362567168960874#job/1011115408756282/run/69560
[2023-01-22T12:07:14.053-0300] {databricks.py:93} INFO - Sleeping for 30 seconds.
[2023-01-22T12:07:44.083-0300] {databricks_base.py:424} INFO - Using token auth. For security reasons, please set token in Password field instead of extra
[2023-01-22T12:07:44.374-0300] {databricks.py:91} INFO - run_databricks_notebook in run state: {'life_cycle_state': 'RUNNING', 'result_state': '', 'state_message': 'In run'}
[2023-01-22T12:07:44.374-0300] {databricks.py:92} INFO - View run status, Spark UI, and logs at https://adb-1362567168960874.14.azuredatabricks.net/?o=1362567168960874#job/1011115408756282/run/69560
[2023-01-22T12:07:44.375-0300] {databricks.py:93} INFO - Sleeping for 30 seconds.
[2023-01-22T12:08:14.405-0300] {databricks_base.py:424} INFO - Using token auth. For security reasons, please set token in Password field instead of extra
[2023-01-22T12:08:14.677-0300] {databricks.py:91} INFO - run_databricks_notebook in run state: {'life_cycle_state': 'RUNNING', 'result_state': '', 'state_message': 'In run'}
[2023-01-22T12:08:14.677-0300] {databricks.py:92} INFO - View run status, Spark UI, and logs at https://adb-1362567168960874.14.azuredatabricks.net/?o=1362567168960874#job/1011115408756282/run/69560
[2023-01-22T12:08:14.678-0300] {databricks.py:93} INFO - Sleeping for 30 seconds.
[2023-01-22T12:08:44.704-0300] {databricks_base.py:424} INFO - Using token auth. For security reasons, please set token in Password field instead of extra
[2023-01-22T12:08:45.019-0300] {databricks.py:91} INFO - run_databricks_notebook in run state: {'life_cycle_state': 'RUNNING', 'result_state': '', 'state_message': 'In run'}
[2023-01-22T12:08:45.019-0300] {databricks.py:92} INFO - View run status, Spark UI, and logs at https://adb-1362567168960874.14.azuredatabricks.net/?o=1362567168960874#job/1011115408756282/run/69560
[2023-01-22T12:08:45.019-0300] {databricks.py:93} INFO - Sleeping for 30 seconds.
[2023-01-22T12:09:15.048-0300] {databricks_base.py:424} INFO - Using token auth. For security reasons, please set token in Password field instead of extra
[2023-01-22T12:09:15.383-0300] {databricks.py:91} INFO - run_databricks_notebook in run state: {'life_cycle_state': 'RUNNING', 'result_state': '', 'state_message': 'In run'}
[2023-01-22T12:09:15.383-0300] {databricks.py:92} INFO - View run status, Spark UI, and logs at https://adb-1362567168960874.14.azuredatabricks.net/?o=1362567168960874#job/1011115408756282/run/69560
[2023-01-22T12:09:15.383-0300] {databricks.py:93} INFO - Sleeping for 30 seconds.
[2023-01-22T12:09:45.412-0300] {databricks_base.py:424} INFO - Using token auth. For security reasons, please set token in Password field instead of extra
[2023-01-22T12:09:45.683-0300] {databricks.py:91} INFO - run_databricks_notebook in run state: {'life_cycle_state': 'RUNNING', 'result_state': '', 'state_message': 'In run'}
[2023-01-22T12:09:45.684-0300] {databricks.py:92} INFO - View run status, Spark UI, and logs at https://adb-1362567168960874.14.azuredatabricks.net/?o=1362567168960874#job/1011115408756282/run/69560
[2023-01-22T12:09:45.684-0300] {databricks.py:93} INFO - Sleeping for 30 seconds.
[2023-01-22T12:10:15.715-0300] {databricks_base.py:424} INFO - Using token auth. For security reasons, please set token in Password field instead of extra
[2023-01-22T12:10:15.982-0300] {databricks.py:61} INFO - run_databricks_notebook completed successfully.
[2023-01-22T12:10:15.983-0300] {databricks.py:62} INFO - View run status, Spark UI, and logs at https://adb-1362567168960874.14.azuredatabricks.net/?o=1362567168960874#job/1011115408756282/run/69560
[2023-01-22T12:10:15.990-0300] {logging_mixin.py:137} WARNING - /home/airflow/.local/lib/python3.10/site-packages/airflow/models/baseoperator.py:1393 RemovedInAirflow3Warning: Passing 'execution_date' to 'TaskInstance.xcom_push()' is deprecated.
[2023-01-22T12:10:17.149-0300] {taskinstance.py:1322} INFO - Marking task as SUCCESS. dag_id=bronze_opt_t_origemcomercial, task_id=run_databricks_notebook, execution_date=20230122T150211, start_date=20230122T150231, end_date=20230122T151017
[2023-01-22T12:10:18.308-0300] {local_task_job.py:159} INFO - Task exited with return code 0
[2023-01-22T12:10:18.943-0300] {taskinstance.py:2582} INFO - 0 downstream tasks scheduled from follow-on schedule check
