[2023-01-20T17:16:34.548-0300] {taskinstance.py:1087} INFO - Dependencies all met for <TaskInstance: raw_opt_t_origemcomercial.current_date scheduled__2023-01-19T15:00:00+00:00 [queued]>
[2023-01-20T17:16:35.226-0300] {taskinstance.py:1087} INFO - Dependencies all met for <TaskInstance: raw_opt_t_origemcomercial.current_date scheduled__2023-01-19T15:00:00+00:00 [queued]>
[2023-01-20T17:16:35.226-0300] {taskinstance.py:1283} INFO - 
--------------------------------------------------------------------------------
[2023-01-20T17:16:35.226-0300] {taskinstance.py:1284} INFO - Starting attempt 1 of 1
[2023-01-20T17:16:35.227-0300] {taskinstance.py:1285} INFO - 
--------------------------------------------------------------------------------
[2023-01-20T17:16:35.782-0300] {taskinstance.py:1304} INFO - Executing <Task(_PythonDecoratedOperator): current_date> on 2023-01-19 15:00:00+00:00
[2023-01-20T17:16:35.788-0300] {standard_task_runner.py:55} INFO - Started process 657880 to run task
[2023-01-20T17:16:35.792-0300] {standard_task_runner.py:82} INFO - Running: ['airflow', 'tasks', 'run', 'raw_opt_t_origemcomercial', 'current_date', 'scheduled__2023-01-19T15:00:00+00:00', '--job-id', '1094', '--raw', '--subdir', 'DAGS_FOLDER/raw/dock_opt/raw_opt_t_origemcomercial.py', '--cfg-path', '/tmp/tmpw_8_mfpp']
[2023-01-20T17:16:35.795-0300] {standard_task_runner.py:83} INFO - Job 1094: Subtask current_date
[2023-01-20T17:16:38.957-0300] {task_command.py:389} INFO - Running <TaskInstance: raw_opt_t_origemcomercial.current_date scheduled__2023-01-19T15:00:00+00:00 [running]> on host vm-airflow-01
[2023-01-20T17:16:41.276-0300] {taskinstance.py:1511} INFO - Exporting the following env vars:
AIRFLOW_CTX_DAG_OWNER=matheus.rodrigues@fortbrasil.com.br
AIRFLOW_CTX_DAG_ID=raw_opt_t_origemcomercial
AIRFLOW_CTX_TASK_ID=current_date
AIRFLOW_CTX_EXECUTION_DATE=2023-01-19T15:00:00+00:00
AIRFLOW_CTX_TRY_NUMBER=1
AIRFLOW_CTX_DAG_RUN_ID=scheduled__2023-01-19T15:00:00+00:00
[2023-01-20T17:16:41.277-0300] {python.py:177} INFO - Done. Returned value was: 2023-01-20
[2023-01-20T17:16:42.473-0300] {taskinstance.py:1322} INFO - Marking task as SUCCESS. dag_id=raw_opt_t_origemcomercial, task_id=current_date, execution_date=20230119T150000, start_date=20230120T201634, end_date=20230120T201642
[2023-01-20T17:16:43.012-0300] {local_task_job.py:159} INFO - Task exited with return code 0
[2023-01-20T17:16:43.694-0300] {taskinstance.py:2582} INFO - 1 downstream tasks scheduled from follow-on schedule check
