[2023-01-24T12:00:43.809-0300] {taskinstance.py:1087} INFO - Dependencies all met for <TaskInstance: raw_opt_t_fatura.get_last_date scheduled__2023-01-23T15:00:00+00:00 [queued]>
[2023-01-24T12:00:44.496-0300] {taskinstance.py:1087} INFO - Dependencies all met for <TaskInstance: raw_opt_t_fatura.get_last_date scheduled__2023-01-23T15:00:00+00:00 [queued]>
[2023-01-24T12:00:44.497-0300] {taskinstance.py:1283} INFO - 
--------------------------------------------------------------------------------
[2023-01-24T12:00:44.497-0300] {taskinstance.py:1284} INFO - Starting attempt 1 of 1
[2023-01-24T12:00:44.497-0300] {taskinstance.py:1285} INFO - 
--------------------------------------------------------------------------------
[2023-01-24T12:00:44.911-0300] {taskinstance.py:1304} INFO - Executing <Task(DatabricksSubmitRunOperator): get_last_date> on 2023-01-23 15:00:00+00:00
[2023-01-24T12:00:44.917-0300] {standard_task_runner.py:55} INFO - Started process 1420310 to run task
[2023-01-24T12:00:44.925-0300] {standard_task_runner.py:82} INFO - Running: ['airflow', 'tasks', 'run', 'raw_opt_t_fatura', 'get_last_date', 'scheduled__2023-01-23T15:00:00+00:00', '--job-id', '1283', '--raw', '--subdir', 'DAGS_FOLDER/raw/dock_opt/raw_opt_t_fatura.py', '--cfg-path', '/tmp/tmpup10llg0']
[2023-01-24T12:00:44.928-0300] {standard_task_runner.py:83} INFO - Job 1283: Subtask get_last_date
[2023-01-24T12:00:47.957-0300] {task_command.py:389} INFO - Running <TaskInstance: raw_opt_t_fatura.get_last_date scheduled__2023-01-23T15:00:00+00:00 [running]> on host vm-airflow-01
[2023-01-24T12:00:50.393-0300] {taskinstance.py:1511} INFO - Exporting the following env vars:
AIRFLOW_CTX_DAG_OWNER=matheus.rodrigues@fortbrasil.com.br
AIRFLOW_CTX_DAG_ID=raw_opt_t_fatura
AIRFLOW_CTX_TASK_ID=get_last_date
AIRFLOW_CTX_EXECUTION_DATE=2023-01-23T15:00:00+00:00
AIRFLOW_CTX_TRY_NUMBER=1
AIRFLOW_CTX_DAG_RUN_ID=scheduled__2023-01-23T15:00:00+00:00
[2023-01-24T12:00:50.895-0300] {base.py:73} INFO - Using connection ID 'adb' for task execution.
[2023-01-24T12:00:51.143-0300] {databricks_base.py:424} INFO - Using token auth. For security reasons, please set token in Password field instead of extra
[2023-01-24T12:00:52.552-0300] {databricks.py:50} INFO - Run submitted with run_id: 86918
[2023-01-24T12:00:52.553-0300] {databricks_base.py:424} INFO - Using token auth. For security reasons, please set token in Password field instead of extra
[2023-01-24T12:00:53.588-0300] {databricks_base.py:424} INFO - Using token auth. For security reasons, please set token in Password field instead of extra
[2023-01-24T12:00:53.876-0300] {databricks.py:91} INFO - get_last_date in run state: {'life_cycle_state': 'PENDING', 'result_state': '', 'state_message': ''}
[2023-01-24T12:00:53.876-0300] {databricks.py:92} INFO - View run status, Spark UI, and logs at https://adb-1362567168960874.14.azuredatabricks.net/?o=1362567168960874#job/777347642403032/run/86918
[2023-01-24T12:00:53.876-0300] {databricks.py:93} INFO - Sleeping for 30 seconds.
[2023-01-24T12:01:23.905-0300] {databricks_base.py:424} INFO - Using token auth. For security reasons, please set token in Password field instead of extra
[2023-01-24T12:01:24.179-0300] {databricks.py:91} INFO - get_last_date in run state: {'life_cycle_state': 'PENDING', 'result_state': '', 'state_message': ''}
[2023-01-24T12:01:24.180-0300] {databricks.py:92} INFO - View run status, Spark UI, and logs at https://adb-1362567168960874.14.azuredatabricks.net/?o=1362567168960874#job/777347642403032/run/86918
[2023-01-24T12:01:24.180-0300] {databricks.py:93} INFO - Sleeping for 30 seconds.
[2023-01-24T12:01:54.210-0300] {databricks_base.py:424} INFO - Using token auth. For security reasons, please set token in Password field instead of extra
[2023-01-24T12:01:54.501-0300] {databricks.py:91} INFO - get_last_date in run state: {'life_cycle_state': 'PENDING', 'result_state': '', 'state_message': ''}
[2023-01-24T12:01:54.501-0300] {databricks.py:92} INFO - View run status, Spark UI, and logs at https://adb-1362567168960874.14.azuredatabricks.net/?o=1362567168960874#job/777347642403032/run/86918
[2023-01-24T12:01:54.501-0300] {databricks.py:93} INFO - Sleeping for 30 seconds.
[2023-01-24T12:02:24.530-0300] {databricks_base.py:424} INFO - Using token auth. For security reasons, please set token in Password field instead of extra
[2023-01-24T12:02:24.834-0300] {databricks.py:91} INFO - get_last_date in run state: {'life_cycle_state': 'PENDING', 'result_state': '', 'state_message': ''}
[2023-01-24T12:02:24.834-0300] {databricks.py:92} INFO - View run status, Spark UI, and logs at https://adb-1362567168960874.14.azuredatabricks.net/?o=1362567168960874#job/777347642403032/run/86918
[2023-01-24T12:02:24.834-0300] {databricks.py:93} INFO - Sleeping for 30 seconds.
[2023-01-24T12:02:54.863-0300] {databricks_base.py:424} INFO - Using token auth. For security reasons, please set token in Password field instead of extra
[2023-01-24T12:02:55.253-0300] {databricks.py:91} INFO - get_last_date in run state: {'life_cycle_state': 'PENDING', 'result_state': '', 'state_message': ''}
[2023-01-24T12:02:55.254-0300] {databricks.py:92} INFO - View run status, Spark UI, and logs at https://adb-1362567168960874.14.azuredatabricks.net/?o=1362567168960874#job/777347642403032/run/86918
[2023-01-24T12:02:55.254-0300] {databricks.py:93} INFO - Sleeping for 30 seconds.
[2023-01-24T12:03:25.285-0300] {databricks_base.py:424} INFO - Using token auth. For security reasons, please set token in Password field instead of extra
[2023-01-24T12:03:25.585-0300] {databricks.py:91} INFO - get_last_date in run state: {'life_cycle_state': 'PENDING', 'result_state': '', 'state_message': ''}
[2023-01-24T12:03:25.585-0300] {databricks.py:92} INFO - View run status, Spark UI, and logs at https://adb-1362567168960874.14.azuredatabricks.net/?o=1362567168960874#job/777347642403032/run/86918
[2023-01-24T12:03:25.585-0300] {databricks.py:93} INFO - Sleeping for 30 seconds.
[2023-01-24T12:03:55.612-0300] {databricks_base.py:424} INFO - Using token auth. For security reasons, please set token in Password field instead of extra
[2023-01-24T12:03:55.883-0300] {databricks.py:91} INFO - get_last_date in run state: {'life_cycle_state': 'PENDING', 'result_state': '', 'state_message': ''}
[2023-01-24T12:03:55.884-0300] {databricks.py:92} INFO - View run status, Spark UI, and logs at https://adb-1362567168960874.14.azuredatabricks.net/?o=1362567168960874#job/777347642403032/run/86918
[2023-01-24T12:03:55.884-0300] {databricks.py:93} INFO - Sleeping for 30 seconds.
[2023-01-24T12:04:25.909-0300] {databricks_base.py:424} INFO - Using token auth. For security reasons, please set token in Password field instead of extra
[2023-01-24T12:04:26.184-0300] {databricks.py:91} INFO - get_last_date in run state: {'life_cycle_state': 'PENDING', 'result_state': '', 'state_message': ''}
[2023-01-24T12:04:26.184-0300] {databricks.py:92} INFO - View run status, Spark UI, and logs at https://adb-1362567168960874.14.azuredatabricks.net/?o=1362567168960874#job/777347642403032/run/86918
[2023-01-24T12:04:26.184-0300] {databricks.py:93} INFO - Sleeping for 30 seconds.
[2023-01-24T12:04:56.214-0300] {databricks_base.py:424} INFO - Using token auth. For security reasons, please set token in Password field instead of extra
[2023-01-24T12:04:56.627-0300] {databricks.py:91} INFO - get_last_date in run state: {'life_cycle_state': 'PENDING', 'result_state': '', 'state_message': ''}
[2023-01-24T12:04:56.627-0300] {databricks.py:92} INFO - View run status, Spark UI, and logs at https://adb-1362567168960874.14.azuredatabricks.net/?o=1362567168960874#job/777347642403032/run/86918
[2023-01-24T12:04:56.629-0300] {databricks.py:93} INFO - Sleeping for 30 seconds.
[2023-01-24T12:05:26.658-0300] {databricks_base.py:424} INFO - Using token auth. For security reasons, please set token in Password field instead of extra
[2023-01-24T12:05:26.925-0300] {databricks.py:91} INFO - get_last_date in run state: {'life_cycle_state': 'PENDING', 'result_state': '', 'state_message': ''}
[2023-01-24T12:05:26.925-0300] {databricks.py:92} INFO - View run status, Spark UI, and logs at https://adb-1362567168960874.14.azuredatabricks.net/?o=1362567168960874#job/777347642403032/run/86918
[2023-01-24T12:05:26.926-0300] {databricks.py:93} INFO - Sleeping for 30 seconds.
[2023-01-24T12:05:56.955-0300] {databricks_base.py:424} INFO - Using token auth. For security reasons, please set token in Password field instead of extra
[2023-01-24T12:05:57.231-0300] {databricks.py:91} INFO - get_last_date in run state: {'life_cycle_state': 'RUNNING', 'result_state': '', 'state_message': 'In run'}
[2023-01-24T12:05:57.231-0300] {databricks.py:92} INFO - View run status, Spark UI, and logs at https://adb-1362567168960874.14.azuredatabricks.net/?o=1362567168960874#job/777347642403032/run/86918
[2023-01-24T12:05:57.231-0300] {databricks.py:93} INFO - Sleeping for 30 seconds.
[2023-01-24T12:06:27.260-0300] {databricks_base.py:424} INFO - Using token auth. For security reasons, please set token in Password field instead of extra
[2023-01-24T12:06:27.540-0300] {databricks_base.py:424} INFO - Using token auth. For security reasons, please set token in Password field instead of extra
[2023-01-24T12:06:28.818-0300] {taskinstance.py:1772} ERROR - Task failed with exception
Traceback (most recent call last):
  File "/home/airflow/.local/lib/python3.10/site-packages/airflow/providers/databricks/operators/databricks.py", line 376, in execute
    _handle_databricks_operator_execution(self, self._hook, self.log, context)
  File "/home/airflow/.local/lib/python3.10/site-packages/airflow/providers/databricks/operators/databricks.py", line 88, in _handle_databricks_operator_execution
    raise AirflowException(error_message)
airflow.exceptions.AirflowException: get_last_date failed with terminal state: {'life_cycle_state': 'TERMINATED', 'result_state': 'FAILED', 'state_message': ''} and with the error 
[2023-01-24T12:06:28.915-0300] {taskinstance.py:1322} INFO - Marking task as FAILED. dag_id=raw_opt_t_fatura, task_id=get_last_date, execution_date=20230123T150000, start_date=20230124T150043, end_date=20230124T150628
[2023-01-24T12:06:29.522-0300] {standard_task_runner.py:100} ERROR - Failed to execute job 1283 for task get_last_date (get_last_date failed with terminal state: {'life_cycle_state': 'TERMINATED', 'result_state': 'FAILED', 'state_message': ''} and with the error ; 1420310)
[2023-01-24T12:06:29.568-0300] {local_task_job.py:159} INFO - Task exited with return code 1
[2023-01-24T12:06:30.252-0300] {taskinstance.py:2582} INFO - 0 downstream tasks scheduled from follow-on schedule check
