[2023-01-21T16:05:52.417-0300] {taskinstance.py:1087} INFO - Dependencies all met for <TaskInstance: raw_opt_t_produto.current_date scheduled__2023-01-20T15:00:00+00:00 [queued]>
[2023-01-21T16:05:52.894-0300] {taskinstance.py:1087} INFO - Dependencies all met for <TaskInstance: raw_opt_t_produto.current_date scheduled__2023-01-20T15:00:00+00:00 [queued]>
[2023-01-21T16:05:52.895-0300] {taskinstance.py:1283} INFO - 
--------------------------------------------------------------------------------
[2023-01-21T16:05:52.895-0300] {taskinstance.py:1284} INFO - Starting attempt 1 of 1
[2023-01-21T16:05:52.895-0300] {taskinstance.py:1285} INFO - 
--------------------------------------------------------------------------------
[2023-01-21T16:05:53.565-0300] {taskinstance.py:1304} INFO - Executing <Task(_PythonDecoratedOperator): current_date> on 2023-01-20 15:00:00+00:00
[2023-01-21T16:05:53.573-0300] {standard_task_runner.py:55} INFO - Started process 684380 to run task
[2023-01-21T16:05:53.578-0300] {standard_task_runner.py:82} INFO - Running: ['airflow', 'tasks', 'run', 'raw_opt_t_produto', 'current_date', 'scheduled__2023-01-20T15:00:00+00:00', '--job-id', '1122', '--raw', '--subdir', 'DAGS_FOLDER/raw/dock_opt/raw_opt_t_produto.py', '--cfg-path', '/tmp/tmp74eu07xr']
[2023-01-21T16:05:53.581-0300] {standard_task_runner.py:83} INFO - Job 1122: Subtask current_date
[2023-01-21T16:05:56.623-0300] {task_command.py:389} INFO - Running <TaskInstance: raw_opt_t_produto.current_date scheduled__2023-01-20T15:00:00+00:00 [running]> on host vm-airflow-01
[2023-01-21T16:05:59.484-0300] {taskinstance.py:1511} INFO - Exporting the following env vars:
AIRFLOW_CTX_DAG_OWNER=matheus.rodrigues@fortbrasil.com.br
AIRFLOW_CTX_DAG_ID=raw_opt_t_produto
AIRFLOW_CTX_TASK_ID=current_date
AIRFLOW_CTX_EXECUTION_DATE=2023-01-20T15:00:00+00:00
AIRFLOW_CTX_TRY_NUMBER=1
AIRFLOW_CTX_DAG_RUN_ID=scheduled__2023-01-20T15:00:00+00:00
[2023-01-21T16:05:59.485-0300] {python.py:177} INFO - Done. Returned value was: 2023-01-21
[2023-01-21T16:06:00.652-0300] {taskinstance.py:1322} INFO - Marking task as SUCCESS. dag_id=raw_opt_t_produto, task_id=current_date, execution_date=20230120T150000, start_date=20230121T190552, end_date=20230121T190600
[2023-01-21T16:06:01.129-0300] {local_task_job.py:159} INFO - Task exited with return code 0
[2023-01-21T16:06:01.805-0300] {taskinstance.py:2582} INFO - 1 downstream tasks scheduled from follow-on schedule check
