[2023-01-22T12:00:19.212-0300] {taskinstance.py:1087} INFO - Dependencies all met for <TaskInstance: raw_opt_t_produto.waiting_dock_opt scheduled__2023-01-21T15:00:00+00:00 [queued]>
[2023-01-22T12:00:19.635-0300] {taskinstance.py:1087} INFO - Dependencies all met for <TaskInstance: raw_opt_t_produto.waiting_dock_opt scheduled__2023-01-21T15:00:00+00:00 [queued]>
[2023-01-22T12:00:19.636-0300] {taskinstance.py:1283} INFO - 
--------------------------------------------------------------------------------
[2023-01-22T12:00:19.636-0300] {taskinstance.py:1284} INFO - Starting attempt 1 of 1
[2023-01-22T12:00:19.636-0300] {taskinstance.py:1285} INFO - 
--------------------------------------------------------------------------------
[2023-01-22T12:00:20.577-0300] {taskinstance.py:1304} INFO - Executing <Task(SqlSensor): waiting_dock_opt> on 2023-01-21 15:00:00+00:00
[2023-01-22T12:00:20.583-0300] {standard_task_runner.py:55} INFO - Started process 875854 to run task
[2023-01-22T12:00:20.587-0300] {standard_task_runner.py:82} INFO - Running: ['airflow', 'tasks', 'run', 'raw_opt_t_produto', 'waiting_dock_opt', 'scheduled__2023-01-21T15:00:00+00:00', '--job-id', '1144', '--raw', '--subdir', 'DAGS_FOLDER/raw/dock_opt/raw_opt_t_produto.py', '--cfg-path', '/tmp/tmprtflnh06']
[2023-01-22T12:00:20.590-0300] {standard_task_runner.py:83} INFO - Job 1144: Subtask waiting_dock_opt
[2023-01-22T12:00:23.676-0300] {task_command.py:389} INFO - Running <TaskInstance: raw_opt_t_produto.waiting_dock_opt scheduled__2023-01-21T15:00:00+00:00 [running]> on host vm-airflow-01
[2023-01-22T12:00:26.043-0300] {taskinstance.py:1511} INFO - Exporting the following env vars:
AIRFLOW_CTX_DAG_OWNER=matheus.rodrigues@fortbrasil.com.br
AIRFLOW_CTX_DAG_ID=raw_opt_t_produto
AIRFLOW_CTX_TASK_ID=waiting_dock_opt
AIRFLOW_CTX_EXECUTION_DATE=2023-01-21T15:00:00+00:00
AIRFLOW_CTX_TRY_NUMBER=1
AIRFLOW_CTX_DAG_RUN_ID=scheduled__2023-01-21T15:00:00+00:00
[2023-01-22T12:00:27.058-0300] {base.py:73} INFO - Using connection ID 'dock_opt' for task execution.
[2023-01-22T12:00:27.251-0300] {sql.py:91} INFO - Poking: select count(1) from t_control where name = 't_produto' and convert(date, dt_start) = convert(date, getdate()) and dt_finish is not null (with parameters None)
[2023-01-22T12:00:27.774-0300] {base.py:73} INFO - Using connection ID 'dock_opt' for task execution.
[2023-01-22T12:00:28.216-0300] {sql.py:365} INFO - Running statement: select count(1) from t_control where name = 't_produto' and convert(date, dt_start) = convert(date, getdate()) and dt_finish is not null, parameters: None
[2023-01-22T12:00:28.402-0300] {base.py:228} INFO - Success criteria met. Exiting.
[2023-01-22T12:00:28.882-0300] {taskinstance.py:1322} INFO - Marking task as SUCCESS. dag_id=raw_opt_t_produto, task_id=waiting_dock_opt, execution_date=20230121T150000, start_date=20230122T150019, end_date=20230122T150028
[2023-01-22T12:00:29.609-0300] {local_task_job.py:159} INFO - Task exited with return code 0
[2023-01-22T12:00:30.538-0300] {taskinstance.py:2582} INFO - 1 downstream tasks scheduled from follow-on schedule check
