[2023-01-25T12:08:51.663-0300] {taskinstance.py:1087} INFO - Dependencies all met for <TaskInstance: raw_opt_t_fatura.current_date scheduled__2023-01-24T15:00:00+00:00 [queued]>
[2023-01-25T12:08:52.083-0300] {taskinstance.py:1087} INFO - Dependencies all met for <TaskInstance: raw_opt_t_fatura.current_date scheduled__2023-01-24T15:00:00+00:00 [queued]>
[2023-01-25T12:08:52.083-0300] {taskinstance.py:1283} INFO - 
--------------------------------------------------------------------------------
[2023-01-25T12:08:52.083-0300] {taskinstance.py:1284} INFO - Starting attempt 1 of 1
[2023-01-25T12:08:52.083-0300] {taskinstance.py:1285} INFO - 
--------------------------------------------------------------------------------
[2023-01-25T12:08:52.907-0300] {taskinstance.py:1304} INFO - Executing <Task(_PythonDecoratedOperator): current_date> on 2023-01-24 15:00:00+00:00
[2023-01-25T12:08:52.915-0300] {standard_task_runner.py:55} INFO - Started process 1741260 to run task
[2023-01-25T12:08:52.919-0300] {standard_task_runner.py:82} INFO - Running: ['airflow', 'tasks', 'run', 'raw_opt_t_fatura', 'current_date', 'scheduled__2023-01-24T15:00:00+00:00', '--job-id', '1380', '--raw', '--subdir', 'DAGS_FOLDER/raw/dock_opt/raw_opt_t_fatura.py', '--cfg-path', '/tmp/tmpdoeko2_4']
[2023-01-25T12:08:52.923-0300] {standard_task_runner.py:83} INFO - Job 1380: Subtask current_date
[2023-01-25T12:08:55.962-0300] {task_command.py:389} INFO - Running <TaskInstance: raw_opt_t_fatura.current_date scheduled__2023-01-24T15:00:00+00:00 [running]> on host vm-airflow-01
[2023-01-25T12:08:58.533-0300] {taskinstance.py:1511} INFO - Exporting the following env vars:
AIRFLOW_CTX_DAG_OWNER=matheus.rodrigues@fortbrasil.com.br
AIRFLOW_CTX_DAG_ID=raw_opt_t_fatura
AIRFLOW_CTX_TASK_ID=current_date
AIRFLOW_CTX_EXECUTION_DATE=2023-01-24T15:00:00+00:00
AIRFLOW_CTX_TRY_NUMBER=1
AIRFLOW_CTX_DAG_RUN_ID=scheduled__2023-01-24T15:00:00+00:00
[2023-01-25T12:08:58.535-0300] {python.py:177} INFO - Done. Returned value was: 2023-01-25
[2023-01-25T12:08:59.725-0300] {taskinstance.py:1322} INFO - Marking task as SUCCESS. dag_id=raw_opt_t_fatura, task_id=current_date, execution_date=20230124T150000, start_date=20230125T150851, end_date=20230125T150859
[2023-01-25T12:09:00.262-0300] {local_task_job.py:159} INFO - Task exited with return code 0
[2023-01-25T12:09:01.024-0300] {taskinstance.py:2582} INFO - 1 downstream tasks scheduled from follow-on schedule check
