[2023-01-25T12:09:10.570-0300] {taskinstance.py:1087} INFO - Dependencies all met for <TaskInstance: raw_opt_t_transacaofatura.run_adf_pipeline scheduled__2023-01-24T15:00:00+00:00 [queued]>
[2023-01-25T12:09:10.989-0300] {taskinstance.py:1087} INFO - Dependencies all met for <TaskInstance: raw_opt_t_transacaofatura.run_adf_pipeline scheduled__2023-01-24T15:00:00+00:00 [queued]>
[2023-01-25T12:09:10.990-0300] {taskinstance.py:1283} INFO - 
--------------------------------------------------------------------------------
[2023-01-25T12:09:10.990-0300] {taskinstance.py:1284} INFO - Starting attempt 1 of 1
[2023-01-25T12:09:10.990-0300] {taskinstance.py:1285} INFO - 
--------------------------------------------------------------------------------
[2023-01-25T12:09:11.731-0300] {taskinstance.py:1304} INFO - Executing <Task(AzureDataFactoryRunPipelineOperator): run_adf_pipeline> on 2023-01-24 15:00:00+00:00
[2023-01-25T12:09:11.740-0300] {standard_task_runner.py:55} INFO - Started process 1741340 to run task
[2023-01-25T12:09:11.745-0300] {standard_task_runner.py:82} INFO - Running: ['airflow', 'tasks', 'run', 'raw_opt_t_transacaofatura', 'run_adf_pipeline', 'scheduled__2023-01-24T15:00:00+00:00', '--job-id', '1387', '--raw', '--subdir', 'DAGS_FOLDER/raw/dock_opt/raw_opt_t_transacaofatura.py', '--cfg-path', '/tmp/tmpe_89dshr']
[2023-01-25T12:09:11.749-0300] {standard_task_runner.py:83} INFO - Job 1387: Subtask run_adf_pipeline
[2023-01-25T12:09:14.871-0300] {task_command.py:389} INFO - Running <TaskInstance: raw_opt_t_transacaofatura.run_adf_pipeline scheduled__2023-01-24T15:00:00+00:00 [running]> on host vm-airflow-01
[2023-01-25T12:09:18.738-0300] {taskinstance.py:1511} INFO - Exporting the following env vars:
AIRFLOW_CTX_DAG_OWNER=matheus.rodrigues@fortbrasil.com.br
AIRFLOW_CTX_DAG_ID=raw_opt_t_transacaofatura
AIRFLOW_CTX_TASK_ID=run_adf_pipeline
AIRFLOW_CTX_EXECUTION_DATE=2023-01-24T15:00:00+00:00
AIRFLOW_CTX_TRY_NUMBER=1
AIRFLOW_CTX_DAG_RUN_ID=scheduled__2023-01-24T15:00:00+00:00
[2023-01-25T12:09:18.739-0300] {data_factory.py:154} INFO - Executing the cp_opt_to_datalake pipeline.
[2023-01-25T12:09:19.236-0300] {base.py:73} INFO - Using connection ID 'adf' for task execution.
[2023-01-25T12:09:19.729-0300] {base.py:73} INFO - Using connection ID 'adf' for task execution.
[2023-01-25T12:09:20.237-0300] {base.py:73} INFO - Using connection ID 'adf' for task execution.
[2023-01-25T12:09:20.246-0300] {_universal.py:526} INFO - Request URL: 'https://login.microsoftonline.com:443/d47e09d1-17c6-4a6f-b65c-d49d61e186a2/v2.0/.well-known/openid-configuration'
Request method: 'GET'
Request headers:
    'User-Agent': 'azsdk-python-identity/1.12.0 Python/3.10.6 (Linux-5.15.0-58-generic-x86_64-with-glibc2.35)'
No body was attached to the request
[2023-01-25T12:09:20.698-0300] {_universal.py:554} INFO - Response status: 200
Response headers:
    'Cache-Control': 'max-age=86400, private'
    'Content-Type': 'application/json; charset=utf-8'
    'Strict-Transport-Security': 'REDACTED'
    'X-Content-Type-Options': 'REDACTED'
    'Access-Control-Allow-Origin': 'REDACTED'
    'Access-Control-Allow-Methods': 'REDACTED'
    'P3P': 'REDACTED'
    'x-ms-request-id': '478d1138-c2e7-4832-a74e-a5cc79311900'
    'x-ms-ests-server': 'REDACTED'
    'X-XSS-Protection': 'REDACTED'
    'Set-Cookie': 'REDACTED'
    'Date': 'Wed, 25 Jan 2023 15:09:20 GMT'
    'Content-Length': '1753'
[2023-01-25T12:09:20.700-0300] {_universal.py:526} INFO - Request URL: 'https://login.microsoftonline.com/common/discovery/instance?api-version=REDACTED&authorization_endpoint=REDACTED'
Request method: 'GET'
Request headers:
    'Accept': 'application/json'
    'User-Agent': 'azsdk-python-identity/1.12.0 Python/3.10.6 (Linux-5.15.0-58-generic-x86_64-with-glibc2.35)'
No body was attached to the request
[2023-01-25T12:09:20.933-0300] {_universal.py:554} INFO - Response status: 200
Response headers:
    'Cache-Control': 'max-age=86400, private'
    'Content-Type': 'application/json; charset=utf-8'
    'Strict-Transport-Security': 'REDACTED'
    'X-Content-Type-Options': 'REDACTED'
    'Access-Control-Allow-Origin': 'REDACTED'
    'Access-Control-Allow-Methods': 'REDACTED'
    'P3P': 'REDACTED'
    'x-ms-request-id': '69f0ff75-982a-4704-909f-7ef736a9c800'
    'x-ms-ests-server': 'REDACTED'
    'X-XSS-Protection': 'REDACTED'
    'Set-Cookie': 'REDACTED'
    'Date': 'Wed, 25 Jan 2023 15:09:20 GMT'
    'Content-Length': '945'
[2023-01-25T12:09:20.934-0300] {_universal.py:523} INFO - Request URL: 'https://login.microsoftonline.com/d47e09d1-17c6-4a6f-b65c-d49d61e186a2/oauth2/v2.0/token'
Request method: 'POST'
Request headers:
    'Accept': 'application/json'
    'x-client-sku': 'REDACTED'
    'x-client-ver': 'REDACTED'
    'x-client-os': 'REDACTED'
    'x-client-cpu': 'REDACTED'
    'x-ms-lib-capability': 'REDACTED'
    'client-request-id': 'REDACTED'
    'x-client-current-telemetry': 'REDACTED'
    'x-client-last-telemetry': 'REDACTED'
    'User-Agent': 'azsdk-python-identity/1.12.0 Python/3.10.6 (Linux-5.15.0-58-generic-x86_64-with-glibc2.35)'
A body is sent with the request
[2023-01-25T12:09:21.199-0300] {_universal.py:554} INFO - Response status: 200
Response headers:
    'Cache-Control': 'no-store, no-cache'
    'Pragma': 'no-cache'
    'Content-Type': 'application/json; charset=utf-8'
    'Expires': '-1'
    'Strict-Transport-Security': 'REDACTED'
    'X-Content-Type-Options': 'REDACTED'
    'P3P': 'REDACTED'
    'client-request-id': 'REDACTED'
    'x-ms-request-id': '6b42dd1d-c3f8-4db4-89b8-f92406872200'
    'x-ms-ests-server': 'REDACTED'
    'x-ms-clitelem': 'REDACTED'
    'X-XSS-Protection': 'REDACTED'
    'Set-Cookie': 'REDACTED'
    'Date': 'Wed, 25 Jan 2023 15:09:21 GMT'
    'Content-Length': '1391'
[2023-01-25T12:09:21.200-0300] {get_token_mixin.py:77} INFO - ClientSecretCredential.get_token succeeded
[2023-01-25T12:09:21.201-0300] {_universal.py:523} INFO - Request URL: 'https://management.azure.com/subscriptions/5e5642ec-dd71-4e9a-a29e-58effbf39209/resourceGroups/rg-mdw-hml-fb/providers/Microsoft.DataFactory/factories/adf-mdw-hml-fb/pipelines/cp_opt_to_datalake/createRun?api-version=REDACTED'
Request method: 'POST'
Request headers:
    'Content-Type': 'application/json'
    'Accept': 'application/json'
    'Content-Length': '231'
    'x-ms-client-request-id': '3e60906e-9cc2-11ed-a50b-05e3ce77118f'
    'User-Agent': 'azsdk-python-mgmt-datafactory/1.1.0 Python/3.10.6 (Linux-5.15.0-58-generic-x86_64-with-glibc2.35)'
    'Authorization': 'REDACTED'
A body is sent with the request
[2023-01-25T12:09:22.783-0300] {_universal.py:554} INFO - Response status: 200
Response headers:
    'Cache-Control': 'no-cache'
    'Pragma': 'no-cache'
    'Transfer-Encoding': 'chunked'
    'Content-Type': 'application/json; charset=utf-8'
    'Content-Encoding': 'REDACTED'
    'Expires': '-1'
    'Vary': 'REDACTED'
    'x-ms-correlation-request-id': 'REDACTED'
    'Server': 'Kestrel'
    'x-ms-ratelimit-remaining-subscription-writes': 'REDACTED'
    'x-ms-request-id': 'ccb827ac-0c12-46da-80a8-c56961bd5b10'
    'x-ms-routing-request-id': 'REDACTED'
    'Strict-Transport-Security': 'REDACTED'
    'X-Content-Type-Options': 'REDACTED'
    'Date': 'Wed, 25 Jan 2023 15:09:22 GMT'
[2023-01-25T12:09:23.490-0300] {data_factory.py:172} INFO - Waiting for pipeline run 3e60906e-9cc2-11ed-a50b-05e3ce77118f to terminate.
[2023-01-25T12:09:23.490-0300] {data_factory.py:768} INFO - Getting the status of run ID 3e60906e-9cc2-11ed-a50b-05e3ce77118f.
[2023-01-25T12:09:23.992-0300] {base.py:73} INFO - Using connection ID 'adf' for task execution.
[2023-01-25T12:09:24.489-0300] {base.py:73} INFO - Using connection ID 'adf' for task execution.
[2023-01-25T12:09:24.491-0300] {_universal.py:526} INFO - Request URL: 'https://management.azure.com/subscriptions/5e5642ec-dd71-4e9a-a29e-58effbf39209/resourceGroups/rg-mdw-hml-fb/providers/Microsoft.DataFactory/factories/adf-mdw-hml-fb/pipelineruns/3e60906e-9cc2-11ed-a50b-05e3ce77118f?api-version=REDACTED'
Request method: 'GET'
Request headers:
    'Accept': 'application/json'
    'x-ms-client-request-id': '40e854ac-9cc2-11ed-a50b-05e3ce77118f'
    'User-Agent': 'azsdk-python-mgmt-datafactory/1.1.0 Python/3.10.6 (Linux-5.15.0-58-generic-x86_64-with-glibc2.35)'
    'Authorization': 'REDACTED'
No body was attached to the request
[2023-01-25T12:09:24.702-0300] {_universal.py:554} INFO - Response status: 200
Response headers:
    'Cache-Control': 'no-cache'
    'Pragma': 'no-cache'
    'Transfer-Encoding': 'chunked'
    'Content-Type': 'application/json; charset=utf-8'
    'Content-Encoding': 'REDACTED'
    'Expires': '-1'
    'Vary': 'REDACTED'
    'x-ms-correlation-request-id': 'REDACTED'
    'Server': 'Kestrel'
    'x-ms-ratelimit-remaining-subscription-reads': 'REDACTED'
    'x-ms-request-id': '52c7cce9-ada4-4e34-b886-6868ce77a0a9'
    'x-ms-routing-request-id': 'REDACTED'
    'Strict-Transport-Security': 'REDACTED'
    'X-Content-Type-Options': 'REDACTED'
    'Date': 'Wed, 25 Jan 2023 15:09:24 GMT'
[2023-01-25T12:09:24.709-0300] {data_factory.py:774} INFO - Current status of pipeline run 3e60906e-9cc2-11ed-a50b-05e3ce77118f: InProgress
[2023-01-25T12:10:24.728-0300] {data_factory.py:768} INFO - Getting the status of run ID 3e60906e-9cc2-11ed-a50b-05e3ce77118f.
[2023-01-25T12:10:25.225-0300] {base.py:73} INFO - Using connection ID 'adf' for task execution.
[2023-01-25T12:10:25.717-0300] {base.py:73} INFO - Using connection ID 'adf' for task execution.
[2023-01-25T12:10:25.718-0300] {_universal.py:526} INFO - Request URL: 'https://management.azure.com/subscriptions/5e5642ec-dd71-4e9a-a29e-58effbf39209/resourceGroups/rg-mdw-hml-fb/providers/Microsoft.DataFactory/factories/adf-mdw-hml-fb/pipelineruns/3e60906e-9cc2-11ed-a50b-05e3ce77118f?api-version=REDACTED'
Request method: 'GET'
Request headers:
    'Accept': 'application/json'
    'x-ms-client-request-id': '6566ec6c-9cc2-11ed-a50b-05e3ce77118f'
    'User-Agent': 'azsdk-python-mgmt-datafactory/1.1.0 Python/3.10.6 (Linux-5.15.0-58-generic-x86_64-with-glibc2.35)'
    'Authorization': 'REDACTED'
No body was attached to the request
[2023-01-25T12:10:25.897-0300] {_universal.py:554} INFO - Response status: 200
Response headers:
    'Cache-Control': 'no-cache'
    'Pragma': 'no-cache'
    'Transfer-Encoding': 'chunked'
    'Content-Type': 'application/json; charset=utf-8'
    'Content-Encoding': 'REDACTED'
    'Expires': '-1'
    'Vary': 'REDACTED'
    'x-ms-correlation-request-id': 'REDACTED'
    'Server': 'Kestrel'
    'x-ms-ratelimit-remaining-subscription-reads': 'REDACTED'
    'x-ms-request-id': '06d5cf4a-c52b-4449-afea-ad59dfd0fb76'
    'x-ms-routing-request-id': 'REDACTED'
    'Strict-Transport-Security': 'REDACTED'
    'X-Content-Type-Options': 'REDACTED'
    'Date': 'Wed, 25 Jan 2023 15:10:25 GMT'
[2023-01-25T12:10:25.898-0300] {data_factory.py:774} INFO - Current status of pipeline run 3e60906e-9cc2-11ed-a50b-05e3ce77118f: Succeeded
[2023-01-25T12:10:25.898-0300] {data_factory.py:182} INFO - Pipeline run 3e60906e-9cc2-11ed-a50b-05e3ce77118f has completed successfully.
[2023-01-25T12:10:25.901-0300] {logging_mixin.py:137} WARNING - /home/airflow/.local/lib/python3.10/site-packages/airflow/models/baseoperator.py:1393 RemovedInAirflow3Warning: Passing 'execution_date' to 'TaskInstance.xcom_push()' is deprecated.
[2023-01-25T12:10:27.067-0300] {taskinstance.py:1322} INFO - Marking task as SUCCESS. dag_id=raw_opt_t_transacaofatura, task_id=run_adf_pipeline, execution_date=20230124T150000, start_date=20230125T150910, end_date=20230125T151027
[2023-01-25T12:10:28.130-0300] {local_task_job.py:159} INFO - Task exited with return code 0
[2023-01-25T12:10:28.701-0300] {taskinstance.py:2582} INFO - 0 downstream tasks scheduled from follow-on schedule check
