[2023-01-25T12:01:31.378-0300] {taskinstance.py:1087} INFO - Dependencies all met for <TaskInstance: raw_opt_t_estabelecimento.run_adf_pipeline scheduled__2023-01-24T15:00:00+00:00 [queued]>
[2023-01-25T12:01:31.779-0300] {taskinstance.py:1087} INFO - Dependencies all met for <TaskInstance: raw_opt_t_estabelecimento.run_adf_pipeline scheduled__2023-01-24T15:00:00+00:00 [queued]>
[2023-01-25T12:01:31.779-0300] {taskinstance.py:1283} INFO - 
--------------------------------------------------------------------------------
[2023-01-25T12:01:31.779-0300] {taskinstance.py:1284} INFO - Starting attempt 1 of 1
[2023-01-25T12:01:31.779-0300] {taskinstance.py:1285} INFO - 
--------------------------------------------------------------------------------
[2023-01-25T12:01:32.482-0300] {taskinstance.py:1304} INFO - Executing <Task(AzureDataFactoryRunPipelineOperator): run_adf_pipeline> on 2023-01-24 15:00:00+00:00
[2023-01-25T12:01:32.488-0300] {standard_task_runner.py:55} INFO - Started process 1739624 to run task
[2023-01-25T12:01:32.493-0300] {standard_task_runner.py:82} INFO - Running: ['airflow', 'tasks', 'run', 'raw_opt_t_estabelecimento', 'run_adf_pipeline', 'scheduled__2023-01-24T15:00:00+00:00', '--job-id', '1369', '--raw', '--subdir', 'DAGS_FOLDER/raw/dock_opt/raw_opt_t_estabelecimento.py', '--cfg-path', '/tmp/tmpjg2w9cxg']
[2023-01-25T12:01:32.496-0300] {standard_task_runner.py:83} INFO - Job 1369: Subtask run_adf_pipeline
[2023-01-25T12:01:35.490-0300] {task_command.py:389} INFO - Running <TaskInstance: raw_opt_t_estabelecimento.run_adf_pipeline scheduled__2023-01-24T15:00:00+00:00 [running]> on host vm-airflow-01
[2023-01-25T12:01:43.386-0300] {taskinstance.py:1511} INFO - Exporting the following env vars:
AIRFLOW_CTX_DAG_OWNER=matheus.rodrigues@fortbrasil.com.br
AIRFLOW_CTX_DAG_ID=raw_opt_t_estabelecimento
AIRFLOW_CTX_TASK_ID=run_adf_pipeline
AIRFLOW_CTX_EXECUTION_DATE=2023-01-24T15:00:00+00:00
AIRFLOW_CTX_TRY_NUMBER=1
AIRFLOW_CTX_DAG_RUN_ID=scheduled__2023-01-24T15:00:00+00:00
[2023-01-25T12:01:43.387-0300] {data_factory.py:154} INFO - Executing the cp_opt_to_datalake pipeline.
[2023-01-25T12:01:43.901-0300] {base.py:73} INFO - Using connection ID 'adf' for task execution.
[2023-01-25T12:01:44.394-0300] {base.py:73} INFO - Using connection ID 'adf' for task execution.
[2023-01-25T12:01:44.891-0300] {base.py:73} INFO - Using connection ID 'adf' for task execution.
[2023-01-25T12:01:44.899-0300] {_universal.py:526} INFO - Request URL: 'https://login.microsoftonline.com:443/d47e09d1-17c6-4a6f-b65c-d49d61e186a2/v2.0/.well-known/openid-configuration'
Request method: 'GET'
Request headers:
    'User-Agent': 'azsdk-python-identity/1.12.0 Python/3.10.6 (Linux-5.15.0-58-generic-x86_64-with-glibc2.35)'
No body was attached to the request
[2023-01-25T12:01:45.351-0300] {_universal.py:554} INFO - Response status: 200
Response headers:
    'Cache-Control': 'max-age=86400, private'
    'Content-Type': 'application/json; charset=utf-8'
    'Strict-Transport-Security': 'REDACTED'
    'X-Content-Type-Options': 'REDACTED'
    'Access-Control-Allow-Origin': 'REDACTED'
    'Access-Control-Allow-Methods': 'REDACTED'
    'P3P': 'REDACTED'
    'x-ms-request-id': '911f30fd-90b2-4614-9470-c4b824629200'
    'x-ms-ests-server': 'REDACTED'
    'X-XSS-Protection': 'REDACTED'
    'Set-Cookie': 'REDACTED'
    'Date': 'Wed, 25 Jan 2023 15:01:45 GMT'
    'Content-Length': '1753'
[2023-01-25T12:01:45.353-0300] {_universal.py:526} INFO - Request URL: 'https://login.microsoftonline.com/common/discovery/instance?api-version=REDACTED&authorization_endpoint=REDACTED'
Request method: 'GET'
Request headers:
    'Accept': 'application/json'
    'User-Agent': 'azsdk-python-identity/1.12.0 Python/3.10.6 (Linux-5.15.0-58-generic-x86_64-with-glibc2.35)'
No body was attached to the request
[2023-01-25T12:01:45.545-0300] {_universal.py:554} INFO - Response status: 200
Response headers:
    'Cache-Control': 'max-age=86400, private'
    'Content-Type': 'application/json; charset=utf-8'
    'Strict-Transport-Security': 'REDACTED'
    'X-Content-Type-Options': 'REDACTED'
    'Access-Control-Allow-Origin': 'REDACTED'
    'Access-Control-Allow-Methods': 'REDACTED'
    'P3P': 'REDACTED'
    'x-ms-request-id': '108b460c-179c-4516-a64d-ac8438636600'
    'x-ms-ests-server': 'REDACTED'
    'X-XSS-Protection': 'REDACTED'
    'Set-Cookie': 'REDACTED'
    'Date': 'Wed, 25 Jan 2023 15:01:45 GMT'
    'Content-Length': '945'
[2023-01-25T12:01:45.546-0300] {_universal.py:523} INFO - Request URL: 'https://login.microsoftonline.com/d47e09d1-17c6-4a6f-b65c-d49d61e186a2/oauth2/v2.0/token'
Request method: 'POST'
Request headers:
    'Accept': 'application/json'
    'x-client-sku': 'REDACTED'
    'x-client-ver': 'REDACTED'
    'x-client-os': 'REDACTED'
    'x-client-cpu': 'REDACTED'
    'x-ms-lib-capability': 'REDACTED'
    'client-request-id': 'REDACTED'
    'x-client-current-telemetry': 'REDACTED'
    'x-client-last-telemetry': 'REDACTED'
    'User-Agent': 'azsdk-python-identity/1.12.0 Python/3.10.6 (Linux-5.15.0-58-generic-x86_64-with-glibc2.35)'
A body is sent with the request
[2023-01-25T12:01:45.795-0300] {_universal.py:554} INFO - Response status: 200
Response headers:
    'Cache-Control': 'no-store, no-cache'
    'Pragma': 'no-cache'
    'Content-Type': 'application/json; charset=utf-8'
    'Expires': '-1'
    'Strict-Transport-Security': 'REDACTED'
    'X-Content-Type-Options': 'REDACTED'
    'P3P': 'REDACTED'
    'client-request-id': 'REDACTED'
    'x-ms-request-id': '587e51d6-5060-4114-8585-f1f554bf5a00'
    'x-ms-ests-server': 'REDACTED'
    'x-ms-clitelem': 'REDACTED'
    'X-XSS-Protection': 'REDACTED'
    'Set-Cookie': 'REDACTED'
    'Date': 'Wed, 25 Jan 2023 15:01:45 GMT'
    'Content-Length': '1391'
[2023-01-25T12:01:45.796-0300] {get_token_mixin.py:77} INFO - ClientSecretCredential.get_token succeeded
[2023-01-25T12:01:45.796-0300] {_universal.py:523} INFO - Request URL: 'https://management.azure.com/subscriptions/5e5642ec-dd71-4e9a-a29e-58effbf39209/resourceGroups/rg-mdw-hml-fb/providers/Microsoft.DataFactory/factories/adf-mdw-hml-fb/pipelines/cp_opt_to_datalake/createRun?api-version=REDACTED'
Request method: 'POST'
Request headers:
    'Content-Type': 'application/json'
    'Accept': 'application/json'
    'Content-Length': '141'
    'x-ms-client-request-id': '2ef82cfa-9cc1-11ed-a50b-05e3ce77118f'
    'User-Agent': 'azsdk-python-mgmt-datafactory/1.1.0 Python/3.10.6 (Linux-5.15.0-58-generic-x86_64-with-glibc2.35)'
    'Authorization': 'REDACTED'
A body is sent with the request
[2023-01-25T12:01:47.286-0300] {_universal.py:554} INFO - Response status: 200
Response headers:
    'Cache-Control': 'no-cache'
    'Pragma': 'no-cache'
    'Transfer-Encoding': 'chunked'
    'Content-Type': 'application/json; charset=utf-8'
    'Content-Encoding': 'REDACTED'
    'Expires': '-1'
    'Vary': 'REDACTED'
    'x-ms-correlation-request-id': 'REDACTED'
    'Server': 'Kestrel'
    'x-ms-ratelimit-remaining-subscription-writes': 'REDACTED'
    'x-ms-request-id': '1d3ff360-975b-4285-baf4-3f0337d972d5'
    'x-ms-routing-request-id': 'REDACTED'
    'Strict-Transport-Security': 'REDACTED'
    'X-Content-Type-Options': 'REDACTED'
    'Date': 'Wed, 25 Jan 2023 15:01:46 GMT'
[2023-01-25T12:01:48.067-0300] {data_factory.py:172} INFO - Waiting for pipeline run 2ef82cfa-9cc1-11ed-a50b-05e3ce77118f to terminate.
[2023-01-25T12:01:48.067-0300] {data_factory.py:768} INFO - Getting the status of run ID 2ef82cfa-9cc1-11ed-a50b-05e3ce77118f.
[2023-01-25T12:01:48.904-0300] {base.py:73} INFO - Using connection ID 'adf' for task execution.
[2023-01-25T12:01:49.415-0300] {base.py:73} INFO - Using connection ID 'adf' for task execution.
[2023-01-25T12:01:49.416-0300] {_universal.py:526} INFO - Request URL: 'https://management.azure.com/subscriptions/5e5642ec-dd71-4e9a-a29e-58effbf39209/resourceGroups/rg-mdw-hml-fb/providers/Microsoft.DataFactory/factories/adf-mdw-hml-fb/pipelineruns/2ef82cfa-9cc1-11ed-a50b-05e3ce77118f?api-version=REDACTED'
Request method: 'GET'
Request headers:
    'Accept': 'application/json'
    'x-ms-client-request-id': '31a97ab2-9cc1-11ed-a50b-05e3ce77118f'
    'User-Agent': 'azsdk-python-mgmt-datafactory/1.1.0 Python/3.10.6 (Linux-5.15.0-58-generic-x86_64-with-glibc2.35)'
    'Authorization': 'REDACTED'
No body was attached to the request
[2023-01-25T12:01:49.529-0300] {_universal.py:554} INFO - Response status: 200
Response headers:
    'Cache-Control': 'no-cache'
    'Pragma': 'no-cache'
    'Transfer-Encoding': 'chunked'
    'Content-Type': 'application/json; charset=utf-8'
    'Content-Encoding': 'REDACTED'
    'Expires': '-1'
    'Vary': 'REDACTED'
    'x-ms-correlation-request-id': 'REDACTED'
    'Server': 'Kestrel'
    'x-ms-ratelimit-remaining-subscription-reads': 'REDACTED'
    'x-ms-request-id': '2ff1c1f8-597b-4ece-8a46-57360eb8a211'
    'x-ms-routing-request-id': 'REDACTED'
    'Strict-Transport-Security': 'REDACTED'
    'X-Content-Type-Options': 'REDACTED'
    'Date': 'Wed, 25 Jan 2023 15:01:48 GMT'
[2023-01-25T12:01:49.538-0300] {data_factory.py:774} INFO - Current status of pipeline run 2ef82cfa-9cc1-11ed-a50b-05e3ce77118f: InProgress
[2023-01-25T12:02:49.597-0300] {data_factory.py:768} INFO - Getting the status of run ID 2ef82cfa-9cc1-11ed-a50b-05e3ce77118f.
[2023-01-25T12:02:50.124-0300] {base.py:73} INFO - Using connection ID 'adf' for task execution.
[2023-01-25T12:02:50.615-0300] {base.py:73} INFO - Using connection ID 'adf' for task execution.
[2023-01-25T12:02:50.618-0300] {_universal.py:526} INFO - Request URL: 'https://management.azure.com/subscriptions/5e5642ec-dd71-4e9a-a29e-58effbf39209/resourceGroups/rg-mdw-hml-fb/providers/Microsoft.DataFactory/factories/adf-mdw-hml-fb/pipelineruns/2ef82cfa-9cc1-11ed-a50b-05e3ce77118f?api-version=REDACTED'
Request method: 'GET'
Request headers:
    'Accept': 'application/json'
    'x-ms-client-request-id': '56240b82-9cc1-11ed-a50b-05e3ce77118f'
    'User-Agent': 'azsdk-python-mgmt-datafactory/1.1.0 Python/3.10.6 (Linux-5.15.0-58-generic-x86_64-with-glibc2.35)'
    'Authorization': 'REDACTED'
No body was attached to the request
[2023-01-25T12:02:50.737-0300] {_universal.py:554} INFO - Response status: 200
Response headers:
    'Cache-Control': 'no-cache'
    'Pragma': 'no-cache'
    'Transfer-Encoding': 'chunked'
    'Content-Type': 'application/json; charset=utf-8'
    'Content-Encoding': 'REDACTED'
    'Expires': '-1'
    'Vary': 'REDACTED'
    'x-ms-correlation-request-id': 'REDACTED'
    'Server': 'Kestrel'
    'x-ms-ratelimit-remaining-subscription-reads': 'REDACTED'
    'x-ms-request-id': '616da93e-332f-4d27-9ec0-3f1edcecec52'
    'x-ms-routing-request-id': 'REDACTED'
    'Strict-Transport-Security': 'REDACTED'
    'X-Content-Type-Options': 'REDACTED'
    'Date': 'Wed, 25 Jan 2023 15:02:50 GMT'
[2023-01-25T12:02:50.737-0300] {data_factory.py:774} INFO - Current status of pipeline run 2ef82cfa-9cc1-11ed-a50b-05e3ce77118f: Succeeded
[2023-01-25T12:02:50.738-0300] {data_factory.py:182} INFO - Pipeline run 2ef82cfa-9cc1-11ed-a50b-05e3ce77118f has completed successfully.
[2023-01-25T12:02:50.741-0300] {logging_mixin.py:137} WARNING - /home/airflow/.local/lib/python3.10/site-packages/airflow/models/baseoperator.py:1393 RemovedInAirflow3Warning: Passing 'execution_date' to 'TaskInstance.xcom_push()' is deprecated.
[2023-01-25T12:02:51.886-0300] {taskinstance.py:1322} INFO - Marking task as SUCCESS. dag_id=raw_opt_t_estabelecimento, task_id=run_adf_pipeline, execution_date=20230124T150000, start_date=20230125T150131, end_date=20230125T150251
[2023-01-25T12:02:52.945-0300] {local_task_job.py:159} INFO - Task exited with return code 0
[2023-01-25T12:02:53.550-0300] {taskinstance.py:2582} INFO - 0 downstream tasks scheduled from follow-on schedule check
