[2023-01-21T16:07:45.012-0300] {taskinstance.py:1087} INFO - Dependencies all met for <TaskInstance: bronze_opt_t_origemcomercial.run_databricks_notebook dataset_triggered__2023-01-21T19:07:25.442466+00:00 [queued]>
[2023-01-21T16:07:45.390-0300] {taskinstance.py:1087} INFO - Dependencies all met for <TaskInstance: bronze_opt_t_origemcomercial.run_databricks_notebook dataset_triggered__2023-01-21T19:07:25.442466+00:00 [queued]>
[2023-01-21T16:07:45.390-0300] {taskinstance.py:1283} INFO - 
--------------------------------------------------------------------------------
[2023-01-21T16:07:45.390-0300] {taskinstance.py:1284} INFO - Starting attempt 1 of 1
[2023-01-21T16:07:45.391-0300] {taskinstance.py:1285} INFO - 
--------------------------------------------------------------------------------
[2023-01-21T16:07:45.799-0300] {taskinstance.py:1304} INFO - Executing <Task(DatabricksSubmitRunOperator): run_databricks_notebook> on 2023-01-21 19:07:25.442466+00:00
[2023-01-21T16:07:45.805-0300] {standard_task_runner.py:55} INFO - Started process 684709 to run task
[2023-01-21T16:07:45.810-0300] {standard_task_runner.py:82} INFO - Running: ['airflow', 'tasks', 'run', 'bronze_opt_t_origemcomercial', 'run_databricks_notebook', 'dataset_triggered__2023-01-21T19:07:25.442466+00:00', '--job-id', '1135', '--raw', '--subdir', 'DAGS_FOLDER/bronze/dock_opt/bronze_opt_t_origemcomercial.py', '--cfg-path', '/tmp/tmp08h9vjo6']
[2023-01-21T16:07:45.816-0300] {standard_task_runner.py:83} INFO - Job 1135: Subtask run_databricks_notebook
[2023-01-21T16:07:48.860-0300] {task_command.py:389} INFO - Running <TaskInstance: bronze_opt_t_origemcomercial.run_databricks_notebook dataset_triggered__2023-01-21T19:07:25.442466+00:00 [running]> on host vm-airflow-01
[2023-01-21T16:07:51.221-0300] {taskinstance.py:1511} INFO - Exporting the following env vars:
AIRFLOW_CTX_DAG_OWNER=matheus.rodrigues@fortbrasil.com.br
AIRFLOW_CTX_DAG_ID=bronze_opt_t_origemcomercial
AIRFLOW_CTX_TASK_ID=run_databricks_notebook
AIRFLOW_CTX_EXECUTION_DATE=2023-01-21T19:07:25.442466+00:00
AIRFLOW_CTX_TRY_NUMBER=1
AIRFLOW_CTX_DAG_RUN_ID=dataset_triggered__2023-01-21T19:07:25.442466+00:00
[2023-01-21T16:07:51.726-0300] {base.py:73} INFO - Using connection ID 'adb' for task execution.
[2023-01-21T16:07:51.931-0300] {databricks_base.py:424} INFO - Using token auth. For security reasons, please set token in Password field instead of extra
[2023-01-21T16:07:53.320-0300] {databricks.py:50} INFO - Run submitted with run_id: 66950
[2023-01-21T16:07:53.321-0300] {databricks_base.py:424} INFO - Using token auth. For security reasons, please set token in Password field instead of extra
[2023-01-21T16:07:54.401-0300] {databricks_base.py:424} INFO - Using token auth. For security reasons, please set token in Password field instead of extra
[2023-01-21T16:07:54.671-0300] {databricks.py:91} INFO - run_databricks_notebook in run state: {'life_cycle_state': 'PENDING', 'result_state': '', 'state_message': ''}
[2023-01-21T16:07:54.671-0300] {databricks.py:92} INFO - View run status, Spark UI, and logs at https://adb-1362567168960874.14.azuredatabricks.net/?o=1362567168960874#job/691570364131650/run/66950
[2023-01-21T16:07:54.671-0300] {databricks.py:93} INFO - Sleeping for 30 seconds.
[2023-01-21T16:08:24.700-0300] {databricks_base.py:424} INFO - Using token auth. For security reasons, please set token in Password field instead of extra
[2023-01-21T16:08:25.040-0300] {databricks.py:91} INFO - run_databricks_notebook in run state: {'life_cycle_state': 'PENDING', 'result_state': '', 'state_message': ''}
[2023-01-21T16:08:25.041-0300] {databricks.py:92} INFO - View run status, Spark UI, and logs at https://adb-1362567168960874.14.azuredatabricks.net/?o=1362567168960874#job/691570364131650/run/66950
[2023-01-21T16:08:25.041-0300] {databricks.py:93} INFO - Sleeping for 30 seconds.
[2023-01-21T16:08:55.068-0300] {databricks_base.py:424} INFO - Using token auth. For security reasons, please set token in Password field instead of extra
[2023-01-21T16:08:55.350-0300] {databricks.py:91} INFO - run_databricks_notebook in run state: {'life_cycle_state': 'PENDING', 'result_state': '', 'state_message': ''}
[2023-01-21T16:08:55.351-0300] {databricks.py:92} INFO - View run status, Spark UI, and logs at https://adb-1362567168960874.14.azuredatabricks.net/?o=1362567168960874#job/691570364131650/run/66950
[2023-01-21T16:08:55.351-0300] {databricks.py:93} INFO - Sleeping for 30 seconds.
[2023-01-21T16:09:25.380-0300] {databricks_base.py:424} INFO - Using token auth. For security reasons, please set token in Password field instead of extra
[2023-01-21T16:09:25.677-0300] {databricks.py:91} INFO - run_databricks_notebook in run state: {'life_cycle_state': 'PENDING', 'result_state': '', 'state_message': ''}
[2023-01-21T16:09:25.678-0300] {databricks.py:92} INFO - View run status, Spark UI, and logs at https://adb-1362567168960874.14.azuredatabricks.net/?o=1362567168960874#job/691570364131650/run/66950
[2023-01-21T16:09:25.678-0300] {databricks.py:93} INFO - Sleeping for 30 seconds.
[2023-01-21T16:09:55.708-0300] {databricks_base.py:424} INFO - Using token auth. For security reasons, please set token in Password field instead of extra
[2023-01-21T16:09:56.072-0300] {databricks.py:91} INFO - run_databricks_notebook in run state: {'life_cycle_state': 'PENDING', 'result_state': '', 'state_message': ''}
[2023-01-21T16:09:56.073-0300] {databricks.py:92} INFO - View run status, Spark UI, and logs at https://adb-1362567168960874.14.azuredatabricks.net/?o=1362567168960874#job/691570364131650/run/66950
[2023-01-21T16:09:56.073-0300] {databricks.py:93} INFO - Sleeping for 30 seconds.
[2023-01-21T16:10:26.100-0300] {databricks_base.py:424} INFO - Using token auth. For security reasons, please set token in Password field instead of extra
[2023-01-21T16:10:26.366-0300] {databricks.py:91} INFO - run_databricks_notebook in run state: {'life_cycle_state': 'PENDING', 'result_state': '', 'state_message': ''}
[2023-01-21T16:10:26.366-0300] {databricks.py:92} INFO - View run status, Spark UI, and logs at https://adb-1362567168960874.14.azuredatabricks.net/?o=1362567168960874#job/691570364131650/run/66950
[2023-01-21T16:10:26.367-0300] {databricks.py:93} INFO - Sleeping for 30 seconds.
[2023-01-21T16:10:56.396-0300] {databricks_base.py:424} INFO - Using token auth. For security reasons, please set token in Password field instead of extra
[2023-01-21T16:10:56.663-0300] {databricks.py:91} INFO - run_databricks_notebook in run state: {'life_cycle_state': 'PENDING', 'result_state': '', 'state_message': ''}
[2023-01-21T16:10:56.664-0300] {databricks.py:92} INFO - View run status, Spark UI, and logs at https://adb-1362567168960874.14.azuredatabricks.net/?o=1362567168960874#job/691570364131650/run/66950
[2023-01-21T16:10:56.664-0300] {databricks.py:93} INFO - Sleeping for 30 seconds.
[2023-01-21T16:11:26.695-0300] {databricks_base.py:424} INFO - Using token auth. For security reasons, please set token in Password field instead of extra
[2023-01-21T16:11:26.967-0300] {databricks.py:91} INFO - run_databricks_notebook in run state: {'life_cycle_state': 'PENDING', 'result_state': '', 'state_message': ''}
[2023-01-21T16:11:26.967-0300] {databricks.py:92} INFO - View run status, Spark UI, and logs at https://adb-1362567168960874.14.azuredatabricks.net/?o=1362567168960874#job/691570364131650/run/66950
[2023-01-21T16:11:26.967-0300] {databricks.py:93} INFO - Sleeping for 30 seconds.
[2023-01-21T16:11:56.997-0300] {databricks_base.py:424} INFO - Using token auth. For security reasons, please set token in Password field instead of extra
[2023-01-21T16:11:57.292-0300] {databricks.py:91} INFO - run_databricks_notebook in run state: {'life_cycle_state': 'PENDING', 'result_state': '', 'state_message': ''}
[2023-01-21T16:11:57.292-0300] {databricks.py:92} INFO - View run status, Spark UI, and logs at https://adb-1362567168960874.14.azuredatabricks.net/?o=1362567168960874#job/691570364131650/run/66950
[2023-01-21T16:11:57.292-0300] {databricks.py:93} INFO - Sleeping for 30 seconds.
[2023-01-21T16:12:27.320-0300] {databricks_base.py:424} INFO - Using token auth. For security reasons, please set token in Password field instead of extra
[2023-01-21T16:12:27.602-0300] {databricks.py:91} INFO - run_databricks_notebook in run state: {'life_cycle_state': 'PENDING', 'result_state': '', 'state_message': ''}
[2023-01-21T16:12:27.603-0300] {databricks.py:92} INFO - View run status, Spark UI, and logs at https://adb-1362567168960874.14.azuredatabricks.net/?o=1362567168960874#job/691570364131650/run/66950
[2023-01-21T16:12:27.603-0300] {databricks.py:93} INFO - Sleeping for 30 seconds.
[2023-01-21T16:12:57.629-0300] {databricks_base.py:424} INFO - Using token auth. For security reasons, please set token in Password field instead of extra
[2023-01-21T16:12:57.936-0300] {databricks.py:91} INFO - run_databricks_notebook in run state: {'life_cycle_state': 'PENDING', 'result_state': '', 'state_message': ''}
[2023-01-21T16:12:57.936-0300] {databricks.py:92} INFO - View run status, Spark UI, and logs at https://adb-1362567168960874.14.azuredatabricks.net/?o=1362567168960874#job/691570364131650/run/66950
[2023-01-21T16:12:57.937-0300] {databricks.py:93} INFO - Sleeping for 30 seconds.
[2023-01-21T16:13:27.967-0300] {databricks_base.py:424} INFO - Using token auth. For security reasons, please set token in Password field instead of extra
[2023-01-21T16:13:28.242-0300] {databricks.py:91} INFO - run_databricks_notebook in run state: {'life_cycle_state': 'RUNNING', 'result_state': '', 'state_message': 'In run'}
[2023-01-21T16:13:28.243-0300] {databricks.py:92} INFO - View run status, Spark UI, and logs at https://adb-1362567168960874.14.azuredatabricks.net/?o=1362567168960874#job/691570364131650/run/66950
[2023-01-21T16:13:28.243-0300] {databricks.py:93} INFO - Sleeping for 30 seconds.
[2023-01-21T16:13:58.272-0300] {databricks_base.py:424} INFO - Using token auth. For security reasons, please set token in Password field instead of extra
[2023-01-21T16:13:58.590-0300] {databricks.py:91} INFO - run_databricks_notebook in run state: {'life_cycle_state': 'RUNNING', 'result_state': '', 'state_message': 'In run'}
[2023-01-21T16:13:58.590-0300] {databricks.py:92} INFO - View run status, Spark UI, and logs at https://adb-1362567168960874.14.azuredatabricks.net/?o=1362567168960874#job/691570364131650/run/66950
[2023-01-21T16:13:58.590-0300] {databricks.py:93} INFO - Sleeping for 30 seconds.
[2023-01-21T16:14:28.620-0300] {databricks_base.py:424} INFO - Using token auth. For security reasons, please set token in Password field instead of extra
[2023-01-21T16:14:28.924-0300] {databricks.py:91} INFO - run_databricks_notebook in run state: {'life_cycle_state': 'RUNNING', 'result_state': '', 'state_message': 'In run'}
[2023-01-21T16:14:28.924-0300] {databricks.py:92} INFO - View run status, Spark UI, and logs at https://adb-1362567168960874.14.azuredatabricks.net/?o=1362567168960874#job/691570364131650/run/66950
[2023-01-21T16:14:28.925-0300] {databricks.py:93} INFO - Sleeping for 30 seconds.
[2023-01-21T16:14:58.955-0300] {databricks_base.py:424} INFO - Using token auth. For security reasons, please set token in Password field instead of extra
[2023-01-21T16:14:59.247-0300] {databricks.py:91} INFO - run_databricks_notebook in run state: {'life_cycle_state': 'RUNNING', 'result_state': '', 'state_message': 'In run'}
[2023-01-21T16:14:59.247-0300] {databricks.py:92} INFO - View run status, Spark UI, and logs at https://adb-1362567168960874.14.azuredatabricks.net/?o=1362567168960874#job/691570364131650/run/66950
[2023-01-21T16:14:59.247-0300] {databricks.py:93} INFO - Sleeping for 30 seconds.
[2023-01-21T16:15:29.272-0300] {databricks_base.py:424} INFO - Using token auth. For security reasons, please set token in Password field instead of extra
[2023-01-21T16:15:29.591-0300] {databricks.py:61} INFO - run_databricks_notebook completed successfully.
[2023-01-21T16:15:29.592-0300] {databricks.py:62} INFO - View run status, Spark UI, and logs at https://adb-1362567168960874.14.azuredatabricks.net/?o=1362567168960874#job/691570364131650/run/66950
[2023-01-21T16:15:29.605-0300] {logging_mixin.py:137} WARNING - /home/airflow/.local/lib/python3.10/site-packages/airflow/models/baseoperator.py:1393 RemovedInAirflow3Warning: Passing 'execution_date' to 'TaskInstance.xcom_push()' is deprecated.
[2023-01-21T16:15:30.777-0300] {taskinstance.py:1322} INFO - Marking task as SUCCESS. dag_id=bronze_opt_t_origemcomercial, task_id=run_databricks_notebook, execution_date=20230121T190725, start_date=20230121T190745, end_date=20230121T191530
[2023-01-21T16:15:31.630-0300] {local_task_job.py:159} INFO - Task exited with return code 0
[2023-01-21T16:15:32.202-0300] {taskinstance.py:2582} INFO - 0 downstream tasks scheduled from follow-on schedule check
