[2023-01-23T12:02:35.253-0300] {taskinstance.py:1087} INFO - Dependencies all met for <TaskInstance: bronze_opt_t_conta.run_databricks_notebook dataset_triggered__2023-01-23T15:02:12.628187+00:00 [queued]>
[2023-01-23T12:02:35.635-0300] {taskinstance.py:1087} INFO - Dependencies all met for <TaskInstance: bronze_opt_t_conta.run_databricks_notebook dataset_triggered__2023-01-23T15:02:12.628187+00:00 [queued]>
[2023-01-23T12:02:35.635-0300] {taskinstance.py:1283} INFO - 
--------------------------------------------------------------------------------
[2023-01-23T12:02:35.636-0300] {taskinstance.py:1284} INFO - Starting attempt 1 of 1
[2023-01-23T12:02:35.636-0300] {taskinstance.py:1285} INFO - 
--------------------------------------------------------------------------------
[2023-01-23T12:02:36.081-0300] {taskinstance.py:1304} INFO - Executing <Task(DatabricksSubmitRunOperator): run_databricks_notebook> on 2023-01-23 15:02:12.628187+00:00
[2023-01-23T12:02:36.087-0300] {standard_task_runner.py:55} INFO - Started process 1109024 to run task
[2023-01-23T12:02:36.091-0300] {standard_task_runner.py:82} INFO - Running: ['airflow', 'tasks', 'run', 'bronze_opt_t_conta', 'run_databricks_notebook', 'dataset_triggered__2023-01-23T15:02:12.628187+00:00', '--job-id', '1206', '--raw', '--subdir', 'DAGS_FOLDER/bronze/dock_opt/bronze_opt_t_conta.py', '--cfg-path', '/tmp/tmpjsjtgm4m']
[2023-01-23T12:02:36.097-0300] {standard_task_runner.py:83} INFO - Job 1206: Subtask run_databricks_notebook
[2023-01-23T12:02:39.117-0300] {task_command.py:389} INFO - Running <TaskInstance: bronze_opt_t_conta.run_databricks_notebook dataset_triggered__2023-01-23T15:02:12.628187+00:00 [running]> on host vm-airflow-01
[2023-01-23T12:02:42.050-0300] {taskinstance.py:1511} INFO - Exporting the following env vars:
AIRFLOW_CTX_DAG_OWNER=matheus.rodrigues@fortbrasil.com.br
AIRFLOW_CTX_DAG_ID=bronze_opt_t_conta
AIRFLOW_CTX_TASK_ID=run_databricks_notebook
AIRFLOW_CTX_EXECUTION_DATE=2023-01-23T15:02:12.628187+00:00
AIRFLOW_CTX_TRY_NUMBER=1
AIRFLOW_CTX_DAG_RUN_ID=dataset_triggered__2023-01-23T15:02:12.628187+00:00
[2023-01-23T12:02:42.564-0300] {base.py:73} INFO - Using connection ID 'adb' for task execution.
[2023-01-23T12:02:42.758-0300] {databricks_base.py:424} INFO - Using token auth. For security reasons, please set token in Password field instead of extra
[2023-01-23T12:02:44.033-0300] {databricks.py:50} INFO - Run submitted with run_id: 74214
[2023-01-23T12:02:44.033-0300] {databricks_base.py:424} INFO - Using token auth. For security reasons, please set token in Password field instead of extra
[2023-01-23T12:02:45.156-0300] {databricks_base.py:424} INFO - Using token auth. For security reasons, please set token in Password field instead of extra
[2023-01-23T12:02:45.421-0300] {databricks.py:91} INFO - run_databricks_notebook in run state: {'life_cycle_state': 'PENDING', 'result_state': '', 'state_message': ''}
[2023-01-23T12:02:45.421-0300] {databricks.py:92} INFO - View run status, Spark UI, and logs at https://adb-1362567168960874.14.azuredatabricks.net/?o=1362567168960874#job/467436071902049/run/74214
[2023-01-23T12:02:45.421-0300] {databricks.py:93} INFO - Sleeping for 30 seconds.
[2023-01-23T12:03:15.450-0300] {databricks_base.py:424} INFO - Using token auth. For security reasons, please set token in Password field instead of extra
[2023-01-23T12:03:15.718-0300] {databricks.py:91} INFO - run_databricks_notebook in run state: {'life_cycle_state': 'PENDING', 'result_state': '', 'state_message': ''}
[2023-01-23T12:03:15.719-0300] {databricks.py:92} INFO - View run status, Spark UI, and logs at https://adb-1362567168960874.14.azuredatabricks.net/?o=1362567168960874#job/467436071902049/run/74214
[2023-01-23T12:03:15.719-0300] {databricks.py:93} INFO - Sleeping for 30 seconds.
[2023-01-23T12:03:45.740-0300] {databricks_base.py:424} INFO - Using token auth. For security reasons, please set token in Password field instead of extra
[2023-01-23T12:03:46.044-0300] {databricks.py:91} INFO - run_databricks_notebook in run state: {'life_cycle_state': 'PENDING', 'result_state': '', 'state_message': ''}
[2023-01-23T12:03:46.045-0300] {databricks.py:92} INFO - View run status, Spark UI, and logs at https://adb-1362567168960874.14.azuredatabricks.net/?o=1362567168960874#job/467436071902049/run/74214
[2023-01-23T12:03:46.045-0300] {databricks.py:93} INFO - Sleeping for 30 seconds.
[2023-01-23T12:04:16.056-0300] {databricks_base.py:424} INFO - Using token auth. For security reasons, please set token in Password field instead of extra
[2023-01-23T12:04:16.320-0300] {databricks.py:91} INFO - run_databricks_notebook in run state: {'life_cycle_state': 'RUNNING', 'result_state': '', 'state_message': 'In run'}
[2023-01-23T12:04:16.320-0300] {databricks.py:92} INFO - View run status, Spark UI, and logs at https://adb-1362567168960874.14.azuredatabricks.net/?o=1362567168960874#job/467436071902049/run/74214
[2023-01-23T12:04:16.321-0300] {databricks.py:93} INFO - Sleeping for 30 seconds.
[2023-01-23T12:04:46.351-0300] {databricks_base.py:424} INFO - Using token auth. For security reasons, please set token in Password field instead of extra
[2023-01-23T12:04:46.642-0300] {databricks.py:91} INFO - run_databricks_notebook in run state: {'life_cycle_state': 'RUNNING', 'result_state': '', 'state_message': 'In run'}
[2023-01-23T12:04:46.642-0300] {databricks.py:92} INFO - View run status, Spark UI, and logs at https://adb-1362567168960874.14.azuredatabricks.net/?o=1362567168960874#job/467436071902049/run/74214
[2023-01-23T12:04:46.643-0300] {databricks.py:93} INFO - Sleeping for 30 seconds.
[2023-01-23T12:05:16.674-0300] {databricks_base.py:424} INFO - Using token auth. For security reasons, please set token in Password field instead of extra
[2023-01-23T12:05:16.974-0300] {databricks.py:91} INFO - run_databricks_notebook in run state: {'life_cycle_state': 'RUNNING', 'result_state': '', 'state_message': 'In run'}
[2023-01-23T12:05:16.974-0300] {databricks.py:92} INFO - View run status, Spark UI, and logs at https://adb-1362567168960874.14.azuredatabricks.net/?o=1362567168960874#job/467436071902049/run/74214
[2023-01-23T12:05:16.974-0300] {databricks.py:93} INFO - Sleeping for 30 seconds.
[2023-01-23T12:05:47.004-0300] {databricks_base.py:424} INFO - Using token auth. For security reasons, please set token in Password field instead of extra
[2023-01-23T12:05:47.285-0300] {databricks.py:91} INFO - run_databricks_notebook in run state: {'life_cycle_state': 'RUNNING', 'result_state': '', 'state_message': 'In run'}
[2023-01-23T12:05:47.285-0300] {databricks.py:92} INFO - View run status, Spark UI, and logs at https://adb-1362567168960874.14.azuredatabricks.net/?o=1362567168960874#job/467436071902049/run/74214
[2023-01-23T12:05:47.285-0300] {databricks.py:93} INFO - Sleeping for 30 seconds.
[2023-01-23T12:06:17.294-0300] {databricks_base.py:424} INFO - Using token auth. For security reasons, please set token in Password field instead of extra
[2023-01-23T12:06:17.551-0300] {databricks.py:91} INFO - run_databricks_notebook in run state: {'life_cycle_state': 'RUNNING', 'result_state': '', 'state_message': 'In run'}
[2023-01-23T12:06:17.552-0300] {databricks.py:92} INFO - View run status, Spark UI, and logs at https://adb-1362567168960874.14.azuredatabricks.net/?o=1362567168960874#job/467436071902049/run/74214
[2023-01-23T12:06:17.552-0300] {databricks.py:93} INFO - Sleeping for 30 seconds.
[2023-01-23T12:06:47.572-0300] {databricks_base.py:424} INFO - Using token auth. For security reasons, please set token in Password field instead of extra
[2023-01-23T12:06:47.923-0300] {databricks.py:91} INFO - run_databricks_notebook in run state: {'life_cycle_state': 'RUNNING', 'result_state': '', 'state_message': 'In run'}
[2023-01-23T12:06:47.923-0300] {databricks.py:92} INFO - View run status, Spark UI, and logs at https://adb-1362567168960874.14.azuredatabricks.net/?o=1362567168960874#job/467436071902049/run/74214
[2023-01-23T12:06:47.923-0300] {databricks.py:93} INFO - Sleeping for 30 seconds.
[2023-01-23T12:07:17.928-0300] {databricks_base.py:424} INFO - Using token auth. For security reasons, please set token in Password field instead of extra
[2023-01-23T12:07:18.195-0300] {databricks.py:61} INFO - run_databricks_notebook completed successfully.
[2023-01-23T12:07:18.195-0300] {databricks.py:62} INFO - View run status, Spark UI, and logs at https://adb-1362567168960874.14.azuredatabricks.net/?o=1362567168960874#job/467436071902049/run/74214
[2023-01-23T12:07:18.203-0300] {logging_mixin.py:137} WARNING - /home/airflow/.local/lib/python3.10/site-packages/airflow/models/baseoperator.py:1393 RemovedInAirflow3Warning: Passing 'execution_date' to 'TaskInstance.xcom_push()' is deprecated.
[2023-01-23T12:07:19.393-0300] {taskinstance.py:1322} INFO - Marking task as SUCCESS. dag_id=bronze_opt_t_conta, task_id=run_databricks_notebook, execution_date=20230123T150212, start_date=20230123T150235, end_date=20230123T150719
[2023-01-23T12:07:20.598-0300] {local_task_job.py:159} INFO - Task exited with return code 0
[2023-01-23T12:07:21.158-0300] {taskinstance.py:2582} INFO - 0 downstream tasks scheduled from follow-on schedule check
