[2023-01-21T16:06:08.279-0300] {taskinstance.py:1087} INFO - Dependencies all met for <TaskInstance: raw_opt_t_servicoconta.run_adf_pipeline scheduled__2023-01-20T15:00:00+00:00 [queued]>
[2023-01-21T16:06:08.692-0300] {taskinstance.py:1087} INFO - Dependencies all met for <TaskInstance: raw_opt_t_servicoconta.run_adf_pipeline scheduled__2023-01-20T15:00:00+00:00 [queued]>
[2023-01-21T16:06:08.692-0300] {taskinstance.py:1283} INFO - 
--------------------------------------------------------------------------------
[2023-01-21T16:06:08.692-0300] {taskinstance.py:1284} INFO - Starting attempt 1 of 1
[2023-01-21T16:06:08.693-0300] {taskinstance.py:1285} INFO - 
--------------------------------------------------------------------------------
[2023-01-21T16:06:09.385-0300] {taskinstance.py:1304} INFO - Executing <Task(AzureDataFactoryRunPipelineOperator): run_adf_pipeline> on 2023-01-20 15:00:00+00:00
[2023-01-21T16:06:09.389-0300] {standard_task_runner.py:55} INFO - Started process 684437 to run task
[2023-01-21T16:06:09.394-0300] {standard_task_runner.py:82} INFO - Running: ['airflow', 'tasks', 'run', 'raw_opt_t_servicoconta', 'run_adf_pipeline', 'scheduled__2023-01-20T15:00:00+00:00', '--job-id', '1125', '--raw', '--subdir', 'DAGS_FOLDER/raw/dock_opt/raw_opt_t_servicoconta.py', '--cfg-path', '/tmp/tmpao_022mm']
[2023-01-21T16:06:09.398-0300] {standard_task_runner.py:83} INFO - Job 1125: Subtask run_adf_pipeline
[2023-01-21T16:06:12.429-0300] {task_command.py:389} INFO - Running <TaskInstance: raw_opt_t_servicoconta.run_adf_pipeline scheduled__2023-01-20T15:00:00+00:00 [running]> on host vm-airflow-01
[2023-01-21T16:06:15.329-0300] {taskinstance.py:1511} INFO - Exporting the following env vars:
AIRFLOW_CTX_DAG_OWNER=matheus.rodrigues@fortbrasil.com.br
AIRFLOW_CTX_DAG_ID=raw_opt_t_servicoconta
AIRFLOW_CTX_TASK_ID=run_adf_pipeline
AIRFLOW_CTX_EXECUTION_DATE=2023-01-20T15:00:00+00:00
AIRFLOW_CTX_TRY_NUMBER=1
AIRFLOW_CTX_DAG_RUN_ID=scheduled__2023-01-20T15:00:00+00:00
[2023-01-21T16:06:15.330-0300] {data_factory.py:154} INFO - Executing the cp_opt_to_datalake pipeline.
[2023-01-21T16:06:15.830-0300] {base.py:73} INFO - Using connection ID 'adf' for task execution.
[2023-01-21T16:06:16.324-0300] {base.py:73} INFO - Using connection ID 'adf' for task execution.
[2023-01-21T16:06:16.836-0300] {base.py:73} INFO - Using connection ID 'adf' for task execution.
[2023-01-21T16:06:16.846-0300] {_universal.py:526} INFO - Request URL: 'https://login.microsoftonline.com:443/d47e09d1-17c6-4a6f-b65c-d49d61e186a2/v2.0/.well-known/openid-configuration'
Request method: 'GET'
Request headers:
    'User-Agent': 'azsdk-python-identity/1.12.0 Python/3.10.6 (Linux-5.15.0-58-generic-x86_64-with-glibc2.35)'
No body was attached to the request
[2023-01-21T16:06:17.333-0300] {_universal.py:554} INFO - Response status: 200
Response headers:
    'Cache-Control': 'max-age=86400, private'
    'Content-Type': 'application/json; charset=utf-8'
    'Strict-Transport-Security': 'REDACTED'
    'X-Content-Type-Options': 'REDACTED'
    'Access-Control-Allow-Origin': 'REDACTED'
    'Access-Control-Allow-Methods': 'REDACTED'
    'P3P': 'REDACTED'
    'x-ms-request-id': '5257995d-11df-4ba1-ba2e-ca538c430200'
    'x-ms-ests-server': 'REDACTED'
    'X-XSS-Protection': 'REDACTED'
    'Set-Cookie': 'REDACTED'
    'Date': 'Sat, 21 Jan 2023 19:06:17 GMT'
    'Content-Length': '1753'
[2023-01-21T16:06:17.335-0300] {_universal.py:526} INFO - Request URL: 'https://login.microsoftonline.com/common/discovery/instance?api-version=REDACTED&authorization_endpoint=REDACTED'
Request method: 'GET'
Request headers:
    'Accept': 'application/json'
    'User-Agent': 'azsdk-python-identity/1.12.0 Python/3.10.6 (Linux-5.15.0-58-generic-x86_64-with-glibc2.35)'
No body was attached to the request
[2023-01-21T16:06:17.566-0300] {_universal.py:554} INFO - Response status: 200
Response headers:
    'Cache-Control': 'max-age=86400, private'
    'Content-Type': 'application/json; charset=utf-8'
    'Strict-Transport-Security': 'REDACTED'
    'X-Content-Type-Options': 'REDACTED'
    'Access-Control-Allow-Origin': 'REDACTED'
    'Access-Control-Allow-Methods': 'REDACTED'
    'P3P': 'REDACTED'
    'x-ms-request-id': 'a83a67c2-7bb5-466a-9d16-3e8d9ec40100'
    'x-ms-ests-server': 'REDACTED'
    'X-XSS-Protection': 'REDACTED'
    'Set-Cookie': 'REDACTED'
    'Date': 'Sat, 21 Jan 2023 19:06:17 GMT'
    'Content-Length': '945'
[2023-01-21T16:06:17.567-0300] {_universal.py:523} INFO - Request URL: 'https://login.microsoftonline.com/d47e09d1-17c6-4a6f-b65c-d49d61e186a2/oauth2/v2.0/token'
Request method: 'POST'
Request headers:
    'Accept': 'application/json'
    'x-client-sku': 'REDACTED'
    'x-client-ver': 'REDACTED'
    'x-client-os': 'REDACTED'
    'x-client-cpu': 'REDACTED'
    'x-ms-lib-capability': 'REDACTED'
    'client-request-id': 'REDACTED'
    'x-client-current-telemetry': 'REDACTED'
    'x-client-last-telemetry': 'REDACTED'
    'User-Agent': 'azsdk-python-identity/1.12.0 Python/3.10.6 (Linux-5.15.0-58-generic-x86_64-with-glibc2.35)'
A body is sent with the request
[2023-01-21T16:06:17.856-0300] {_universal.py:554} INFO - Response status: 200
Response headers:
    'Cache-Control': 'no-store, no-cache'
    'Pragma': 'no-cache'
    'Content-Type': 'application/json; charset=utf-8'
    'Expires': '-1'
    'Strict-Transport-Security': 'REDACTED'
    'X-Content-Type-Options': 'REDACTED'
    'P3P': 'REDACTED'
    'client-request-id': 'REDACTED'
    'x-ms-request-id': '8f00c176-ce12-40a7-81b8-9a9f39ce0100'
    'x-ms-ests-server': 'REDACTED'
    'x-ms-clitelem': 'REDACTED'
    'X-XSS-Protection': 'REDACTED'
    'Set-Cookie': 'REDACTED'
    'Date': 'Sat, 21 Jan 2023 19:06:17 GMT'
    'Content-Length': '1391'
[2023-01-21T16:06:17.856-0300] {get_token_mixin.py:77} INFO - ClientSecretCredential.get_token succeeded
[2023-01-21T16:06:17.857-0300] {_universal.py:523} INFO - Request URL: 'https://management.azure.com/subscriptions/5e5642ec-dd71-4e9a-a29e-58effbf39209/resourceGroups/rg-mdw-hml-fb/providers/Microsoft.DataFactory/factories/adf-mdw-hml-fb/pipelines/cp_opt_to_datalake/createRun?api-version=REDACTED'
Request method: 'POST'
Request headers:
    'Content-Type': 'application/json'
    'Accept': 'application/json'
    'Content-Length': '132'
    'x-ms-client-request-id': 'ae7a7678-99be-11ed-a50b-05e3ce77118f'
    'User-Agent': 'azsdk-python-mgmt-datafactory/1.1.0 Python/3.10.6 (Linux-5.15.0-58-generic-x86_64-with-glibc2.35)'
    'Authorization': 'REDACTED'
A body is sent with the request
[2023-01-21T16:06:19.206-0300] {_universal.py:554} INFO - Response status: 200
Response headers:
    'Cache-Control': 'no-cache'
    'Pragma': 'no-cache'
    'Transfer-Encoding': 'chunked'
    'Content-Type': 'application/json; charset=utf-8'
    'Content-Encoding': 'REDACTED'
    'Expires': '-1'
    'Vary': 'REDACTED'
    'x-ms-correlation-request-id': 'REDACTED'
    'Server': 'Kestrel'
    'x-ms-ratelimit-remaining-subscription-writes': 'REDACTED'
    'x-ms-request-id': '25892ce7-eb4a-4666-966f-680e317728c4'
    'x-ms-routing-request-id': 'REDACTED'
    'Strict-Transport-Security': 'REDACTED'
    'X-Content-Type-Options': 'REDACTED'
    'Date': 'Sat, 21 Jan 2023 19:06:18 GMT'
[2023-01-21T16:06:19.915-0300] {data_factory.py:172} INFO - Waiting for pipeline run ae7a7678-99be-11ed-a50b-05e3ce77118f to terminate.
[2023-01-21T16:06:19.916-0300] {data_factory.py:768} INFO - Getting the status of run ID ae7a7678-99be-11ed-a50b-05e3ce77118f.
[2023-01-21T16:06:20.418-0300] {base.py:73} INFO - Using connection ID 'adf' for task execution.
[2023-01-21T16:06:20.919-0300] {base.py:73} INFO - Using connection ID 'adf' for task execution.
[2023-01-21T16:06:20.920-0300] {_universal.py:526} INFO - Request URL: 'https://management.azure.com/subscriptions/5e5642ec-dd71-4e9a-a29e-58effbf39209/resourceGroups/rg-mdw-hml-fb/providers/Microsoft.DataFactory/factories/adf-mdw-hml-fb/pipelineruns/ae7a7678-99be-11ed-a50b-05e3ce77118f?api-version=REDACTED'
Request method: 'GET'
Request headers:
    'Accept': 'application/json'
    'x-ms-client-request-id': 'b0e84c50-99be-11ed-a50b-05e3ce77118f'
    'User-Agent': 'azsdk-python-mgmt-datafactory/1.1.0 Python/3.10.6 (Linux-5.15.0-58-generic-x86_64-with-glibc2.35)'
    'Authorization': 'REDACTED'
No body was attached to the request
[2023-01-21T16:06:21.031-0300] {_universal.py:554} INFO - Response status: 200
Response headers:
    'Cache-Control': 'no-cache'
    'Pragma': 'no-cache'
    'Transfer-Encoding': 'chunked'
    'Content-Type': 'application/json; charset=utf-8'
    'Content-Encoding': 'REDACTED'
    'Expires': '-1'
    'Vary': 'REDACTED'
    'x-ms-correlation-request-id': 'REDACTED'
    'Server': 'Kestrel'
    'x-ms-ratelimit-remaining-subscription-reads': 'REDACTED'
    'x-ms-request-id': '2da0a0c5-ddfc-4f19-97fb-ba8055029226'
    'x-ms-routing-request-id': 'REDACTED'
    'Strict-Transport-Security': 'REDACTED'
    'X-Content-Type-Options': 'REDACTED'
    'Date': 'Sat, 21 Jan 2023 19:06:20 GMT'
[2023-01-21T16:06:21.037-0300] {data_factory.py:774} INFO - Current status of pipeline run ae7a7678-99be-11ed-a50b-05e3ce77118f: InProgress
[2023-01-21T16:07:21.096-0300] {data_factory.py:768} INFO - Getting the status of run ID ae7a7678-99be-11ed-a50b-05e3ce77118f.
[2023-01-21T16:07:21.627-0300] {base.py:73} INFO - Using connection ID 'adf' for task execution.
[2023-01-21T16:07:22.118-0300] {base.py:73} INFO - Using connection ID 'adf' for task execution.
[2023-01-21T16:07:22.120-0300] {_universal.py:526} INFO - Request URL: 'https://management.azure.com/subscriptions/5e5642ec-dd71-4e9a-a29e-58effbf39209/resourceGroups/rg-mdw-hml-fb/providers/Microsoft.DataFactory/factories/adf-mdw-hml-fb/pipelineruns/ae7a7678-99be-11ed-a50b-05e3ce77118f?api-version=REDACTED'
Request method: 'GET'
Request headers:
    'Accept': 'application/json'
    'x-ms-client-request-id': 'd562a1c0-99be-11ed-a50b-05e3ce77118f'
    'User-Agent': 'azsdk-python-mgmt-datafactory/1.1.0 Python/3.10.6 (Linux-5.15.0-58-generic-x86_64-with-glibc2.35)'
    'Authorization': 'REDACTED'
No body was attached to the request
[2023-01-21T16:07:22.316-0300] {_universal.py:554} INFO - Response status: 200
Response headers:
    'Cache-Control': 'no-cache'
    'Pragma': 'no-cache'
    'Transfer-Encoding': 'chunked'
    'Content-Type': 'application/json; charset=utf-8'
    'Content-Encoding': 'REDACTED'
    'Expires': '-1'
    'Vary': 'REDACTED'
    'x-ms-correlation-request-id': 'REDACTED'
    'Server': 'Kestrel'
    'x-ms-ratelimit-remaining-subscription-reads': 'REDACTED'
    'x-ms-request-id': 'd6d836dd-c4e4-476f-a13d-4c93b4cd454e'
    'x-ms-routing-request-id': 'REDACTED'
    'Strict-Transport-Security': 'REDACTED'
    'X-Content-Type-Options': 'REDACTED'
    'Date': 'Sat, 21 Jan 2023 19:07:22 GMT'
[2023-01-21T16:07:22.316-0300] {data_factory.py:774} INFO - Current status of pipeline run ae7a7678-99be-11ed-a50b-05e3ce77118f: InProgress
[2023-01-21T16:08:22.360-0300] {data_factory.py:768} INFO - Getting the status of run ID ae7a7678-99be-11ed-a50b-05e3ce77118f.
[2023-01-21T16:08:22.857-0300] {base.py:73} INFO - Using connection ID 'adf' for task execution.
[2023-01-21T16:08:23.384-0300] {base.py:73} INFO - Using connection ID 'adf' for task execution.
[2023-01-21T16:08:23.386-0300] {_universal.py:526} INFO - Request URL: 'https://management.azure.com/subscriptions/5e5642ec-dd71-4e9a-a29e-58effbf39209/resourceGroups/rg-mdw-hml-fb/providers/Microsoft.DataFactory/factories/adf-mdw-hml-fb/pipelineruns/ae7a7678-99be-11ed-a50b-05e3ce77118f?api-version=REDACTED'
Request method: 'GET'
Request headers:
    'Accept': 'application/json'
    'x-ms-client-request-id': 'f9e71698-99be-11ed-a50b-05e3ce77118f'
    'User-Agent': 'azsdk-python-mgmt-datafactory/1.1.0 Python/3.10.6 (Linux-5.15.0-58-generic-x86_64-with-glibc2.35)'
    'Authorization': 'REDACTED'
No body was attached to the request
[2023-01-21T16:08:23.559-0300] {_universal.py:554} INFO - Response status: 200
Response headers:
    'Cache-Control': 'no-cache'
    'Pragma': 'no-cache'
    'Transfer-Encoding': 'chunked'
    'Content-Type': 'application/json; charset=utf-8'
    'Content-Encoding': 'REDACTED'
    'Expires': '-1'
    'Vary': 'REDACTED'
    'x-ms-correlation-request-id': 'REDACTED'
    'Server': 'Kestrel'
    'x-ms-ratelimit-remaining-subscription-reads': 'REDACTED'
    'x-ms-request-id': '7c4292fb-e4f8-4b1b-9e1c-0ec372183d47'
    'x-ms-routing-request-id': 'REDACTED'
    'Strict-Transport-Security': 'REDACTED'
    'X-Content-Type-Options': 'REDACTED'
    'Date': 'Sat, 21 Jan 2023 19:08:22 GMT'
[2023-01-21T16:08:23.559-0300] {data_factory.py:774} INFO - Current status of pipeline run ae7a7678-99be-11ed-a50b-05e3ce77118f: InProgress
[2023-01-21T16:09:23.616-0300] {data_factory.py:768} INFO - Getting the status of run ID ae7a7678-99be-11ed-a50b-05e3ce77118f.
[2023-01-21T16:09:24.119-0300] {base.py:73} INFO - Using connection ID 'adf' for task execution.
[2023-01-21T16:09:24.638-0300] {base.py:73} INFO - Using connection ID 'adf' for task execution.
[2023-01-21T16:09:24.639-0300] {_universal.py:526} INFO - Request URL: 'https://management.azure.com/subscriptions/5e5642ec-dd71-4e9a-a29e-58effbf39209/resourceGroups/rg-mdw-hml-fb/providers/Microsoft.DataFactory/factories/adf-mdw-hml-fb/pipelineruns/ae7a7678-99be-11ed-a50b-05e3ce77118f?api-version=REDACTED'
Request method: 'GET'
Request headers:
    'Accept': 'application/json'
    'x-ms-client-request-id': '1e699cca-99bf-11ed-a50b-05e3ce77118f'
    'User-Agent': 'azsdk-python-mgmt-datafactory/1.1.0 Python/3.10.6 (Linux-5.15.0-58-generic-x86_64-with-glibc2.35)'
    'Authorization': 'REDACTED'
No body was attached to the request
[2023-01-21T16:09:24.819-0300] {_universal.py:554} INFO - Response status: 200
Response headers:
    'Cache-Control': 'no-cache'
    'Pragma': 'no-cache'
    'Transfer-Encoding': 'chunked'
    'Content-Type': 'application/json; charset=utf-8'
    'Content-Encoding': 'REDACTED'
    'Expires': '-1'
    'Vary': 'REDACTED'
    'x-ms-correlation-request-id': 'REDACTED'
    'Server': 'Kestrel'
    'x-ms-ratelimit-remaining-subscription-reads': 'REDACTED'
    'x-ms-request-id': '09b9c33c-364b-4f08-8d49-fccb0e6faa62'
    'x-ms-routing-request-id': 'REDACTED'
    'Strict-Transport-Security': 'REDACTED'
    'X-Content-Type-Options': 'REDACTED'
    'Date': 'Sat, 21 Jan 2023 19:09:23 GMT'
[2023-01-21T16:09:24.821-0300] {data_factory.py:774} INFO - Current status of pipeline run ae7a7678-99be-11ed-a50b-05e3ce77118f: Succeeded
[2023-01-21T16:09:24.821-0300] {data_factory.py:182} INFO - Pipeline run ae7a7678-99be-11ed-a50b-05e3ce77118f has completed successfully.
[2023-01-21T16:09:24.823-0300] {logging_mixin.py:137} WARNING - /home/airflow/.local/lib/python3.10/site-packages/airflow/models/baseoperator.py:1393 RemovedInAirflow3Warning: Passing 'execution_date' to 'TaskInstance.xcom_push()' is deprecated.
[2023-01-21T16:09:25.968-0300] {taskinstance.py:1322} INFO - Marking task as SUCCESS. dag_id=raw_opt_t_servicoconta, task_id=run_adf_pipeline, execution_date=20230120T150000, start_date=20230121T190608, end_date=20230121T190925
[2023-01-21T16:09:27.026-0300] {local_task_job.py:159} INFO - Task exited with return code 0
[2023-01-21T16:09:27.633-0300] {taskinstance.py:2582} INFO - 0 downstream tasks scheduled from follow-on schedule check
