[2023-01-23T15:36:42.512-0300] {taskinstance.py:1087} INFO - Dependencies all met for <TaskInstance: raw_opt_t_eventoacordoativo.run_adf_pipeline manual__2023-01-23T18:36:33.454249+00:00 [queued]>
[2023-01-23T15:36:42.883-0300] {taskinstance.py:1087} INFO - Dependencies all met for <TaskInstance: raw_opt_t_eventoacordoativo.run_adf_pipeline manual__2023-01-23T18:36:33.454249+00:00 [queued]>
[2023-01-23T15:36:42.883-0300] {taskinstance.py:1283} INFO - 
--------------------------------------------------------------------------------
[2023-01-23T15:36:42.883-0300] {taskinstance.py:1284} INFO - Starting attempt 1 of 1
[2023-01-23T15:36:42.883-0300] {taskinstance.py:1285} INFO - 
--------------------------------------------------------------------------------
[2023-01-23T15:36:43.520-0300] {taskinstance.py:1304} INFO - Executing <Task(AzureDataFactoryRunPipelineOperator): run_adf_pipeline> on 2023-01-23 18:36:33.454249+00:00
[2023-01-23T15:36:43.527-0300] {standard_task_runner.py:55} INFO - Started process 1151745 to run task
[2023-01-23T15:36:43.532-0300] {standard_task_runner.py:82} INFO - Running: ['airflow', 'tasks', 'run', 'raw_opt_t_eventoacordoativo', 'run_adf_pipeline', 'manual__2023-01-23T18:36:33.454249+00:00', '--job-id', '1257', '--raw', '--subdir', 'DAGS_FOLDER/raw/dock_opt/raw_opt_t_eventoacordoativo.py', '--cfg-path', '/tmp/tmp0z_716ba']
[2023-01-23T15:36:43.535-0300] {standard_task_runner.py:83} INFO - Job 1257: Subtask run_adf_pipeline
[2023-01-23T15:36:51.514-0300] {task_command.py:389} INFO - Running <TaskInstance: raw_opt_t_eventoacordoativo.run_adf_pipeline manual__2023-01-23T18:36:33.454249+00:00 [running]> on host vm-airflow-01
[2023-01-23T15:36:53.910-0300] {taskinstance.py:1511} INFO - Exporting the following env vars:
AIRFLOW_CTX_DAG_OWNER=matheus.rodrigues@fortbrasil.com.br
AIRFLOW_CTX_DAG_ID=raw_opt_t_eventoacordoativo
AIRFLOW_CTX_TASK_ID=run_adf_pipeline
AIRFLOW_CTX_EXECUTION_DATE=2023-01-23T18:36:33.454249+00:00
AIRFLOW_CTX_TRY_NUMBER=1
AIRFLOW_CTX_DAG_RUN_ID=manual__2023-01-23T18:36:33.454249+00:00
[2023-01-23T15:36:53.911-0300] {data_factory.py:154} INFO - Executing the cp_opt_to_datalake pipeline.
[2023-01-23T15:36:54.415-0300] {base.py:73} INFO - Using connection ID 'adf' for task execution.
[2023-01-23T15:36:54.910-0300] {base.py:73} INFO - Using connection ID 'adf' for task execution.
[2023-01-23T15:36:55.409-0300] {base.py:73} INFO - Using connection ID 'adf' for task execution.
[2023-01-23T15:36:55.418-0300] {_universal.py:526} INFO - Request URL: 'https://login.microsoftonline.com:443/d47e09d1-17c6-4a6f-b65c-d49d61e186a2/v2.0/.well-known/openid-configuration'
Request method: 'GET'
Request headers:
    'User-Agent': 'azsdk-python-identity/1.12.0 Python/3.10.6 (Linux-5.15.0-58-generic-x86_64-with-glibc2.35)'
No body was attached to the request
[2023-01-23T15:36:55.915-0300] {_universal.py:554} INFO - Response status: 200
Response headers:
    'Cache-Control': 'max-age=86400, private'
    'Content-Type': 'application/json; charset=utf-8'
    'Strict-Transport-Security': 'REDACTED'
    'X-Content-Type-Options': 'REDACTED'
    'Access-Control-Allow-Origin': 'REDACTED'
    'Access-Control-Allow-Methods': 'REDACTED'
    'P3P': 'REDACTED'
    'x-ms-request-id': '58dbc466-4f35-4ea3-8207-9fdf40952f00'
    'x-ms-ests-server': 'REDACTED'
    'X-XSS-Protection': 'REDACTED'
    'Set-Cookie': 'REDACTED'
    'Date': 'Mon, 23 Jan 2023 18:36:54 GMT'
    'Content-Length': '1753'
[2023-01-23T15:36:55.917-0300] {_universal.py:526} INFO - Request URL: 'https://login.microsoftonline.com/common/discovery/instance?api-version=REDACTED&authorization_endpoint=REDACTED'
Request method: 'GET'
Request headers:
    'Accept': 'application/json'
    'User-Agent': 'azsdk-python-identity/1.12.0 Python/3.10.6 (Linux-5.15.0-58-generic-x86_64-with-glibc2.35)'
No body was attached to the request
[2023-01-23T15:36:56.151-0300] {_universal.py:554} INFO - Response status: 200
Response headers:
    'Cache-Control': 'max-age=86400, private'
    'Content-Type': 'application/json; charset=utf-8'
    'Strict-Transport-Security': 'REDACTED'
    'X-Content-Type-Options': 'REDACTED'
    'Access-Control-Allow-Origin': 'REDACTED'
    'Access-Control-Allow-Methods': 'REDACTED'
    'P3P': 'REDACTED'
    'x-ms-request-id': '638ab3f4-86c6-4f83-a5c9-d196c6a01500'
    'x-ms-ests-server': 'REDACTED'
    'X-XSS-Protection': 'REDACTED'
    'Set-Cookie': 'REDACTED'
    'Date': 'Mon, 23 Jan 2023 18:36:55 GMT'
    'Content-Length': '945'
[2023-01-23T15:36:56.152-0300] {_universal.py:523} INFO - Request URL: 'https://login.microsoftonline.com/d47e09d1-17c6-4a6f-b65c-d49d61e186a2/oauth2/v2.0/token'
Request method: 'POST'
Request headers:
    'Accept': 'application/json'
    'x-client-sku': 'REDACTED'
    'x-client-ver': 'REDACTED'
    'x-client-os': 'REDACTED'
    'x-client-cpu': 'REDACTED'
    'x-ms-lib-capability': 'REDACTED'
    'client-request-id': 'REDACTED'
    'x-client-current-telemetry': 'REDACTED'
    'x-client-last-telemetry': 'REDACTED'
    'User-Agent': 'azsdk-python-identity/1.12.0 Python/3.10.6 (Linux-5.15.0-58-generic-x86_64-with-glibc2.35)'
A body is sent with the request
[2023-01-23T15:36:56.437-0300] {_universal.py:554} INFO - Response status: 200
Response headers:
    'Cache-Control': 'no-store, no-cache'
    'Pragma': 'no-cache'
    'Content-Type': 'application/json; charset=utf-8'
    'Expires': '-1'
    'Strict-Transport-Security': 'REDACTED'
    'X-Content-Type-Options': 'REDACTED'
    'P3P': 'REDACTED'
    'client-request-id': 'REDACTED'
    'x-ms-request-id': '9cffb41c-5115-4e46-a73f-843b89a23600'
    'x-ms-ests-server': 'REDACTED'
    'x-ms-clitelem': 'REDACTED'
    'X-XSS-Protection': 'REDACTED'
    'Set-Cookie': 'REDACTED'
    'Date': 'Mon, 23 Jan 2023 18:36:55 GMT'
    'Content-Length': '1391'
[2023-01-23T15:36:56.438-0300] {get_token_mixin.py:77} INFO - ClientSecretCredential.get_token succeeded
[2023-01-23T15:36:56.438-0300] {_universal.py:523} INFO - Request URL: 'https://management.azure.com/subscriptions/5e5642ec-dd71-4e9a-a29e-58effbf39209/resourceGroups/rg-mdw-hml-fb/providers/Microsoft.DataFactory/factories/adf-mdw-hml-fb/pipelines/cp_opt_to_datalake/createRun?api-version=REDACTED'
Request method: 'POST'
Request headers:
    'Content-Type': 'application/json'
    'Accept': 'application/json'
    'Content-Length': '240'
    'x-ms-client-request-id': 'e96970d8-9b4c-11ed-a50b-05e3ce77118f'
    'User-Agent': 'azsdk-python-mgmt-datafactory/1.1.0 Python/3.10.6 (Linux-5.15.0-58-generic-x86_64-with-glibc2.35)'
    'Authorization': 'REDACTED'
A body is sent with the request
[2023-01-23T15:36:58.455-0300] {_universal.py:554} INFO - Response status: 200
Response headers:
    'Cache-Control': 'no-cache'
    'Pragma': 'no-cache'
    'Transfer-Encoding': 'chunked'
    'Content-Type': 'application/json; charset=utf-8'
    'Content-Encoding': 'REDACTED'
    'Expires': '-1'
    'Vary': 'REDACTED'
    'x-ms-correlation-request-id': 'REDACTED'
    'Server': 'Kestrel'
    'x-ms-ratelimit-remaining-subscription-writes': 'REDACTED'
    'x-ms-request-id': '455fc34f-43a1-494a-b165-b9e687bbeef9'
    'x-ms-routing-request-id': 'REDACTED'
    'Strict-Transport-Security': 'REDACTED'
    'X-Content-Type-Options': 'REDACTED'
    'Date': 'Mon, 23 Jan 2023 18:36:57 GMT'
[2023-01-23T15:36:59.151-0300] {data_factory.py:172} INFO - Waiting for pipeline run e96970d8-9b4c-11ed-a50b-05e3ce77118f to terminate.
[2023-01-23T15:36:59.152-0300] {data_factory.py:768} INFO - Getting the status of run ID e96970d8-9b4c-11ed-a50b-05e3ce77118f.
[2023-01-23T15:36:59.657-0300] {base.py:73} INFO - Using connection ID 'adf' for task execution.
[2023-01-23T15:37:00.177-0300] {base.py:73} INFO - Using connection ID 'adf' for task execution.
[2023-01-23T15:37:00.178-0300] {_universal.py:526} INFO - Request URL: 'https://management.azure.com/subscriptions/5e5642ec-dd71-4e9a-a29e-58effbf39209/resourceGroups/rg-mdw-hml-fb/providers/Microsoft.DataFactory/factories/adf-mdw-hml-fb/pipelineruns/e96970d8-9b4c-11ed-a50b-05e3ce77118f?api-version=REDACTED'
Request method: 'GET'
Request headers:
    'Accept': 'application/json'
    'x-ms-client-request-id': 'ec3fef1c-9b4c-11ed-a50b-05e3ce77118f'
    'User-Agent': 'azsdk-python-mgmt-datafactory/1.1.0 Python/3.10.6 (Linux-5.15.0-58-generic-x86_64-with-glibc2.35)'
    'Authorization': 'REDACTED'
No body was attached to the request
[2023-01-23T15:37:00.331-0300] {_universal.py:554} INFO - Response status: 200
Response headers:
    'Cache-Control': 'no-cache'
    'Pragma': 'no-cache'
    'Transfer-Encoding': 'chunked'
    'Content-Type': 'application/json; charset=utf-8'
    'Content-Encoding': 'REDACTED'
    'Expires': '-1'
    'Vary': 'REDACTED'
    'x-ms-correlation-request-id': 'REDACTED'
    'Server': 'Kestrel'
    'x-ms-ratelimit-remaining-subscription-reads': 'REDACTED'
    'x-ms-request-id': 'cb22f7fa-d68c-4e05-bd3a-b77f78f8d005'
    'x-ms-routing-request-id': 'REDACTED'
    'Strict-Transport-Security': 'REDACTED'
    'X-Content-Type-Options': 'REDACTED'
    'Date': 'Mon, 23 Jan 2023 18:36:59 GMT'
[2023-01-23T15:37:00.341-0300] {data_factory.py:774} INFO - Current status of pipeline run e96970d8-9b4c-11ed-a50b-05e3ce77118f: InProgress
[2023-01-23T15:38:00.344-0300] {data_factory.py:768} INFO - Getting the status of run ID e96970d8-9b4c-11ed-a50b-05e3ce77118f.
[2023-01-23T15:38:00.849-0300] {base.py:73} INFO - Using connection ID 'adf' for task execution.
[2023-01-23T15:38:01.350-0300] {base.py:73} INFO - Using connection ID 'adf' for task execution.
[2023-01-23T15:38:01.352-0300] {_universal.py:526} INFO - Request URL: 'https://management.azure.com/subscriptions/5e5642ec-dd71-4e9a-a29e-58effbf39209/resourceGroups/rg-mdw-hml-fb/providers/Microsoft.DataFactory/factories/adf-mdw-hml-fb/pipelineruns/e96970d8-9b4c-11ed-a50b-05e3ce77118f?api-version=REDACTED'
Request method: 'GET'
Request headers:
    'Accept': 'application/json'
    'x-ms-client-request-id': '10b64058-9b4d-11ed-a50b-05e3ce77118f'
    'User-Agent': 'azsdk-python-mgmt-datafactory/1.1.0 Python/3.10.6 (Linux-5.15.0-58-generic-x86_64-with-glibc2.35)'
    'Authorization': 'REDACTED'
No body was attached to the request
[2023-01-23T15:38:01.726-0300] {_universal.py:554} INFO - Response status: 200
Response headers:
    'Cache-Control': 'no-cache'
    'Pragma': 'no-cache'
    'Transfer-Encoding': 'chunked'
    'Content-Type': 'application/json; charset=utf-8'
    'Content-Encoding': 'REDACTED'
    'Expires': '-1'
    'Vary': 'REDACTED'
    'x-ms-correlation-request-id': 'REDACTED'
    'Server': 'Kestrel'
    'x-ms-ratelimit-remaining-subscription-reads': 'REDACTED'
    'x-ms-request-id': '29461de2-2601-4801-8e2b-7c211e4237a6'
    'x-ms-routing-request-id': 'REDACTED'
    'Strict-Transport-Security': 'REDACTED'
    'X-Content-Type-Options': 'REDACTED'
    'Date': 'Mon, 23 Jan 2023 18:38:00 GMT'
[2023-01-23T15:38:01.727-0300] {data_factory.py:774} INFO - Current status of pipeline run e96970d8-9b4c-11ed-a50b-05e3ce77118f: Failed
[2023-01-23T15:38:02.190-0300] {taskinstance.py:1772} ERROR - Task failed with exception
Traceback (most recent call last):
  File "/home/airflow/.local/lib/python3.10/site-packages/airflow/providers/microsoft/azure/operators/data_factory.py", line 184, in execute
    raise AzureDataFactoryPipelineRunException(
airflow.providers.microsoft.azure.hooks.data_factory.AzureDataFactoryPipelineRunException: Pipeline run e96970d8-9b4c-11ed-a50b-05e3ce77118f has failed or has been cancelled.
[2023-01-23T15:38:02.287-0300] {taskinstance.py:1322} INFO - Marking task as FAILED. dag_id=raw_opt_t_eventoacordoativo, task_id=run_adf_pipeline, execution_date=20230123T183633, start_date=20230123T183642, end_date=20230123T183802
[2023-01-23T15:38:02.872-0300] {standard_task_runner.py:100} ERROR - Failed to execute job 1257 for task run_adf_pipeline (Pipeline run e96970d8-9b4c-11ed-a50b-05e3ce77118f has failed or has been cancelled.; 1151745)
[2023-01-23T15:38:03.966-0300] {local_task_job.py:159} INFO - Task exited with return code 1
[2023-01-23T15:38:04.525-0300] {taskinstance.py:2582} INFO - 0 downstream tasks scheduled from follow-on schedule check
