[2023-01-25T12:00:55.769-0300] {taskinstance.py:1087} INFO - Dependencies all met for <TaskInstance: raw_opt_t_parametro.current_date scheduled__2023-01-24T15:00:00+00:00 [queued]>
[2023-01-25T12:00:56.242-0300] {taskinstance.py:1087} INFO - Dependencies all met for <TaskInstance: raw_opt_t_parametro.current_date scheduled__2023-01-24T15:00:00+00:00 [queued]>
[2023-01-25T12:00:56.243-0300] {taskinstance.py:1283} INFO - 
--------------------------------------------------------------------------------
[2023-01-25T12:00:56.243-0300] {taskinstance.py:1284} INFO - Starting attempt 1 of 1
[2023-01-25T12:00:56.243-0300] {taskinstance.py:1285} INFO - 
--------------------------------------------------------------------------------
[2023-01-25T12:00:57.144-0300] {taskinstance.py:1304} INFO - Executing <Task(_PythonDecoratedOperator): current_date> on 2023-01-24 15:00:00+00:00
[2023-01-25T12:00:57.150-0300] {standard_task_runner.py:55} INFO - Started process 1739464 to run task
[2023-01-25T12:00:57.154-0300] {standard_task_runner.py:82} INFO - Running: ['airflow', 'tasks', 'run', 'raw_opt_t_parametro', 'current_date', 'scheduled__2023-01-24T15:00:00+00:00', '--job-id', '1354', '--raw', '--subdir', 'DAGS_FOLDER/raw/dock_opt/raw_opt_t_parametro.py', '--cfg-path', '/tmp/tmpypahrn16']
[2023-01-25T12:00:57.157-0300] {standard_task_runner.py:83} INFO - Job 1354: Subtask current_date
[2023-01-25T12:01:00.223-0300] {task_command.py:389} INFO - Running <TaskInstance: raw_opt_t_parametro.current_date scheduled__2023-01-24T15:00:00+00:00 [running]> on host vm-airflow-01
[2023-01-25T12:01:02.771-0300] {taskinstance.py:1511} INFO - Exporting the following env vars:
AIRFLOW_CTX_DAG_OWNER=matheus.rodrigues@fortbrasil.com.br
AIRFLOW_CTX_DAG_ID=raw_opt_t_parametro
AIRFLOW_CTX_TASK_ID=current_date
AIRFLOW_CTX_EXECUTION_DATE=2023-01-24T15:00:00+00:00
AIRFLOW_CTX_TRY_NUMBER=1
AIRFLOW_CTX_DAG_RUN_ID=scheduled__2023-01-24T15:00:00+00:00
[2023-01-25T12:01:02.772-0300] {python.py:177} INFO - Done. Returned value was: 2023-01-25
[2023-01-25T12:01:03.988-0300] {taskinstance.py:1322} INFO - Marking task as SUCCESS. dag_id=raw_opt_t_parametro, task_id=current_date, execution_date=20230124T150000, start_date=20230125T150055, end_date=20230125T150103
[2023-01-25T12:01:04.469-0300] {local_task_job.py:159} INFO - Task exited with return code 0
