[2023-01-25T12:04:10.042-0300] {taskinstance.py:1087} INFO - Dependencies all met for <TaskInstance: bronze_opt_t_parcelaaberta.run_databricks_notebook dataset_triggered__2023-01-25T15:03:49.430984+00:00 [queued]>
[2023-01-25T12:04:10.424-0300] {taskinstance.py:1087} INFO - Dependencies all met for <TaskInstance: bronze_opt_t_parcelaaberta.run_databricks_notebook dataset_triggered__2023-01-25T15:03:49.430984+00:00 [queued]>
[2023-01-25T12:04:10.425-0300] {taskinstance.py:1283} INFO - 
--------------------------------------------------------------------------------
[2023-01-25T12:04:10.425-0300] {taskinstance.py:1284} INFO - Starting attempt 1 of 1
[2023-01-25T12:04:10.425-0300] {taskinstance.py:1285} INFO - 
--------------------------------------------------------------------------------
[2023-01-25T12:04:10.827-0300] {taskinstance.py:1304} INFO - Executing <Task(DatabricksSubmitRunOperator): run_databricks_notebook> on 2023-01-25 15:03:49.430984+00:00
[2023-01-25T12:04:10.832-0300] {standard_task_runner.py:55} INFO - Started process 1740197 to run task
[2023-01-25T12:04:10.836-0300] {standard_task_runner.py:82} INFO - Running: ['airflow', 'tasks', 'run', 'bronze_opt_t_parcelaaberta', 'run_databricks_notebook', 'dataset_triggered__2023-01-25T15:03:49.430984+00:00', '--job-id', '1374', '--raw', '--subdir', 'DAGS_FOLDER/bronze/dock_opt/bronze_opt_t_parcelaaberta.py', '--cfg-path', '/tmp/tmpznofxvqf']
[2023-01-25T12:04:10.839-0300] {standard_task_runner.py:83} INFO - Job 1374: Subtask run_databricks_notebook
[2023-01-25T12:04:14.238-0300] {task_command.py:389} INFO - Running <TaskInstance: bronze_opt_t_parcelaaberta.run_databricks_notebook dataset_triggered__2023-01-25T15:03:49.430984+00:00 [running]> on host vm-airflow-01
[2023-01-25T12:04:16.721-0300] {taskinstance.py:1511} INFO - Exporting the following env vars:
AIRFLOW_CTX_DAG_OWNER=matheus.rodrigues@fortbrasil.com.br
AIRFLOW_CTX_DAG_ID=bronze_opt_t_parcelaaberta
AIRFLOW_CTX_TASK_ID=run_databricks_notebook
AIRFLOW_CTX_EXECUTION_DATE=2023-01-25T15:03:49.430984+00:00
AIRFLOW_CTX_TRY_NUMBER=1
AIRFLOW_CTX_DAG_RUN_ID=dataset_triggered__2023-01-25T15:03:49.430984+00:00
[2023-01-25T12:04:17.226-0300] {base.py:73} INFO - Using connection ID 'adb' for task execution.
[2023-01-25T12:04:17.423-0300] {databricks_base.py:424} INFO - Using token auth. For security reasons, please set token in Password field instead of extra
[2023-01-25T12:04:18.660-0300] {databricks.py:50} INFO - Run submitted with run_id: 102210
[2023-01-25T12:04:18.661-0300] {databricks_base.py:424} INFO - Using token auth. For security reasons, please set token in Password field instead of extra
[2023-01-25T12:04:19.675-0300] {databricks_base.py:424} INFO - Using token auth. For security reasons, please set token in Password field instead of extra
[2023-01-25T12:04:19.961-0300] {databricks.py:91} INFO - run_databricks_notebook in run state: {'life_cycle_state': 'PENDING', 'result_state': '', 'state_message': ''}
[2023-01-25T12:04:19.961-0300] {databricks.py:92} INFO - View run status, Spark UI, and logs at https://adb-1362567168960874.14.azuredatabricks.net/?o=1362567168960874#job/537904028703798/run/102210
[2023-01-25T12:04:19.961-0300] {databricks.py:93} INFO - Sleeping for 30 seconds.
[2023-01-25T12:04:49.988-0300] {databricks_base.py:424} INFO - Using token auth. For security reasons, please set token in Password field instead of extra
[2023-01-25T12:04:50.266-0300] {databricks.py:91} INFO - run_databricks_notebook in run state: {'life_cycle_state': 'PENDING', 'result_state': '', 'state_message': ''}
[2023-01-25T12:04:50.266-0300] {databricks.py:92} INFO - View run status, Spark UI, and logs at https://adb-1362567168960874.14.azuredatabricks.net/?o=1362567168960874#job/537904028703798/run/102210
[2023-01-25T12:04:50.266-0300] {databricks.py:93} INFO - Sleeping for 30 seconds.
[2023-01-25T12:05:20.296-0300] {databricks_base.py:424} INFO - Using token auth. For security reasons, please set token in Password field instead of extra
[2023-01-25T12:05:20.574-0300] {databricks.py:91} INFO - run_databricks_notebook in run state: {'life_cycle_state': 'PENDING', 'result_state': '', 'state_message': ''}
[2023-01-25T12:05:20.574-0300] {databricks.py:92} INFO - View run status, Spark UI, and logs at https://adb-1362567168960874.14.azuredatabricks.net/?o=1362567168960874#job/537904028703798/run/102210
[2023-01-25T12:05:20.574-0300] {databricks.py:93} INFO - Sleeping for 30 seconds.
[2023-01-25T12:05:50.584-0300] {databricks_base.py:424} INFO - Using token auth. For security reasons, please set token in Password field instead of extra
[2023-01-25T12:05:50.855-0300] {databricks.py:91} INFO - run_databricks_notebook in run state: {'life_cycle_state': 'RUNNING', 'result_state': '', 'state_message': 'In run'}
[2023-01-25T12:05:50.856-0300] {databricks.py:92} INFO - View run status, Spark UI, and logs at https://adb-1362567168960874.14.azuredatabricks.net/?o=1362567168960874#job/537904028703798/run/102210
[2023-01-25T12:05:50.856-0300] {databricks.py:93} INFO - Sleeping for 30 seconds.
[2023-01-25T12:06:20.886-0300] {databricks_base.py:424} INFO - Using token auth. For security reasons, please set token in Password field instead of extra
[2023-01-25T12:06:21.193-0300] {databricks.py:91} INFO - run_databricks_notebook in run state: {'life_cycle_state': 'RUNNING', 'result_state': '', 'state_message': 'In run'}
[2023-01-25T12:06:21.193-0300] {databricks.py:92} INFO - View run status, Spark UI, and logs at https://adb-1362567168960874.14.azuredatabricks.net/?o=1362567168960874#job/537904028703798/run/102210
[2023-01-25T12:06:21.193-0300] {databricks.py:93} INFO - Sleeping for 30 seconds.
[2023-01-25T12:06:51.221-0300] {databricks_base.py:424} INFO - Using token auth. For security reasons, please set token in Password field instead of extra
[2023-01-25T12:06:51.750-0300] {databricks.py:91} INFO - run_databricks_notebook in run state: {'life_cycle_state': 'RUNNING', 'result_state': '', 'state_message': 'In run'}
[2023-01-25T12:06:51.751-0300] {databricks.py:92} INFO - View run status, Spark UI, and logs at https://adb-1362567168960874.14.azuredatabricks.net/?o=1362567168960874#job/537904028703798/run/102210
[2023-01-25T12:06:51.751-0300] {databricks.py:93} INFO - Sleeping for 30 seconds.
[2023-01-25T12:07:21.768-0300] {databricks_base.py:424} INFO - Using token auth. For security reasons, please set token in Password field instead of extra
[2023-01-25T12:07:22.053-0300] {databricks.py:91} INFO - run_databricks_notebook in run state: {'life_cycle_state': 'RUNNING', 'result_state': '', 'state_message': 'In run'}
[2023-01-25T12:07:22.053-0300] {databricks.py:92} INFO - View run status, Spark UI, and logs at https://adb-1362567168960874.14.azuredatabricks.net/?o=1362567168960874#job/537904028703798/run/102210
[2023-01-25T12:07:22.054-0300] {databricks.py:93} INFO - Sleeping for 30 seconds.
[2023-01-25T12:07:52.058-0300] {databricks_base.py:424} INFO - Using token auth. For security reasons, please set token in Password field instead of extra
[2023-01-25T12:07:52.323-0300] {databricks.py:91} INFO - run_databricks_notebook in run state: {'life_cycle_state': 'RUNNING', 'result_state': '', 'state_message': 'In run'}
[2023-01-25T12:07:52.323-0300] {databricks.py:92} INFO - View run status, Spark UI, and logs at https://adb-1362567168960874.14.azuredatabricks.net/?o=1362567168960874#job/537904028703798/run/102210
[2023-01-25T12:07:52.323-0300] {databricks.py:93} INFO - Sleeping for 30 seconds.
[2023-01-25T12:08:22.354-0300] {databricks_base.py:424} INFO - Using token auth. For security reasons, please set token in Password field instead of extra
[2023-01-25T12:08:22.647-0300] {databricks.py:61} INFO - run_databricks_notebook completed successfully.
[2023-01-25T12:08:22.648-0300] {databricks.py:62} INFO - View run status, Spark UI, and logs at https://adb-1362567168960874.14.azuredatabricks.net/?o=1362567168960874#job/537904028703798/run/102210
[2023-01-25T12:08:22.655-0300] {logging_mixin.py:137} WARNING - /home/airflow/.local/lib/python3.10/site-packages/airflow/models/baseoperator.py:1393 RemovedInAirflow3Warning: Passing 'execution_date' to 'TaskInstance.xcom_push()' is deprecated.
[2023-01-25T12:08:23.948-0300] {taskinstance.py:1322} INFO - Marking task as SUCCESS. dag_id=bronze_opt_t_parcelaaberta, task_id=run_databricks_notebook, execution_date=20230125T150349, start_date=20230125T150410, end_date=20230125T150823
[2023-01-25T12:08:25.154-0300] {local_task_job.py:159} INFO - Task exited with return code 0
[2023-01-25T12:08:25.875-0300] {taskinstance.py:2582} INFO - 0 downstream tasks scheduled from follow-on schedule check
