[2023-01-25T12:03:15.716-0300] {taskinstance.py:1087} INFO - Dependencies all met for <TaskInstance: bronze_opt_t_parametro.run_databricks_notebook dataset_triggered__2023-01-25T15:02:48.043211+00:00 [queued]>
[2023-01-25T12:03:16.207-0300] {taskinstance.py:1087} INFO - Dependencies all met for <TaskInstance: bronze_opt_t_parametro.run_databricks_notebook dataset_triggered__2023-01-25T15:02:48.043211+00:00 [queued]>
[2023-01-25T12:03:16.208-0300] {taskinstance.py:1283} INFO - 
--------------------------------------------------------------------------------
[2023-01-25T12:03:16.208-0300] {taskinstance.py:1284} INFO - Starting attempt 1 of 1
[2023-01-25T12:03:16.209-0300] {taskinstance.py:1285} INFO - 
--------------------------------------------------------------------------------
[2023-01-25T12:03:16.931-0300] {taskinstance.py:1304} INFO - Executing <Task(DatabricksSubmitRunOperator): run_databricks_notebook> on 2023-01-25 15:02:48.043211+00:00
[2023-01-25T12:03:16.937-0300] {standard_task_runner.py:55} INFO - Started process 1740002 to run task
[2023-01-25T12:03:16.941-0300] {standard_task_runner.py:82} INFO - Running: ['airflow', 'tasks', 'run', 'bronze_opt_t_parametro', 'run_databricks_notebook', 'dataset_triggered__2023-01-25T15:02:48.043211+00:00', '--job-id', '1373', '--raw', '--subdir', 'DAGS_FOLDER/bronze/dock_opt/bronze_opt_t_parametro.py', '--cfg-path', '/tmp/tmpazzsebrk']
[2023-01-25T12:03:16.947-0300] {standard_task_runner.py:83} INFO - Job 1373: Subtask run_databricks_notebook
[2023-01-25T12:03:20.465-0300] {task_command.py:389} INFO - Running <TaskInstance: bronze_opt_t_parametro.run_databricks_notebook dataset_triggered__2023-01-25T15:02:48.043211+00:00 [running]> on host vm-airflow-01
[2023-01-25T12:03:23.454-0300] {taskinstance.py:1511} INFO - Exporting the following env vars:
AIRFLOW_CTX_DAG_OWNER=matheus.rodrigues@fortbrasil.com.br
AIRFLOW_CTX_DAG_ID=bronze_opt_t_parametro
AIRFLOW_CTX_TASK_ID=run_databricks_notebook
AIRFLOW_CTX_EXECUTION_DATE=2023-01-25T15:02:48.043211+00:00
AIRFLOW_CTX_TRY_NUMBER=1
AIRFLOW_CTX_DAG_RUN_ID=dataset_triggered__2023-01-25T15:02:48.043211+00:00
[2023-01-25T12:03:24.066-0300] {base.py:73} INFO - Using connection ID 'adb' for task execution.
[2023-01-25T12:03:24.285-0300] {databricks_base.py:424} INFO - Using token auth. For security reasons, please set token in Password field instead of extra
[2023-01-25T12:03:25.634-0300] {databricks.py:50} INFO - Run submitted with run_id: 99929
[2023-01-25T12:03:25.635-0300] {databricks_base.py:424} INFO - Using token auth. For security reasons, please set token in Password field instead of extra
[2023-01-25T12:03:26.739-0300] {databricks_base.py:424} INFO - Using token auth. For security reasons, please set token in Password field instead of extra
[2023-01-25T12:03:27.039-0300] {databricks.py:91} INFO - run_databricks_notebook in run state: {'life_cycle_state': 'PENDING', 'result_state': '', 'state_message': ''}
[2023-01-25T12:03:27.040-0300] {databricks.py:92} INFO - View run status, Spark UI, and logs at https://adb-1362567168960874.14.azuredatabricks.net/?o=1362567168960874#job/357732001332103/run/99929
[2023-01-25T12:03:27.040-0300] {databricks.py:93} INFO - Sleeping for 30 seconds.
[2023-01-25T12:03:57.069-0300] {databricks_base.py:424} INFO - Using token auth. For security reasons, please set token in Password field instead of extra
[2023-01-25T12:03:57.399-0300] {databricks.py:91} INFO - run_databricks_notebook in run state: {'life_cycle_state': 'PENDING', 'result_state': '', 'state_message': ''}
[2023-01-25T12:03:57.399-0300] {databricks.py:92} INFO - View run status, Spark UI, and logs at https://adb-1362567168960874.14.azuredatabricks.net/?o=1362567168960874#job/357732001332103/run/99929
[2023-01-25T12:03:57.399-0300] {databricks.py:93} INFO - Sleeping for 30 seconds.
[2023-01-25T12:04:27.428-0300] {databricks_base.py:424} INFO - Using token auth. For security reasons, please set token in Password field instead of extra
[2023-01-25T12:04:27.717-0300] {databricks.py:91} INFO - run_databricks_notebook in run state: {'life_cycle_state': 'PENDING', 'result_state': '', 'state_message': ''}
[2023-01-25T12:04:27.717-0300] {databricks.py:92} INFO - View run status, Spark UI, and logs at https://adb-1362567168960874.14.azuredatabricks.net/?o=1362567168960874#job/357732001332103/run/99929
[2023-01-25T12:04:27.718-0300] {databricks.py:93} INFO - Sleeping for 30 seconds.
[2023-01-25T12:04:57.744-0300] {databricks_base.py:424} INFO - Using token auth. For security reasons, please set token in Password field instead of extra
[2023-01-25T12:04:58.079-0300] {databricks.py:91} INFO - run_databricks_notebook in run state: {'life_cycle_state': 'PENDING', 'result_state': '', 'state_message': ''}
[2023-01-25T12:04:58.079-0300] {databricks.py:92} INFO - View run status, Spark UI, and logs at https://adb-1362567168960874.14.azuredatabricks.net/?o=1362567168960874#job/357732001332103/run/99929
[2023-01-25T12:04:58.079-0300] {databricks.py:93} INFO - Sleeping for 30 seconds.
[2023-01-25T12:05:28.107-0300] {databricks_base.py:424} INFO - Using token auth. For security reasons, please set token in Password field instead of extra
[2023-01-25T12:05:28.411-0300] {databricks.py:91} INFO - run_databricks_notebook in run state: {'life_cycle_state': 'PENDING', 'result_state': '', 'state_message': ''}
[2023-01-25T12:05:28.411-0300] {databricks.py:92} INFO - View run status, Spark UI, and logs at https://adb-1362567168960874.14.azuredatabricks.net/?o=1362567168960874#job/357732001332103/run/99929
[2023-01-25T12:05:28.411-0300] {databricks.py:93} INFO - Sleeping for 30 seconds.
[2023-01-25T12:05:58.441-0300] {databricks_base.py:424} INFO - Using token auth. For security reasons, please set token in Password field instead of extra
[2023-01-25T12:05:58.764-0300] {databricks.py:91} INFO - run_databricks_notebook in run state: {'life_cycle_state': 'RUNNING', 'result_state': '', 'state_message': 'In run'}
[2023-01-25T12:05:58.764-0300] {databricks.py:92} INFO - View run status, Spark UI, and logs at https://adb-1362567168960874.14.azuredatabricks.net/?o=1362567168960874#job/357732001332103/run/99929
[2023-01-25T12:05:58.764-0300] {databricks.py:93} INFO - Sleeping for 30 seconds.
[2023-01-25T12:06:28.793-0300] {databricks_base.py:424} INFO - Using token auth. For security reasons, please set token in Password field instead of extra
[2023-01-25T12:06:29.102-0300] {databricks.py:91} INFO - run_databricks_notebook in run state: {'life_cycle_state': 'RUNNING', 'result_state': '', 'state_message': 'In run'}
[2023-01-25T12:06:29.103-0300] {databricks.py:92} INFO - View run status, Spark UI, and logs at https://adb-1362567168960874.14.azuredatabricks.net/?o=1362567168960874#job/357732001332103/run/99929
[2023-01-25T12:06:29.103-0300] {databricks.py:93} INFO - Sleeping for 30 seconds.
[2023-01-25T12:06:59.132-0300] {databricks_base.py:424} INFO - Using token auth. For security reasons, please set token in Password field instead of extra
[2023-01-25T12:06:59.400-0300] {databricks.py:91} INFO - run_databricks_notebook in run state: {'life_cycle_state': 'RUNNING', 'result_state': '', 'state_message': 'In run'}
[2023-01-25T12:06:59.400-0300] {databricks.py:92} INFO - View run status, Spark UI, and logs at https://adb-1362567168960874.14.azuredatabricks.net/?o=1362567168960874#job/357732001332103/run/99929
[2023-01-25T12:06:59.400-0300] {databricks.py:93} INFO - Sleeping for 30 seconds.
[2023-01-25T12:07:29.412-0300] {databricks_base.py:424} INFO - Using token auth. For security reasons, please set token in Password field instead of extra
[2023-01-25T12:07:29.693-0300] {databricks.py:91} INFO - run_databricks_notebook in run state: {'life_cycle_state': 'RUNNING', 'result_state': '', 'state_message': 'In run'}
[2023-01-25T12:07:29.693-0300] {databricks.py:92} INFO - View run status, Spark UI, and logs at https://adb-1362567168960874.14.azuredatabricks.net/?o=1362567168960874#job/357732001332103/run/99929
[2023-01-25T12:07:29.694-0300] {databricks.py:93} INFO - Sleeping for 30 seconds.
[2023-01-25T12:07:59.720-0300] {databricks_base.py:424} INFO - Using token auth. For security reasons, please set token in Password field instead of extra
[2023-01-25T12:08:00.035-0300] {databricks.py:91} INFO - run_databricks_notebook in run state: {'life_cycle_state': 'RUNNING', 'result_state': '', 'state_message': 'In run'}
[2023-01-25T12:08:00.036-0300] {databricks.py:92} INFO - View run status, Spark UI, and logs at https://adb-1362567168960874.14.azuredatabricks.net/?o=1362567168960874#job/357732001332103/run/99929
[2023-01-25T12:08:00.036-0300] {databricks.py:93} INFO - Sleeping for 30 seconds.
[2023-01-25T12:08:30.065-0300] {databricks_base.py:424} INFO - Using token auth. For security reasons, please set token in Password field instead of extra
[2023-01-25T12:08:30.360-0300] {databricks.py:61} INFO - run_databricks_notebook completed successfully.
[2023-01-25T12:08:30.361-0300] {databricks.py:62} INFO - View run status, Spark UI, and logs at https://adb-1362567168960874.14.azuredatabricks.net/?o=1362567168960874#job/357732001332103/run/99929
[2023-01-25T12:08:30.369-0300] {logging_mixin.py:137} WARNING - /home/airflow/.local/lib/python3.10/site-packages/airflow/models/baseoperator.py:1393 RemovedInAirflow3Warning: Passing 'execution_date' to 'TaskInstance.xcom_push()' is deprecated.
[2023-01-25T12:08:31.559-0300] {taskinstance.py:1322} INFO - Marking task as SUCCESS. dag_id=bronze_opt_t_parametro, task_id=run_databricks_notebook, execution_date=20230125T150248, start_date=20230125T150315, end_date=20230125T150831
[2023-01-25T12:08:40.997-0300] {standard_task_runner.py:100} ERROR - Failed to execute job 1373 for task run_databricks_notebook ((pyodbc.Error) ('40001', '[40001] [Microsoft][ODBC Driver 17 for SQL Server][SQL Server]Transaction (Process ID 225) was deadlocked on lock resources with another process and has been chosen as the deadlock victim. Rerun the transaction. (1205) (SQLExecDirectW)')
[SQL: UPDATE task_instance SET end_date=?, duration=?, state=?, updated_at=? WHERE task_instance.dag_id = ? AND task_instance.task_id = ? AND task_instance.run_id = ? AND task_instance.map_index = ?]
[parameters: (datetime.datetime(2023, 1, 25, 15, 8, 31, 559476, tzinfo=Timezone('UTC')), 315.841823, <TaskInstanceState.SUCCESS: 'success'>, datetime.datetime(2023, 1, 25, 15, 3, 16, 566408, tzinfo=Timezone('UTC')), 'bronze_opt_t_parametro', 'run_databricks_notebook', 'dataset_triggered__2023-01-25T15:02:48.043211+00:00', -1)]
(Background on this error at: https://sqlalche.me/e/14/dbapi); 1740002)
[2023-01-25T12:08:41.643-0300] {local_task_job.py:159} INFO - Task exited with return code 1
[2023-01-25T12:08:42.227-0300] {taskinstance.py:2582} INFO - 0 downstream tasks scheduled from follow-on schedule check
