[2023-01-25T12:23:57.096-0300] {taskinstance.py:1087} INFO - Dependencies all met for <TaskInstance: bronze_opt_t_transacaofatura.run_databricks_notebook dataset_triggered__2023-01-25T15:23:42.017627+00:00 [queued]>
[2023-01-25T12:23:57.470-0300] {taskinstance.py:1087} INFO - Dependencies all met for <TaskInstance: bronze_opt_t_transacaofatura.run_databricks_notebook dataset_triggered__2023-01-25T15:23:42.017627+00:00 [queued]>
[2023-01-25T12:23:57.471-0300] {taskinstance.py:1283} INFO - 
--------------------------------------------------------------------------------
[2023-01-25T12:23:57.471-0300] {taskinstance.py:1284} INFO - Starting attempt 1 of 1
[2023-01-25T12:23:57.471-0300] {taskinstance.py:1285} INFO - 
--------------------------------------------------------------------------------
[2023-01-25T12:23:57.944-0300] {taskinstance.py:1304} INFO - Executing <Task(DatabricksSubmitRunOperator): run_databricks_notebook> on 2023-01-25 15:23:42.017627+00:00
[2023-01-25T12:23:57.950-0300] {standard_task_runner.py:55} INFO - Started process 1744723 to run task
[2023-01-25T12:23:57.954-0300] {standard_task_runner.py:82} INFO - Running: ['airflow', 'tasks', 'run', 'bronze_opt_t_transacaofatura', 'run_databricks_notebook', 'dataset_triggered__2023-01-25T15:23:42.017627+00:00', '--job-id', '1435', '--raw', '--subdir', 'DAGS_FOLDER/bronze/dock_opt/bronze_opt_t_transacaofatura.py', '--cfg-path', '/tmp/tmpbb1w95xv']
[2023-01-25T12:23:57.957-0300] {standard_task_runner.py:83} INFO - Job 1435: Subtask run_databricks_notebook
[2023-01-25T12:24:01.151-0300] {task_command.py:389} INFO - Running <TaskInstance: bronze_opt_t_transacaofatura.run_databricks_notebook dataset_triggered__2023-01-25T15:23:42.017627+00:00 [running]> on host vm-airflow-01
[2023-01-25T12:24:03.791-0300] {taskinstance.py:1511} INFO - Exporting the following env vars:
AIRFLOW_CTX_DAG_OWNER=matheus.rodrigues@fortbrasil.com.br
AIRFLOW_CTX_DAG_ID=bronze_opt_t_transacaofatura
AIRFLOW_CTX_TASK_ID=run_databricks_notebook
AIRFLOW_CTX_EXECUTION_DATE=2023-01-25T15:23:42.017627+00:00
AIRFLOW_CTX_TRY_NUMBER=1
AIRFLOW_CTX_DAG_RUN_ID=dataset_triggered__2023-01-25T15:23:42.017627+00:00
[2023-01-25T12:24:04.297-0300] {base.py:73} INFO - Using connection ID 'adb' for task execution.
[2023-01-25T12:24:04.496-0300] {databricks_base.py:424} INFO - Using token auth. For security reasons, please set token in Password field instead of extra
[2023-01-25T12:24:05.754-0300] {databricks.py:50} INFO - Run submitted with run_id: 126729
[2023-01-25T12:24:05.755-0300] {databricks_base.py:424} INFO - Using token auth. For security reasons, please set token in Password field instead of extra
[2023-01-25T12:24:06.775-0300] {databricks_base.py:424} INFO - Using token auth. For security reasons, please set token in Password field instead of extra
[2023-01-25T12:24:07.053-0300] {databricks.py:91} INFO - run_databricks_notebook in run state: {'life_cycle_state': 'RUNNING', 'result_state': '', 'state_message': 'In run'}
[2023-01-25T12:24:07.053-0300] {databricks.py:92} INFO - View run status, Spark UI, and logs at https://adb-1362567168960874.14.azuredatabricks.net/?o=1362567168960874#job/607071580421492/run/126729
[2023-01-25T12:24:07.054-0300] {databricks.py:93} INFO - Sleeping for 30 seconds.
[2023-01-25T12:24:37.072-0300] {databricks_base.py:424} INFO - Using token auth. For security reasons, please set token in Password field instead of extra
[2023-01-25T12:24:37.339-0300] {databricks.py:61} INFO - run_databricks_notebook completed successfully.
[2023-01-25T12:24:37.339-0300] {databricks.py:62} INFO - View run status, Spark UI, and logs at https://adb-1362567168960874.14.azuredatabricks.net/?o=1362567168960874#job/607071580421492/run/126729
[2023-01-25T12:24:37.347-0300] {logging_mixin.py:137} WARNING - /home/airflow/.local/lib/python3.10/site-packages/airflow/models/baseoperator.py:1393 RemovedInAirflow3Warning: Passing 'execution_date' to 'TaskInstance.xcom_push()' is deprecated.
[2023-01-25T12:24:38.548-0300] {taskinstance.py:1322} INFO - Marking task as SUCCESS. dag_id=bronze_opt_t_transacaofatura, task_id=run_databricks_notebook, execution_date=20230125T152342, start_date=20230125T152357, end_date=20230125T152438
[2023-01-25T12:24:39.665-0300] {local_task_job.py:159} INFO - Task exited with return code 0
[2023-01-25T12:24:40.252-0300] {taskinstance.py:2582} INFO - 0 downstream tasks scheduled from follow-on schedule check
