[2023-01-21T16:06:08.363-0300] {taskinstance.py:1087} INFO - Dependencies all met for <TaskInstance: raw_opt_t_pessoafisica.run_adf_pipeline scheduled__2023-01-20T15:00:00+00:00 [queued]>
[2023-01-21T16:06:08.753-0300] {taskinstance.py:1087} INFO - Dependencies all met for <TaskInstance: raw_opt_t_pessoafisica.run_adf_pipeline scheduled__2023-01-20T15:00:00+00:00 [queued]>
[2023-01-21T16:06:08.754-0300] {taskinstance.py:1283} INFO - 
--------------------------------------------------------------------------------
[2023-01-21T16:06:08.754-0300] {taskinstance.py:1284} INFO - Starting attempt 1 of 1
[2023-01-21T16:06:08.754-0300] {taskinstance.py:1285} INFO - 
--------------------------------------------------------------------------------
[2023-01-21T16:06:09.332-0300] {taskinstance.py:1304} INFO - Executing <Task(AzureDataFactoryRunPipelineOperator): run_adf_pipeline> on 2023-01-20 15:00:00+00:00
[2023-01-21T16:06:09.340-0300] {standard_task_runner.py:55} INFO - Started process 684435 to run task
[2023-01-21T16:06:09.346-0300] {standard_task_runner.py:82} INFO - Running: ['airflow', 'tasks', 'run', 'raw_opt_t_pessoafisica', 'run_adf_pipeline', 'scheduled__2023-01-20T15:00:00+00:00', '--job-id', '1130', '--raw', '--subdir', 'DAGS_FOLDER/raw/dock_opt/raw_opt_t_pessoafisica.py', '--cfg-path', '/tmp/tmp7h8grmbj']
[2023-01-21T16:06:09.351-0300] {standard_task_runner.py:83} INFO - Job 1130: Subtask run_adf_pipeline
[2023-01-21T16:06:12.380-0300] {task_command.py:389} INFO - Running <TaskInstance: raw_opt_t_pessoafisica.run_adf_pipeline scheduled__2023-01-20T15:00:00+00:00 [running]> on host vm-airflow-01
[2023-01-21T16:06:15.320-0300] {taskinstance.py:1511} INFO - Exporting the following env vars:
AIRFLOW_CTX_DAG_OWNER=matheus.rodrigues@fortbrasil.com.br
AIRFLOW_CTX_DAG_ID=raw_opt_t_pessoafisica
AIRFLOW_CTX_TASK_ID=run_adf_pipeline
AIRFLOW_CTX_EXECUTION_DATE=2023-01-20T15:00:00+00:00
AIRFLOW_CTX_TRY_NUMBER=1
AIRFLOW_CTX_DAG_RUN_ID=scheduled__2023-01-20T15:00:00+00:00
[2023-01-21T16:06:15.321-0300] {data_factory.py:154} INFO - Executing the cp_opt_to_datalake pipeline.
[2023-01-21T16:06:15.823-0300] {base.py:73} INFO - Using connection ID 'adf' for task execution.
[2023-01-21T16:06:16.328-0300] {base.py:73} INFO - Using connection ID 'adf' for task execution.
[2023-01-21T16:06:16.830-0300] {base.py:73} INFO - Using connection ID 'adf' for task execution.
[2023-01-21T16:06:16.840-0300] {_universal.py:526} INFO - Request URL: 'https://login.microsoftonline.com:443/d47e09d1-17c6-4a6f-b65c-d49d61e186a2/v2.0/.well-known/openid-configuration'
Request method: 'GET'
Request headers:
    'User-Agent': 'azsdk-python-identity/1.12.0 Python/3.10.6 (Linux-5.15.0-58-generic-x86_64-with-glibc2.35)'
No body was attached to the request
[2023-01-21T16:06:17.297-0300] {_universal.py:554} INFO - Response status: 200
Response headers:
    'Cache-Control': 'max-age=86400, private'
    'Content-Type': 'application/json; charset=utf-8'
    'Strict-Transport-Security': 'REDACTED'
    'X-Content-Type-Options': 'REDACTED'
    'Access-Control-Allow-Origin': 'REDACTED'
    'Access-Control-Allow-Methods': 'REDACTED'
    'P3P': 'REDACTED'
    'x-ms-request-id': 'e627264c-cdbd-4870-91ad-7d2ef620d400'
    'x-ms-ests-server': 'REDACTED'
    'X-XSS-Protection': 'REDACTED'
    'Set-Cookie': 'REDACTED'
    'Date': 'Sat, 21 Jan 2023 19:06:16 GMT'
    'Content-Length': '1753'
[2023-01-21T16:06:17.299-0300] {_universal.py:526} INFO - Request URL: 'https://login.microsoftonline.com/common/discovery/instance?api-version=REDACTED&authorization_endpoint=REDACTED'
Request method: 'GET'
Request headers:
    'Accept': 'application/json'
    'User-Agent': 'azsdk-python-identity/1.12.0 Python/3.10.6 (Linux-5.15.0-58-generic-x86_64-with-glibc2.35)'
No body was attached to the request
[2023-01-21T16:06:17.533-0300] {_universal.py:554} INFO - Response status: 200
Response headers:
    'Cache-Control': 'max-age=86400, private'
    'Content-Type': 'application/json; charset=utf-8'
    'Strict-Transport-Security': 'REDACTED'
    'X-Content-Type-Options': 'REDACTED'
    'Access-Control-Allow-Origin': 'REDACTED'
    'Access-Control-Allow-Methods': 'REDACTED'
    'P3P': 'REDACTED'
    'x-ms-request-id': 'c814ad87-895a-49c2-80ab-b6d06ec31000'
    'x-ms-ests-server': 'REDACTED'
    'X-XSS-Protection': 'REDACTED'
    'Set-Cookie': 'REDACTED'
    'Date': 'Sat, 21 Jan 2023 19:06:16 GMT'
    'Content-Length': '945'
[2023-01-21T16:06:17.534-0300] {_universal.py:523} INFO - Request URL: 'https://login.microsoftonline.com/d47e09d1-17c6-4a6f-b65c-d49d61e186a2/oauth2/v2.0/token'
Request method: 'POST'
Request headers:
    'Accept': 'application/json'
    'x-client-sku': 'REDACTED'
    'x-client-ver': 'REDACTED'
    'x-client-os': 'REDACTED'
    'x-client-cpu': 'REDACTED'
    'x-ms-lib-capability': 'REDACTED'
    'client-request-id': 'REDACTED'
    'x-client-current-telemetry': 'REDACTED'
    'x-client-last-telemetry': 'REDACTED'
    'User-Agent': 'azsdk-python-identity/1.12.0 Python/3.10.6 (Linux-5.15.0-58-generic-x86_64-with-glibc2.35)'
A body is sent with the request
[2023-01-21T16:06:17.792-0300] {_universal.py:554} INFO - Response status: 200
Response headers:
    'Cache-Control': 'no-store, no-cache'
    'Pragma': 'no-cache'
    'Content-Type': 'application/json; charset=utf-8'
    'Expires': '-1'
    'Strict-Transport-Security': 'REDACTED'
    'X-Content-Type-Options': 'REDACTED'
    'P3P': 'REDACTED'
    'client-request-id': 'REDACTED'
    'x-ms-request-id': '74413d81-f9e8-4775-bb23-ac888f92ff00'
    'x-ms-ests-server': 'REDACTED'
    'x-ms-clitelem': 'REDACTED'
    'X-XSS-Protection': 'REDACTED'
    'Set-Cookie': 'REDACTED'
    'Date': 'Sat, 21 Jan 2023 19:06:16 GMT'
    'Content-Length': '1391'
[2023-01-21T16:06:17.793-0300] {get_token_mixin.py:77} INFO - ClientSecretCredential.get_token succeeded
[2023-01-21T16:06:17.793-0300] {_universal.py:523} INFO - Request URL: 'https://management.azure.com/subscriptions/5e5642ec-dd71-4e9a-a29e-58effbf39209/resourceGroups/rg-mdw-hml-fb/providers/Microsoft.DataFactory/factories/adf-mdw-hml-fb/pipelines/cp_opt_to_datalake/createRun?api-version=REDACTED'
Request method: 'POST'
Request headers:
    'Content-Type': 'application/json'
    'Accept': 'application/json'
    'Content-Length': '132'
    'x-ms-client-request-id': 'ae7991ae-99be-11ed-a50b-05e3ce77118f'
    'User-Agent': 'azsdk-python-mgmt-datafactory/1.1.0 Python/3.10.6 (Linux-5.15.0-58-generic-x86_64-with-glibc2.35)'
    'Authorization': 'REDACTED'
A body is sent with the request
[2023-01-21T16:06:20.201-0300] {_universal.py:554} INFO - Response status: 200
Response headers:
    'Cache-Control': 'no-cache'
    'Pragma': 'no-cache'
    'Transfer-Encoding': 'chunked'
    'Content-Type': 'application/json; charset=utf-8'
    'Content-Encoding': 'REDACTED'
    'Expires': '-1'
    'Vary': 'REDACTED'
    'x-ms-correlation-request-id': 'REDACTED'
    'Server': 'Kestrel'
    'x-ms-ratelimit-remaining-subscription-writes': 'REDACTED'
    'x-ms-request-id': '1ad11fcb-efff-413b-ba4e-736d1562c212'
    'x-ms-routing-request-id': 'REDACTED'
    'Strict-Transport-Security': 'REDACTED'
    'X-Content-Type-Options': 'REDACTED'
    'Date': 'Sat, 21 Jan 2023 19:06:19 GMT'
[2023-01-21T16:06:20.900-0300] {data_factory.py:172} INFO - Waiting for pipeline run ae7991ae-99be-11ed-a50b-05e3ce77118f to terminate.
[2023-01-21T16:06:20.901-0300] {data_factory.py:768} INFO - Getting the status of run ID ae7991ae-99be-11ed-a50b-05e3ce77118f.
[2023-01-21T16:06:21.404-0300] {base.py:73} INFO - Using connection ID 'adf' for task execution.
[2023-01-21T16:06:21.901-0300] {base.py:73} INFO - Using connection ID 'adf' for task execution.
[2023-01-21T16:06:21.903-0300] {_universal.py:526} INFO - Request URL: 'https://management.azure.com/subscriptions/5e5642ec-dd71-4e9a-a29e-58effbf39209/resourceGroups/rg-mdw-hml-fb/providers/Microsoft.DataFactory/factories/adf-mdw-hml-fb/pipelineruns/ae7991ae-99be-11ed-a50b-05e3ce77118f?api-version=REDACTED'
Request method: 'GET'
Request headers:
    'Accept': 'application/json'
    'x-ms-client-request-id': 'b17e425a-99be-11ed-a50b-05e3ce77118f'
    'User-Agent': 'azsdk-python-mgmt-datafactory/1.1.0 Python/3.10.6 (Linux-5.15.0-58-generic-x86_64-with-glibc2.35)'
    'Authorization': 'REDACTED'
No body was attached to the request
[2023-01-21T16:06:22.060-0300] {_universal.py:554} INFO - Response status: 200
Response headers:
    'Cache-Control': 'no-cache'
    'Pragma': 'no-cache'
    'Transfer-Encoding': 'chunked'
    'Content-Type': 'application/json; charset=utf-8'
    'Content-Encoding': 'REDACTED'
    'Expires': '-1'
    'Vary': 'REDACTED'
    'x-ms-correlation-request-id': 'REDACTED'
    'Server': 'Kestrel'
    'x-ms-ratelimit-remaining-subscription-reads': 'REDACTED'
    'x-ms-request-id': '9118be49-c052-4147-bc63-2e7d818e62a3'
    'x-ms-routing-request-id': 'REDACTED'
    'Strict-Transport-Security': 'REDACTED'
    'X-Content-Type-Options': 'REDACTED'
    'Date': 'Sat, 21 Jan 2023 19:06:21 GMT'
[2023-01-21T16:06:22.066-0300] {data_factory.py:774} INFO - Current status of pipeline run ae7991ae-99be-11ed-a50b-05e3ce77118f: InProgress
[2023-01-21T16:07:22.124-0300] {data_factory.py:768} INFO - Getting the status of run ID ae7991ae-99be-11ed-a50b-05e3ce77118f.
[2023-01-21T16:07:22.611-0300] {base.py:73} INFO - Using connection ID 'adf' for task execution.
[2023-01-21T16:07:23.150-0300] {base.py:73} INFO - Using connection ID 'adf' for task execution.
[2023-01-21T16:07:23.152-0300] {_universal.py:526} INFO - Request URL: 'https://management.azure.com/subscriptions/5e5642ec-dd71-4e9a-a29e-58effbf39209/resourceGroups/rg-mdw-hml-fb/providers/Microsoft.DataFactory/factories/adf-mdw-hml-fb/pipelineruns/ae7991ae-99be-11ed-a50b-05e3ce77118f?api-version=REDACTED'
Request method: 'GET'
Request headers:
    'Accept': 'application/json'
    'x-ms-client-request-id': 'd600196e-99be-11ed-a50b-05e3ce77118f'
    'User-Agent': 'azsdk-python-mgmt-datafactory/1.1.0 Python/3.10.6 (Linux-5.15.0-58-generic-x86_64-with-glibc2.35)'
    'Authorization': 'REDACTED'
No body was attached to the request
[2023-01-21T16:07:23.310-0300] {_universal.py:554} INFO - Response status: 200
Response headers:
    'Cache-Control': 'no-cache'
    'Pragma': 'no-cache'
    'Transfer-Encoding': 'chunked'
    'Content-Type': 'application/json; charset=utf-8'
    'Content-Encoding': 'REDACTED'
    'Expires': '-1'
    'Vary': 'REDACTED'
    'x-ms-correlation-request-id': 'REDACTED'
    'Server': 'Kestrel'
    'x-ms-ratelimit-remaining-subscription-reads': 'REDACTED'
    'x-ms-request-id': 'd7a5ca27-6ee6-4100-9d5b-8e2707a9cf8e'
    'x-ms-routing-request-id': 'REDACTED'
    'Strict-Transport-Security': 'REDACTED'
    'X-Content-Type-Options': 'REDACTED'
    'Date': 'Sat, 21 Jan 2023 19:07:22 GMT'
[2023-01-21T16:07:23.311-0300] {data_factory.py:774} INFO - Current status of pipeline run ae7991ae-99be-11ed-a50b-05e3ce77118f: InProgress
[2023-01-21T16:08:23.371-0300] {data_factory.py:768} INFO - Getting the status of run ID ae7991ae-99be-11ed-a50b-05e3ce77118f.
[2023-01-21T16:08:23.904-0300] {base.py:73} INFO - Using connection ID 'adf' for task execution.
[2023-01-21T16:08:24.440-0300] {base.py:73} INFO - Using connection ID 'adf' for task execution.
[2023-01-21T16:08:24.441-0300] {_universal.py:526} INFO - Request URL: 'https://management.azure.com/subscriptions/5e5642ec-dd71-4e9a-a29e-58effbf39209/resourceGroups/rg-mdw-hml-fb/providers/Microsoft.DataFactory/factories/adf-mdw-hml-fb/pipelineruns/ae7991ae-99be-11ed-a50b-05e3ce77118f?api-version=REDACTED'
Request method: 'GET'
Request headers:
    'Accept': 'application/json'
    'x-ms-client-request-id': 'fa881b10-99be-11ed-a50b-05e3ce77118f'
    'User-Agent': 'azsdk-python-mgmt-datafactory/1.1.0 Python/3.10.6 (Linux-5.15.0-58-generic-x86_64-with-glibc2.35)'
    'Authorization': 'REDACTED'
No body was attached to the request
[2023-01-21T16:08:24.602-0300] {_universal.py:554} INFO - Response status: 200
Response headers:
    'Cache-Control': 'no-cache'
    'Pragma': 'no-cache'
    'Transfer-Encoding': 'chunked'
    'Content-Type': 'application/json; charset=utf-8'
    'Content-Encoding': 'REDACTED'
    'Expires': '-1'
    'Vary': 'REDACTED'
    'x-ms-correlation-request-id': 'REDACTED'
    'Server': 'Kestrel'
    'x-ms-ratelimit-remaining-subscription-reads': 'REDACTED'
    'x-ms-request-id': '196ec222-dcf3-46ee-8793-ab7e6e91ad99'
    'x-ms-routing-request-id': 'REDACTED'
    'Strict-Transport-Security': 'REDACTED'
    'X-Content-Type-Options': 'REDACTED'
    'Date': 'Sat, 21 Jan 2023 19:08:24 GMT'
[2023-01-21T16:08:24.603-0300] {data_factory.py:774} INFO - Current status of pipeline run ae7991ae-99be-11ed-a50b-05e3ce77118f: Succeeded
[2023-01-21T16:08:24.603-0300] {data_factory.py:182} INFO - Pipeline run ae7991ae-99be-11ed-a50b-05e3ce77118f has completed successfully.
[2023-01-21T16:08:24.606-0300] {logging_mixin.py:137} WARNING - /home/airflow/.local/lib/python3.10/site-packages/airflow/models/baseoperator.py:1393 RemovedInAirflow3Warning: Passing 'execution_date' to 'TaskInstance.xcom_push()' is deprecated.
[2023-01-21T16:08:25.776-0300] {taskinstance.py:1322} INFO - Marking task as SUCCESS. dag_id=raw_opt_t_pessoafisica, task_id=run_adf_pipeline, execution_date=20230120T150000, start_date=20230121T190608, end_date=20230121T190825
[2023-01-21T16:08:26.863-0300] {local_task_job.py:159} INFO - Task exited with return code 0
[2023-01-21T16:08:27.433-0300] {taskinstance.py:2582} INFO - 0 downstream tasks scheduled from follow-on schedule check
