[2023-01-23T15:09:03.644-0300] {taskinstance.py:1087} INFO - Dependencies all met for <TaskInstance: raw_opt_t_eventoacordoativo.waiting_dock_opt manual__2023-01-23T18:08:52.727514+00:00 [queued]>
[2023-01-23T15:09:04.040-0300] {taskinstance.py:1087} INFO - Dependencies all met for <TaskInstance: raw_opt_t_eventoacordoativo.waiting_dock_opt manual__2023-01-23T18:08:52.727514+00:00 [queued]>
[2023-01-23T15:09:04.040-0300] {taskinstance.py:1283} INFO - 
--------------------------------------------------------------------------------
[2023-01-23T15:09:04.040-0300] {taskinstance.py:1284} INFO - Starting attempt 1 of 1
[2023-01-23T15:09:04.040-0300] {taskinstance.py:1285} INFO - 
--------------------------------------------------------------------------------
[2023-01-23T15:09:04.705-0300] {taskinstance.py:1304} INFO - Executing <Task(SqlSensor): waiting_dock_opt> on 2023-01-23 18:08:52.727514+00:00
[2023-01-23T15:09:04.711-0300] {standard_task_runner.py:55} INFO - Started process 1145662 to run task
[2023-01-23T15:09:04.715-0300] {standard_task_runner.py:82} INFO - Running: ['airflow', 'tasks', 'run', 'raw_opt_t_eventoacordoativo', 'waiting_dock_opt', 'manual__2023-01-23T18:08:52.727514+00:00', '--job-id', '1252', '--raw', '--subdir', 'DAGS_FOLDER/raw/dock_opt/raw_opt_t_eventoacordoativo.py', '--cfg-path', '/tmp/tmp9rxcaul5']
[2023-01-23T15:09:04.718-0300] {standard_task_runner.py:83} INFO - Job 1252: Subtask waiting_dock_opt
[2023-01-23T15:09:12.710-0300] {task_command.py:389} INFO - Running <TaskInstance: raw_opt_t_eventoacordoativo.waiting_dock_opt manual__2023-01-23T18:08:52.727514+00:00 [running]> on host vm-airflow-01
[2023-01-23T15:09:15.351-0300] {taskinstance.py:1511} INFO - Exporting the following env vars:
AIRFLOW_CTX_DAG_OWNER=matheus.rodrigues@fortbrasil.com.br
AIRFLOW_CTX_DAG_ID=raw_opt_t_eventoacordoativo
AIRFLOW_CTX_TASK_ID=waiting_dock_opt
AIRFLOW_CTX_EXECUTION_DATE=2023-01-23T18:08:52.727514+00:00
AIRFLOW_CTX_TRY_NUMBER=1
AIRFLOW_CTX_DAG_RUN_ID=manual__2023-01-23T18:08:52.727514+00:00
[2023-01-23T15:09:16.375-0300] {base.py:73} INFO - Using connection ID 'dock_opt' for task execution.
[2023-01-23T15:09:16.581-0300] {sql.py:91} INFO - Poking: select count(1) from t_control where name = 't_eventoacordoativo' and convert(date, dt_start) = convert(date, getdate()) and dt_finish is not null (with parameters None)
[2023-01-23T15:09:17.082-0300] {base.py:73} INFO - Using connection ID 'dock_opt' for task execution.
[2023-01-23T15:09:17.521-0300] {sql.py:365} INFO - Running statement: select count(1) from t_control where name = 't_eventoacordoativo' and convert(date, dt_start) = convert(date, getdate()) and dt_finish is not null, parameters: None
[2023-01-23T15:09:18.757-0300] {taskinstance.py:1736} INFO - Rescheduling task, marking task as UP_FOR_RESCHEDULE
[2023-01-23T15:09:18.787-0300] {local_task_job.py:159} INFO - Task exited with return code 0
[2023-01-23T15:09:19.596-0300] {taskinstance.py:2582} INFO - 0 downstream tasks scheduled from follow-on schedule check
[2023-01-23T15:14:26.942-0300] {taskinstance.py:1087} INFO - Dependencies all met for <TaskInstance: raw_opt_t_eventoacordoativo.waiting_dock_opt manual__2023-01-23T18:08:52.727514+00:00 [queued]>
[2023-01-23T15:14:27.348-0300] {taskinstance.py:1087} INFO - Dependencies all met for <TaskInstance: raw_opt_t_eventoacordoativo.waiting_dock_opt manual__2023-01-23T18:08:52.727514+00:00 [queued]>
[2023-01-23T15:14:27.348-0300] {taskinstance.py:1283} INFO - 
--------------------------------------------------------------------------------
[2023-01-23T15:14:27.348-0300] {taskinstance.py:1284} INFO - Starting attempt 1 of 1
[2023-01-23T15:14:27.348-0300] {taskinstance.py:1285} INFO - 
--------------------------------------------------------------------------------
[2023-01-23T15:14:27.957-0300] {taskinstance.py:1304} INFO - Executing <Task(SqlSensor): waiting_dock_opt> on 2023-01-23 18:08:52.727514+00:00
[2023-01-23T15:14:27.963-0300] {standard_task_runner.py:55} INFO - Started process 1146847 to run task
[2023-01-23T15:14:27.968-0300] {standard_task_runner.py:82} INFO - Running: ['airflow', 'tasks', 'run', 'raw_opt_t_eventoacordoativo', 'waiting_dock_opt', 'manual__2023-01-23T18:08:52.727514+00:00', '--job-id', '1253', '--raw', '--subdir', 'DAGS_FOLDER/raw/dock_opt/raw_opt_t_eventoacordoativo.py', '--cfg-path', '/tmp/tmpr2ftjymy']
[2023-01-23T15:14:27.972-0300] {standard_task_runner.py:83} INFO - Job 1253: Subtask waiting_dock_opt
[2023-01-23T15:14:30.977-0300] {task_command.py:389} INFO - Running <TaskInstance: raw_opt_t_eventoacordoativo.waiting_dock_opt manual__2023-01-23T18:08:52.727514+00:00 [running]> on host vm-airflow-01
[2023-01-23T15:14:33.293-0300] {taskinstance.py:1511} INFO - Exporting the following env vars:
AIRFLOW_CTX_DAG_OWNER=matheus.rodrigues@fortbrasil.com.br
AIRFLOW_CTX_DAG_ID=raw_opt_t_eventoacordoativo
AIRFLOW_CTX_TASK_ID=waiting_dock_opt
AIRFLOW_CTX_EXECUTION_DATE=2023-01-23T18:08:52.727514+00:00
AIRFLOW_CTX_TRY_NUMBER=1
AIRFLOW_CTX_DAG_RUN_ID=manual__2023-01-23T18:08:52.727514+00:00
[2023-01-23T15:14:34.288-0300] {base.py:73} INFO - Using connection ID 'dock_opt' for task execution.
[2023-01-23T15:14:34.483-0300] {sql.py:91} INFO - Poking: select count(1) from t_control where name = 't_eventoacordoativo' and convert(date, dt_start) = convert(date, getdate()) and dt_finish is not null (with parameters None)
[2023-01-23T15:14:35.036-0300] {base.py:73} INFO - Using connection ID 'dock_opt' for task execution.
[2023-01-23T15:14:35.476-0300] {sql.py:365} INFO - Running statement: select count(1) from t_control where name = 't_eventoacordoativo' and convert(date, dt_start) = convert(date, getdate()) and dt_finish is not null, parameters: None
[2023-01-23T15:14:36.621-0300] {taskinstance.py:1736} INFO - Rescheduling task, marking task as UP_FOR_RESCHEDULE
[2023-01-23T15:14:36.645-0300] {local_task_job.py:159} INFO - Task exited with return code 0
[2023-01-23T15:14:37.441-0300] {taskinstance.py:2582} INFO - 0 downstream tasks scheduled from follow-on schedule check
[2023-01-23T15:19:42.194-0300] {taskinstance.py:1087} INFO - Dependencies all met for <TaskInstance: raw_opt_t_eventoacordoativo.waiting_dock_opt manual__2023-01-23T18:08:52.727514+00:00 [queued]>
[2023-01-23T15:19:42.602-0300] {taskinstance.py:1087} INFO - Dependencies all met for <TaskInstance: raw_opt_t_eventoacordoativo.waiting_dock_opt manual__2023-01-23T18:08:52.727514+00:00 [queued]>
[2023-01-23T15:19:42.603-0300] {taskinstance.py:1283} INFO - 
--------------------------------------------------------------------------------
[2023-01-23T15:19:42.603-0300] {taskinstance.py:1284} INFO - Starting attempt 1 of 1
[2023-01-23T15:19:42.603-0300] {taskinstance.py:1285} INFO - 
--------------------------------------------------------------------------------
[2023-01-23T15:19:43.280-0300] {taskinstance.py:1304} INFO - Executing <Task(SqlSensor): waiting_dock_opt> on 2023-01-23 18:08:52.727514+00:00
[2023-01-23T15:19:43.287-0300] {standard_task_runner.py:55} INFO - Started process 1148031 to run task
[2023-01-23T15:19:43.291-0300] {standard_task_runner.py:82} INFO - Running: ['airflow', 'tasks', 'run', 'raw_opt_t_eventoacordoativo', 'waiting_dock_opt', 'manual__2023-01-23T18:08:52.727514+00:00', '--job-id', '1254', '--raw', '--subdir', 'DAGS_FOLDER/raw/dock_opt/raw_opt_t_eventoacordoativo.py', '--cfg-path', '/tmp/tmpvu780s25']
[2023-01-23T15:19:43.293-0300] {standard_task_runner.py:83} INFO - Job 1254: Subtask waiting_dock_opt
[2023-01-23T15:19:46.265-0300] {task_command.py:389} INFO - Running <TaskInstance: raw_opt_t_eventoacordoativo.waiting_dock_opt manual__2023-01-23T18:08:52.727514+00:00 [running]> on host vm-airflow-01
[2023-01-23T15:19:48.607-0300] {taskinstance.py:1511} INFO - Exporting the following env vars:
AIRFLOW_CTX_DAG_OWNER=matheus.rodrigues@fortbrasil.com.br
AIRFLOW_CTX_DAG_ID=raw_opt_t_eventoacordoativo
AIRFLOW_CTX_TASK_ID=waiting_dock_opt
AIRFLOW_CTX_EXECUTION_DATE=2023-01-23T18:08:52.727514+00:00
AIRFLOW_CTX_TRY_NUMBER=1
AIRFLOW_CTX_DAG_RUN_ID=manual__2023-01-23T18:08:52.727514+00:00
[2023-01-23T15:19:49.641-0300] {base.py:73} INFO - Using connection ID 'dock_opt' for task execution.
[2023-01-23T15:19:49.837-0300] {sql.py:91} INFO - Poking: select count(1) from t_control where name = 't_eventoacordoativo' and convert(date, dt_start) = convert(date, getdate()) and dt_finish is not null (with parameters None)
[2023-01-23T15:19:50.363-0300] {base.py:73} INFO - Using connection ID 'dock_opt' for task execution.
[2023-01-23T15:19:50.802-0300] {sql.py:365} INFO - Running statement: select count(1) from t_control where name = 't_eventoacordoativo' and convert(date, dt_start) = convert(date, getdate()) and dt_finish is not null, parameters: None
[2023-01-23T15:19:52.168-0300] {taskinstance.py:1736} INFO - Rescheduling task, marking task as UP_FOR_RESCHEDULE
[2023-01-23T15:19:52.201-0300] {local_task_job.py:159} INFO - Task exited with return code 0
[2023-01-23T15:19:53.064-0300] {taskinstance.py:2582} INFO - 0 downstream tasks scheduled from follow-on schedule check
[2023-01-23T15:24:58.310-0300] {taskinstance.py:1087} INFO - Dependencies all met for <TaskInstance: raw_opt_t_eventoacordoativo.waiting_dock_opt manual__2023-01-23T18:08:52.727514+00:00 [queued]>
[2023-01-23T15:24:58.703-0300] {taskinstance.py:1087} INFO - Dependencies all met for <TaskInstance: raw_opt_t_eventoacordoativo.waiting_dock_opt manual__2023-01-23T18:08:52.727514+00:00 [queued]>
[2023-01-23T15:24:58.704-0300] {taskinstance.py:1283} INFO - 
--------------------------------------------------------------------------------
[2023-01-23T15:24:58.704-0300] {taskinstance.py:1284} INFO - Starting attempt 1 of 1
[2023-01-23T15:24:58.704-0300] {taskinstance.py:1285} INFO - 
--------------------------------------------------------------------------------
[2023-01-23T15:24:59.403-0300] {taskinstance.py:1304} INFO - Executing <Task(SqlSensor): waiting_dock_opt> on 2023-01-23 18:08:52.727514+00:00
[2023-01-23T15:24:59.409-0300] {standard_task_runner.py:55} INFO - Started process 1149160 to run task
[2023-01-23T15:24:59.413-0300] {standard_task_runner.py:82} INFO - Running: ['airflow', 'tasks', 'run', 'raw_opt_t_eventoacordoativo', 'waiting_dock_opt', 'manual__2023-01-23T18:08:52.727514+00:00', '--job-id', '1255', '--raw', '--subdir', 'DAGS_FOLDER/raw/dock_opt/raw_opt_t_eventoacordoativo.py', '--cfg-path', '/tmp/tmp02g6yvhx']
[2023-01-23T15:24:59.416-0300] {standard_task_runner.py:83} INFO - Job 1255: Subtask waiting_dock_opt
[2023-01-23T15:25:02.632-0300] {task_command.py:389} INFO - Running <TaskInstance: raw_opt_t_eventoacordoativo.waiting_dock_opt manual__2023-01-23T18:08:52.727514+00:00 [running]> on host vm-airflow-01
[2023-01-23T15:25:04.919-0300] {taskinstance.py:1511} INFO - Exporting the following env vars:
AIRFLOW_CTX_DAG_OWNER=matheus.rodrigues@fortbrasil.com.br
AIRFLOW_CTX_DAG_ID=raw_opt_t_eventoacordoativo
AIRFLOW_CTX_TASK_ID=waiting_dock_opt
AIRFLOW_CTX_EXECUTION_DATE=2023-01-23T18:08:52.727514+00:00
AIRFLOW_CTX_TRY_NUMBER=1
AIRFLOW_CTX_DAG_RUN_ID=manual__2023-01-23T18:08:52.727514+00:00
[2023-01-23T15:25:06.056-0300] {base.py:73} INFO - Using connection ID 'dock_opt' for task execution.
[2023-01-23T15:25:06.261-0300] {sql.py:91} INFO - Poking: select count(1) from t_control where name = 't_eventoacordoativo' and convert(date, dt_start) = convert(date, getdate()) and dt_finish is not null (with parameters None)
[2023-01-23T15:25:06.761-0300] {base.py:73} INFO - Using connection ID 'dock_opt' for task execution.
[2023-01-23T15:25:07.207-0300] {sql.py:365} INFO - Running statement: select count(1) from t_control where name = 't_eventoacordoativo' and convert(date, dt_start) = convert(date, getdate()) and dt_finish is not null, parameters: None
[2023-01-23T15:25:08.422-0300] {taskinstance.py:1736} INFO - Rescheduling task, marking task as UP_FOR_RESCHEDULE
[2023-01-23T15:25:08.442-0300] {local_task_job.py:159} INFO - Task exited with return code 0
[2023-01-23T15:25:09.236-0300] {taskinstance.py:2582} INFO - 0 downstream tasks scheduled from follow-on schedule check
[2023-01-23T15:30:18.062-0300] {taskinstance.py:1087} INFO - Dependencies all met for <TaskInstance: raw_opt_t_eventoacordoativo.waiting_dock_opt manual__2023-01-23T18:08:52.727514+00:00 [queued]>
[2023-01-23T15:30:18.483-0300] {taskinstance.py:1087} INFO - Dependencies all met for <TaskInstance: raw_opt_t_eventoacordoativo.waiting_dock_opt manual__2023-01-23T18:08:52.727514+00:00 [queued]>
[2023-01-23T15:30:18.484-0300] {taskinstance.py:1283} INFO - 
--------------------------------------------------------------------------------
[2023-01-23T15:30:18.484-0300] {taskinstance.py:1284} INFO - Starting attempt 1 of 1
[2023-01-23T15:30:18.484-0300] {taskinstance.py:1285} INFO - 
--------------------------------------------------------------------------------
[2023-01-23T15:30:19.237-0300] {taskinstance.py:1304} INFO - Executing <Task(SqlSensor): waiting_dock_opt> on 2023-01-23 18:08:52.727514+00:00
[2023-01-23T15:30:19.243-0300] {standard_task_runner.py:55} INFO - Started process 1150307 to run task
[2023-01-23T15:30:19.247-0300] {standard_task_runner.py:82} INFO - Running: ['airflow', 'tasks', 'run', 'raw_opt_t_eventoacordoativo', 'waiting_dock_opt', 'manual__2023-01-23T18:08:52.727514+00:00', '--job-id', '1256', '--raw', '--subdir', 'DAGS_FOLDER/raw/dock_opt/raw_opt_t_eventoacordoativo.py', '--cfg-path', '/tmp/tmpcrosh1ov']
[2023-01-23T15:30:19.252-0300] {standard_task_runner.py:83} INFO - Job 1256: Subtask waiting_dock_opt
[2023-01-23T15:30:22.231-0300] {task_command.py:389} INFO - Running <TaskInstance: raw_opt_t_eventoacordoativo.waiting_dock_opt manual__2023-01-23T18:08:52.727514+00:00 [running]> on host vm-airflow-01
[2023-01-23T15:30:24.897-0300] {taskinstance.py:1511} INFO - Exporting the following env vars:
AIRFLOW_CTX_DAG_OWNER=matheus.rodrigues@fortbrasil.com.br
AIRFLOW_CTX_DAG_ID=raw_opt_t_eventoacordoativo
AIRFLOW_CTX_TASK_ID=waiting_dock_opt
AIRFLOW_CTX_EXECUTION_DATE=2023-01-23T18:08:52.727514+00:00
AIRFLOW_CTX_TRY_NUMBER=1
AIRFLOW_CTX_DAG_RUN_ID=manual__2023-01-23T18:08:52.727514+00:00
[2023-01-23T15:30:26.244-0300] {base.py:73} INFO - Using connection ID 'dock_opt' for task execution.
[2023-01-23T15:30:26.443-0300] {sql.py:91} INFO - Poking: select count(1) from t_control where name = 't_eventoacordoativo' and convert(date, dt_start) = convert(date, getdate()) and dt_finish is not null (with parameters None)
[2023-01-23T15:30:26.949-0300] {base.py:73} INFO - Using connection ID 'dock_opt' for task execution.
[2023-01-23T15:30:27.395-0300] {sql.py:365} INFO - Running statement: select count(1) from t_control where name = 't_eventoacordoativo' and convert(date, dt_start) = convert(date, getdate()) and dt_finish is not null, parameters: None
[2023-01-23T15:30:28.569-0300] {taskinstance.py:1736} INFO - Rescheduling task, marking task as UP_FOR_RESCHEDULE
[2023-01-23T15:30:28.609-0300] {local_task_job.py:159} INFO - Task exited with return code 0
[2023-01-23T15:30:29.357-0300] {taskinstance.py:2582} INFO - 0 downstream tasks scheduled from follow-on schedule check
