[2023-01-25T12:03:15.563-0300] {taskinstance.py:1087} INFO - Dependencies all met for <TaskInstance: bronze_opt_t_origemcomercial.run_databricks_notebook dataset_triggered__2023-01-25T15:02:52.225631+00:00 [queued]>
[2023-01-25T12:03:16.092-0300] {taskinstance.py:1087} INFO - Dependencies all met for <TaskInstance: bronze_opt_t_origemcomercial.run_databricks_notebook dataset_triggered__2023-01-25T15:02:52.225631+00:00 [queued]>
[2023-01-25T12:03:16.093-0300] {taskinstance.py:1283} INFO - 
--------------------------------------------------------------------------------
[2023-01-25T12:03:16.093-0300] {taskinstance.py:1284} INFO - Starting attempt 1 of 1
[2023-01-25T12:03:16.093-0300] {taskinstance.py:1285} INFO - 
--------------------------------------------------------------------------------
[2023-01-25T12:03:16.813-0300] {taskinstance.py:1304} INFO - Executing <Task(DatabricksSubmitRunOperator): run_databricks_notebook> on 2023-01-25 15:02:52.225631+00:00
[2023-01-25T12:03:16.819-0300] {standard_task_runner.py:55} INFO - Started process 1740001 to run task
[2023-01-25T12:03:16.825-0300] {standard_task_runner.py:82} INFO - Running: ['airflow', 'tasks', 'run', 'bronze_opt_t_origemcomercial', 'run_databricks_notebook', 'dataset_triggered__2023-01-25T15:02:52.225631+00:00', '--job-id', '1372', '--raw', '--subdir', 'DAGS_FOLDER/bronze/dock_opt/bronze_opt_t_origemcomercial.py', '--cfg-path', '/tmp/tmp4sb2hwmj']
[2023-01-25T12:03:16.828-0300] {standard_task_runner.py:83} INFO - Job 1372: Subtask run_databricks_notebook
[2023-01-25T12:03:20.600-0300] {task_command.py:389} INFO - Running <TaskInstance: bronze_opt_t_origemcomercial.run_databricks_notebook dataset_triggered__2023-01-25T15:02:52.225631+00:00 [running]> on host vm-airflow-01
[2023-01-25T12:03:23.482-0300] {taskinstance.py:1511} INFO - Exporting the following env vars:
AIRFLOW_CTX_DAG_OWNER=matheus.rodrigues@fortbrasil.com.br
AIRFLOW_CTX_DAG_ID=bronze_opt_t_origemcomercial
AIRFLOW_CTX_TASK_ID=run_databricks_notebook
AIRFLOW_CTX_EXECUTION_DATE=2023-01-25T15:02:52.225631+00:00
AIRFLOW_CTX_TRY_NUMBER=1
AIRFLOW_CTX_DAG_RUN_ID=dataset_triggered__2023-01-25T15:02:52.225631+00:00
[2023-01-25T12:03:24.121-0300] {base.py:73} INFO - Using connection ID 'adb' for task execution.
[2023-01-25T12:03:24.319-0300] {databricks_base.py:424} INFO - Using token auth. For security reasons, please set token in Password field instead of extra
[2023-01-25T12:03:25.687-0300] {databricks.py:50} INFO - Run submitted with run_id: 100506
[2023-01-25T12:03:25.687-0300] {databricks_base.py:424} INFO - Using token auth. For security reasons, please set token in Password field instead of extra
[2023-01-25T12:03:26.889-0300] {databricks_base.py:424} INFO - Using token auth. For security reasons, please set token in Password field instead of extra
[2023-01-25T12:03:27.217-0300] {databricks.py:91} INFO - run_databricks_notebook in run state: {'life_cycle_state': 'PENDING', 'result_state': '', 'state_message': ''}
[2023-01-25T12:03:27.217-0300] {databricks.py:92} INFO - View run status, Spark UI, and logs at https://adb-1362567168960874.14.azuredatabricks.net/?o=1362567168960874#job/254038295260583/run/100506
[2023-01-25T12:03:27.217-0300] {databricks.py:93} INFO - Sleeping for 30 seconds.
[2023-01-25T12:03:57.244-0300] {databricks_base.py:424} INFO - Using token auth. For security reasons, please set token in Password field instead of extra
[2023-01-25T12:03:57.512-0300] {databricks.py:91} INFO - run_databricks_notebook in run state: {'life_cycle_state': 'PENDING', 'result_state': '', 'state_message': ''}
[2023-01-25T12:03:57.512-0300] {databricks.py:92} INFO - View run status, Spark UI, and logs at https://adb-1362567168960874.14.azuredatabricks.net/?o=1362567168960874#job/254038295260583/run/100506
[2023-01-25T12:03:57.512-0300] {databricks.py:93} INFO - Sleeping for 30 seconds.
[2023-01-25T12:04:27.543-0300] {databricks_base.py:424} INFO - Using token auth. For security reasons, please set token in Password field instead of extra
[2023-01-25T12:04:27.829-0300] {databricks.py:91} INFO - run_databricks_notebook in run state: {'life_cycle_state': 'PENDING', 'result_state': '', 'state_message': ''}
[2023-01-25T12:04:27.829-0300] {databricks.py:92} INFO - View run status, Spark UI, and logs at https://adb-1362567168960874.14.azuredatabricks.net/?o=1362567168960874#job/254038295260583/run/100506
[2023-01-25T12:04:27.829-0300] {databricks.py:93} INFO - Sleeping for 30 seconds.
[2023-01-25T12:04:57.856-0300] {databricks_base.py:424} INFO - Using token auth. For security reasons, please set token in Password field instead of extra
[2023-01-25T12:04:58.123-0300] {databricks.py:91} INFO - run_databricks_notebook in run state: {'life_cycle_state': 'PENDING', 'result_state': '', 'state_message': ''}
[2023-01-25T12:04:58.124-0300] {databricks.py:92} INFO - View run status, Spark UI, and logs at https://adb-1362567168960874.14.azuredatabricks.net/?o=1362567168960874#job/254038295260583/run/100506
[2023-01-25T12:04:58.124-0300] {databricks.py:93} INFO - Sleeping for 30 seconds.
[2023-01-25T12:05:28.155-0300] {databricks_base.py:424} INFO - Using token auth. For security reasons, please set token in Password field instead of extra
[2023-01-25T12:05:28.454-0300] {databricks.py:91} INFO - run_databricks_notebook in run state: {'life_cycle_state': 'PENDING', 'result_state': '', 'state_message': ''}
[2023-01-25T12:05:28.454-0300] {databricks.py:92} INFO - View run status, Spark UI, and logs at https://adb-1362567168960874.14.azuredatabricks.net/?o=1362567168960874#job/254038295260583/run/100506
[2023-01-25T12:05:28.454-0300] {databricks.py:93} INFO - Sleeping for 30 seconds.
[2023-01-25T12:05:58.485-0300] {databricks_base.py:424} INFO - Using token auth. For security reasons, please set token in Password field instead of extra
[2023-01-25T12:05:58.795-0300] {databricks.py:91} INFO - run_databricks_notebook in run state: {'life_cycle_state': 'RUNNING', 'result_state': '', 'state_message': 'In run'}
[2023-01-25T12:05:58.795-0300] {databricks.py:92} INFO - View run status, Spark UI, and logs at https://adb-1362567168960874.14.azuredatabricks.net/?o=1362567168960874#job/254038295260583/run/100506
[2023-01-25T12:05:58.795-0300] {databricks.py:93} INFO - Sleeping for 30 seconds.
[2023-01-25T12:06:28.824-0300] {databricks_base.py:424} INFO - Using token auth. For security reasons, please set token in Password field instead of extra
[2023-01-25T12:06:29.111-0300] {databricks.py:91} INFO - run_databricks_notebook in run state: {'life_cycle_state': 'RUNNING', 'result_state': '', 'state_message': 'In run'}
[2023-01-25T12:06:29.111-0300] {databricks.py:92} INFO - View run status, Spark UI, and logs at https://adb-1362567168960874.14.azuredatabricks.net/?o=1362567168960874#job/254038295260583/run/100506
[2023-01-25T12:06:29.112-0300] {databricks.py:93} INFO - Sleeping for 30 seconds.
[2023-01-25T12:06:59.124-0300] {databricks_base.py:424} INFO - Using token auth. For security reasons, please set token in Password field instead of extra
[2023-01-25T12:06:59.443-0300] {databricks.py:91} INFO - run_databricks_notebook in run state: {'life_cycle_state': 'RUNNING', 'result_state': '', 'state_message': 'In run'}
[2023-01-25T12:06:59.443-0300] {databricks.py:92} INFO - View run status, Spark UI, and logs at https://adb-1362567168960874.14.azuredatabricks.net/?o=1362567168960874#job/254038295260583/run/100506
[2023-01-25T12:06:59.443-0300] {databricks.py:93} INFO - Sleeping for 30 seconds.
[2023-01-25T12:07:29.456-0300] {databricks_base.py:424} INFO - Using token auth. For security reasons, please set token in Password field instead of extra
[2023-01-25T12:07:29.715-0300] {databricks.py:91} INFO - run_databricks_notebook in run state: {'life_cycle_state': 'RUNNING', 'result_state': '', 'state_message': 'In run'}
[2023-01-25T12:07:29.715-0300] {databricks.py:92} INFO - View run status, Spark UI, and logs at https://adb-1362567168960874.14.azuredatabricks.net/?o=1362567168960874#job/254038295260583/run/100506
[2023-01-25T12:07:29.715-0300] {databricks.py:93} INFO - Sleeping for 30 seconds.
[2023-01-25T12:07:59.744-0300] {databricks_base.py:424} INFO - Using token auth. For security reasons, please set token in Password field instead of extra
[2023-01-25T12:08:00.013-0300] {databricks.py:91} INFO - run_databricks_notebook in run state: {'life_cycle_state': 'RUNNING', 'result_state': '', 'state_message': 'In run'}
[2023-01-25T12:08:00.013-0300] {databricks.py:92} INFO - View run status, Spark UI, and logs at https://adb-1362567168960874.14.azuredatabricks.net/?o=1362567168960874#job/254038295260583/run/100506
[2023-01-25T12:08:00.014-0300] {databricks.py:93} INFO - Sleeping for 30 seconds.
[2023-01-25T12:08:30.041-0300] {databricks_base.py:424} INFO - Using token auth. For security reasons, please set token in Password field instead of extra
[2023-01-25T12:08:30.324-0300] {databricks.py:61} INFO - run_databricks_notebook completed successfully.
[2023-01-25T12:08:30.324-0300] {databricks.py:62} INFO - View run status, Spark UI, and logs at https://adb-1362567168960874.14.azuredatabricks.net/?o=1362567168960874#job/254038295260583/run/100506
[2023-01-25T12:08:30.332-0300] {logging_mixin.py:137} WARNING - /home/airflow/.local/lib/python3.10/site-packages/airflow/models/baseoperator.py:1393 RemovedInAirflow3Warning: Passing 'execution_date' to 'TaskInstance.xcom_push()' is deprecated.
[2023-01-25T12:08:31.509-0300] {taskinstance.py:1322} INFO - Marking task as SUCCESS. dag_id=bronze_opt_t_origemcomercial, task_id=run_databricks_notebook, execution_date=20230125T150252, start_date=20230125T150315, end_date=20230125T150831
[2023-01-25T12:08:43.524-0300] {standard_task_runner.py:100} ERROR - Failed to execute job 1372 for task run_databricks_notebook ((pyodbc.Error) ('40001', '[40001] [Microsoft][ODBC Driver 17 for SQL Server][SQL Server]Transaction (Process ID 222) was deadlocked on lock resources with another process and has been chosen as the deadlock victim. Rerun the transaction. (1205) (SQLExecDirectW)')
[SQL: UPDATE task_instance SET end_date=?, duration=?, state=?, updated_at=? WHERE task_instance.dag_id = ? AND task_instance.task_id = ? AND task_instance.run_id = ? AND task_instance.map_index = ?]
[parameters: (datetime.datetime(2023, 1, 25, 15, 8, 31, 509689, tzinfo=Timezone('UTC')), 315.944545, <TaskInstanceState.SUCCESS: 'success'>, datetime.datetime(2023, 1, 25, 15, 3, 16, 471896, tzinfo=Timezone('UTC')), 'bronze_opt_t_origemcomercial', 'run_databricks_notebook', 'dataset_triggered__2023-01-25T15:02:52.225631+00:00', -1)]
(Background on this error at: https://sqlalche.me/e/14/dbapi); 1740001)
[2023-01-25T12:08:43.568-0300] {local_task_job.py:159} INFO - Task exited with return code 1
[2023-01-25T12:08:44.130-0300] {taskinstance.py:2582} INFO - 0 downstream tasks scheduled from follow-on schedule check
