[2023-01-25T13:18:30.224-0300] {taskinstance.py:1087} INFO - Dependencies all met for <TaskInstance: bronze_opt_t_transacaofatura.run_databricks_notebook dataset_triggered__2023-01-25T16:18:13.605632+00:00 [queued]>
[2023-01-25T13:18:30.601-0300] {taskinstance.py:1087} INFO - Dependencies all met for <TaskInstance: bronze_opt_t_transacaofatura.run_databricks_notebook dataset_triggered__2023-01-25T16:18:13.605632+00:00 [queued]>
[2023-01-25T13:18:30.602-0300] {taskinstance.py:1283} INFO - 
--------------------------------------------------------------------------------
[2023-01-25T13:18:30.602-0300] {taskinstance.py:1284} INFO - Starting attempt 1 of 1
[2023-01-25T13:18:30.602-0300] {taskinstance.py:1285} INFO - 
--------------------------------------------------------------------------------
[2023-01-25T13:18:31.091-0300] {taskinstance.py:1304} INFO - Executing <Task(DatabricksSubmitRunOperator): run_databricks_notebook> on 2023-01-25 16:18:13.605632+00:00
[2023-01-25T13:18:31.097-0300] {standard_task_runner.py:55} INFO - Started process 1758431 to run task
[2023-01-25T13:18:31.103-0300] {standard_task_runner.py:82} INFO - Running: ['airflow', 'tasks', 'run', 'bronze_opt_t_transacaofatura', 'run_databricks_notebook', 'dataset_triggered__2023-01-25T16:18:13.605632+00:00', '--job-id', '1553', '--raw', '--subdir', 'DAGS_FOLDER/bronze/dock_opt/bronze_opt_t_transacaofatura.py', '--cfg-path', '/tmp/tmpcf43m8r9']
[2023-01-25T13:18:31.106-0300] {standard_task_runner.py:83} INFO - Job 1553: Subtask run_databricks_notebook
[2023-01-25T13:18:34.608-0300] {task_command.py:389} INFO - Running <TaskInstance: bronze_opt_t_transacaofatura.run_databricks_notebook dataset_triggered__2023-01-25T16:18:13.605632+00:00 [running]> on host vm-airflow-01
[2023-01-25T13:18:37.608-0300] {taskinstance.py:1511} INFO - Exporting the following env vars:
AIRFLOW_CTX_DAG_OWNER=matheus.rodrigues@fortbrasil.com.br
AIRFLOW_CTX_DAG_ID=bronze_opt_t_transacaofatura
AIRFLOW_CTX_TASK_ID=run_databricks_notebook
AIRFLOW_CTX_EXECUTION_DATE=2023-01-25T16:18:13.605632+00:00
AIRFLOW_CTX_TRY_NUMBER=1
AIRFLOW_CTX_DAG_RUN_ID=dataset_triggered__2023-01-25T16:18:13.605632+00:00
[2023-01-25T13:18:38.141-0300] {base.py:73} INFO - Using connection ID 'adb' for task execution.
[2023-01-25T13:18:38.336-0300] {databricks_base.py:424} INFO - Using token auth. For security reasons, please set token in Password field instead of extra
[2023-01-25T13:18:39.725-0300] {databricks.py:50} INFO - Run submitted with run_id: 181023
[2023-01-25T13:18:39.726-0300] {databricks_base.py:424} INFO - Using token auth. For security reasons, please set token in Password field instead of extra
[2023-01-25T13:18:40.819-0300] {databricks_base.py:424} INFO - Using token auth. For security reasons, please set token in Password field instead of extra
[2023-01-25T13:18:41.230-0300] {databricks.py:91} INFO - run_databricks_notebook in run state: {'life_cycle_state': 'PENDING', 'result_state': '', 'state_message': ''}
[2023-01-25T13:18:41.230-0300] {databricks.py:92} INFO - View run status, Spark UI, and logs at https://adb-1362567168960874.14.azuredatabricks.net/?o=1362567168960874#job/56344076381024/run/181023
[2023-01-25T13:18:41.230-0300] {databricks.py:93} INFO - Sleeping for 30 seconds.
[2023-01-25T13:19:04.686-0300] {local_task_job.py:223} WARNING - State of this instance has been externally set to failed. Terminating instance.
[2023-01-25T13:19:04.699-0300] {process_utils.py:129} INFO - Sending Signals.SIGTERM to group 1758431. PIDs of all processes in the group: [1758431]
[2023-01-25T13:19:04.699-0300] {process_utils.py:84} INFO - Sending the signal Signals.SIGTERM to group 1758431
[2023-01-25T13:19:04.699-0300] {taskinstance.py:1483} ERROR - Received SIGTERM. Terminating subprocesses.
[2023-01-25T13:19:04.700-0300] {databricks_base.py:424} INFO - Using token auth. For security reasons, please set token in Password field instead of extra
[2023-01-25T13:19:05.034-0300] {databricks.py:381} INFO - Task: run_databricks_notebook with run_id: 181023 was requested to be cancelled.
[2023-01-25T13:19:05.887-0300] {process_utils.py:79} INFO - Process psutil.Process(pid=1758431, status='terminated', exitcode=0, started='13:18:30') (1758431) terminated with exit code 0
