[2023-01-25T12:11:07.167-0300] {taskinstance.py:1087} INFO - Dependencies all met for <TaskInstance: bronze_opt_t_eventopagamento.run_databricks_notebook dataset_triggered__2023-01-25T15:10:52.954014+00:00 [queued]>
[2023-01-25T12:11:07.577-0300] {taskinstance.py:1087} INFO - Dependencies all met for <TaskInstance: bronze_opt_t_eventopagamento.run_databricks_notebook dataset_triggered__2023-01-25T15:10:52.954014+00:00 [queued]>
[2023-01-25T12:11:07.578-0300] {taskinstance.py:1283} INFO - 
--------------------------------------------------------------------------------
[2023-01-25T12:11:07.578-0300] {taskinstance.py:1284} INFO - Starting attempt 1 of 1
[2023-01-25T12:11:07.578-0300] {taskinstance.py:1285} INFO - 
--------------------------------------------------------------------------------
[2023-01-25T12:11:08.136-0300] {taskinstance.py:1304} INFO - Executing <Task(DatabricksSubmitRunOperator): run_databricks_notebook> on 2023-01-25 15:10:52.954014+00:00
[2023-01-25T12:11:08.142-0300] {standard_task_runner.py:55} INFO - Started process 1741798 to run task
[2023-01-25T12:11:08.146-0300] {standard_task_runner.py:82} INFO - Running: ['airflow', 'tasks', 'run', 'bronze_opt_t_eventopagamento', 'run_databricks_notebook', 'dataset_triggered__2023-01-25T15:10:52.954014+00:00', '--job-id', '1398', '--raw', '--subdir', 'DAGS_FOLDER/bronze/dock_opt/bronze_opt_t_eventopagamento.py', '--cfg-path', '/tmp/tmpf1goria2']
[2023-01-25T12:11:08.149-0300] {standard_task_runner.py:83} INFO - Job 1398: Subtask run_databricks_notebook
[2023-01-25T12:11:11.189-0300] {task_command.py:389} INFO - Running <TaskInstance: bronze_opt_t_eventopagamento.run_databricks_notebook dataset_triggered__2023-01-25T15:10:52.954014+00:00 [running]> on host vm-airflow-01
[2023-01-25T12:11:13.530-0300] {taskinstance.py:1511} INFO - Exporting the following env vars:
AIRFLOW_CTX_DAG_OWNER=matheus.rodrigues@fortbrasil.com.br
AIRFLOW_CTX_DAG_ID=bronze_opt_t_eventopagamento
AIRFLOW_CTX_TASK_ID=run_databricks_notebook
AIRFLOW_CTX_EXECUTION_DATE=2023-01-25T15:10:52.954014+00:00
AIRFLOW_CTX_TRY_NUMBER=1
AIRFLOW_CTX_DAG_RUN_ID=dataset_triggered__2023-01-25T15:10:52.954014+00:00
[2023-01-25T12:11:14.115-0300] {base.py:73} INFO - Using connection ID 'adb' for task execution.
[2023-01-25T12:11:14.322-0300] {databricks_base.py:424} INFO - Using token auth. For security reasons, please set token in Password field instead of extra
[2023-01-25T12:11:15.527-0300] {databricks.py:50} INFO - Run submitted with run_id: 106743
[2023-01-25T12:11:15.527-0300] {databricks_base.py:424} INFO - Using token auth. For security reasons, please set token in Password field instead of extra
[2023-01-25T12:11:16.517-0300] {databricks_base.py:424} INFO - Using token auth. For security reasons, please set token in Password field instead of extra
[2023-01-25T12:11:16.806-0300] {databricks.py:91} INFO - run_databricks_notebook in run state: {'life_cycle_state': 'RUNNING', 'result_state': '', 'state_message': 'In run'}
[2023-01-25T12:11:16.807-0300] {databricks.py:92} INFO - View run status, Spark UI, and logs at https://adb-1362567168960874.14.azuredatabricks.net/?o=1362567168960874#job/854228984741736/run/106743
[2023-01-25T12:11:16.807-0300] {databricks.py:93} INFO - Sleeping for 30 seconds.
[2023-01-25T12:11:46.836-0300] {databricks_base.py:424} INFO - Using token auth. For security reasons, please set token in Password field instead of extra
[2023-01-25T12:11:47.108-0300] {databricks.py:61} INFO - run_databricks_notebook completed successfully.
[2023-01-25T12:11:47.108-0300] {databricks.py:62} INFO - View run status, Spark UI, and logs at https://adb-1362567168960874.14.azuredatabricks.net/?o=1362567168960874#job/854228984741736/run/106743
[2023-01-25T12:11:47.115-0300] {logging_mixin.py:137} WARNING - /home/airflow/.local/lib/python3.10/site-packages/airflow/models/baseoperator.py:1393 RemovedInAirflow3Warning: Passing 'execution_date' to 'TaskInstance.xcom_push()' is deprecated.
[2023-01-25T12:11:48.271-0300] {taskinstance.py:1322} INFO - Marking task as SUCCESS. dag_id=bronze_opt_t_eventopagamento, task_id=run_databricks_notebook, execution_date=20230125T151052, start_date=20230125T151107, end_date=20230125T151148
[2023-01-25T12:11:50.498-0300] {standard_task_runner.py:100} ERROR - Failed to execute job 1398 for task run_databricks_notebook ((pyodbc.Error) ('40001', '[40001] [Microsoft][ODBC Driver 17 for SQL Server][SQL Server]Transaction (Process ID 181) was deadlocked on lock resources with another process and has been chosen as the deadlock victim. Rerun the transaction. (1205) (SQLExecDirectW)')
[SQL: UPDATE task_instance SET end_date=?, duration=?, state=?, updated_at=? WHERE task_instance.dag_id = ? AND task_instance.task_id = ? AND task_instance.run_id = ? AND task_instance.map_index = ?]
[parameters: (datetime.datetime(2023, 1, 25, 15, 11, 48, 271619, tzinfo=Timezone('UTC')), 41.101874, <TaskInstanceState.SUCCESS: 'success'>, datetime.datetime(2023, 1, 25, 15, 11, 7, 994589, tzinfo=Timezone('UTC')), 'bronze_opt_t_eventopagamento', 'run_databricks_notebook', 'dataset_triggered__2023-01-25T15:10:52.954014+00:00', -1)]
(Background on this error at: https://sqlalche.me/e/14/dbapi); 1741798)
[2023-01-25T12:11:50.533-0300] {local_task_job.py:159} INFO - Task exited with return code 1
[2023-01-25T12:11:51.105-0300] {taskinstance.py:2582} INFO - 0 downstream tasks scheduled from follow-on schedule check
