[2023-01-25T12:01:30.956-0300] {taskinstance.py:1087} INFO - Dependencies all met for <TaskInstance: raw_opt_t_parametro.run_adf_pipeline scheduled__2023-01-24T15:00:00+00:00 [queued]>
[2023-01-25T12:01:31.331-0300] {taskinstance.py:1087} INFO - Dependencies all met for <TaskInstance: raw_opt_t_parametro.run_adf_pipeline scheduled__2023-01-24T15:00:00+00:00 [queued]>
[2023-01-25T12:01:31.332-0300] {taskinstance.py:1283} INFO - 
--------------------------------------------------------------------------------
[2023-01-25T12:01:31.332-0300] {taskinstance.py:1284} INFO - Starting attempt 1 of 1
[2023-01-25T12:01:31.332-0300] {taskinstance.py:1285} INFO - 
--------------------------------------------------------------------------------
[2023-01-25T12:01:31.982-0300] {taskinstance.py:1304} INFO - Executing <Task(AzureDataFactoryRunPipelineOperator): run_adf_pipeline> on 2023-01-24 15:00:00+00:00
[2023-01-25T12:01:31.988-0300] {standard_task_runner.py:55} INFO - Started process 1739620 to run task
[2023-01-25T12:01:31.993-0300] {standard_task_runner.py:82} INFO - Running: ['airflow', 'tasks', 'run', 'raw_opt_t_parametro', 'run_adf_pipeline', 'scheduled__2023-01-24T15:00:00+00:00', '--job-id', '1366', '--raw', '--subdir', 'DAGS_FOLDER/raw/dock_opt/raw_opt_t_parametro.py', '--cfg-path', '/tmp/tmpolj2f2ow']
[2023-01-25T12:01:31.996-0300] {standard_task_runner.py:83} INFO - Job 1366: Subtask run_adf_pipeline
[2023-01-25T12:01:35.001-0300] {task_command.py:389} INFO - Running <TaskInstance: raw_opt_t_parametro.run_adf_pipeline scheduled__2023-01-24T15:00:00+00:00 [running]> on host vm-airflow-01
[2023-01-25T12:01:37.982-0300] {taskinstance.py:1511} INFO - Exporting the following env vars:
AIRFLOW_CTX_DAG_OWNER=matheus.rodrigues@fortbrasil.com.br
AIRFLOW_CTX_DAG_ID=raw_opt_t_parametro
AIRFLOW_CTX_TASK_ID=run_adf_pipeline
AIRFLOW_CTX_EXECUTION_DATE=2023-01-24T15:00:00+00:00
AIRFLOW_CTX_TRY_NUMBER=1
AIRFLOW_CTX_DAG_RUN_ID=scheduled__2023-01-24T15:00:00+00:00
[2023-01-25T12:01:37.983-0300] {data_factory.py:154} INFO - Executing the cp_opt_to_datalake pipeline.
[2023-01-25T12:01:38.498-0300] {base.py:73} INFO - Using connection ID 'adf' for task execution.
[2023-01-25T12:01:38.990-0300] {base.py:73} INFO - Using connection ID 'adf' for task execution.
[2023-01-25T12:01:39.490-0300] {base.py:73} INFO - Using connection ID 'adf' for task execution.
[2023-01-25T12:01:39.498-0300] {_universal.py:526} INFO - Request URL: 'https://login.microsoftonline.com:443/d47e09d1-17c6-4a6f-b65c-d49d61e186a2/v2.0/.well-known/openid-configuration'
Request method: 'GET'
Request headers:
    'User-Agent': 'azsdk-python-identity/1.12.0 Python/3.10.6 (Linux-5.15.0-58-generic-x86_64-with-glibc2.35)'
No body was attached to the request
[2023-01-25T12:01:40.001-0300] {_universal.py:554} INFO - Response status: 200
Response headers:
    'Cache-Control': 'max-age=86400, private'
    'Content-Type': 'application/json; charset=utf-8'
    'Strict-Transport-Security': 'REDACTED'
    'X-Content-Type-Options': 'REDACTED'
    'Access-Control-Allow-Origin': 'REDACTED'
    'Access-Control-Allow-Methods': 'REDACTED'
    'P3P': 'REDACTED'
    'x-ms-request-id': '0bbd7219-78c9-40c4-80f1-eca860656a00'
    'x-ms-ests-server': 'REDACTED'
    'X-XSS-Protection': 'REDACTED'
    'Set-Cookie': 'REDACTED'
    'Date': 'Wed, 25 Jan 2023 15:01:39 GMT'
    'Content-Length': '1753'
[2023-01-25T12:01:40.004-0300] {_universal.py:526} INFO - Request URL: 'https://login.microsoftonline.com/common/discovery/instance?api-version=REDACTED&authorization_endpoint=REDACTED'
Request method: 'GET'
Request headers:
    'Accept': 'application/json'
    'User-Agent': 'azsdk-python-identity/1.12.0 Python/3.10.6 (Linux-5.15.0-58-generic-x86_64-with-glibc2.35)'
No body was attached to the request
[2023-01-25T12:01:40.238-0300] {_universal.py:554} INFO - Response status: 200
Response headers:
    'Cache-Control': 'max-age=86400, private'
    'Content-Type': 'application/json; charset=utf-8'
    'Strict-Transport-Security': 'REDACTED'
    'X-Content-Type-Options': 'REDACTED'
    'Access-Control-Allow-Origin': 'REDACTED'
    'Access-Control-Allow-Methods': 'REDACTED'
    'P3P': 'REDACTED'
    'x-ms-request-id': 'a999f587-df92-43b7-a52d-2685d19f2800'
    'x-ms-ests-server': 'REDACTED'
    'X-XSS-Protection': 'REDACTED'
    'Set-Cookie': 'REDACTED'
    'Date': 'Wed, 25 Jan 2023 15:01:39 GMT'
    'Content-Length': '945'
[2023-01-25T12:01:40.239-0300] {_universal.py:523} INFO - Request URL: 'https://login.microsoftonline.com/d47e09d1-17c6-4a6f-b65c-d49d61e186a2/oauth2/v2.0/token'
Request method: 'POST'
Request headers:
    'Accept': 'application/json'
    'x-client-sku': 'REDACTED'
    'x-client-ver': 'REDACTED'
    'x-client-os': 'REDACTED'
    'x-client-cpu': 'REDACTED'
    'x-ms-lib-capability': 'REDACTED'
    'client-request-id': 'REDACTED'
    'x-client-current-telemetry': 'REDACTED'
    'x-client-last-telemetry': 'REDACTED'
    'User-Agent': 'azsdk-python-identity/1.12.0 Python/3.10.6 (Linux-5.15.0-58-generic-x86_64-with-glibc2.35)'
A body is sent with the request
[2023-01-25T12:01:40.528-0300] {_universal.py:554} INFO - Response status: 200
Response headers:
    'Cache-Control': 'no-store, no-cache'
    'Pragma': 'no-cache'
    'Content-Type': 'application/json; charset=utf-8'
    'Expires': '-1'
    'Strict-Transport-Security': 'REDACTED'
    'X-Content-Type-Options': 'REDACTED'
    'P3P': 'REDACTED'
    'client-request-id': 'REDACTED'
    'x-ms-request-id': '0529281b-c71a-47b1-b9ec-5bd78be07500'
    'x-ms-ests-server': 'REDACTED'
    'x-ms-clitelem': 'REDACTED'
    'X-XSS-Protection': 'REDACTED'
    'Set-Cookie': 'REDACTED'
    'Date': 'Wed, 25 Jan 2023 15:01:40 GMT'
    'Content-Length': '1391'
[2023-01-25T12:01:40.529-0300] {get_token_mixin.py:77} INFO - ClientSecretCredential.get_token succeeded
[2023-01-25T12:01:40.529-0300] {_universal.py:523} INFO - Request URL: 'https://management.azure.com/subscriptions/5e5642ec-dd71-4e9a-a29e-58effbf39209/resourceGroups/rg-mdw-hml-fb/providers/Microsoft.DataFactory/factories/adf-mdw-hml-fb/pipelines/cp_opt_to_datalake/createRun?api-version=REDACTED'
Request method: 'POST'
Request headers:
    'Content-Type': 'application/json'
    'Accept': 'application/json'
    'Content-Length': '123'
    'x-ms-client-request-id': '2bbff69e-9cc1-11ed-a50b-05e3ce77118f'
    'User-Agent': 'azsdk-python-mgmt-datafactory/1.1.0 Python/3.10.6 (Linux-5.15.0-58-generic-x86_64-with-glibc2.35)'
    'Authorization': 'REDACTED'
A body is sent with the request
[2023-01-25T12:01:42.700-0300] {_universal.py:554} INFO - Response status: 200
Response headers:
    'Cache-Control': 'no-cache'
    'Pragma': 'no-cache'
    'Transfer-Encoding': 'chunked'
    'Content-Type': 'application/json; charset=utf-8'
    'Content-Encoding': 'REDACTED'
    'Expires': '-1'
    'Vary': 'REDACTED'
    'x-ms-correlation-request-id': 'REDACTED'
    'Server': 'Kestrel'
    'x-ms-ratelimit-remaining-subscription-writes': 'REDACTED'
    'x-ms-request-id': '6a534c3f-f1ef-4a61-a348-762ed648d3f8'
    'x-ms-routing-request-id': 'REDACTED'
    'Strict-Transport-Security': 'REDACTED'
    'X-Content-Type-Options': 'REDACTED'
    'Date': 'Wed, 25 Jan 2023 15:01:41 GMT'
[2023-01-25T12:01:43.393-0300] {data_factory.py:172} INFO - Waiting for pipeline run 2bbff69e-9cc1-11ed-a50b-05e3ce77118f to terminate.
[2023-01-25T12:01:43.393-0300] {data_factory.py:768} INFO - Getting the status of run ID 2bbff69e-9cc1-11ed-a50b-05e3ce77118f.
[2023-01-25T12:01:43.890-0300] {base.py:73} INFO - Using connection ID 'adf' for task execution.
[2023-01-25T12:01:44.386-0300] {base.py:73} INFO - Using connection ID 'adf' for task execution.
[2023-01-25T12:01:44.388-0300] {_universal.py:526} INFO - Request URL: 'https://management.azure.com/subscriptions/5e5642ec-dd71-4e9a-a29e-58effbf39209/resourceGroups/rg-mdw-hml-fb/providers/Microsoft.DataFactory/factories/adf-mdw-hml-fb/pipelineruns/2bbff69e-9cc1-11ed-a50b-05e3ce77118f?api-version=REDACTED'
Request method: 'GET'
Request headers:
    'Accept': 'application/json'
    'x-ms-client-request-id': '2eaa36a8-9cc1-11ed-a50b-05e3ce77118f'
    'User-Agent': 'azsdk-python-mgmt-datafactory/1.1.0 Python/3.10.6 (Linux-5.15.0-58-generic-x86_64-with-glibc2.35)'
    'Authorization': 'REDACTED'
No body was attached to the request
[2023-01-25T12:01:44.506-0300] {_universal.py:554} INFO - Response status: 200
Response headers:
    'Cache-Control': 'no-cache'
    'Pragma': 'no-cache'
    'Transfer-Encoding': 'chunked'
    'Content-Type': 'application/json; charset=utf-8'
    'Content-Encoding': 'REDACTED'
    'Expires': '-1'
    'Vary': 'REDACTED'
    'x-ms-correlation-request-id': 'REDACTED'
    'Server': 'Kestrel'
    'x-ms-ratelimit-remaining-subscription-reads': 'REDACTED'
    'x-ms-request-id': 'da26f672-6499-4ca9-8b2f-a4cfd7d94a6c'
    'x-ms-routing-request-id': 'REDACTED'
    'Strict-Transport-Security': 'REDACTED'
    'X-Content-Type-Options': 'REDACTED'
    'Date': 'Wed, 25 Jan 2023 15:01:43 GMT'
[2023-01-25T12:01:44.515-0300] {data_factory.py:774} INFO - Current status of pipeline run 2bbff69e-9cc1-11ed-a50b-05e3ce77118f: InProgress
[2023-01-25T12:02:44.568-0300] {data_factory.py:768} INFO - Getting the status of run ID 2bbff69e-9cc1-11ed-a50b-05e3ce77118f.
[2023-01-25T12:02:45.069-0300] {base.py:73} INFO - Using connection ID 'adf' for task execution.
[2023-01-25T12:02:45.584-0300] {base.py:73} INFO - Using connection ID 'adf' for task execution.
[2023-01-25T12:02:45.585-0300] {_universal.py:526} INFO - Request URL: 'https://management.azure.com/subscriptions/5e5642ec-dd71-4e9a-a29e-58effbf39209/resourceGroups/rg-mdw-hml-fb/providers/Microsoft.DataFactory/factories/adf-mdw-hml-fb/pipelineruns/2bbff69e-9cc1-11ed-a50b-05e3ce77118f?api-version=REDACTED'
Request method: 'GET'
Request headers:
    'Accept': 'application/json'
    'x-ms-client-request-id': '532436d2-9cc1-11ed-a50b-05e3ce77118f'
    'User-Agent': 'azsdk-python-mgmt-datafactory/1.1.0 Python/3.10.6 (Linux-5.15.0-58-generic-x86_64-with-glibc2.35)'
    'Authorization': 'REDACTED'
No body was attached to the request
[2023-01-25T12:02:45.899-0300] {_universal.py:554} INFO - Response status: 200
Response headers:
    'Cache-Control': 'no-cache'
    'Pragma': 'no-cache'
    'Transfer-Encoding': 'chunked'
    'Content-Type': 'application/json; charset=utf-8'
    'Content-Encoding': 'REDACTED'
    'Expires': '-1'
    'Vary': 'REDACTED'
    'x-ms-correlation-request-id': 'REDACTED'
    'Server': 'Kestrel'
    'x-ms-ratelimit-remaining-subscription-reads': 'REDACTED'
    'x-ms-request-id': '1be9e38c-1ed5-41ca-9b94-3fbaaeb1967a'
    'x-ms-routing-request-id': 'REDACTED'
    'Strict-Transport-Security': 'REDACTED'
    'X-Content-Type-Options': 'REDACTED'
    'Date': 'Wed, 25 Jan 2023 15:02:44 GMT'
[2023-01-25T12:02:45.900-0300] {data_factory.py:774} INFO - Current status of pipeline run 2bbff69e-9cc1-11ed-a50b-05e3ce77118f: Succeeded
[2023-01-25T12:02:45.900-0300] {data_factory.py:182} INFO - Pipeline run 2bbff69e-9cc1-11ed-a50b-05e3ce77118f has completed successfully.
[2023-01-25T12:02:45.903-0300] {logging_mixin.py:137} WARNING - /home/airflow/.local/lib/python3.10/site-packages/airflow/models/baseoperator.py:1393 RemovedInAirflow3Warning: Passing 'execution_date' to 'TaskInstance.xcom_push()' is deprecated.
[2023-01-25T12:02:47.058-0300] {taskinstance.py:1322} INFO - Marking task as SUCCESS. dag_id=raw_opt_t_parametro, task_id=run_adf_pipeline, execution_date=20230124T150000, start_date=20230125T150130, end_date=20230125T150247
[2023-01-25T12:02:48.220-0300] {local_task_job.py:159} INFO - Task exited with return code 0
[2023-01-25T12:02:48.783-0300] {taskinstance.py:2582} INFO - 0 downstream tasks scheduled from follow-on schedule check
