[2023-01-24T12:10:53.138-0300] {taskinstance.py:1087} INFO - Dependencies all met for <TaskInstance: bronze_opt_t_parcelamentofatura.run_databricks_notebook dataset_triggered__2023-01-24T15:10:34.949925+00:00 [queued]>
[2023-01-24T12:10:53.547-0300] {taskinstance.py:1087} INFO - Dependencies all met for <TaskInstance: bronze_opt_t_parcelamentofatura.run_databricks_notebook dataset_triggered__2023-01-24T15:10:34.949925+00:00 [queued]>
[2023-01-24T12:10:53.547-0300] {taskinstance.py:1283} INFO - 
--------------------------------------------------------------------------------
[2023-01-24T12:10:53.547-0300] {taskinstance.py:1284} INFO - Starting attempt 1 of 1
[2023-01-24T12:10:53.547-0300] {taskinstance.py:1285} INFO - 
--------------------------------------------------------------------------------
[2023-01-24T12:10:54.088-0300] {taskinstance.py:1304} INFO - Executing <Task(DatabricksSubmitRunOperator): run_databricks_notebook> on 2023-01-24 15:10:34.949925+00:00
[2023-01-24T12:10:54.094-0300] {standard_task_runner.py:55} INFO - Started process 1422650 to run task
[2023-01-24T12:10:54.099-0300] {standard_task_runner.py:82} INFO - Running: ['airflow', 'tasks', 'run', 'bronze_opt_t_parcelamentofatura', 'run_databricks_notebook', 'dataset_triggered__2023-01-24T15:10:34.949925+00:00', '--job-id', '1326', '--raw', '--subdir', 'DAGS_FOLDER/bronze/dock_opt/bronze_opt_t_parcelamentofatura.py', '--cfg-path', '/tmp/tmpusio_070']
[2023-01-24T12:10:54.102-0300] {standard_task_runner.py:83} INFO - Job 1326: Subtask run_databricks_notebook
[2023-01-24T12:10:57.179-0300] {task_command.py:389} INFO - Running <TaskInstance: bronze_opt_t_parcelamentofatura.run_databricks_notebook dataset_triggered__2023-01-24T15:10:34.949925+00:00 [running]> on host vm-airflow-01
[2023-01-24T12:10:59.683-0300] {taskinstance.py:1511} INFO - Exporting the following env vars:
AIRFLOW_CTX_DAG_OWNER=matheus.rodrigues@fortbrasil.com.br
AIRFLOW_CTX_DAG_ID=bronze_opt_t_parcelamentofatura
AIRFLOW_CTX_TASK_ID=run_databricks_notebook
AIRFLOW_CTX_EXECUTION_DATE=2023-01-24T15:10:34.949925+00:00
AIRFLOW_CTX_TRY_NUMBER=1
AIRFLOW_CTX_DAG_RUN_ID=dataset_triggered__2023-01-24T15:10:34.949925+00:00
[2023-01-24T12:11:00.173-0300] {base.py:73} INFO - Using connection ID 'adb' for task execution.
[2023-01-24T12:11:00.375-0300] {databricks_base.py:424} INFO - Using token auth. For security reasons, please set token in Password field instead of extra
[2023-01-24T12:11:01.719-0300] {databricks.py:50} INFO - Run submitted with run_id: 94932
[2023-01-24T12:11:01.720-0300] {databricks_base.py:424} INFO - Using token auth. For security reasons, please set token in Password field instead of extra
[2023-01-24T12:11:02.769-0300] {databricks_base.py:424} INFO - Using token auth. For security reasons, please set token in Password field instead of extra
[2023-01-24T12:11:03.029-0300] {databricks.py:91} INFO - run_databricks_notebook in run state: {'life_cycle_state': 'PENDING', 'result_state': '', 'state_message': ''}
[2023-01-24T12:11:03.029-0300] {databricks.py:92} INFO - View run status, Spark UI, and logs at https://adb-1362567168960874.14.azuredatabricks.net/?o=1362567168960874#job/764186691092397/run/94932
[2023-01-24T12:11:03.030-0300] {databricks.py:93} INFO - Sleeping for 30 seconds.
[2023-01-24T12:11:33.061-0300] {databricks_base.py:424} INFO - Using token auth. For security reasons, please set token in Password field instead of extra
[2023-01-24T12:11:33.395-0300] {databricks.py:91} INFO - run_databricks_notebook in run state: {'life_cycle_state': 'RUNNING', 'result_state': '', 'state_message': 'In run'}
[2023-01-24T12:11:33.396-0300] {databricks.py:92} INFO - View run status, Spark UI, and logs at https://adb-1362567168960874.14.azuredatabricks.net/?o=1362567168960874#job/764186691092397/run/94932
[2023-01-24T12:11:33.396-0300] {databricks.py:93} INFO - Sleeping for 30 seconds.
[2023-01-24T12:12:03.427-0300] {databricks_base.py:424} INFO - Using token auth. For security reasons, please set token in Password field instead of extra
[2023-01-24T12:12:03.852-0300] {databricks.py:61} INFO - run_databricks_notebook completed successfully.
[2023-01-24T12:12:03.853-0300] {databricks.py:62} INFO - View run status, Spark UI, and logs at https://adb-1362567168960874.14.azuredatabricks.net/?o=1362567168960874#job/764186691092397/run/94932
[2023-01-24T12:12:03.860-0300] {logging_mixin.py:137} WARNING - /home/airflow/.local/lib/python3.10/site-packages/airflow/models/baseoperator.py:1393 RemovedInAirflow3Warning: Passing 'execution_date' to 'TaskInstance.xcom_push()' is deprecated.
[2023-01-24T12:12:05.108-0300] {taskinstance.py:1322} INFO - Marking task as SUCCESS. dag_id=bronze_opt_t_parcelamentofatura, task_id=run_databricks_notebook, execution_date=20230124T151034, start_date=20230124T151053, end_date=20230124T151205
[2023-01-24T12:12:05.915-0300] {local_task_job.py:159} INFO - Task exited with return code 0
[2023-01-24T12:12:06.512-0300] {taskinstance.py:2582} INFO - 0 downstream tasks scheduled from follow-on schedule check
