[2023-01-20T17:16:51.751-0300] {taskinstance.py:1087} INFO - Dependencies all met for <TaskInstance: raw_opt_t_origemcomercial.run_adf_pipeline scheduled__2023-01-19T15:00:00+00:00 [queued]>
[2023-01-20T17:16:52.127-0300] {taskinstance.py:1087} INFO - Dependencies all met for <TaskInstance: raw_opt_t_origemcomercial.run_adf_pipeline scheduled__2023-01-19T15:00:00+00:00 [queued]>
[2023-01-20T17:16:52.127-0300] {taskinstance.py:1283} INFO - 
--------------------------------------------------------------------------------
[2023-01-20T17:16:52.127-0300] {taskinstance.py:1284} INFO - Starting attempt 1 of 1
[2023-01-20T17:16:52.127-0300] {taskinstance.py:1285} INFO - 
--------------------------------------------------------------------------------
[2023-01-20T17:16:52.757-0300] {taskinstance.py:1304} INFO - Executing <Task(AzureDataFactoryRunPipelineOperator): run_adf_pipeline> on 2023-01-19 15:00:00+00:00
[2023-01-20T17:16:52.762-0300] {standard_task_runner.py:55} INFO - Started process 657941 to run task
[2023-01-20T17:16:52.767-0300] {standard_task_runner.py:82} INFO - Running: ['airflow', 'tasks', 'run', 'raw_opt_t_origemcomercial', 'run_adf_pipeline', 'scheduled__2023-01-19T15:00:00+00:00', '--job-id', '1097', '--raw', '--subdir', 'DAGS_FOLDER/raw/dock_opt/raw_opt_t_origemcomercial.py', '--cfg-path', '/tmp/tmp2mqbt05k']
[2023-01-20T17:16:52.770-0300] {standard_task_runner.py:83} INFO - Job 1097: Subtask run_adf_pipeline
[2023-01-20T17:16:55.734-0300] {task_command.py:389} INFO - Running <TaskInstance: raw_opt_t_origemcomercial.run_adf_pipeline scheduled__2023-01-19T15:00:00+00:00 [running]> on host vm-airflow-01
[2023-01-20T17:16:58.611-0300] {taskinstance.py:1511} INFO - Exporting the following env vars:
AIRFLOW_CTX_DAG_OWNER=matheus.rodrigues@fortbrasil.com.br
AIRFLOW_CTX_DAG_ID=raw_opt_t_origemcomercial
AIRFLOW_CTX_TASK_ID=run_adf_pipeline
AIRFLOW_CTX_EXECUTION_DATE=2023-01-19T15:00:00+00:00
AIRFLOW_CTX_TRY_NUMBER=1
AIRFLOW_CTX_DAG_RUN_ID=scheduled__2023-01-19T15:00:00+00:00
[2023-01-20T17:16:58.612-0300] {data_factory.py:154} INFO - Executing the cp_opt_to_datalake pipeline.
[2023-01-20T17:16:59.110-0300] {base.py:73} INFO - Using connection ID 'adf' for task execution.
[2023-01-20T17:16:59.616-0300] {base.py:73} INFO - Using connection ID 'adf' for task execution.
[2023-01-20T17:17:00.120-0300] {base.py:73} INFO - Using connection ID 'adf' for task execution.
[2023-01-20T17:17:00.129-0300] {_universal.py:526} INFO - Request URL: 'https://login.microsoftonline.com:443/d47e09d1-17c6-4a6f-b65c-d49d61e186a2/v2.0/.well-known/openid-configuration'
Request method: 'GET'
Request headers:
    'User-Agent': 'azsdk-python-identity/1.12.0 Python/3.10.6 (Linux-5.15.0-58-generic-x86_64-with-glibc2.35)'
No body was attached to the request
[2023-01-20T17:17:00.607-0300] {_universal.py:554} INFO - Response status: 200
Response headers:
    'Cache-Control': 'max-age=86400, private'
    'Content-Type': 'application/json; charset=utf-8'
    'Strict-Transport-Security': 'REDACTED'
    'X-Content-Type-Options': 'REDACTED'
    'Access-Control-Allow-Origin': 'REDACTED'
    'Access-Control-Allow-Methods': 'REDACTED'
    'P3P': 'REDACTED'
    'x-ms-request-id': '86d7a8dd-d0c4-4b8d-aa95-7bd2a3f2eb00'
    'x-ms-ests-server': 'REDACTED'
    'X-XSS-Protection': 'REDACTED'
    'Set-Cookie': 'REDACTED'
    'Date': 'Fri, 20 Jan 2023 20:16:59 GMT'
    'Content-Length': '1753'
[2023-01-20T17:17:00.609-0300] {_universal.py:526} INFO - Request URL: 'https://login.microsoftonline.com/common/discovery/instance?api-version=REDACTED&authorization_endpoint=REDACTED'
Request method: 'GET'
Request headers:
    'Accept': 'application/json'
    'User-Agent': 'azsdk-python-identity/1.12.0 Python/3.10.6 (Linux-5.15.0-58-generic-x86_64-with-glibc2.35)'
No body was attached to the request
[2023-01-20T17:17:00.774-0300] {_universal.py:554} INFO - Response status: 200
Response headers:
    'Cache-Control': 'max-age=86400, private'
    'Content-Type': 'application/json; charset=utf-8'
    'Strict-Transport-Security': 'REDACTED'
    'X-Content-Type-Options': 'REDACTED'
    'Access-Control-Allow-Origin': 'REDACTED'
    'Access-Control-Allow-Methods': 'REDACTED'
    'P3P': 'REDACTED'
    'x-ms-request-id': 'dc8ae7a2-adc2-4b13-bed0-edaad2dcd000'
    'x-ms-ests-server': 'REDACTED'
    'X-XSS-Protection': 'REDACTED'
    'Set-Cookie': 'REDACTED'
    'Date': 'Fri, 20 Jan 2023 20:16:59 GMT'
    'Content-Length': '945'
[2023-01-20T17:17:00.775-0300] {_universal.py:523} INFO - Request URL: 'https://login.microsoftonline.com/d47e09d1-17c6-4a6f-b65c-d49d61e186a2/oauth2/v2.0/token'
Request method: 'POST'
Request headers:
    'Accept': 'application/json'
    'x-client-sku': 'REDACTED'
    'x-client-ver': 'REDACTED'
    'x-client-os': 'REDACTED'
    'x-client-cpu': 'REDACTED'
    'x-ms-lib-capability': 'REDACTED'
    'client-request-id': 'REDACTED'
    'x-client-current-telemetry': 'REDACTED'
    'x-client-last-telemetry': 'REDACTED'
    'User-Agent': 'azsdk-python-identity/1.12.0 Python/3.10.6 (Linux-5.15.0-58-generic-x86_64-with-glibc2.35)'
A body is sent with the request
[2023-01-20T17:17:01.021-0300] {_universal.py:554} INFO - Response status: 200
Response headers:
    'Cache-Control': 'no-store, no-cache'
    'Pragma': 'no-cache'
    'Content-Type': 'application/json; charset=utf-8'
    'Expires': '-1'
    'Strict-Transport-Security': 'REDACTED'
    'X-Content-Type-Options': 'REDACTED'
    'P3P': 'REDACTED'
    'client-request-id': 'REDACTED'
    'x-ms-request-id': '0079b068-a66e-4054-b8c4-68fff731e400'
    'x-ms-ests-server': 'REDACTED'
    'x-ms-clitelem': 'REDACTED'
    'X-XSS-Protection': 'REDACTED'
    'Set-Cookie': 'REDACTED'
    'Date': 'Fri, 20 Jan 2023 20:17:00 GMT'
    'Content-Length': '1391'
[2023-01-20T17:17:01.022-0300] {get_token_mixin.py:77} INFO - ClientSecretCredential.get_token succeeded
[2023-01-20T17:17:01.022-0300] {_universal.py:523} INFO - Request URL: 'https://management.azure.com/subscriptions/5e5642ec-dd71-4e9a-a29e-58effbf39209/resourceGroups/rg-mdw-hml-fb/providers/Microsoft.DataFactory/factories/adf-mdw-hml-fb/pipelines/cp_opt_to_datalake/createRun?api-version=REDACTED'
Request method: 'POST'
Request headers:
    'Content-Type': 'application/json'
    'Accept': 'application/json'
    'Content-Length': '141'
    'x-ms-client-request-id': '654250e4-98ff-11ed-a50b-05e3ce77118f'
    'User-Agent': 'azsdk-python-mgmt-datafactory/1.1.0 Python/3.10.6 (Linux-5.15.0-58-generic-x86_64-with-glibc2.35)'
    'Authorization': 'REDACTED'
A body is sent with the request
[2023-01-20T17:17:02.778-0300] {_universal.py:554} INFO - Response status: 200
Response headers:
    'Cache-Control': 'no-cache'
    'Pragma': 'no-cache'
    'Transfer-Encoding': 'chunked'
    'Content-Type': 'application/json; charset=utf-8'
    'Content-Encoding': 'REDACTED'
    'Expires': '-1'
    'Vary': 'REDACTED'
    'x-ms-correlation-request-id': 'REDACTED'
    'Server': 'Kestrel'
    'x-ms-ratelimit-remaining-subscription-writes': 'REDACTED'
    'x-ms-request-id': 'a75f58ee-a64d-45ed-a01f-f0ac9ebea729'
    'x-ms-routing-request-id': 'REDACTED'
    'Strict-Transport-Security': 'REDACTED'
    'X-Content-Type-Options': 'REDACTED'
    'Date': 'Fri, 20 Jan 2023 20:17:01 GMT'
[2023-01-20T17:17:03.906-0300] {data_factory.py:172} INFO - Waiting for pipeline run 654250e4-98ff-11ed-a50b-05e3ce77118f to terminate.
[2023-01-20T17:17:03.907-0300] {data_factory.py:768} INFO - Getting the status of run ID 654250e4-98ff-11ed-a50b-05e3ce77118f.
[2023-01-20T17:17:04.422-0300] {base.py:73} INFO - Using connection ID 'adf' for task execution.
[2023-01-20T17:17:04.930-0300] {base.py:73} INFO - Using connection ID 'adf' for task execution.
[2023-01-20T17:17:04.932-0300] {_universal.py:526} INFO - Request URL: 'https://management.azure.com/subscriptions/5e5642ec-dd71-4e9a-a29e-58effbf39209/resourceGroups/rg-mdw-hml-fb/providers/Microsoft.DataFactory/factories/adf-mdw-hml-fb/pipelineruns/654250e4-98ff-11ed-a50b-05e3ce77118f?api-version=REDACTED'
Request method: 'GET'
Request headers:
    'Accept': 'application/json'
    'x-ms-client-request-id': '681f5870-98ff-11ed-a50b-05e3ce77118f'
    'User-Agent': 'azsdk-python-mgmt-datafactory/1.1.0 Python/3.10.6 (Linux-5.15.0-58-generic-x86_64-with-glibc2.35)'
    'Authorization': 'REDACTED'
No body was attached to the request
[2023-01-20T17:17:05.088-0300] {_universal.py:554} INFO - Response status: 200
Response headers:
    'Cache-Control': 'no-cache'
    'Pragma': 'no-cache'
    'Transfer-Encoding': 'chunked'
    'Content-Type': 'application/json; charset=utf-8'
    'Content-Encoding': 'REDACTED'
    'Expires': '-1'
    'Vary': 'REDACTED'
    'x-ms-correlation-request-id': 'REDACTED'
    'Server': 'Kestrel'
    'x-ms-ratelimit-remaining-subscription-reads': 'REDACTED'
    'x-ms-request-id': '9d30ffb9-c2f5-482e-8fa0-808e3930393e'
    'x-ms-routing-request-id': 'REDACTED'
    'Strict-Transport-Security': 'REDACTED'
    'X-Content-Type-Options': 'REDACTED'
    'Date': 'Fri, 20 Jan 2023 20:17:04 GMT'
[2023-01-20T17:17:05.095-0300] {data_factory.py:774} INFO - Current status of pipeline run 654250e4-98ff-11ed-a50b-05e3ce77118f: InProgress
[2023-01-20T17:18:05.125-0300] {data_factory.py:768} INFO - Getting the status of run ID 654250e4-98ff-11ed-a50b-05e3ce77118f.
[2023-01-20T17:18:05.621-0300] {base.py:73} INFO - Using connection ID 'adf' for task execution.
[2023-01-20T17:18:06.126-0300] {base.py:73} INFO - Using connection ID 'adf' for task execution.
[2023-01-20T17:18:06.127-0300] {_universal.py:526} INFO - Request URL: 'https://management.azure.com/subscriptions/5e5642ec-dd71-4e9a-a29e-58effbf39209/resourceGroups/rg-mdw-hml-fb/providers/Microsoft.DataFactory/factories/adf-mdw-hml-fb/pipelineruns/654250e4-98ff-11ed-a50b-05e3ce77118f?api-version=REDACTED'
Request method: 'GET'
Request headers:
    'Accept': 'application/json'
    'x-ms-client-request-id': '8c98fef4-98ff-11ed-a50b-05e3ce77118f'
    'User-Agent': 'azsdk-python-mgmt-datafactory/1.1.0 Python/3.10.6 (Linux-5.15.0-58-generic-x86_64-with-glibc2.35)'
    'Authorization': 'REDACTED'
No body was attached to the request
[2023-01-20T17:18:06.343-0300] {_universal.py:554} INFO - Response status: 200
Response headers:
    'Cache-Control': 'no-cache'
    'Pragma': 'no-cache'
    'Transfer-Encoding': 'chunked'
    'Content-Type': 'application/json; charset=utf-8'
    'Content-Encoding': 'REDACTED'
    'Expires': '-1'
    'Vary': 'REDACTED'
    'x-ms-correlation-request-id': 'REDACTED'
    'Server': 'Kestrel'
    'x-ms-ratelimit-remaining-subscription-reads': 'REDACTED'
    'x-ms-request-id': '735566b8-7e58-4c0a-ac69-21836e3d9892'
    'x-ms-routing-request-id': 'REDACTED'
    'Strict-Transport-Security': 'REDACTED'
    'X-Content-Type-Options': 'REDACTED'
    'Date': 'Fri, 20 Jan 2023 20:18:05 GMT'
[2023-01-20T17:18:06.344-0300] {data_factory.py:774} INFO - Current status of pipeline run 654250e4-98ff-11ed-a50b-05e3ce77118f: Succeeded
[2023-01-20T17:18:06.344-0300] {data_factory.py:182} INFO - Pipeline run 654250e4-98ff-11ed-a50b-05e3ce77118f has completed successfully.
[2023-01-20T17:18:06.347-0300] {logging_mixin.py:137} WARNING - /home/airflow/.local/lib/python3.10/site-packages/airflow/models/baseoperator.py:1393 RemovedInAirflow3Warning: Passing 'execution_date' to 'TaskInstance.xcom_push()' is deprecated.
[2023-01-20T17:18:07.536-0300] {taskinstance.py:1322} INFO - Marking task as SUCCESS. dag_id=raw_opt_t_origemcomercial, task_id=run_adf_pipeline, execution_date=20230119T150000, start_date=20230120T201651, end_date=20230120T201807
[2023-01-20T17:18:08.687-0300] {local_task_job.py:159} INFO - Task exited with return code 0
[2023-01-20T17:18:09.283-0300] {taskinstance.py:2582} INFO - 0 downstream tasks scheduled from follow-on schedule check
