[2023-01-24T15:22:02.600-0300] {taskinstance.py:1087} INFO - Dependencies all met for <TaskInstance: raw_opt_t_fatura.get_last_date manual__2023-01-24T18:21:25.582918+00:00 [queued]>
[2023-01-24T15:22:03.296-0300] {taskinstance.py:1087} INFO - Dependencies all met for <TaskInstance: raw_opt_t_fatura.get_last_date manual__2023-01-24T18:21:25.582918+00:00 [queued]>
[2023-01-24T15:22:03.296-0300] {taskinstance.py:1283} INFO - 
--------------------------------------------------------------------------------
[2023-01-24T15:22:03.297-0300] {taskinstance.py:1284} INFO - Starting attempt 1 of 1
[2023-01-24T15:22:03.297-0300] {taskinstance.py:1285} INFO - 
--------------------------------------------------------------------------------
[2023-01-24T15:22:03.831-0300] {taskinstance.py:1304} INFO - Executing <Task(DatabricksSubmitRunOperator): get_last_date> on 2023-01-24 18:21:25.582918+00:00
[2023-01-24T15:22:03.839-0300] {standard_task_runner.py:55} INFO - Started process 1464367 to run task
[2023-01-24T15:22:03.843-0300] {standard_task_runner.py:82} INFO - Running: ['airflow', 'tasks', 'run', 'raw_opt_t_fatura', 'get_last_date', 'manual__2023-01-24T18:21:25.582918+00:00', '--job-id', '1329', '--raw', '--subdir', 'DAGS_FOLDER/raw/dock_opt/raw_opt_t_fatura.py', '--cfg-path', '/tmp/tmp3qy9c8un']
[2023-01-24T15:22:03.846-0300] {standard_task_runner.py:83} INFO - Job 1329: Subtask get_last_date
[2023-01-24T15:22:07.109-0300] {task_command.py:389} INFO - Running <TaskInstance: raw_opt_t_fatura.get_last_date manual__2023-01-24T18:21:25.582918+00:00 [running]> on host vm-airflow-01
[2023-01-24T15:22:09.666-0300] {taskinstance.py:1511} INFO - Exporting the following env vars:
AIRFLOW_CTX_DAG_OWNER=matheus.rodrigues@fortbrasil.com.br
AIRFLOW_CTX_DAG_ID=raw_opt_t_fatura
AIRFLOW_CTX_TASK_ID=get_last_date
AIRFLOW_CTX_EXECUTION_DATE=2023-01-24T18:21:25.582918+00:00
AIRFLOW_CTX_TRY_NUMBER=1
AIRFLOW_CTX_DAG_RUN_ID=manual__2023-01-24T18:21:25.582918+00:00
[2023-01-24T15:22:10.176-0300] {base.py:73} INFO - Using connection ID 'adb' for task execution.
[2023-01-24T15:22:10.373-0300] {databricks_base.py:424} INFO - Using token auth. For security reasons, please set token in Password field instead of extra
[2023-01-24T15:22:11.763-0300] {databricks.py:50} INFO - Run submitted with run_id: 95478
[2023-01-24T15:22:11.764-0300] {databricks_base.py:424} INFO - Using token auth. For security reasons, please set token in Password field instead of extra
[2023-01-24T15:22:12.847-0300] {databricks_base.py:424} INFO - Using token auth. For security reasons, please set token in Password field instead of extra
[2023-01-24T15:22:13.179-0300] {databricks.py:91} INFO - get_last_date in run state: {'life_cycle_state': 'PENDING', 'result_state': '', 'state_message': ''}
[2023-01-24T15:22:13.180-0300] {databricks.py:92} INFO - View run status, Spark UI, and logs at https://adb-1362567168960874.14.azuredatabricks.net/?o=1362567168960874#job/733640667572672/run/95478
[2023-01-24T15:22:13.180-0300] {databricks.py:93} INFO - Sleeping for 30 seconds.
[2023-01-24T15:22:43.204-0300] {databricks_base.py:424} INFO - Using token auth. For security reasons, please set token in Password field instead of extra
[2023-01-24T15:22:43.666-0300] {databricks.py:91} INFO - get_last_date in run state: {'life_cycle_state': 'PENDING', 'result_state': '', 'state_message': ''}
[2023-01-24T15:22:43.667-0300] {databricks.py:92} INFO - View run status, Spark UI, and logs at https://adb-1362567168960874.14.azuredatabricks.net/?o=1362567168960874#job/733640667572672/run/95478
[2023-01-24T15:22:43.999-0300] {databricks.py:93} INFO - Sleeping for 30 seconds.
[2023-01-24T15:23:14.028-0300] {databricks_base.py:424} INFO - Using token auth. For security reasons, please set token in Password field instead of extra
[2023-01-24T15:23:14.379-0300] {databricks.py:91} INFO - get_last_date in run state: {'life_cycle_state': 'PENDING', 'result_state': '', 'state_message': ''}
[2023-01-24T15:23:14.379-0300] {databricks.py:92} INFO - View run status, Spark UI, and logs at https://adb-1362567168960874.14.azuredatabricks.net/?o=1362567168960874#job/733640667572672/run/95478
[2023-01-24T15:23:14.379-0300] {databricks.py:93} INFO - Sleeping for 30 seconds.
[2023-01-24T15:23:44.410-0300] {databricks_base.py:424} INFO - Using token auth. For security reasons, please set token in Password field instead of extra
[2023-01-24T15:23:44.777-0300] {databricks.py:91} INFO - get_last_date in run state: {'life_cycle_state': 'PENDING', 'result_state': '', 'state_message': ''}
[2023-01-24T15:23:44.778-0300] {databricks.py:92} INFO - View run status, Spark UI, and logs at https://adb-1362567168960874.14.azuredatabricks.net/?o=1362567168960874#job/733640667572672/run/95478
[2023-01-24T15:23:44.778-0300] {databricks.py:93} INFO - Sleeping for 30 seconds.
[2023-01-24T15:24:14.787-0300] {databricks_base.py:424} INFO - Using token auth. For security reasons, please set token in Password field instead of extra
[2023-01-24T15:24:15.094-0300] {databricks.py:91} INFO - get_last_date in run state: {'life_cycle_state': 'PENDING', 'result_state': '', 'state_message': ''}
[2023-01-24T15:24:15.094-0300] {databricks.py:92} INFO - View run status, Spark UI, and logs at https://adb-1362567168960874.14.azuredatabricks.net/?o=1362567168960874#job/733640667572672/run/95478
[2023-01-24T15:24:15.094-0300] {databricks.py:93} INFO - Sleeping for 30 seconds.
[2023-01-24T15:24:45.124-0300] {databricks_base.py:424} INFO - Using token auth. For security reasons, please set token in Password field instead of extra
[2023-01-24T15:24:45.541-0300] {databricks.py:91} INFO - get_last_date in run state: {'life_cycle_state': 'PENDING', 'result_state': '', 'state_message': ''}
[2023-01-24T15:24:45.541-0300] {databricks.py:92} INFO - View run status, Spark UI, and logs at https://adb-1362567168960874.14.azuredatabricks.net/?o=1362567168960874#job/733640667572672/run/95478
[2023-01-24T15:24:45.541-0300] {databricks.py:93} INFO - Sleeping for 30 seconds.
[2023-01-24T15:25:15.567-0300] {databricks_base.py:424} INFO - Using token auth. For security reasons, please set token in Password field instead of extra
[2023-01-24T15:25:16.002-0300] {databricks.py:91} INFO - get_last_date in run state: {'life_cycle_state': 'PENDING', 'result_state': '', 'state_message': ''}
[2023-01-24T15:25:16.052-0300] {databricks.py:92} INFO - View run status, Spark UI, and logs at https://adb-1362567168960874.14.azuredatabricks.net/?o=1362567168960874#job/733640667572672/run/95478
[2023-01-24T15:25:16.052-0300] {databricks.py:93} INFO - Sleeping for 30 seconds.
[2023-01-24T15:25:46.072-0300] {databricks_base.py:424} INFO - Using token auth. For security reasons, please set token in Password field instead of extra
[2023-01-24T15:25:46.422-0300] {databricks.py:91} INFO - get_last_date in run state: {'life_cycle_state': 'PENDING', 'result_state': '', 'state_message': ''}
[2023-01-24T15:25:46.423-0300] {databricks.py:92} INFO - View run status, Spark UI, and logs at https://adb-1362567168960874.14.azuredatabricks.net/?o=1362567168960874#job/733640667572672/run/95478
[2023-01-24T15:25:46.423-0300] {databricks.py:93} INFO - Sleeping for 30 seconds.
[2023-01-24T15:26:16.444-0300] {databricks_base.py:424} INFO - Using token auth. For security reasons, please set token in Password field instead of extra
[2023-01-24T15:26:16.772-0300] {databricks.py:91} INFO - get_last_date in run state: {'life_cycle_state': 'PENDING', 'result_state': '', 'state_message': ''}
[2023-01-24T15:26:16.772-0300] {databricks.py:92} INFO - View run status, Spark UI, and logs at https://adb-1362567168960874.14.azuredatabricks.net/?o=1362567168960874#job/733640667572672/run/95478
[2023-01-24T15:26:16.772-0300] {databricks.py:93} INFO - Sleeping for 30 seconds.
[2023-01-24T15:26:46.803-0300] {databricks_base.py:424} INFO - Using token auth. For security reasons, please set token in Password field instead of extra
[2023-01-24T15:26:47.232-0300] {databricks.py:91} INFO - get_last_date in run state: {'life_cycle_state': 'PENDING', 'result_state': '', 'state_message': ''}
[2023-01-24T15:26:47.232-0300] {databricks.py:92} INFO - View run status, Spark UI, and logs at https://adb-1362567168960874.14.azuredatabricks.net/?o=1362567168960874#job/733640667572672/run/95478
[2023-01-24T15:26:47.233-0300] {databricks.py:93} INFO - Sleeping for 30 seconds.
[2023-01-24T15:27:17.260-0300] {databricks_base.py:424} INFO - Using token auth. For security reasons, please set token in Password field instead of extra
[2023-01-24T15:27:18.191-0300] {databricks.py:91} INFO - get_last_date in run state: {'life_cycle_state': 'PENDING', 'result_state': '', 'state_message': ''}
[2023-01-24T15:27:18.191-0300] {databricks.py:92} INFO - View run status, Spark UI, and logs at https://adb-1362567168960874.14.azuredatabricks.net/?o=1362567168960874#job/733640667572672/run/95478
[2023-01-24T15:27:18.192-0300] {databricks.py:93} INFO - Sleeping for 30 seconds.
[2023-01-24T15:27:48.222-0300] {databricks_base.py:424} INFO - Using token auth. For security reasons, please set token in Password field instead of extra
[2023-01-24T15:27:48.567-0300] {databricks.py:91} INFO - get_last_date in run state: {'life_cycle_state': 'RUNNING', 'result_state': '', 'state_message': 'In run'}
[2023-01-24T15:27:48.567-0300] {databricks.py:92} INFO - View run status, Spark UI, and logs at https://adb-1362567168960874.14.azuredatabricks.net/?o=1362567168960874#job/733640667572672/run/95478
[2023-01-24T15:27:48.567-0300] {databricks.py:93} INFO - Sleeping for 30 seconds.
[2023-01-24T15:28:18.576-0300] {databricks_base.py:424} INFO - Using token auth. For security reasons, please set token in Password field instead of extra
[2023-01-24T15:28:18.920-0300] {databricks.py:91} INFO - get_last_date in run state: {'life_cycle_state': 'RUNNING', 'result_state': '', 'state_message': 'In run'}
[2023-01-24T15:28:18.920-0300] {databricks.py:92} INFO - View run status, Spark UI, and logs at https://adb-1362567168960874.14.azuredatabricks.net/?o=1362567168960874#job/733640667572672/run/95478
[2023-01-24T15:28:18.920-0300] {databricks.py:93} INFO - Sleeping for 30 seconds.
[2023-01-24T15:28:48.951-0300] {databricks_base.py:424} INFO - Using token auth. For security reasons, please set token in Password field instead of extra
[2023-01-24T15:28:49.229-0300] {databricks.py:61} INFO - get_last_date completed successfully.
[2023-01-24T15:28:49.229-0300] {databricks.py:62} INFO - View run status, Spark UI, and logs at https://adb-1362567168960874.14.azuredatabricks.net/?o=1362567168960874#job/733640667572672/run/95478
[2023-01-24T15:28:49.690-0300] {taskinstance.py:1322} INFO - Marking task as SUCCESS. dag_id=raw_opt_t_fatura, task_id=get_last_date, execution_date=20230124T182125, start_date=20230124T182202, end_date=20230124T182849
[2023-01-24T15:28:50.206-0300] {local_task_job.py:159} INFO - Task exited with return code 0
[2023-01-24T15:28:51.077-0300] {taskinstance.py:2582} INFO - 1 downstream tasks scheduled from follow-on schedule check
