[2023-01-24T12:01:08.527-0300] {taskinstance.py:1087} INFO - Dependencies all met for <TaskInstance: raw_opt_t_produto.current_date scheduled__2023-01-23T15:00:00+00:00 [queued]>
[2023-01-24T12:01:08.998-0300] {taskinstance.py:1087} INFO - Dependencies all met for <TaskInstance: raw_opt_t_produto.current_date scheduled__2023-01-23T15:00:00+00:00 [queued]>
[2023-01-24T12:01:08.999-0300] {taskinstance.py:1283} INFO - 
--------------------------------------------------------------------------------
[2023-01-24T12:01:08.999-0300] {taskinstance.py:1284} INFO - Starting attempt 1 of 1
[2023-01-24T12:01:08.999-0300] {taskinstance.py:1285} INFO - 
--------------------------------------------------------------------------------
[2023-01-24T12:01:09.736-0300] {taskinstance.py:1304} INFO - Executing <Task(_PythonDecoratedOperator): current_date> on 2023-01-23 15:00:00+00:00
[2023-01-24T12:01:09.742-0300] {standard_task_runner.py:55} INFO - Started process 1420450 to run task
[2023-01-24T12:01:09.746-0300] {standard_task_runner.py:82} INFO - Running: ['airflow', 'tasks', 'run', 'raw_opt_t_produto', 'current_date', 'scheduled__2023-01-23T15:00:00+00:00', '--job-id', '1294', '--raw', '--subdir', 'DAGS_FOLDER/raw/dock_opt/raw_opt_t_produto.py', '--cfg-path', '/tmp/tmp1qm8akqc']
[2023-01-24T12:01:09.749-0300] {standard_task_runner.py:83} INFO - Job 1294: Subtask current_date
[2023-01-24T12:01:15.860-0300] {task_command.py:389} INFO - Running <TaskInstance: raw_opt_t_produto.current_date scheduled__2023-01-23T15:00:00+00:00 [running]> on host vm-airflow-01
[2023-01-24T12:01:18.306-0300] {taskinstance.py:1511} INFO - Exporting the following env vars:
AIRFLOW_CTX_DAG_OWNER=matheus.rodrigues@fortbrasil.com.br
AIRFLOW_CTX_DAG_ID=raw_opt_t_produto
AIRFLOW_CTX_TASK_ID=current_date
AIRFLOW_CTX_EXECUTION_DATE=2023-01-23T15:00:00+00:00
AIRFLOW_CTX_TRY_NUMBER=1
AIRFLOW_CTX_DAG_RUN_ID=scheduled__2023-01-23T15:00:00+00:00
[2023-01-24T12:01:18.307-0300] {python.py:177} INFO - Done. Returned value was: 2023-01-24
[2023-01-24T12:01:19.518-0300] {taskinstance.py:1322} INFO - Marking task as SUCCESS. dag_id=raw_opt_t_produto, task_id=current_date, execution_date=20230123T150000, start_date=20230124T150108, end_date=20230124T150119
[2023-01-24T12:01:19.999-0300] {local_task_job.py:159} INFO - Task exited with return code 0
[2023-01-24T12:01:20.691-0300] {taskinstance.py:2582} INFO - 1 downstream tasks scheduled from follow-on schedule check
