[2023-01-23T10:43:36.006-0300] {taskinstance.py:1087} INFO - Dependencies all met for <TaskInstance: raw_opt_t_fatura.run_adf_pipeline manual__2023-01-23T13:43:25.303093+00:00 [queued]>
[2023-01-23T10:43:36.388-0300] {taskinstance.py:1087} INFO - Dependencies all met for <TaskInstance: raw_opt_t_fatura.run_adf_pipeline manual__2023-01-23T13:43:25.303093+00:00 [queued]>
[2023-01-23T10:43:36.388-0300] {taskinstance.py:1283} INFO - 
--------------------------------------------------------------------------------
[2023-01-23T10:43:36.389-0300] {taskinstance.py:1284} INFO - Starting attempt 1 of 1
[2023-01-23T10:43:36.389-0300] {taskinstance.py:1285} INFO - 
--------------------------------------------------------------------------------
[2023-01-23T10:43:37.074-0300] {taskinstance.py:1304} INFO - Executing <Task(AzureDataFactoryRunPipelineOperator): run_adf_pipeline> on 2023-01-23 13:43:25.303093+00:00
[2023-01-23T10:43:37.080-0300] {standard_task_runner.py:55} INFO - Started process 1095851 to run task
[2023-01-23T10:43:37.085-0300] {standard_task_runner.py:82} INFO - Running: ['airflow', 'tasks', 'run', 'raw_opt_t_fatura', 'run_adf_pipeline', 'manual__2023-01-23T13:43:25.303093+00:00', '--job-id', '1168', '--raw', '--subdir', 'DAGS_FOLDER/raw/dock_opt/raw_opt_t_fatura.py', '--cfg-path', '/tmp/tmphc5kxew8']
[2023-01-23T10:43:37.088-0300] {standard_task_runner.py:83} INFO - Job 1168: Subtask run_adf_pipeline
[2023-01-23T10:43:40.037-0300] {task_command.py:389} INFO - Running <TaskInstance: raw_opt_t_fatura.run_adf_pipeline manual__2023-01-23T13:43:25.303093+00:00 [running]> on host vm-airflow-01
[2023-01-23T10:43:42.471-0300] {taskinstance.py:1511} INFO - Exporting the following env vars:
AIRFLOW_CTX_DAG_OWNER=matheus.rodrigues@fortbrasil.com.br
AIRFLOW_CTX_DAG_ID=raw_opt_t_fatura
AIRFLOW_CTX_TASK_ID=run_adf_pipeline
AIRFLOW_CTX_EXECUTION_DATE=2023-01-23T13:43:25.303093+00:00
AIRFLOW_CTX_TRY_NUMBER=1
AIRFLOW_CTX_DAG_RUN_ID=manual__2023-01-23T13:43:25.303093+00:00
[2023-01-23T10:43:42.472-0300] {data_factory.py:154} INFO - Executing the cp_opt_to_datalake pipeline.
[2023-01-23T10:43:42.988-0300] {base.py:73} INFO - Using connection ID 'adf' for task execution.
[2023-01-23T10:43:43.588-0300] {base.py:73} INFO - Using connection ID 'adf' for task execution.
[2023-01-23T10:43:44.098-0300] {base.py:73} INFO - Using connection ID 'adf' for task execution.
[2023-01-23T10:43:44.107-0300] {_universal.py:526} INFO - Request URL: 'https://login.microsoftonline.com:443/d47e09d1-17c6-4a6f-b65c-d49d61e186a2/v2.0/.well-known/openid-configuration'
Request method: 'GET'
Request headers:
    'User-Agent': 'azsdk-python-identity/1.12.0 Python/3.10.6 (Linux-5.15.0-58-generic-x86_64-with-glibc2.35)'
No body was attached to the request
[2023-01-23T10:43:44.602-0300] {_universal.py:554} INFO - Response status: 200
Response headers:
    'Cache-Control': 'max-age=86400, private'
    'Content-Type': 'application/json; charset=utf-8'
    'Strict-Transport-Security': 'REDACTED'
    'X-Content-Type-Options': 'REDACTED'
    'Access-Control-Allow-Origin': 'REDACTED'
    'Access-Control-Allow-Methods': 'REDACTED'
    'P3P': 'REDACTED'
    'x-ms-request-id': 'b1bed874-ee61-4ffd-9e3b-0c664a162900'
    'x-ms-ests-server': 'REDACTED'
    'X-XSS-Protection': 'REDACTED'
    'Set-Cookie': 'REDACTED'
    'Date': 'Mon, 23 Jan 2023 13:43:43 GMT'
    'Content-Length': '1753'
[2023-01-23T10:43:44.604-0300] {_universal.py:526} INFO - Request URL: 'https://login.microsoftonline.com/common/discovery/instance?api-version=REDACTED&authorization_endpoint=REDACTED'
Request method: 'GET'
Request headers:
    'Accept': 'application/json'
    'User-Agent': 'azsdk-python-identity/1.12.0 Python/3.10.6 (Linux-5.15.0-58-generic-x86_64-with-glibc2.35)'
No body was attached to the request
[2023-01-23T10:43:44.801-0300] {_universal.py:554} INFO - Response status: 200
Response headers:
    'Cache-Control': 'max-age=86400, private'
    'Content-Type': 'application/json; charset=utf-8'
    'Strict-Transport-Security': 'REDACTED'
    'X-Content-Type-Options': 'REDACTED'
    'Access-Control-Allow-Origin': 'REDACTED'
    'Access-Control-Allow-Methods': 'REDACTED'
    'P3P': 'REDACTED'
    'x-ms-request-id': 'c8efac8d-8dd5-4503-8004-4fe7a52d2500'
    'x-ms-ests-server': 'REDACTED'
    'X-XSS-Protection': 'REDACTED'
    'Set-Cookie': 'REDACTED'
    'Date': 'Mon, 23 Jan 2023 13:43:44 GMT'
    'Content-Length': '945'
[2023-01-23T10:43:44.802-0300] {_universal.py:523} INFO - Request URL: 'https://login.microsoftonline.com/d47e09d1-17c6-4a6f-b65c-d49d61e186a2/oauth2/v2.0/token'
Request method: 'POST'
Request headers:
    'Accept': 'application/json'
    'x-client-sku': 'REDACTED'
    'x-client-ver': 'REDACTED'
    'x-client-os': 'REDACTED'
    'x-client-cpu': 'REDACTED'
    'x-ms-lib-capability': 'REDACTED'
    'client-request-id': 'REDACTED'
    'x-client-current-telemetry': 'REDACTED'
    'x-client-last-telemetry': 'REDACTED'
    'User-Agent': 'azsdk-python-identity/1.12.0 Python/3.10.6 (Linux-5.15.0-58-generic-x86_64-with-glibc2.35)'
A body is sent with the request
[2023-01-23T10:43:45.106-0300] {_universal.py:554} INFO - Response status: 200
Response headers:
    'Cache-Control': 'no-store, no-cache'
    'Pragma': 'no-cache'
    'Content-Type': 'application/json; charset=utf-8'
    'Expires': '-1'
    'Strict-Transport-Security': 'REDACTED'
    'X-Content-Type-Options': 'REDACTED'
    'P3P': 'REDACTED'
    'client-request-id': 'REDACTED'
    'x-ms-request-id': '80a5188b-01a8-4e4d-9e12-c3c4dc4b2500'
    'x-ms-ests-server': 'REDACTED'
    'x-ms-clitelem': 'REDACTED'
    'X-XSS-Protection': 'REDACTED'
    'Set-Cookie': 'REDACTED'
    'Date': 'Mon, 23 Jan 2023 13:43:44 GMT'
    'Content-Length': '1391'
[2023-01-23T10:43:45.107-0300] {get_token_mixin.py:77} INFO - ClientSecretCredential.get_token succeeded
[2023-01-23T10:43:45.108-0300] {_universal.py:523} INFO - Request URL: 'https://management.azure.com/subscriptions/5e5642ec-dd71-4e9a-a29e-58effbf39209/resourceGroups/rg-mdw-hml-fb/providers/Microsoft.DataFactory/factories/adf-mdw-hml-fb/pipelines/cp_opt_to_datalake/createRun?api-version=REDACTED'
Request method: 'POST'
Request headers:
    'Content-Type': 'application/json'
    'Accept': 'application/json'
    'Content-Length': '234'
    'x-ms-client-request-id': 'f42c608a-9b23-11ed-a50b-05e3ce77118f'
    'User-Agent': 'azsdk-python-mgmt-datafactory/1.1.0 Python/3.10.6 (Linux-5.15.0-58-generic-x86_64-with-glibc2.35)'
    'Authorization': 'REDACTED'
A body is sent with the request
[2023-01-23T10:43:46.845-0300] {_universal.py:554} INFO - Response status: 200
Response headers:
    'Cache-Control': 'no-cache'
    'Pragma': 'no-cache'
    'Transfer-Encoding': 'chunked'
    'Content-Type': 'application/json; charset=utf-8'
    'Content-Encoding': 'REDACTED'
    'Expires': '-1'
    'Vary': 'REDACTED'
    'x-ms-correlation-request-id': 'REDACTED'
    'Server': 'Kestrel'
    'x-ms-ratelimit-remaining-subscription-writes': 'REDACTED'
    'x-ms-request-id': 'c37712f1-0bf0-4a8d-8708-7c5ab2f5ab41'
    'x-ms-routing-request-id': 'REDACTED'
    'Strict-Transport-Security': 'REDACTED'
    'X-Content-Type-Options': 'REDACTED'
    'Date': 'Mon, 23 Jan 2023 13:43:46 GMT'
[2023-01-23T10:43:47.559-0300] {data_factory.py:172} INFO - Waiting for pipeline run f42c608a-9b23-11ed-a50b-05e3ce77118f to terminate.
[2023-01-23T10:43:47.559-0300] {data_factory.py:768} INFO - Getting the status of run ID f42c608a-9b23-11ed-a50b-05e3ce77118f.
[2023-01-23T10:43:48.062-0300] {base.py:73} INFO - Using connection ID 'adf' for task execution.
[2023-01-23T10:43:48.572-0300] {base.py:73} INFO - Using connection ID 'adf' for task execution.
[2023-01-23T10:43:48.573-0300] {_universal.py:526} INFO - Request URL: 'https://management.azure.com/subscriptions/5e5642ec-dd71-4e9a-a29e-58effbf39209/resourceGroups/rg-mdw-hml-fb/providers/Microsoft.DataFactory/factories/adf-mdw-hml-fb/pipelineruns/f42c608a-9b23-11ed-a50b-05e3ce77118f?api-version=REDACTED'
Request method: 'GET'
Request headers:
    'Accept': 'application/json'
    'x-ms-client-request-id': 'f6d60b9c-9b23-11ed-a50b-05e3ce77118f'
    'User-Agent': 'azsdk-python-mgmt-datafactory/1.1.0 Python/3.10.6 (Linux-5.15.0-58-generic-x86_64-with-glibc2.35)'
    'Authorization': 'REDACTED'
No body was attached to the request
[2023-01-23T10:43:48.699-0300] {_universal.py:554} INFO - Response status: 200
Response headers:
    'Cache-Control': 'no-cache'
    'Pragma': 'no-cache'
    'Transfer-Encoding': 'chunked'
    'Content-Type': 'application/json; charset=utf-8'
    'Content-Encoding': 'REDACTED'
    'Expires': '-1'
    'Vary': 'REDACTED'
    'x-ms-correlation-request-id': 'REDACTED'
    'Server': 'Kestrel'
    'x-ms-ratelimit-remaining-subscription-reads': 'REDACTED'
    'x-ms-request-id': 'b4d262b6-c6e3-472d-a6ea-294c89ec1474'
    'x-ms-routing-request-id': 'REDACTED'
    'Strict-Transport-Security': 'REDACTED'
    'X-Content-Type-Options': 'REDACTED'
    'Date': 'Mon, 23 Jan 2023 13:43:47 GMT'
[2023-01-23T10:43:48.706-0300] {data_factory.py:774} INFO - Current status of pipeline run f42c608a-9b23-11ed-a50b-05e3ce77118f: InProgress
[2023-01-23T10:44:48.726-0300] {data_factory.py:768} INFO - Getting the status of run ID f42c608a-9b23-11ed-a50b-05e3ce77118f.
[2023-01-23T10:44:49.266-0300] {base.py:73} INFO - Using connection ID 'adf' for task execution.
[2023-01-23T10:44:49.764-0300] {base.py:73} INFO - Using connection ID 'adf' for task execution.
[2023-01-23T10:44:49.766-0300] {_universal.py:526} INFO - Request URL: 'https://management.azure.com/subscriptions/5e5642ec-dd71-4e9a-a29e-58effbf39209/resourceGroups/rg-mdw-hml-fb/providers/Microsoft.DataFactory/factories/adf-mdw-hml-fb/pipelineruns/f42c608a-9b23-11ed-a50b-05e3ce77118f?api-version=REDACTED'
Request method: 'GET'
Request headers:
    'Accept': 'application/json'
    'x-ms-client-request-id': '1b4f40e2-9b24-11ed-a50b-05e3ce77118f'
    'User-Agent': 'azsdk-python-mgmt-datafactory/1.1.0 Python/3.10.6 (Linux-5.15.0-58-generic-x86_64-with-glibc2.35)'
    'Authorization': 'REDACTED'
No body was attached to the request
[2023-01-23T10:44:49.880-0300] {_universal.py:554} INFO - Response status: 200
Response headers:
    'Cache-Control': 'no-cache'
    'Pragma': 'no-cache'
    'Transfer-Encoding': 'chunked'
    'Content-Type': 'application/json; charset=utf-8'
    'Content-Encoding': 'REDACTED'
    'Expires': '-1'
    'Vary': 'REDACTED'
    'x-ms-correlation-request-id': 'REDACTED'
    'Server': 'Kestrel'
    'x-ms-ratelimit-remaining-subscription-reads': 'REDACTED'
    'x-ms-request-id': '07a00364-47c0-415e-a05c-6f76d88b3c38'
    'x-ms-routing-request-id': 'REDACTED'
    'Strict-Transport-Security': 'REDACTED'
    'X-Content-Type-Options': 'REDACTED'
    'Date': 'Mon, 23 Jan 2023 13:44:49 GMT'
[2023-01-23T10:44:49.880-0300] {data_factory.py:774} INFO - Current status of pipeline run f42c608a-9b23-11ed-a50b-05e3ce77118f: InProgress
[2023-01-23T10:45:49.896-0300] {data_factory.py:768} INFO - Getting the status of run ID f42c608a-9b23-11ed-a50b-05e3ce77118f.
[2023-01-23T10:45:50.386-0300] {base.py:73} INFO - Using connection ID 'adf' for task execution.
[2023-01-23T10:45:50.917-0300] {base.py:73} INFO - Using connection ID 'adf' for task execution.
[2023-01-23T10:45:50.919-0300] {_universal.py:526} INFO - Request URL: 'https://management.azure.com/subscriptions/5e5642ec-dd71-4e9a-a29e-58effbf39209/resourceGroups/rg-mdw-hml-fb/providers/Microsoft.DataFactory/factories/adf-mdw-hml-fb/pipelineruns/f42c608a-9b23-11ed-a50b-05e3ce77118f?api-version=REDACTED'
Request method: 'GET'
Request headers:
    'Accept': 'application/json'
    'x-ms-client-request-id': '3fc27a20-9b24-11ed-a50b-05e3ce77118f'
    'User-Agent': 'azsdk-python-mgmt-datafactory/1.1.0 Python/3.10.6 (Linux-5.15.0-58-generic-x86_64-with-glibc2.35)'
    'Authorization': 'REDACTED'
No body was attached to the request
[2023-01-23T10:45:51.049-0300] {_universal.py:554} INFO - Response status: 200
Response headers:
    'Cache-Control': 'no-cache'
    'Pragma': 'no-cache'
    'Transfer-Encoding': 'chunked'
    'Content-Type': 'application/json; charset=utf-8'
    'Content-Encoding': 'REDACTED'
    'Expires': '-1'
    'Vary': 'REDACTED'
    'x-ms-correlation-request-id': 'REDACTED'
    'Server': 'Kestrel'
    'x-ms-ratelimit-remaining-subscription-reads': 'REDACTED'
    'x-ms-request-id': '5b06debf-21b0-4b4e-a9b9-b9e9c4b807f7'
    'x-ms-routing-request-id': 'REDACTED'
    'Strict-Transport-Security': 'REDACTED'
    'X-Content-Type-Options': 'REDACTED'
    'Date': 'Mon, 23 Jan 2023 13:45:50 GMT'
[2023-01-23T10:45:51.050-0300] {data_factory.py:774} INFO - Current status of pipeline run f42c608a-9b23-11ed-a50b-05e3ce77118f: InProgress
[2023-01-23T10:46:51.110-0300] {data_factory.py:768} INFO - Getting the status of run ID f42c608a-9b23-11ed-a50b-05e3ce77118f.
[2023-01-23T10:46:51.655-0300] {base.py:73} INFO - Using connection ID 'adf' for task execution.
[2023-01-23T10:46:52.155-0300] {base.py:73} INFO - Using connection ID 'adf' for task execution.
[2023-01-23T10:46:52.157-0300] {_universal.py:526} INFO - Request URL: 'https://management.azure.com/subscriptions/5e5642ec-dd71-4e9a-a29e-58effbf39209/resourceGroups/rg-mdw-hml-fb/providers/Microsoft.DataFactory/factories/adf-mdw-hml-fb/pipelineruns/f42c608a-9b23-11ed-a50b-05e3ce77118f?api-version=REDACTED'
Request method: 'GET'
Request headers:
    'Accept': 'application/json'
    'x-ms-client-request-id': '64429aa6-9b24-11ed-a50b-05e3ce77118f'
    'User-Agent': 'azsdk-python-mgmt-datafactory/1.1.0 Python/3.10.6 (Linux-5.15.0-58-generic-x86_64-with-glibc2.35)'
    'Authorization': 'REDACTED'
No body was attached to the request
[2023-01-23T10:46:52.334-0300] {_universal.py:554} INFO - Response status: 200
Response headers:
    'Cache-Control': 'no-cache'
    'Pragma': 'no-cache'
    'Transfer-Encoding': 'chunked'
    'Content-Type': 'application/json; charset=utf-8'
    'Content-Encoding': 'REDACTED'
    'Expires': '-1'
    'Vary': 'REDACTED'
    'x-ms-correlation-request-id': 'REDACTED'
    'Server': 'Kestrel'
    'x-ms-ratelimit-remaining-subscription-reads': 'REDACTED'
    'x-ms-request-id': '24cbf14c-9b90-40fc-be70-a1889dc182a4'
    'x-ms-routing-request-id': 'REDACTED'
    'Strict-Transport-Security': 'REDACTED'
    'X-Content-Type-Options': 'REDACTED'
    'Date': 'Mon, 23 Jan 2023 13:46:51 GMT'
[2023-01-23T10:46:52.335-0300] {data_factory.py:774} INFO - Current status of pipeline run f42c608a-9b23-11ed-a50b-05e3ce77118f: InProgress
[2023-01-23T10:47:52.344-0300] {data_factory.py:768} INFO - Getting the status of run ID f42c608a-9b23-11ed-a50b-05e3ce77118f.
[2023-01-23T10:47:52.848-0300] {base.py:73} INFO - Using connection ID 'adf' for task execution.
[2023-01-23T10:47:53.345-0300] {base.py:73} INFO - Using connection ID 'adf' for task execution.
[2023-01-23T10:47:53.347-0300] {_universal.py:526} INFO - Request URL: 'https://management.azure.com/subscriptions/5e5642ec-dd71-4e9a-a29e-58effbf39209/resourceGroups/rg-mdw-hml-fb/providers/Microsoft.DataFactory/factories/adf-mdw-hml-fb/pipelineruns/f42c608a-9b23-11ed-a50b-05e3ce77118f?api-version=REDACTED'
Request method: 'GET'
Request headers:
    'Accept': 'application/json'
    'x-ms-client-request-id': '88bb79f2-9b24-11ed-a50b-05e3ce77118f'
    'User-Agent': 'azsdk-python-mgmt-datafactory/1.1.0 Python/3.10.6 (Linux-5.15.0-58-generic-x86_64-with-glibc2.35)'
    'Authorization': 'REDACTED'
No body was attached to the request
[2023-01-23T10:47:53.520-0300] {_universal.py:554} INFO - Response status: 200
Response headers:
    'Cache-Control': 'no-cache'
    'Pragma': 'no-cache'
    'Transfer-Encoding': 'chunked'
    'Content-Type': 'application/json; charset=utf-8'
    'Content-Encoding': 'REDACTED'
    'Expires': '-1'
    'Vary': 'REDACTED'
    'x-ms-correlation-request-id': 'REDACTED'
    'Server': 'Kestrel'
    'x-ms-ratelimit-remaining-subscription-reads': 'REDACTED'
    'x-ms-request-id': '4b0f21c9-c688-41be-9637-d2c6637e40c4'
    'x-ms-routing-request-id': 'REDACTED'
    'Strict-Transport-Security': 'REDACTED'
    'X-Content-Type-Options': 'REDACTED'
    'Date': 'Mon, 23 Jan 2023 13:47:53 GMT'
[2023-01-23T10:47:53.521-0300] {data_factory.py:774} INFO - Current status of pipeline run f42c608a-9b23-11ed-a50b-05e3ce77118f: Succeeded
[2023-01-23T10:47:53.521-0300] {data_factory.py:182} INFO - Pipeline run f42c608a-9b23-11ed-a50b-05e3ce77118f has completed successfully.
[2023-01-23T10:47:53.529-0300] {logging_mixin.py:137} WARNING - /home/airflow/.local/lib/python3.10/site-packages/airflow/models/baseoperator.py:1393 RemovedInAirflow3Warning: Passing 'execution_date' to 'TaskInstance.xcom_push()' is deprecated.
[2023-01-23T10:47:54.687-0300] {taskinstance.py:1322} INFO - Marking task as SUCCESS. dag_id=raw_opt_t_fatura, task_id=run_adf_pipeline, execution_date=20230123T134325, start_date=20230123T134336, end_date=20230123T134754
[2023-01-23T10:47:55.756-0300] {local_task_job.py:159} INFO - Task exited with return code 0
[2023-01-23T10:47:56.665-0300] {taskinstance.py:2582} INFO - 0 downstream tasks scheduled from follow-on schedule check
