[2023-01-23T11:53:35.186-0300] {taskinstance.py:1087} INFO - Dependencies all met for <TaskInstance: raw_opt_t_fatura.get_last_date_result manual__2023-01-23T14:52:13.274594+00:00 [queued]>
[2023-01-23T11:53:35.874-0300] {taskinstance.py:1087} INFO - Dependencies all met for <TaskInstance: raw_opt_t_fatura.get_last_date_result manual__2023-01-23T14:52:13.274594+00:00 [queued]>
[2023-01-23T11:53:35.874-0300] {taskinstance.py:1283} INFO - 
--------------------------------------------------------------------------------
[2023-01-23T11:53:35.874-0300] {taskinstance.py:1284} INFO - Starting attempt 1 of 1
[2023-01-23T11:53:35.875-0300] {taskinstance.py:1285} INFO - 
--------------------------------------------------------------------------------
[2023-01-23T11:53:36.585-0300] {taskinstance.py:1304} INFO - Executing <Task(GetDatabricksResultOperator): get_last_date_result> on 2023-01-23 14:52:13.274594+00:00
[2023-01-23T11:53:36.592-0300] {standard_task_runner.py:55} INFO - Started process 1107482 to run task
[2023-01-23T11:53:36.596-0300] {standard_task_runner.py:82} INFO - Running: ['airflow', 'tasks', 'run', 'raw_opt_t_fatura', 'get_last_date_result', 'manual__2023-01-23T14:52:13.274594+00:00', '--job-id', '1179', '--raw', '--subdir', 'DAGS_FOLDER/raw/dock_opt/raw_opt_t_fatura.py', '--cfg-path', '/tmp/tmph78k99xp']
[2023-01-23T11:53:36.599-0300] {standard_task_runner.py:83} INFO - Job 1179: Subtask get_last_date_result
[2023-01-23T11:53:39.894-0300] {task_command.py:389} INFO - Running <TaskInstance: raw_opt_t_fatura.get_last_date_result manual__2023-01-23T14:52:13.274594+00:00 [running]> on host vm-airflow-01
[2023-01-23T11:53:42.522-0300] {taskinstance.py:1511} INFO - Exporting the following env vars:
AIRFLOW_CTX_DAG_OWNER=matheus.rodrigues@fortbrasil.com.br
AIRFLOW_CTX_DAG_ID=raw_opt_t_fatura
AIRFLOW_CTX_TASK_ID=get_last_date_result
AIRFLOW_CTX_EXECUTION_DATE=2023-01-23T14:52:13.274594+00:00
AIRFLOW_CTX_TRY_NUMBER=1
AIRFLOW_CTX_DAG_RUN_ID=manual__2023-01-23T14:52:13.274594+00:00
[2023-01-23T11:53:43.765-0300] {base.py:73} INFO - Using connection ID 'adb' for task execution.
[2023-01-23T11:53:43.972-0300] {databricks_base.py:424} INFO - Using token auth. For security reasons, please set token in Password field instead of extra
[2023-01-23T11:53:44.403-0300] {raw_opt_t_fatura.py:30} INFO - Result:
[2023-01-23T11:53:44.403-0300] {raw_opt_t_fatura.py:31} INFO - 2022-12-29
[2023-01-23T11:53:45.557-0300] {taskinstance.py:1322} INFO - Marking task as SUCCESS. dag_id=raw_opt_t_fatura, task_id=get_last_date_result, execution_date=20230123T145213, start_date=20230123T145335, end_date=20230123T145345
[2023-01-23T11:53:46.056-0300] {local_task_job.py:159} INFO - Task exited with return code 0
[2023-01-23T11:53:46.879-0300] {taskinstance.py:2582} INFO - 1 downstream tasks scheduled from follow-on schedule check
