[2023-01-24T12:01:32.265-0300] {taskinstance.py:1087} INFO - Dependencies all met for <TaskInstance: raw_opt_t_statusconta.run_adf_pipeline scheduled__2023-01-23T15:00:00+00:00 [queued]>
[2023-01-24T12:01:32.636-0300] {taskinstance.py:1087} INFO - Dependencies all met for <TaskInstance: raw_opt_t_statusconta.run_adf_pipeline scheduled__2023-01-23T15:00:00+00:00 [queued]>
[2023-01-24T12:01:32.636-0300] {taskinstance.py:1283} INFO - 
--------------------------------------------------------------------------------
[2023-01-24T12:01:32.636-0300] {taskinstance.py:1284} INFO - Starting attempt 1 of 1
[2023-01-24T12:01:32.636-0300] {taskinstance.py:1285} INFO - 
--------------------------------------------------------------------------------
[2023-01-24T12:01:33.243-0300] {taskinstance.py:1304} INFO - Executing <Task(AzureDataFactoryRunPipelineOperator): run_adf_pipeline> on 2023-01-23 15:00:00+00:00
[2023-01-24T12:01:33.250-0300] {standard_task_runner.py:55} INFO - Started process 1420540 to run task
[2023-01-24T12:01:33.255-0300] {standard_task_runner.py:82} INFO - Running: ['airflow', 'tasks', 'run', 'raw_opt_t_statusconta', 'run_adf_pipeline', 'scheduled__2023-01-23T15:00:00+00:00', '--job-id', '1298', '--raw', '--subdir', 'DAGS_FOLDER/raw/dock_opt/raw_opt_t_statusconta.py', '--cfg-path', '/tmp/tmpizyd7pav']
[2023-01-24T12:01:33.258-0300] {standard_task_runner.py:83} INFO - Job 1298: Subtask run_adf_pipeline
[2023-01-24T12:01:36.560-0300] {task_command.py:389} INFO - Running <TaskInstance: raw_opt_t_statusconta.run_adf_pipeline scheduled__2023-01-23T15:00:00+00:00 [running]> on host vm-airflow-01
[2023-01-24T12:01:39.801-0300] {taskinstance.py:1511} INFO - Exporting the following env vars:
AIRFLOW_CTX_DAG_OWNER=matheus.rodrigues@fortbrasil.com.br
AIRFLOW_CTX_DAG_ID=raw_opt_t_statusconta
AIRFLOW_CTX_TASK_ID=run_adf_pipeline
AIRFLOW_CTX_EXECUTION_DATE=2023-01-23T15:00:00+00:00
AIRFLOW_CTX_TRY_NUMBER=1
AIRFLOW_CTX_DAG_RUN_ID=scheduled__2023-01-23T15:00:00+00:00
[2023-01-24T12:01:39.802-0300] {data_factory.py:154} INFO - Executing the cp_opt_to_datalake pipeline.
[2023-01-24T12:01:40.314-0300] {base.py:73} INFO - Using connection ID 'adf' for task execution.
[2023-01-24T12:01:40.816-0300] {base.py:73} INFO - Using connection ID 'adf' for task execution.
[2023-01-24T12:01:41.377-0300] {base.py:73} INFO - Using connection ID 'adf' for task execution.
[2023-01-24T12:01:41.385-0300] {_universal.py:526} INFO - Request URL: 'https://login.microsoftonline.com:443/d47e09d1-17c6-4a6f-b65c-d49d61e186a2/v2.0/.well-known/openid-configuration'
Request method: 'GET'
Request headers:
    'User-Agent': 'azsdk-python-identity/1.12.0 Python/3.10.6 (Linux-5.15.0-58-generic-x86_64-with-glibc2.35)'
No body was attached to the request
[2023-01-24T12:01:41.833-0300] {_universal.py:554} INFO - Response status: 200
Response headers:
    'Cache-Control': 'max-age=86400, private'
    'Content-Type': 'application/json; charset=utf-8'
    'Strict-Transport-Security': 'REDACTED'
    'X-Content-Type-Options': 'REDACTED'
    'Access-Control-Allow-Origin': 'REDACTED'
    'Access-Control-Allow-Methods': 'REDACTED'
    'P3P': 'REDACTED'
    'x-ms-request-id': '5399157d-8c90-4f2d-86a3-a9c0756f5900'
    'x-ms-ests-server': 'REDACTED'
    'X-XSS-Protection': 'REDACTED'
    'Set-Cookie': 'REDACTED'
    'Date': 'Tue, 24 Jan 2023 15:01:41 GMT'
    'Content-Length': '1753'
[2023-01-24T12:01:41.835-0300] {_universal.py:526} INFO - Request URL: 'https://login.microsoftonline.com/common/discovery/instance?api-version=REDACTED&authorization_endpoint=REDACTED'
Request method: 'GET'
Request headers:
    'Accept': 'application/json'
    'User-Agent': 'azsdk-python-identity/1.12.0 Python/3.10.6 (Linux-5.15.0-58-generic-x86_64-with-glibc2.35)'
No body was attached to the request
[2023-01-24T12:01:42.070-0300] {_universal.py:554} INFO - Response status: 200
Response headers:
    'Cache-Control': 'max-age=86400, private'
    'Content-Type': 'application/json; charset=utf-8'
    'Strict-Transport-Security': 'REDACTED'
    'X-Content-Type-Options': 'REDACTED'
    'Access-Control-Allow-Origin': 'REDACTED'
    'Access-Control-Allow-Methods': 'REDACTED'
    'P3P': 'REDACTED'
    'x-ms-request-id': 'bd791c9d-2527-42b6-88c2-a65703093f00'
    'x-ms-ests-server': 'REDACTED'
    'X-XSS-Protection': 'REDACTED'
    'Set-Cookie': 'REDACTED'
    'Date': 'Tue, 24 Jan 2023 15:01:41 GMT'
    'Content-Length': '945'
[2023-01-24T12:01:42.071-0300] {_universal.py:523} INFO - Request URL: 'https://login.microsoftonline.com/d47e09d1-17c6-4a6f-b65c-d49d61e186a2/oauth2/v2.0/token'
Request method: 'POST'
Request headers:
    'Accept': 'application/json'
    'x-client-sku': 'REDACTED'
    'x-client-ver': 'REDACTED'
    'x-client-os': 'REDACTED'
    'x-client-cpu': 'REDACTED'
    'x-ms-lib-capability': 'REDACTED'
    'client-request-id': 'REDACTED'
    'x-client-current-telemetry': 'REDACTED'
    'x-client-last-telemetry': 'REDACTED'
    'User-Agent': 'azsdk-python-identity/1.12.0 Python/3.10.6 (Linux-5.15.0-58-generic-x86_64-with-glibc2.35)'
A body is sent with the request
[2023-01-24T12:01:42.316-0300] {_universal.py:554} INFO - Response status: 200
Response headers:
    'Cache-Control': 'no-store, no-cache'
    'Pragma': 'no-cache'
    'Content-Type': 'application/json; charset=utf-8'
    'Expires': '-1'
    'Strict-Transport-Security': 'REDACTED'
    'X-Content-Type-Options': 'REDACTED'
    'P3P': 'REDACTED'
    'client-request-id': 'REDACTED'
    'x-ms-request-id': '447ef7f0-6e0c-48c4-a30e-6fc4863a2600'
    'x-ms-ests-server': 'REDACTED'
    'x-ms-clitelem': 'REDACTED'
    'X-XSS-Protection': 'REDACTED'
    'Set-Cookie': 'REDACTED'
    'Date': 'Tue, 24 Jan 2023 15:01:41 GMT'
    'Content-Length': '1391'
[2023-01-24T12:01:42.317-0300] {get_token_mixin.py:77} INFO - ClientSecretCredential.get_token succeeded
[2023-01-24T12:01:42.317-0300] {_universal.py:523} INFO - Request URL: 'https://management.azure.com/subscriptions/5e5642ec-dd71-4e9a-a29e-58effbf39209/resourceGroups/rg-mdw-hml-fb/providers/Microsoft.DataFactory/factories/adf-mdw-hml-fb/pipelines/cp_opt_to_datalake/createRun?api-version=REDACTED'
Request method: 'POST'
Request headers:
    'Content-Type': 'application/json'
    'Accept': 'application/json'
    'Content-Length': '129'
    'x-ms-client-request-id': '02762aa2-9bf8-11ed-a50b-05e3ce77118f'
    'User-Agent': 'azsdk-python-mgmt-datafactory/1.1.0 Python/3.10.6 (Linux-5.15.0-58-generic-x86_64-with-glibc2.35)'
    'Authorization': 'REDACTED'
A body is sent with the request
[2023-01-24T12:01:43.999-0300] {_universal.py:554} INFO - Response status: 200
Response headers:
    'Cache-Control': 'no-cache'
    'Pragma': 'no-cache'
    'Transfer-Encoding': 'chunked'
    'Content-Type': 'application/json; charset=utf-8'
    'Content-Encoding': 'REDACTED'
    'Expires': '-1'
    'Vary': 'REDACTED'
    'x-ms-correlation-request-id': 'REDACTED'
    'Server': 'Kestrel'
    'x-ms-ratelimit-remaining-subscription-writes': 'REDACTED'
    'x-ms-request-id': 'ab9e443d-ad19-4db2-a1ab-87eabfd4feaa'
    'x-ms-routing-request-id': 'REDACTED'
    'Strict-Transport-Security': 'REDACTED'
    'X-Content-Type-Options': 'REDACTED'
    'Date': 'Tue, 24 Jan 2023 15:01:43 GMT'
[2023-01-24T12:01:45.589-0300] {data_factory.py:172} INFO - Waiting for pipeline run 02762aa2-9bf8-11ed-a50b-05e3ce77118f to terminate.
[2023-01-24T12:01:45.589-0300] {data_factory.py:768} INFO - Getting the status of run ID 02762aa2-9bf8-11ed-a50b-05e3ce77118f.
[2023-01-24T12:01:46.087-0300] {base.py:73} INFO - Using connection ID 'adf' for task execution.
[2023-01-24T12:01:46.594-0300] {base.py:73} INFO - Using connection ID 'adf' for task execution.
[2023-01-24T12:01:46.596-0300] {_universal.py:526} INFO - Request URL: 'https://management.azure.com/subscriptions/5e5642ec-dd71-4e9a-a29e-58effbf39209/resourceGroups/rg-mdw-hml-fb/providers/Microsoft.DataFactory/factories/adf-mdw-hml-fb/pipelineruns/02762aa2-9bf8-11ed-a50b-05e3ce77118f?api-version=REDACTED'
Request method: 'GET'
Request headers:
    'Accept': 'application/json'
    'x-ms-client-request-id': '05914fa0-9bf8-11ed-a50b-05e3ce77118f'
    'User-Agent': 'azsdk-python-mgmt-datafactory/1.1.0 Python/3.10.6 (Linux-5.15.0-58-generic-x86_64-with-glibc2.35)'
    'Authorization': 'REDACTED'
No body was attached to the request
[2023-01-24T12:01:46.711-0300] {_universal.py:554} INFO - Response status: 200
Response headers:
    'Cache-Control': 'no-cache'
    'Pragma': 'no-cache'
    'Transfer-Encoding': 'chunked'
    'Content-Type': 'application/json; charset=utf-8'
    'Content-Encoding': 'REDACTED'
    'Expires': '-1'
    'Vary': 'REDACTED'
    'x-ms-correlation-request-id': 'REDACTED'
    'Server': 'Kestrel'
    'x-ms-ratelimit-remaining-subscription-reads': 'REDACTED'
    'x-ms-request-id': '9e40f127-fefd-452c-9764-911378943912'
    'x-ms-routing-request-id': 'REDACTED'
    'Strict-Transport-Security': 'REDACTED'
    'X-Content-Type-Options': 'REDACTED'
    'Date': 'Tue, 24 Jan 2023 15:01:46 GMT'
[2023-01-24T12:01:46.718-0300] {data_factory.py:774} INFO - Current status of pipeline run 02762aa2-9bf8-11ed-a50b-05e3ce77118f: InProgress
[2023-01-24T12:02:46.776-0300] {data_factory.py:768} INFO - Getting the status of run ID 02762aa2-9bf8-11ed-a50b-05e3ce77118f.
[2023-01-24T12:02:47.271-0300] {base.py:73} INFO - Using connection ID 'adf' for task execution.
[2023-01-24T12:02:47.768-0300] {base.py:73} INFO - Using connection ID 'adf' for task execution.
[2023-01-24T12:02:47.780-0300] {_universal.py:526} INFO - Request URL: 'https://management.azure.com/subscriptions/5e5642ec-dd71-4e9a-a29e-58effbf39209/resourceGroups/rg-mdw-hml-fb/providers/Microsoft.DataFactory/factories/adf-mdw-hml-fb/pipelineruns/02762aa2-9bf8-11ed-a50b-05e3ce77118f?api-version=REDACTED'
Request method: 'GET'
Request headers:
    'Accept': 'application/json'
    'x-ms-client-request-id': '2a094234-9bf8-11ed-a50b-05e3ce77118f'
    'User-Agent': 'azsdk-python-mgmt-datafactory/1.1.0 Python/3.10.6 (Linux-5.15.0-58-generic-x86_64-with-glibc2.35)'
    'Authorization': 'REDACTED'
No body was attached to the request
[2023-01-24T12:02:47.891-0300] {_universal.py:554} INFO - Response status: 200
Response headers:
    'Cache-Control': 'no-cache'
    'Pragma': 'no-cache'
    'Transfer-Encoding': 'chunked'
    'Content-Type': 'application/json; charset=utf-8'
    'Content-Encoding': 'REDACTED'
    'Expires': '-1'
    'Vary': 'REDACTED'
    'x-ms-correlation-request-id': 'REDACTED'
    'Server': 'Kestrel'
    'x-ms-ratelimit-remaining-subscription-reads': 'REDACTED'
    'x-ms-request-id': '7d1a35bc-4882-4983-8fe8-7273d1b693fd'
    'x-ms-routing-request-id': 'REDACTED'
    'Strict-Transport-Security': 'REDACTED'
    'X-Content-Type-Options': 'REDACTED'
    'Date': 'Tue, 24 Jan 2023 15:02:47 GMT'
[2023-01-24T12:02:47.892-0300] {data_factory.py:774} INFO - Current status of pipeline run 02762aa2-9bf8-11ed-a50b-05e3ce77118f: Succeeded
[2023-01-24T12:02:47.893-0300] {data_factory.py:182} INFO - Pipeline run 02762aa2-9bf8-11ed-a50b-05e3ce77118f has completed successfully.
[2023-01-24T12:02:47.896-0300] {logging_mixin.py:137} WARNING - /home/airflow/.local/lib/python3.10/site-packages/airflow/models/baseoperator.py:1393 RemovedInAirflow3Warning: Passing 'execution_date' to 'TaskInstance.xcom_push()' is deprecated.
[2023-01-24T12:02:49.068-0300] {taskinstance.py:1322} INFO - Marking task as SUCCESS. dag_id=raw_opt_t_statusconta, task_id=run_adf_pipeline, execution_date=20230123T150000, start_date=20230124T150132, end_date=20230124T150249
[2023-01-24T12:02:50.155-0300] {local_task_job.py:159} INFO - Task exited with return code 0
[2023-01-24T12:02:50.743-0300] {taskinstance.py:2582} INFO - 0 downstream tasks scheduled from follow-on schedule check
