[2023-01-24T15:21:37.080-0300] {taskinstance.py:1087} INFO - Dependencies all met for <TaskInstance: raw_opt_t_fatura.waiting_dock_opt manual__2023-01-24T18:21:25.582918+00:00 [queued]>
[2023-01-24T15:21:37.473-0300] {taskinstance.py:1087} INFO - Dependencies all met for <TaskInstance: raw_opt_t_fatura.waiting_dock_opt manual__2023-01-24T18:21:25.582918+00:00 [queued]>
[2023-01-24T15:21:37.474-0300] {taskinstance.py:1283} INFO - 
--------------------------------------------------------------------------------
[2023-01-24T15:21:37.474-0300] {taskinstance.py:1284} INFO - Starting attempt 1 of 1
[2023-01-24T15:21:37.474-0300] {taskinstance.py:1285} INFO - 
--------------------------------------------------------------------------------
[2023-01-24T15:21:38.078-0300] {taskinstance.py:1304} INFO - Executing <Task(SqlSensor): waiting_dock_opt> on 2023-01-24 18:21:25.582918+00:00
[2023-01-24T15:21:38.085-0300] {standard_task_runner.py:55} INFO - Started process 1464276 to run task
[2023-01-24T15:21:38.089-0300] {standard_task_runner.py:82} INFO - Running: ['airflow', 'tasks', 'run', 'raw_opt_t_fatura', 'waiting_dock_opt', 'manual__2023-01-24T18:21:25.582918+00:00', '--job-id', '1328', '--raw', '--subdir', 'DAGS_FOLDER/raw/dock_opt/raw_opt_t_fatura.py', '--cfg-path', '/tmp/tmpv8byto3e']
[2023-01-24T15:21:38.093-0300] {standard_task_runner.py:83} INFO - Job 1328: Subtask waiting_dock_opt
[2023-01-24T15:21:41.481-0300] {task_command.py:389} INFO - Running <TaskInstance: raw_opt_t_fatura.waiting_dock_opt manual__2023-01-24T18:21:25.582918+00:00 [running]> on host vm-airflow-01
[2023-01-24T15:21:44.378-0300] {taskinstance.py:1511} INFO - Exporting the following env vars:
AIRFLOW_CTX_DAG_OWNER=matheus.rodrigues@fortbrasil.com.br
AIRFLOW_CTX_DAG_ID=raw_opt_t_fatura
AIRFLOW_CTX_TASK_ID=waiting_dock_opt
AIRFLOW_CTX_EXECUTION_DATE=2023-01-24T18:21:25.582918+00:00
AIRFLOW_CTX_TRY_NUMBER=1
AIRFLOW_CTX_DAG_RUN_ID=manual__2023-01-24T18:21:25.582918+00:00
[2023-01-24T15:21:45.571-0300] {base.py:73} INFO - Using connection ID 'dock_opt' for task execution.
[2023-01-24T15:21:45.771-0300] {sql.py:91} INFO - Poking: select count(1) from t_control where name = 't_fatura' and convert(date, dt_start) = convert(date, getdate()) and dt_finish is not null (with parameters None)
[2023-01-24T15:21:46.323-0300] {base.py:73} INFO - Using connection ID 'dock_opt' for task execution.
[2023-01-24T15:21:46.767-0300] {sql.py:365} INFO - Running statement: select count(1) from t_control where name = 't_fatura' and convert(date, dt_start) = convert(date, getdate()) and dt_finish is not null, parameters: None
[2023-01-24T15:21:46.954-0300] {base.py:228} INFO - Success criteria met. Exiting.
[2023-01-24T15:21:47.946-0300] {taskinstance.py:1322} INFO - Marking task as SUCCESS. dag_id=raw_opt_t_fatura, task_id=waiting_dock_opt, execution_date=20230124T182125, start_date=20230124T182137, end_date=20230124T182147
[2023-01-24T15:21:48.510-0300] {local_task_job.py:159} INFO - Task exited with return code 0
[2023-01-24T15:21:49.429-0300] {taskinstance.py:2582} INFO - 1 downstream tasks scheduled from follow-on schedule check
