[2023-01-23T14:59:03.952-0300] {taskinstance.py:1087} INFO - Dependencies all met for <TaskInstance: raw_opt_t_parcelaaberta.run_adf_pipeline scheduled__2023-01-22T15:00:00+00:00 [queued]>
[2023-01-23T14:59:04.329-0300] {taskinstance.py:1087} INFO - Dependencies all met for <TaskInstance: raw_opt_t_parcelaaberta.run_adf_pipeline scheduled__2023-01-22T15:00:00+00:00 [queued]>
[2023-01-23T14:59:04.329-0300] {taskinstance.py:1283} INFO - 
--------------------------------------------------------------------------------
[2023-01-23T14:59:04.329-0300] {taskinstance.py:1284} INFO - Starting attempt 1 of 1
[2023-01-23T14:59:04.330-0300] {taskinstance.py:1285} INFO - 
--------------------------------------------------------------------------------
[2023-01-23T14:59:04.911-0300] {taskinstance.py:1304} INFO - Executing <Task(AzureDataFactoryRunPipelineOperator): run_adf_pipeline> on 2023-01-22 15:00:00+00:00
[2023-01-23T14:59:04.918-0300] {standard_task_runner.py:55} INFO - Started process 1143283 to run task
[2023-01-23T14:59:04.926-0300] {standard_task_runner.py:82} INFO - Running: ['airflow', 'tasks', 'run', 'raw_opt_t_parcelaaberta', 'run_adf_pipeline', 'scheduled__2023-01-22T15:00:00+00:00', '--job-id', '1250', '--raw', '--subdir', 'DAGS_FOLDER/raw/dock_opt/raw_opt_t_parcelaaberta.py', '--cfg-path', '/tmp/tmprej3slxi']
[2023-01-23T14:59:04.931-0300] {standard_task_runner.py:83} INFO - Job 1250: Subtask run_adf_pipeline
[2023-01-23T14:59:08.147-0300] {task_command.py:389} INFO - Running <TaskInstance: raw_opt_t_parcelaaberta.run_adf_pipeline scheduled__2023-01-22T15:00:00+00:00 [running]> on host vm-airflow-01
[2023-01-23T14:59:11.027-0300] {taskinstance.py:1511} INFO - Exporting the following env vars:
AIRFLOW_CTX_DAG_OWNER=matheus.rodrigues@fortbrasil.com.br
AIRFLOW_CTX_DAG_ID=raw_opt_t_parcelaaberta
AIRFLOW_CTX_TASK_ID=run_adf_pipeline
AIRFLOW_CTX_EXECUTION_DATE=2023-01-22T15:00:00+00:00
AIRFLOW_CTX_TRY_NUMBER=1
AIRFLOW_CTX_DAG_RUN_ID=scheduled__2023-01-22T15:00:00+00:00
[2023-01-23T14:59:11.028-0300] {data_factory.py:154} INFO - Executing the cp_opt_to_datalake pipeline.
[2023-01-23T14:59:11.535-0300] {base.py:73} INFO - Using connection ID 'adf' for task execution.
[2023-01-23T14:59:12.044-0300] {base.py:73} INFO - Using connection ID 'adf' for task execution.
[2023-01-23T14:59:12.551-0300] {base.py:73} INFO - Using connection ID 'adf' for task execution.
[2023-01-23T14:59:12.560-0300] {_universal.py:526} INFO - Request URL: 'https://login.microsoftonline.com:443/d47e09d1-17c6-4a6f-b65c-d49d61e186a2/v2.0/.well-known/openid-configuration'
Request method: 'GET'
Request headers:
    'User-Agent': 'azsdk-python-identity/1.12.0 Python/3.10.6 (Linux-5.15.0-58-generic-x86_64-with-glibc2.35)'
No body was attached to the request
[2023-01-23T14:59:13.021-0300] {_universal.py:554} INFO - Response status: 200
Response headers:
    'Cache-Control': 'max-age=86400, private'
    'Content-Type': 'application/json; charset=utf-8'
    'Strict-Transport-Security': 'REDACTED'
    'X-Content-Type-Options': 'REDACTED'
    'Access-Control-Allow-Origin': 'REDACTED'
    'Access-Control-Allow-Methods': 'REDACTED'
    'P3P': 'REDACTED'
    'x-ms-request-id': 'da14a8b0-b981-4ef2-9dfd-317a474e3e00'
    'x-ms-ests-server': 'REDACTED'
    'X-XSS-Protection': 'REDACTED'
    'Set-Cookie': 'REDACTED'
    'Date': 'Mon, 23 Jan 2023 17:59:12 GMT'
    'Content-Length': '1753'
[2023-01-23T14:59:13.023-0300] {_universal.py:526} INFO - Request URL: 'https://login.microsoftonline.com/common/discovery/instance?api-version=REDACTED&authorization_endpoint=REDACTED'
Request method: 'GET'
Request headers:
    'Accept': 'application/json'
    'User-Agent': 'azsdk-python-identity/1.12.0 Python/3.10.6 (Linux-5.15.0-58-generic-x86_64-with-glibc2.35)'
No body was attached to the request
[2023-01-23T14:59:13.218-0300] {_universal.py:554} INFO - Response status: 200
Response headers:
    'Cache-Control': 'max-age=86400, private'
    'Content-Type': 'application/json; charset=utf-8'
    'Strict-Transport-Security': 'REDACTED'
    'X-Content-Type-Options': 'REDACTED'
    'Access-Control-Allow-Origin': 'REDACTED'
    'Access-Control-Allow-Methods': 'REDACTED'
    'P3P': 'REDACTED'
    'x-ms-request-id': '26bcf604-8533-4095-b72d-761c3d9f4700'
    'x-ms-ests-server': 'REDACTED'
    'X-XSS-Protection': 'REDACTED'
    'Set-Cookie': 'REDACTED'
    'Date': 'Mon, 23 Jan 2023 17:59:13 GMT'
    'Content-Length': '945'
[2023-01-23T14:59:13.219-0300] {_universal.py:523} INFO - Request URL: 'https://login.microsoftonline.com/d47e09d1-17c6-4a6f-b65c-d49d61e186a2/oauth2/v2.0/token'
Request method: 'POST'
Request headers:
    'Accept': 'application/json'
    'x-client-sku': 'REDACTED'
    'x-client-ver': 'REDACTED'
    'x-client-os': 'REDACTED'
    'x-client-cpu': 'REDACTED'
    'x-ms-lib-capability': 'REDACTED'
    'client-request-id': 'REDACTED'
    'x-client-current-telemetry': 'REDACTED'
    'x-client-last-telemetry': 'REDACTED'
    'User-Agent': 'azsdk-python-identity/1.12.0 Python/3.10.6 (Linux-5.15.0-58-generic-x86_64-with-glibc2.35)'
A body is sent with the request
[2023-01-23T14:59:13.519-0300] {_universal.py:554} INFO - Response status: 200
Response headers:
    'Cache-Control': 'no-store, no-cache'
    'Pragma': 'no-cache'
    'Content-Type': 'application/json; charset=utf-8'
    'Expires': '-1'
    'Strict-Transport-Security': 'REDACTED'
    'X-Content-Type-Options': 'REDACTED'
    'P3P': 'REDACTED'
    'client-request-id': 'REDACTED'
    'x-ms-request-id': '4f70b22d-807c-4250-a3e6-415a0a693700'
    'x-ms-ests-server': 'REDACTED'
    'x-ms-clitelem': 'REDACTED'
    'X-XSS-Protection': 'REDACTED'
    'Set-Cookie': 'REDACTED'
    'Date': 'Mon, 23 Jan 2023 17:59:13 GMT'
    'Content-Length': '1391'
[2023-01-23T14:59:13.520-0300] {get_token_mixin.py:77} INFO - ClientSecretCredential.get_token succeeded
[2023-01-23T14:59:13.520-0300] {_universal.py:523} INFO - Request URL: 'https://management.azure.com/subscriptions/5e5642ec-dd71-4e9a-a29e-58effbf39209/resourceGroups/rg-mdw-hml-fb/providers/Microsoft.DataFactory/factories/adf-mdw-hml-fb/pipelines/cp_opt_to_datalake/createRun?api-version=REDACTED'
Request method: 'POST'
Request headers:
    'Content-Type': 'application/json'
    'Accept': 'application/json'
    'Content-Length': '135'
    'x-ms-client-request-id': 'a4a4c088-9b47-11ed-a50b-05e3ce77118f'
    'User-Agent': 'azsdk-python-mgmt-datafactory/1.1.0 Python/3.10.6 (Linux-5.15.0-58-generic-x86_64-with-glibc2.35)'
    'Authorization': 'REDACTED'
A body is sent with the request
[2023-01-23T14:59:16.201-0300] {_universal.py:554} INFO - Response status: 200
Response headers:
    'Cache-Control': 'no-cache'
    'Pragma': 'no-cache'
    'Transfer-Encoding': 'chunked'
    'Content-Type': 'application/json; charset=utf-8'
    'Content-Encoding': 'REDACTED'
    'Expires': '-1'
    'Vary': 'REDACTED'
    'x-ms-correlation-request-id': 'REDACTED'
    'Server': 'Kestrel'
    'x-ms-ratelimit-remaining-subscription-writes': 'REDACTED'
    'x-ms-request-id': 'ac87da9b-1723-40ce-9d55-6977af5255d7'
    'x-ms-routing-request-id': 'REDACTED'
    'Strict-Transport-Security': 'REDACTED'
    'X-Content-Type-Options': 'REDACTED'
    'Date': 'Mon, 23 Jan 2023 17:59:15 GMT'
[2023-01-23T14:59:16.906-0300] {data_factory.py:172} INFO - Waiting for pipeline run a4a4c088-9b47-11ed-a50b-05e3ce77118f to terminate.
[2023-01-23T14:59:16.907-0300] {data_factory.py:768} INFO - Getting the status of run ID a4a4c088-9b47-11ed-a50b-05e3ce77118f.
[2023-01-23T14:59:17.407-0300] {base.py:73} INFO - Using connection ID 'adf' for task execution.
[2023-01-23T14:59:17.911-0300] {base.py:73} INFO - Using connection ID 'adf' for task execution.
[2023-01-23T14:59:17.913-0300] {_universal.py:526} INFO - Request URL: 'https://management.azure.com/subscriptions/5e5642ec-dd71-4e9a-a29e-58effbf39209/resourceGroups/rg-mdw-hml-fb/providers/Microsoft.DataFactory/factories/adf-mdw-hml-fb/pipelineruns/a4a4c088-9b47-11ed-a50b-05e3ce77118f?api-version=REDACTED'
Request method: 'GET'
Request headers:
    'Accept': 'application/json'
    'x-ms-client-request-id': 'a7d5a682-9b47-11ed-a50b-05e3ce77118f'
    'User-Agent': 'azsdk-python-mgmt-datafactory/1.1.0 Python/3.10.6 (Linux-5.15.0-58-generic-x86_64-with-glibc2.35)'
    'Authorization': 'REDACTED'
No body was attached to the request
[2023-01-23T14:59:18.104-0300] {_universal.py:554} INFO - Response status: 200
Response headers:
    'Cache-Control': 'no-cache'
    'Pragma': 'no-cache'
    'Transfer-Encoding': 'chunked'
    'Content-Type': 'application/json; charset=utf-8'
    'Content-Encoding': 'REDACTED'
    'Expires': '-1'
    'Vary': 'REDACTED'
    'x-ms-correlation-request-id': 'REDACTED'
    'Server': 'Kestrel'
    'x-ms-ratelimit-remaining-subscription-reads': 'REDACTED'
    'x-ms-request-id': '31a335da-4073-46e7-9ebf-c802c95cd3be'
    'x-ms-routing-request-id': 'REDACTED'
    'Strict-Transport-Security': 'REDACTED'
    'X-Content-Type-Options': 'REDACTED'
    'Date': 'Mon, 23 Jan 2023 17:59:17 GMT'
[2023-01-23T14:59:18.111-0300] {data_factory.py:774} INFO - Current status of pipeline run a4a4c088-9b47-11ed-a50b-05e3ce77118f: InProgress
[2023-01-23T15:00:18.120-0300] {data_factory.py:768} INFO - Getting the status of run ID a4a4c088-9b47-11ed-a50b-05e3ce77118f.
[2023-01-23T15:00:18.625-0300] {base.py:73} INFO - Using connection ID 'adf' for task execution.
[2023-01-23T15:00:19.133-0300] {base.py:73} INFO - Using connection ID 'adf' for task execution.
[2023-01-23T15:00:19.135-0300] {_universal.py:526} INFO - Request URL: 'https://management.azure.com/subscriptions/5e5642ec-dd71-4e9a-a29e-58effbf39209/resourceGroups/rg-mdw-hml-fb/providers/Microsoft.DataFactory/factories/adf-mdw-hml-fb/pipelineruns/a4a4c088-9b47-11ed-a50b-05e3ce77118f?api-version=REDACTED'
Request method: 'GET'
Request headers:
    'Accept': 'application/json'
    'x-ms-client-request-id': 'cc535b1c-9b47-11ed-a50b-05e3ce77118f'
    'User-Agent': 'azsdk-python-mgmt-datafactory/1.1.0 Python/3.10.6 (Linux-5.15.0-58-generic-x86_64-with-glibc2.35)'
    'Authorization': 'REDACTED'
No body was attached to the request
[2023-01-23T15:00:19.304-0300] {_universal.py:554} INFO - Response status: 200
Response headers:
    'Cache-Control': 'no-cache'
    'Pragma': 'no-cache'
    'Transfer-Encoding': 'chunked'
    'Content-Type': 'application/json; charset=utf-8'
    'Content-Encoding': 'REDACTED'
    'Expires': '-1'
    'Vary': 'REDACTED'
    'x-ms-correlation-request-id': 'REDACTED'
    'Server': 'Kestrel'
    'x-ms-ratelimit-remaining-subscription-reads': 'REDACTED'
    'x-ms-request-id': '7ad391b6-a2f4-4e54-bbb4-8eb02e033d80'
    'x-ms-routing-request-id': 'REDACTED'
    'Strict-Transport-Security': 'REDACTED'
    'X-Content-Type-Options': 'REDACTED'
    'Date': 'Mon, 23 Jan 2023 18:00:18 GMT'
[2023-01-23T15:00:19.305-0300] {data_factory.py:774} INFO - Current status of pipeline run a4a4c088-9b47-11ed-a50b-05e3ce77118f: Succeeded
[2023-01-23T15:00:19.305-0300] {data_factory.py:182} INFO - Pipeline run a4a4c088-9b47-11ed-a50b-05e3ce77118f has completed successfully.
[2023-01-23T15:00:19.308-0300] {logging_mixin.py:137} WARNING - /home/airflow/.local/lib/python3.10/site-packages/airflow/models/baseoperator.py:1393 RemovedInAirflow3Warning: Passing 'execution_date' to 'TaskInstance.xcom_push()' is deprecated.
[2023-01-23T15:00:20.462-0300] {taskinstance.py:1322} INFO - Marking task as SUCCESS. dag_id=raw_opt_t_parcelaaberta, task_id=run_adf_pipeline, execution_date=20230122T150000, start_date=20230123T175903, end_date=20230123T180020
[2023-01-23T15:00:21.545-0300] {local_task_job.py:159} INFO - Task exited with return code 0
[2023-01-23T15:00:22.102-0300] {taskinstance.py:2582} INFO - 0 downstream tasks scheduled from follow-on schedule check
