[2023-01-23T11:48:24.361-0300] {taskinstance.py:1087} INFO - Dependencies all met for <TaskInstance: raw_opt_t_fatura.waiting_dock_opt manual__2023-01-23T14:48:15.247764+00:00 [queued]>
[2023-01-23T11:48:24.735-0300] {taskinstance.py:1087} INFO - Dependencies all met for <TaskInstance: raw_opt_t_fatura.waiting_dock_opt manual__2023-01-23T14:48:15.247764+00:00 [queued]>
[2023-01-23T11:48:24.740-0300] {taskinstance.py:1283} INFO - 
--------------------------------------------------------------------------------
[2023-01-23T11:48:24.740-0300] {taskinstance.py:1284} INFO - Starting attempt 1 of 1
[2023-01-23T11:48:24.740-0300] {taskinstance.py:1285} INFO - 
--------------------------------------------------------------------------------
[2023-01-23T11:48:25.383-0300] {taskinstance.py:1304} INFO - Executing <Task(SqlSensor): waiting_dock_opt> on 2023-01-23 14:48:15.247764+00:00
[2023-01-23T11:48:25.389-0300] {standard_task_runner.py:55} INFO - Started process 1106541 to run task
[2023-01-23T11:48:25.393-0300] {standard_task_runner.py:82} INFO - Running: ['airflow', 'tasks', 'run', 'raw_opt_t_fatura', 'waiting_dock_opt', 'manual__2023-01-23T14:48:15.247764+00:00', '--job-id', '1175', '--raw', '--subdir', 'DAGS_FOLDER/raw/dock_opt/raw_opt_t_fatura.py', '--cfg-path', '/tmp/tmpg0igiun7']
[2023-01-23T11:48:25.396-0300] {standard_task_runner.py:83} INFO - Job 1175: Subtask waiting_dock_opt
[2023-01-23T11:48:28.452-0300] {task_command.py:389} INFO - Running <TaskInstance: raw_opt_t_fatura.waiting_dock_opt manual__2023-01-23T14:48:15.247764+00:00 [running]> on host vm-airflow-01
[2023-01-23T11:48:30.847-0300] {taskinstance.py:1511} INFO - Exporting the following env vars:
AIRFLOW_CTX_DAG_OWNER=matheus.rodrigues@fortbrasil.com.br
AIRFLOW_CTX_DAG_ID=raw_opt_t_fatura
AIRFLOW_CTX_TASK_ID=waiting_dock_opt
AIRFLOW_CTX_EXECUTION_DATE=2023-01-23T14:48:15.247764+00:00
AIRFLOW_CTX_TRY_NUMBER=1
AIRFLOW_CTX_DAG_RUN_ID=manual__2023-01-23T14:48:15.247764+00:00
[2023-01-23T11:48:31.887-0300] {base.py:73} INFO - Using connection ID 'dock_opt' for task execution.
[2023-01-23T11:48:32.080-0300] {sql.py:91} INFO - Poking: select count(1) from t_control where name = 't_fatura' and convert(date, dt_start) = convert(date, getdate()) and dt_finish is not null (with parameters None)
[2023-01-23T11:48:32.642-0300] {base.py:73} INFO - Using connection ID 'dock_opt' for task execution.
[2023-01-23T11:48:33.086-0300] {sql.py:365} INFO - Running statement: select count(1) from t_control where name = 't_fatura' and convert(date, dt_start) = convert(date, getdate()) and dt_finish is not null, parameters: None
[2023-01-23T11:48:33.274-0300] {base.py:228} INFO - Success criteria met. Exiting.
[2023-01-23T11:48:33.766-0300] {taskinstance.py:1322} INFO - Marking task as SUCCESS. dag_id=raw_opt_t_fatura, task_id=waiting_dock_opt, execution_date=20230123T144815, start_date=20230123T144824, end_date=20230123T144833
[2023-01-23T11:48:34.303-0300] {local_task_job.py:159} INFO - Task exited with return code 0
[2023-01-23T11:48:35.199-0300] {taskinstance.py:2582} INFO - 1 downstream tasks scheduled from follow-on schedule check
