[2023-01-22T12:03:30.164-0300] {taskinstance.py:1087} INFO - Dependencies all met for <TaskInstance: bronze_opt_t_conta.run_databricks_notebook dataset_triggered__2023-01-22T15:03:12.361745+00:00 [queued]>
[2023-01-22T12:03:30.540-0300] {taskinstance.py:1087} INFO - Dependencies all met for <TaskInstance: bronze_opt_t_conta.run_databricks_notebook dataset_triggered__2023-01-22T15:03:12.361745+00:00 [queued]>
[2023-01-22T12:03:30.540-0300] {taskinstance.py:1283} INFO - 
--------------------------------------------------------------------------------
[2023-01-22T12:03:30.541-0300] {taskinstance.py:1284} INFO - Starting attempt 1 of 1
[2023-01-22T12:03:30.541-0300] {taskinstance.py:1285} INFO - 
--------------------------------------------------------------------------------
[2023-01-22T12:03:31.052-0300] {taskinstance.py:1304} INFO - Executing <Task(DatabricksSubmitRunOperator): run_databricks_notebook> on 2023-01-22 15:03:12.361745+00:00
[2023-01-22T12:03:31.057-0300] {standard_task_runner.py:55} INFO - Started process 876404 to run task
[2023-01-22T12:03:31.061-0300] {standard_task_runner.py:82} INFO - Running: ['airflow', 'tasks', 'run', 'bronze_opt_t_conta', 'run_databricks_notebook', 'dataset_triggered__2023-01-22T15:03:12.361745+00:00', '--job-id', '1164', '--raw', '--subdir', 'DAGS_FOLDER/bronze/dock_opt/bronze_opt_t_conta.py', '--cfg-path', '/tmp/tmpym4y1yhy']
[2023-01-22T12:03:31.067-0300] {standard_task_runner.py:83} INFO - Job 1164: Subtask run_databricks_notebook
[2023-01-22T12:03:35.084-0300] {task_command.py:389} INFO - Running <TaskInstance: bronze_opt_t_conta.run_databricks_notebook dataset_triggered__2023-01-22T15:03:12.361745+00:00 [running]> on host vm-airflow-01
[2023-01-22T12:03:37.493-0300] {taskinstance.py:1511} INFO - Exporting the following env vars:
AIRFLOW_CTX_DAG_OWNER=matheus.rodrigues@fortbrasil.com.br
AIRFLOW_CTX_DAG_ID=bronze_opt_t_conta
AIRFLOW_CTX_TASK_ID=run_databricks_notebook
AIRFLOW_CTX_EXECUTION_DATE=2023-01-22T15:03:12.361745+00:00
AIRFLOW_CTX_TRY_NUMBER=1
AIRFLOW_CTX_DAG_RUN_ID=dataset_triggered__2023-01-22T15:03:12.361745+00:00
[2023-01-22T12:03:38.000-0300] {base.py:73} INFO - Using connection ID 'adb' for task execution.
[2023-01-22T12:03:38.204-0300] {databricks_base.py:424} INFO - Using token auth. For security reasons, please set token in Password field instead of extra
[2023-01-22T12:03:39.483-0300] {databricks.py:50} INFO - Run submitted with run_id: 70590
[2023-01-22T12:03:39.484-0300] {databricks_base.py:424} INFO - Using token auth. For security reasons, please set token in Password field instead of extra
[2023-01-22T12:03:40.491-0300] {databricks_base.py:424} INFO - Using token auth. For security reasons, please set token in Password field instead of extra
[2023-01-22T12:03:40.801-0300] {databricks.py:91} INFO - run_databricks_notebook in run state: {'life_cycle_state': 'PENDING', 'result_state': '', 'state_message': ''}
[2023-01-22T12:03:40.801-0300] {databricks.py:92} INFO - View run status, Spark UI, and logs at https://adb-1362567168960874.14.azuredatabricks.net/?o=1362567168960874#job/888326016468094/run/70590
[2023-01-22T12:03:40.801-0300] {databricks.py:93} INFO - Sleeping for 30 seconds.
[2023-01-22T12:04:10.824-0300] {databricks_base.py:424} INFO - Using token auth. For security reasons, please set token in Password field instead of extra
[2023-01-22T12:04:11.099-0300] {databricks.py:91} INFO - run_databricks_notebook in run state: {'life_cycle_state': 'PENDING', 'result_state': '', 'state_message': ''}
[2023-01-22T12:04:11.099-0300] {databricks.py:92} INFO - View run status, Spark UI, and logs at https://adb-1362567168960874.14.azuredatabricks.net/?o=1362567168960874#job/888326016468094/run/70590
[2023-01-22T12:04:11.099-0300] {databricks.py:93} INFO - Sleeping for 30 seconds.
[2023-01-22T12:04:41.130-0300] {databricks_base.py:424} INFO - Using token auth. For security reasons, please set token in Password field instead of extra
[2023-01-22T12:04:41.468-0300] {databricks.py:91} INFO - run_databricks_notebook in run state: {'life_cycle_state': 'PENDING', 'result_state': '', 'state_message': ''}
[2023-01-22T12:04:41.468-0300] {databricks.py:92} INFO - View run status, Spark UI, and logs at https://adb-1362567168960874.14.azuredatabricks.net/?o=1362567168960874#job/888326016468094/run/70590
[2023-01-22T12:04:41.469-0300] {databricks.py:93} INFO - Sleeping for 30 seconds.
[2023-01-22T12:05:11.480-0300] {databricks_base.py:424} INFO - Using token auth. For security reasons, please set token in Password field instead of extra
[2023-01-22T12:05:11.790-0300] {databricks.py:91} INFO - run_databricks_notebook in run state: {'life_cycle_state': 'PENDING', 'result_state': '', 'state_message': ''}
[2023-01-22T12:05:11.790-0300] {databricks.py:92} INFO - View run status, Spark UI, and logs at https://adb-1362567168960874.14.azuredatabricks.net/?o=1362567168960874#job/888326016468094/run/70590
[2023-01-22T12:05:11.790-0300] {databricks.py:93} INFO - Sleeping for 30 seconds.
[2023-01-22T12:05:41.814-0300] {databricks_base.py:424} INFO - Using token auth. For security reasons, please set token in Password field instead of extra
[2023-01-22T12:05:42.152-0300] {databricks.py:91} INFO - run_databricks_notebook in run state: {'life_cycle_state': 'PENDING', 'result_state': '', 'state_message': ''}
[2023-01-22T12:05:42.152-0300] {databricks.py:92} INFO - View run status, Spark UI, and logs at https://adb-1362567168960874.14.azuredatabricks.net/?o=1362567168960874#job/888326016468094/run/70590
[2023-01-22T12:05:42.152-0300] {databricks.py:93} INFO - Sleeping for 30 seconds.
[2023-01-22T12:06:12.183-0300] {databricks_base.py:424} INFO - Using token auth. For security reasons, please set token in Password field instead of extra
[2023-01-22T12:06:12.467-0300] {databricks.py:91} INFO - run_databricks_notebook in run state: {'life_cycle_state': 'PENDING', 'result_state': '', 'state_message': ''}
[2023-01-22T12:06:12.467-0300] {databricks.py:92} INFO - View run status, Spark UI, and logs at https://adb-1362567168960874.14.azuredatabricks.net/?o=1362567168960874#job/888326016468094/run/70590
[2023-01-22T12:06:12.467-0300] {databricks.py:93} INFO - Sleeping for 30 seconds.
[2023-01-22T12:06:42.492-0300] {databricks_base.py:424} INFO - Using token auth. For security reasons, please set token in Password field instead of extra
[2023-01-22T12:06:42.815-0300] {databricks.py:91} INFO - run_databricks_notebook in run state: {'life_cycle_state': 'PENDING', 'result_state': '', 'state_message': ''}
[2023-01-22T12:06:42.815-0300] {databricks.py:92} INFO - View run status, Spark UI, and logs at https://adb-1362567168960874.14.azuredatabricks.net/?o=1362567168960874#job/888326016468094/run/70590
[2023-01-22T12:06:42.815-0300] {databricks.py:93} INFO - Sleeping for 30 seconds.
[2023-01-22T12:07:12.836-0300] {databricks_base.py:424} INFO - Using token auth. For security reasons, please set token in Password field instead of extra
[2023-01-22T12:07:13.140-0300] {databricks.py:91} INFO - run_databricks_notebook in run state: {'life_cycle_state': 'PENDING', 'result_state': '', 'state_message': ''}
[2023-01-22T12:07:13.140-0300] {databricks.py:92} INFO - View run status, Spark UI, and logs at https://adb-1362567168960874.14.azuredatabricks.net/?o=1362567168960874#job/888326016468094/run/70590
[2023-01-22T12:07:13.140-0300] {databricks.py:93} INFO - Sleeping for 30 seconds.
[2023-01-22T12:07:43.152-0300] {databricks_base.py:424} INFO - Using token auth. For security reasons, please set token in Password field instead of extra
[2023-01-22T12:07:43.451-0300] {databricks.py:91} INFO - run_databricks_notebook in run state: {'life_cycle_state': 'RUNNING', 'result_state': '', 'state_message': 'In run'}
[2023-01-22T12:07:43.451-0300] {databricks.py:92} INFO - View run status, Spark UI, and logs at https://adb-1362567168960874.14.azuredatabricks.net/?o=1362567168960874#job/888326016468094/run/70590
[2023-01-22T12:07:43.452-0300] {databricks.py:93} INFO - Sleeping for 30 seconds.
[2023-01-22T12:08:13.483-0300] {databricks_base.py:424} INFO - Using token auth. For security reasons, please set token in Password field instead of extra
[2023-01-22T12:08:13.778-0300] {databricks.py:91} INFO - run_databricks_notebook in run state: {'life_cycle_state': 'RUNNING', 'result_state': '', 'state_message': 'In run'}
[2023-01-22T12:08:13.778-0300] {databricks.py:92} INFO - View run status, Spark UI, and logs at https://adb-1362567168960874.14.azuredatabricks.net/?o=1362567168960874#job/888326016468094/run/70590
[2023-01-22T12:08:13.778-0300] {databricks.py:93} INFO - Sleeping for 30 seconds.
[2023-01-22T12:08:43.785-0300] {databricks_base.py:424} INFO - Using token auth. For security reasons, please set token in Password field instead of extra
[2023-01-22T12:08:44.049-0300] {databricks.py:91} INFO - run_databricks_notebook in run state: {'life_cycle_state': 'RUNNING', 'result_state': '', 'state_message': 'In run'}
[2023-01-22T12:08:44.049-0300] {databricks.py:92} INFO - View run status, Spark UI, and logs at https://adb-1362567168960874.14.azuredatabricks.net/?o=1362567168960874#job/888326016468094/run/70590
[2023-01-22T12:08:44.049-0300] {databricks.py:93} INFO - Sleeping for 30 seconds.
[2023-01-22T12:09:14.080-0300] {databricks_base.py:424} INFO - Using token auth. For security reasons, please set token in Password field instead of extra
[2023-01-22T12:09:14.417-0300] {databricks.py:91} INFO - run_databricks_notebook in run state: {'life_cycle_state': 'RUNNING', 'result_state': '', 'state_message': 'In run'}
[2023-01-22T12:09:14.418-0300] {databricks.py:92} INFO - View run status, Spark UI, and logs at https://adb-1362567168960874.14.azuredatabricks.net/?o=1362567168960874#job/888326016468094/run/70590
[2023-01-22T12:09:14.418-0300] {databricks.py:93} INFO - Sleeping for 30 seconds.
[2023-01-22T12:09:44.448-0300] {databricks_base.py:424} INFO - Using token auth. For security reasons, please set token in Password field instead of extra
[2023-01-22T12:09:44.717-0300] {databricks.py:91} INFO - run_databricks_notebook in run state: {'life_cycle_state': 'RUNNING', 'result_state': '', 'state_message': 'In run'}
[2023-01-22T12:09:44.718-0300] {databricks.py:92} INFO - View run status, Spark UI, and logs at https://adb-1362567168960874.14.azuredatabricks.net/?o=1362567168960874#job/888326016468094/run/70590
[2023-01-22T12:09:44.718-0300] {databricks.py:93} INFO - Sleeping for 30 seconds.
[2023-01-22T12:10:14.748-0300] {databricks_base.py:424} INFO - Using token auth. For security reasons, please set token in Password field instead of extra
[2023-01-22T12:10:15.030-0300] {databricks.py:61} INFO - run_databricks_notebook completed successfully.
[2023-01-22T12:10:15.031-0300] {databricks.py:62} INFO - View run status, Spark UI, and logs at https://adb-1362567168960874.14.azuredatabricks.net/?o=1362567168960874#job/888326016468094/run/70590
[2023-01-22T12:10:15.040-0300] {logging_mixin.py:137} WARNING - /home/airflow/.local/lib/python3.10/site-packages/airflow/models/baseoperator.py:1393 RemovedInAirflow3Warning: Passing 'execution_date' to 'TaskInstance.xcom_push()' is deprecated.
[2023-01-22T12:10:16.191-0300] {taskinstance.py:1322} INFO - Marking task as SUCCESS. dag_id=bronze_opt_t_conta, task_id=run_databricks_notebook, execution_date=20230122T150312, start_date=20230122T150330, end_date=20230122T151016
[2023-01-22T12:10:17.011-0300] {local_task_job.py:159} INFO - Task exited with return code 0
[2023-01-22T12:10:17.589-0300] {taskinstance.py:2582} INFO - 0 downstream tasks scheduled from follow-on schedule check
