[2023-01-24T12:02:55.234-0300] {taskinstance.py:1087} INFO - Dependencies all met for <TaskInstance: bronze_opt_t_parcelaaberta.run_databricks_notebook dataset_triggered__2023-01-24T15:02:27.349899+00:00 [queued]>
[2023-01-24T12:02:55.667-0300] {taskinstance.py:1087} INFO - Dependencies all met for <TaskInstance: bronze_opt_t_parcelaaberta.run_databricks_notebook dataset_triggered__2023-01-24T15:02:27.349899+00:00 [queued]>
[2023-01-24T12:02:55.668-0300] {taskinstance.py:1283} INFO - 
--------------------------------------------------------------------------------
[2023-01-24T12:02:55.668-0300] {taskinstance.py:1284} INFO - Starting attempt 1 of 1
[2023-01-24T12:02:55.668-0300] {taskinstance.py:1285} INFO - 
--------------------------------------------------------------------------------
[2023-01-24T12:02:56.082-0300] {taskinstance.py:1304} INFO - Executing <Task(DatabricksSubmitRunOperator): run_databricks_notebook> on 2023-01-24 15:02:27.349899+00:00
[2023-01-24T12:02:56.092-0300] {standard_task_runner.py:55} INFO - Started process 1420852 to run task
[2023-01-24T12:02:56.098-0300] {standard_task_runner.py:82} INFO - Running: ['airflow', 'tasks', 'run', 'bronze_opt_t_parcelaaberta', 'run_databricks_notebook', 'dataset_triggered__2023-01-24T15:02:27.349899+00:00', '--job-id', '1305', '--raw', '--subdir', 'DAGS_FOLDER/bronze/dock_opt/bronze_opt_t_parcelaaberta.py', '--cfg-path', '/tmp/tmp0gjfxm7j']
[2023-01-24T12:02:56.106-0300] {standard_task_runner.py:83} INFO - Job 1305: Subtask run_databricks_notebook
[2023-01-24T12:02:59.174-0300] {task_command.py:389} INFO - Running <TaskInstance: bronze_opt_t_parcelaaberta.run_databricks_notebook dataset_triggered__2023-01-24T15:02:27.349899+00:00 [running]> on host vm-airflow-01
[2023-01-24T12:03:01.862-0300] {taskinstance.py:1511} INFO - Exporting the following env vars:
AIRFLOW_CTX_DAG_OWNER=matheus.rodrigues@fortbrasil.com.br
AIRFLOW_CTX_DAG_ID=bronze_opt_t_parcelaaberta
AIRFLOW_CTX_TASK_ID=run_databricks_notebook
AIRFLOW_CTX_EXECUTION_DATE=2023-01-24T15:02:27.349899+00:00
AIRFLOW_CTX_TRY_NUMBER=1
AIRFLOW_CTX_DAG_RUN_ID=dataset_triggered__2023-01-24T15:02:27.349899+00:00
[2023-01-24T12:03:02.364-0300] {base.py:73} INFO - Using connection ID 'adb' for task execution.
[2023-01-24T12:03:02.576-0300] {databricks_base.py:424} INFO - Using token auth. For security reasons, please set token in Password field instead of extra
[2023-01-24T12:03:03.806-0300] {databricks.py:50} INFO - Run submitted with run_id: 87966
[2023-01-24T12:03:03.806-0300] {databricks_base.py:424} INFO - Using token auth. For security reasons, please set token in Password field instead of extra
[2023-01-24T12:03:04.829-0300] {databricks_base.py:424} INFO - Using token auth. For security reasons, please set token in Password field instead of extra
[2023-01-24T12:03:05.139-0300] {databricks.py:91} INFO - run_databricks_notebook in run state: {'life_cycle_state': 'PENDING', 'result_state': '', 'state_message': ''}
[2023-01-24T12:03:05.140-0300] {databricks.py:92} INFO - View run status, Spark UI, and logs at https://adb-1362567168960874.14.azuredatabricks.net/?o=1362567168960874#job/651892005616952/run/87966
[2023-01-24T12:03:05.140-0300] {databricks.py:93} INFO - Sleeping for 30 seconds.
[2023-01-24T12:03:35.171-0300] {databricks_base.py:424} INFO - Using token auth. For security reasons, please set token in Password field instead of extra
[2023-01-24T12:03:35.465-0300] {databricks.py:91} INFO - run_databricks_notebook in run state: {'life_cycle_state': 'PENDING', 'result_state': '', 'state_message': ''}
[2023-01-24T12:03:35.466-0300] {databricks.py:92} INFO - View run status, Spark UI, and logs at https://adb-1362567168960874.14.azuredatabricks.net/?o=1362567168960874#job/651892005616952/run/87966
[2023-01-24T12:03:35.466-0300] {databricks.py:93} INFO - Sleeping for 30 seconds.
[2023-01-24T12:04:05.489-0300] {databricks_base.py:424} INFO - Using token auth. For security reasons, please set token in Password field instead of extra
[2023-01-24T12:04:05.766-0300] {databricks.py:91} INFO - run_databricks_notebook in run state: {'life_cycle_state': 'PENDING', 'result_state': '', 'state_message': ''}
[2023-01-24T12:04:05.767-0300] {databricks.py:92} INFO - View run status, Spark UI, and logs at https://adb-1362567168960874.14.azuredatabricks.net/?o=1362567168960874#job/651892005616952/run/87966
[2023-01-24T12:04:05.767-0300] {databricks.py:93} INFO - Sleeping for 30 seconds.
[2023-01-24T12:04:35.796-0300] {databricks_base.py:424} INFO - Using token auth. For security reasons, please set token in Password field instead of extra
[2023-01-24T12:04:36.111-0300] {databricks.py:91} INFO - run_databricks_notebook in run state: {'life_cycle_state': 'PENDING', 'result_state': '', 'state_message': ''}
[2023-01-24T12:04:36.111-0300] {databricks.py:92} INFO - View run status, Spark UI, and logs at https://adb-1362567168960874.14.azuredatabricks.net/?o=1362567168960874#job/651892005616952/run/87966
[2023-01-24T12:04:36.111-0300] {databricks.py:93} INFO - Sleeping for 30 seconds.
[2023-01-24T12:05:06.138-0300] {databricks_base.py:424} INFO - Using token auth. For security reasons, please set token in Password field instead of extra
[2023-01-24T12:05:06.440-0300] {databricks.py:91} INFO - run_databricks_notebook in run state: {'life_cycle_state': 'PENDING', 'result_state': '', 'state_message': ''}
[2023-01-24T12:05:06.440-0300] {databricks.py:92} INFO - View run status, Spark UI, and logs at https://adb-1362567168960874.14.azuredatabricks.net/?o=1362567168960874#job/651892005616952/run/87966
[2023-01-24T12:05:06.440-0300] {databricks.py:93} INFO - Sleeping for 30 seconds.
[2023-01-24T12:05:36.468-0300] {databricks_base.py:424} INFO - Using token auth. For security reasons, please set token in Password field instead of extra
[2023-01-24T12:05:36.775-0300] {databricks.py:91} INFO - run_databricks_notebook in run state: {'life_cycle_state': 'PENDING', 'result_state': '', 'state_message': ''}
[2023-01-24T12:05:36.775-0300] {databricks.py:92} INFO - View run status, Spark UI, and logs at https://adb-1362567168960874.14.azuredatabricks.net/?o=1362567168960874#job/651892005616952/run/87966
[2023-01-24T12:05:36.776-0300] {databricks.py:93} INFO - Sleeping for 30 seconds.
[2023-01-24T12:06:06.804-0300] {databricks_base.py:424} INFO - Using token auth. For security reasons, please set token in Password field instead of extra
[2023-01-24T12:06:07.070-0300] {databricks.py:91} INFO - run_databricks_notebook in run state: {'life_cycle_state': 'RUNNING', 'result_state': '', 'state_message': 'In run'}
[2023-01-24T12:06:07.070-0300] {databricks.py:92} INFO - View run status, Spark UI, and logs at https://adb-1362567168960874.14.azuredatabricks.net/?o=1362567168960874#job/651892005616952/run/87966
[2023-01-24T12:06:07.070-0300] {databricks.py:93} INFO - Sleeping for 30 seconds.
[2023-01-24T12:06:37.101-0300] {databricks_base.py:424} INFO - Using token auth. For security reasons, please set token in Password field instead of extra
[2023-01-24T12:06:37.390-0300] {databricks.py:91} INFO - run_databricks_notebook in run state: {'life_cycle_state': 'RUNNING', 'result_state': '', 'state_message': 'In run'}
[2023-01-24T12:06:37.390-0300] {databricks.py:92} INFO - View run status, Spark UI, and logs at https://adb-1362567168960874.14.azuredatabricks.net/?o=1362567168960874#job/651892005616952/run/87966
[2023-01-24T12:06:37.391-0300] {databricks.py:93} INFO - Sleeping for 30 seconds.
[2023-01-24T12:07:07.420-0300] {databricks_base.py:424} INFO - Using token auth. For security reasons, please set token in Password field instead of extra
[2023-01-24T12:07:07.711-0300] {databricks.py:91} INFO - run_databricks_notebook in run state: {'life_cycle_state': 'RUNNING', 'result_state': '', 'state_message': 'In run'}
[2023-01-24T12:07:07.712-0300] {databricks.py:92} INFO - View run status, Spark UI, and logs at https://adb-1362567168960874.14.azuredatabricks.net/?o=1362567168960874#job/651892005616952/run/87966
[2023-01-24T12:07:07.712-0300] {databricks.py:93} INFO - Sleeping for 30 seconds.
[2023-01-24T12:07:37.741-0300] {databricks_base.py:424} INFO - Using token auth. For security reasons, please set token in Password field instead of extra
[2023-01-24T12:07:38.026-0300] {databricks.py:91} INFO - run_databricks_notebook in run state: {'life_cycle_state': 'RUNNING', 'result_state': '', 'state_message': 'In run'}
[2023-01-24T12:07:38.026-0300] {databricks.py:92} INFO - View run status, Spark UI, and logs at https://adb-1362567168960874.14.azuredatabricks.net/?o=1362567168960874#job/651892005616952/run/87966
[2023-01-24T12:07:38.026-0300] {databricks.py:93} INFO - Sleeping for 30 seconds.
[2023-01-24T12:08:08.048-0300] {databricks_base.py:424} INFO - Using token auth. For security reasons, please set token in Password field instead of extra
[2023-01-24T12:08:08.324-0300] {databricks.py:91} INFO - run_databricks_notebook in run state: {'life_cycle_state': 'RUNNING', 'result_state': '', 'state_message': 'In run'}
[2023-01-24T12:08:08.325-0300] {databricks.py:92} INFO - View run status, Spark UI, and logs at https://adb-1362567168960874.14.azuredatabricks.net/?o=1362567168960874#job/651892005616952/run/87966
[2023-01-24T12:08:08.325-0300] {databricks.py:93} INFO - Sleeping for 30 seconds.
[2023-01-24T12:08:38.353-0300] {databricks_base.py:424} INFO - Using token auth. For security reasons, please set token in Password field instead of extra
[2023-01-24T12:08:38.630-0300] {databricks.py:61} INFO - run_databricks_notebook completed successfully.
[2023-01-24T12:08:38.630-0300] {databricks.py:62} INFO - View run status, Spark UI, and logs at https://adb-1362567168960874.14.azuredatabricks.net/?o=1362567168960874#job/651892005616952/run/87966
[2023-01-24T12:08:38.638-0300] {logging_mixin.py:137} WARNING - /home/airflow/.local/lib/python3.10/site-packages/airflow/models/baseoperator.py:1393 RemovedInAirflow3Warning: Passing 'execution_date' to 'TaskInstance.xcom_push()' is deprecated.
[2023-01-24T12:08:39.871-0300] {taskinstance.py:1322} INFO - Marking task as SUCCESS. dag_id=bronze_opt_t_parcelaaberta, task_id=run_databricks_notebook, execution_date=20230124T150227, start_date=20230124T150255, end_date=20230124T150839
[2023-01-24T12:08:40.722-0300] {local_task_job.py:159} INFO - Task exited with return code 0
[2023-01-24T12:08:41.287-0300] {taskinstance.py:2582} INFO - 0 downstream tasks scheduled from follow-on schedule check
