[2023-01-23T16:01:39.766-0300] {taskinstance.py:1087} INFO - Dependencies all met for <TaskInstance: raw_opt_t_parametro.run_adf_pipeline scheduled__2023-01-22T15:00:00+00:00 [queued]>
[2023-01-23T16:01:40.144-0300] {taskinstance.py:1087} INFO - Dependencies all met for <TaskInstance: raw_opt_t_parametro.run_adf_pipeline scheduled__2023-01-22T15:00:00+00:00 [queued]>
[2023-01-23T16:01:40.145-0300] {taskinstance.py:1283} INFO - 
--------------------------------------------------------------------------------
[2023-01-23T16:01:40.145-0300] {taskinstance.py:1284} INFO - Starting attempt 1 of 1
[2023-01-23T16:01:40.145-0300] {taskinstance.py:1285} INFO - 
--------------------------------------------------------------------------------
[2023-01-23T16:01:40.771-0300] {taskinstance.py:1304} INFO - Executing <Task(AzureDataFactoryRunPipelineOperator): run_adf_pipeline> on 2023-01-22 15:00:00+00:00
[2023-01-23T16:01:40.777-0300] {standard_task_runner.py:55} INFO - Started process 1157425 to run task
[2023-01-23T16:01:40.781-0300] {standard_task_runner.py:82} INFO - Running: ['airflow', 'tasks', 'run', 'raw_opt_t_parametro', 'run_adf_pipeline', 'scheduled__2023-01-22T15:00:00+00:00', '--job-id', '1260', '--raw', '--subdir', 'DAGS_FOLDER/raw/dock_opt/raw_opt_t_parametro.py', '--cfg-path', '/tmp/tmp2px7ihg0']
[2023-01-23T16:01:40.785-0300] {standard_task_runner.py:83} INFO - Job 1260: Subtask run_adf_pipeline
[2023-01-23T16:01:43.935-0300] {task_command.py:389} INFO - Running <TaskInstance: raw_opt_t_parametro.run_adf_pipeline scheduled__2023-01-22T15:00:00+00:00 [running]> on host vm-airflow-01
[2023-01-23T16:01:47.253-0300] {taskinstance.py:1511} INFO - Exporting the following env vars:
AIRFLOW_CTX_DAG_OWNER=matheus.rodrigues@fortbrasil.com.br
AIRFLOW_CTX_DAG_ID=raw_opt_t_parametro
AIRFLOW_CTX_TASK_ID=run_adf_pipeline
AIRFLOW_CTX_EXECUTION_DATE=2023-01-22T15:00:00+00:00
AIRFLOW_CTX_TRY_NUMBER=1
AIRFLOW_CTX_DAG_RUN_ID=scheduled__2023-01-22T15:00:00+00:00
[2023-01-23T16:01:47.254-0300] {data_factory.py:154} INFO - Executing the cp_opt_to_datalake pipeline.
[2023-01-23T16:01:47.754-0300] {base.py:73} INFO - Using connection ID 'adf' for task execution.
[2023-01-23T16:01:48.247-0300] {base.py:73} INFO - Using connection ID 'adf' for task execution.
[2023-01-23T16:01:48.755-0300] {base.py:73} INFO - Using connection ID 'adf' for task execution.
[2023-01-23T16:01:48.764-0300] {_universal.py:526} INFO - Request URL: 'https://login.microsoftonline.com:443/d47e09d1-17c6-4a6f-b65c-d49d61e186a2/v2.0/.well-known/openid-configuration'
Request method: 'GET'
Request headers:
    'User-Agent': 'azsdk-python-identity/1.12.0 Python/3.10.6 (Linux-5.15.0-58-generic-x86_64-with-glibc2.35)'
No body was attached to the request
[2023-01-23T16:01:49.247-0300] {_universal.py:554} INFO - Response status: 200
Response headers:
    'Cache-Control': 'max-age=86400, private'
    'Content-Type': 'application/json; charset=utf-8'
    'Strict-Transport-Security': 'REDACTED'
    'X-Content-Type-Options': 'REDACTED'
    'Access-Control-Allow-Origin': 'REDACTED'
    'Access-Control-Allow-Methods': 'REDACTED'
    'P3P': 'REDACTED'
    'x-ms-request-id': 'e383f7dd-3de9-4a79-811b-0c6e5ca33200'
    'x-ms-ests-server': 'REDACTED'
    'X-XSS-Protection': 'REDACTED'
    'Set-Cookie': 'REDACTED'
    'Date': 'Mon, 23 Jan 2023 19:01:48 GMT'
    'Content-Length': '1753'
[2023-01-23T16:01:49.248-0300] {_universal.py:526} INFO - Request URL: 'https://login.microsoftonline.com/common/discovery/instance?api-version=REDACTED&authorization_endpoint=REDACTED'
Request method: 'GET'
Request headers:
    'Accept': 'application/json'
    'User-Agent': 'azsdk-python-identity/1.12.0 Python/3.10.6 (Linux-5.15.0-58-generic-x86_64-with-glibc2.35)'
No body was attached to the request
[2023-01-23T16:01:49.478-0300] {_universal.py:554} INFO - Response status: 200
Response headers:
    'Cache-Control': 'max-age=86400, private'
    'Content-Type': 'application/json; charset=utf-8'
    'Strict-Transport-Security': 'REDACTED'
    'X-Content-Type-Options': 'REDACTED'
    'Access-Control-Allow-Origin': 'REDACTED'
    'Access-Control-Allow-Methods': 'REDACTED'
    'P3P': 'REDACTED'
    'x-ms-request-id': '0ba8ddfc-0b84-4b8a-a80d-2d74ad343300'
    'x-ms-ests-server': 'REDACTED'
    'X-XSS-Protection': 'REDACTED'
    'Set-Cookie': 'REDACTED'
    'Date': 'Mon, 23 Jan 2023 19:01:48 GMT'
    'Content-Length': '945'
[2023-01-23T16:01:49.479-0300] {_universal.py:523} INFO - Request URL: 'https://login.microsoftonline.com/d47e09d1-17c6-4a6f-b65c-d49d61e186a2/oauth2/v2.0/token'
Request method: 'POST'
Request headers:
    'Accept': 'application/json'
    'x-client-sku': 'REDACTED'
    'x-client-ver': 'REDACTED'
    'x-client-os': 'REDACTED'
    'x-client-cpu': 'REDACTED'
    'x-ms-lib-capability': 'REDACTED'
    'client-request-id': 'REDACTED'
    'x-client-current-telemetry': 'REDACTED'
    'x-client-last-telemetry': 'REDACTED'
    'User-Agent': 'azsdk-python-identity/1.12.0 Python/3.10.6 (Linux-5.15.0-58-generic-x86_64-with-glibc2.35)'
A body is sent with the request
[2023-01-23T16:01:49.806-0300] {_universal.py:554} INFO - Response status: 200
Response headers:
    'Cache-Control': 'no-store, no-cache'
    'Pragma': 'no-cache'
    'Content-Type': 'application/json; charset=utf-8'
    'Expires': '-1'
    'Strict-Transport-Security': 'REDACTED'
    'X-Content-Type-Options': 'REDACTED'
    'P3P': 'REDACTED'
    'client-request-id': 'REDACTED'
    'x-ms-request-id': '800cb9f4-6377-4bf6-ad37-ed9d3fff2c00'
    'x-ms-ests-server': 'REDACTED'
    'x-ms-clitelem': 'REDACTED'
    'X-XSS-Protection': 'REDACTED'
    'Set-Cookie': 'REDACTED'
    'Date': 'Mon, 23 Jan 2023 19:01:49 GMT'
    'Content-Length': '1391'
[2023-01-23T16:01:49.807-0300] {get_token_mixin.py:77} INFO - ClientSecretCredential.get_token succeeded
[2023-01-23T16:01:49.807-0300] {_universal.py:523} INFO - Request URL: 'https://management.azure.com/subscriptions/5e5642ec-dd71-4e9a-a29e-58effbf39209/resourceGroups/rg-mdw-hml-fb/providers/Microsoft.DataFactory/factories/adf-mdw-hml-fb/pipelines/cp_opt_to_datalake/createRun?api-version=REDACTED'
Request method: 'POST'
Request headers:
    'Content-Type': 'application/json'
    'Accept': 'application/json'
    'Content-Length': '123'
    'x-ms-client-request-id': '6383efe4-9b50-11ed-a50b-05e3ce77118f'
    'User-Agent': 'azsdk-python-mgmt-datafactory/1.1.0 Python/3.10.6 (Linux-5.15.0-58-generic-x86_64-with-glibc2.35)'
    'Authorization': 'REDACTED'
A body is sent with the request
[2023-01-23T16:01:52.804-0300] {_universal.py:554} INFO - Response status: 200
Response headers:
    'Cache-Control': 'no-cache'
    'Pragma': 'no-cache'
    'Transfer-Encoding': 'chunked'
    'Content-Type': 'application/json; charset=utf-8'
    'Content-Encoding': 'REDACTED'
    'Expires': '-1'
    'Vary': 'REDACTED'
    'x-ms-correlation-request-id': 'REDACTED'
    'Server': 'Kestrel'
    'x-ms-ratelimit-remaining-subscription-writes': 'REDACTED'
    'x-ms-request-id': '5b9d4d62-84f5-4ff1-b05c-e0288fddad46'
    'x-ms-routing-request-id': 'REDACTED'
    'Strict-Transport-Security': 'REDACTED'
    'X-Content-Type-Options': 'REDACTED'
    'Date': 'Mon, 23 Jan 2023 19:01:52 GMT'
[2023-01-23T16:01:53.501-0300] {data_factory.py:172} INFO - Waiting for pipeline run 6383efe4-9b50-11ed-a50b-05e3ce77118f to terminate.
[2023-01-23T16:01:53.502-0300] {data_factory.py:768} INFO - Getting the status of run ID 6383efe4-9b50-11ed-a50b-05e3ce77118f.
[2023-01-23T16:01:54.010-0300] {base.py:73} INFO - Using connection ID 'adf' for task execution.
[2023-01-23T16:01:54.511-0300] {base.py:73} INFO - Using connection ID 'adf' for task execution.
[2023-01-23T16:01:54.513-0300] {_universal.py:526} INFO - Request URL: 'https://management.azure.com/subscriptions/5e5642ec-dd71-4e9a-a29e-58effbf39209/resourceGroups/rg-mdw-hml-fb/providers/Microsoft.DataFactory/factories/adf-mdw-hml-fb/pipelineruns/6383efe4-9b50-11ed-a50b-05e3ce77118f?api-version=REDACTED'
Request method: 'GET'
Request headers:
    'Accept': 'application/json'
    'x-ms-client-request-id': '66f1451e-9b50-11ed-a50b-05e3ce77118f'
    'User-Agent': 'azsdk-python-mgmt-datafactory/1.1.0 Python/3.10.6 (Linux-5.15.0-58-generic-x86_64-with-glibc2.35)'
    'Authorization': 'REDACTED'
No body was attached to the request
[2023-01-23T16:01:54.629-0300] {_universal.py:554} INFO - Response status: 200
Response headers:
    'Cache-Control': 'no-cache'
    'Pragma': 'no-cache'
    'Transfer-Encoding': 'chunked'
    'Content-Type': 'application/json; charset=utf-8'
    'Content-Encoding': 'REDACTED'
    'Expires': '-1'
    'Vary': 'REDACTED'
    'x-ms-correlation-request-id': 'REDACTED'
    'Server': 'Kestrel'
    'x-ms-ratelimit-remaining-subscription-reads': 'REDACTED'
    'x-ms-request-id': '2fe9a7b0-9b9f-4902-a0c4-98d42debb6c1'
    'x-ms-routing-request-id': 'REDACTED'
    'Strict-Transport-Security': 'REDACTED'
    'X-Content-Type-Options': 'REDACTED'
    'Date': 'Mon, 23 Jan 2023 19:01:54 GMT'
[2023-01-23T16:01:54.635-0300] {data_factory.py:774} INFO - Current status of pipeline run 6383efe4-9b50-11ed-a50b-05e3ce77118f: InProgress
[2023-01-23T16:02:54.658-0300] {data_factory.py:768} INFO - Getting the status of run ID 6383efe4-9b50-11ed-a50b-05e3ce77118f.
[2023-01-23T16:02:55.209-0300] {base.py:73} INFO - Using connection ID 'adf' for task execution.
[2023-01-23T16:02:55.753-0300] {base.py:73} INFO - Using connection ID 'adf' for task execution.
[2023-01-23T16:02:55.755-0300] {_universal.py:526} INFO - Request URL: 'https://management.azure.com/subscriptions/5e5642ec-dd71-4e9a-a29e-58effbf39209/resourceGroups/rg-mdw-hml-fb/providers/Microsoft.DataFactory/factories/adf-mdw-hml-fb/pipelineruns/6383efe4-9b50-11ed-a50b-05e3ce77118f?api-version=REDACTED'
Request method: 'GET'
Request headers:
    'Accept': 'application/json'
    'x-ms-client-request-id': '8b720c98-9b50-11ed-a50b-05e3ce77118f'
    'User-Agent': 'azsdk-python-mgmt-datafactory/1.1.0 Python/3.10.6 (Linux-5.15.0-58-generic-x86_64-with-glibc2.35)'
    'Authorization': 'REDACTED'
No body was attached to the request
[2023-01-23T16:02:56.044-0300] {_universal.py:554} INFO - Response status: 200
Response headers:
    'Cache-Control': 'no-cache'
    'Pragma': 'no-cache'
    'Transfer-Encoding': 'chunked'
    'Content-Type': 'application/json; charset=utf-8'
    'Content-Encoding': 'REDACTED'
    'Expires': '-1'
    'Vary': 'REDACTED'
    'x-ms-correlation-request-id': 'REDACTED'
    'Server': 'Kestrel'
    'x-ms-ratelimit-remaining-subscription-reads': 'REDACTED'
    'x-ms-request-id': '9a7f8a6a-996e-4121-a0a0-4b078249766c'
    'x-ms-routing-request-id': 'REDACTED'
    'Strict-Transport-Security': 'REDACTED'
    'X-Content-Type-Options': 'REDACTED'
    'Date': 'Mon, 23 Jan 2023 19:02:55 GMT'
[2023-01-23T16:02:56.045-0300] {data_factory.py:774} INFO - Current status of pipeline run 6383efe4-9b50-11ed-a50b-05e3ce77118f: Succeeded
[2023-01-23T16:02:56.045-0300] {data_factory.py:182} INFO - Pipeline run 6383efe4-9b50-11ed-a50b-05e3ce77118f has completed successfully.
[2023-01-23T16:02:56.048-0300] {logging_mixin.py:137} WARNING - /home/airflow/.local/lib/python3.10/site-packages/airflow/models/baseoperator.py:1393 RemovedInAirflow3Warning: Passing 'execution_date' to 'TaskInstance.xcom_push()' is deprecated.
[2023-01-23T16:02:57.200-0300] {taskinstance.py:1322} INFO - Marking task as SUCCESS. dag_id=raw_opt_t_parametro, task_id=run_adf_pipeline, execution_date=20230122T150000, start_date=20230123T190139, end_date=20230123T190257
[2023-01-23T16:02:58.272-0300] {local_task_job.py:159} INFO - Task exited with return code 0
[2023-01-23T16:02:58.841-0300] {taskinstance.py:2582} INFO - 0 downstream tasks scheduled from follow-on schedule check
