[2023-01-23T12:00:57.147-0300] {taskinstance.py:1087} INFO - Dependencies all met for <TaskInstance: raw_opt_t_pessoafisica.run_adf_pipeline scheduled__2023-01-22T15:00:00+00:00 [queued]>
[2023-01-23T12:00:57.551-0300] {taskinstance.py:1087} INFO - Dependencies all met for <TaskInstance: raw_opt_t_pessoafisica.run_adf_pipeline scheduled__2023-01-22T15:00:00+00:00 [queued]>
[2023-01-23T12:00:57.551-0300] {taskinstance.py:1283} INFO - 
--------------------------------------------------------------------------------
[2023-01-23T12:00:57.551-0300] {taskinstance.py:1284} INFO - Starting attempt 1 of 1
[2023-01-23T12:00:57.551-0300] {taskinstance.py:1285} INFO - 
--------------------------------------------------------------------------------
[2023-01-23T12:00:58.169-0300] {taskinstance.py:1304} INFO - Executing <Task(AzureDataFactoryRunPipelineOperator): run_adf_pipeline> on 2023-01-22 15:00:00+00:00
[2023-01-23T12:00:58.175-0300] {standard_task_runner.py:55} INFO - Started process 1108749 to run task
[2023-01-23T12:00:58.179-0300] {standard_task_runner.py:82} INFO - Running: ['airflow', 'tasks', 'run', 'raw_opt_t_pessoafisica', 'run_adf_pipeline', 'scheduled__2023-01-22T15:00:00+00:00', '--job-id', '1197', '--raw', '--subdir', 'DAGS_FOLDER/raw/dock_opt/raw_opt_t_pessoafisica.py', '--cfg-path', '/tmp/tmp1_6padx2']
[2023-01-23T12:00:58.182-0300] {standard_task_runner.py:83} INFO - Job 1197: Subtask run_adf_pipeline
[2023-01-23T12:01:01.493-0300] {task_command.py:389} INFO - Running <TaskInstance: raw_opt_t_pessoafisica.run_adf_pipeline scheduled__2023-01-22T15:00:00+00:00 [running]> on host vm-airflow-01
[2023-01-23T12:01:04.374-0300] {taskinstance.py:1511} INFO - Exporting the following env vars:
AIRFLOW_CTX_DAG_OWNER=matheus.rodrigues@fortbrasil.com.br
AIRFLOW_CTX_DAG_ID=raw_opt_t_pessoafisica
AIRFLOW_CTX_TASK_ID=run_adf_pipeline
AIRFLOW_CTX_EXECUTION_DATE=2023-01-22T15:00:00+00:00
AIRFLOW_CTX_TRY_NUMBER=1
AIRFLOW_CTX_DAG_RUN_ID=scheduled__2023-01-22T15:00:00+00:00
[2023-01-23T12:01:04.375-0300] {data_factory.py:154} INFO - Executing the cp_opt_to_datalake pipeline.
[2023-01-23T12:01:04.876-0300] {base.py:73} INFO - Using connection ID 'adf' for task execution.
[2023-01-23T12:01:05.390-0300] {base.py:73} INFO - Using connection ID 'adf' for task execution.
[2023-01-23T12:01:05.889-0300] {base.py:73} INFO - Using connection ID 'adf' for task execution.
[2023-01-23T12:01:05.897-0300] {_universal.py:526} INFO - Request URL: 'https://login.microsoftonline.com:443/d47e09d1-17c6-4a6f-b65c-d49d61e186a2/v2.0/.well-known/openid-configuration'
Request method: 'GET'
Request headers:
    'User-Agent': 'azsdk-python-identity/1.12.0 Python/3.10.6 (Linux-5.15.0-58-generic-x86_64-with-glibc2.35)'
No body was attached to the request
[2023-01-23T12:01:06.382-0300] {_universal.py:554} INFO - Response status: 200
Response headers:
    'Cache-Control': 'max-age=86400, private'
    'Content-Type': 'application/json; charset=utf-8'
    'Strict-Transport-Security': 'REDACTED'
    'X-Content-Type-Options': 'REDACTED'
    'Access-Control-Allow-Origin': 'REDACTED'
    'Access-Control-Allow-Methods': 'REDACTED'
    'P3P': 'REDACTED'
    'x-ms-request-id': '0ef2e5d4-1f04-4887-be6d-c24688ef2e00'
    'x-ms-ests-server': 'REDACTED'
    'X-XSS-Protection': 'REDACTED'
    'Set-Cookie': 'REDACTED'
    'Date': 'Mon, 23 Jan 2023 15:01:06 GMT'
    'Content-Length': '1753'
[2023-01-23T12:01:06.384-0300] {_universal.py:526} INFO - Request URL: 'https://login.microsoftonline.com/common/discovery/instance?api-version=REDACTED&authorization_endpoint=REDACTED'
Request method: 'GET'
Request headers:
    'Accept': 'application/json'
    'User-Agent': 'azsdk-python-identity/1.12.0 Python/3.10.6 (Linux-5.15.0-58-generic-x86_64-with-glibc2.35)'
No body was attached to the request
[2023-01-23T12:01:06.577-0300] {_universal.py:554} INFO - Response status: 200
Response headers:
    'Cache-Control': 'max-age=86400, private'
    'Content-Type': 'application/json; charset=utf-8'
    'Strict-Transport-Security': 'REDACTED'
    'X-Content-Type-Options': 'REDACTED'
    'Access-Control-Allow-Origin': 'REDACTED'
    'Access-Control-Allow-Methods': 'REDACTED'
    'P3P': 'REDACTED'
    'x-ms-request-id': 'eac57334-cdb3-458c-94cc-3e194f923000'
    'x-ms-ests-server': 'REDACTED'
    'X-XSS-Protection': 'REDACTED'
    'Set-Cookie': 'REDACTED'
    'Date': 'Mon, 23 Jan 2023 15:01:06 GMT'
    'Content-Length': '945'
[2023-01-23T12:01:06.578-0300] {_universal.py:523} INFO - Request URL: 'https://login.microsoftonline.com/d47e09d1-17c6-4a6f-b65c-d49d61e186a2/oauth2/v2.0/token'
Request method: 'POST'
Request headers:
    'Accept': 'application/json'
    'x-client-sku': 'REDACTED'
    'x-client-ver': 'REDACTED'
    'x-client-os': 'REDACTED'
    'x-client-cpu': 'REDACTED'
    'x-ms-lib-capability': 'REDACTED'
    'client-request-id': 'REDACTED'
    'x-client-current-telemetry': 'REDACTED'
    'x-client-last-telemetry': 'REDACTED'
    'User-Agent': 'azsdk-python-identity/1.12.0 Python/3.10.6 (Linux-5.15.0-58-generic-x86_64-with-glibc2.35)'
A body is sent with the request
[2023-01-23T12:01:06.837-0300] {_universal.py:554} INFO - Response status: 200
Response headers:
    'Cache-Control': 'no-store, no-cache'
    'Pragma': 'no-cache'
    'Content-Type': 'application/json; charset=utf-8'
    'Expires': '-1'
    'Strict-Transport-Security': 'REDACTED'
    'X-Content-Type-Options': 'REDACTED'
    'P3P': 'REDACTED'
    'client-request-id': 'REDACTED'
    'x-ms-request-id': '0c1958d9-fc43-4fbb-9f8d-8798264a2900'
    'x-ms-ests-server': 'REDACTED'
    'x-ms-clitelem': 'REDACTED'
    'X-XSS-Protection': 'REDACTED'
    'Set-Cookie': 'REDACTED'
    'Date': 'Mon, 23 Jan 2023 15:01:06 GMT'
    'Content-Length': '1391'
[2023-01-23T12:01:06.838-0300] {get_token_mixin.py:77} INFO - ClientSecretCredential.get_token succeeded
[2023-01-23T12:01:06.838-0300] {_universal.py:523} INFO - Request URL: 'https://management.azure.com/subscriptions/5e5642ec-dd71-4e9a-a29e-58effbf39209/resourceGroups/rg-mdw-hml-fb/providers/Microsoft.DataFactory/factories/adf-mdw-hml-fb/pipelines/cp_opt_to_datalake/createRun?api-version=REDACTED'
Request method: 'POST'
Request headers:
    'Content-Type': 'application/json'
    'Accept': 'application/json'
    'Content-Length': '132'
    'x-ms-client-request-id': 'c2e570c4-9b2e-11ed-a50b-05e3ce77118f'
    'User-Agent': 'azsdk-python-mgmt-datafactory/1.1.0 Python/3.10.6 (Linux-5.15.0-58-generic-x86_64-with-glibc2.35)'
    'Authorization': 'REDACTED'
A body is sent with the request
[2023-01-23T12:01:07.700-0300] {_universal.py:554} INFO - Response status: 200
Response headers:
    'Cache-Control': 'no-cache'
    'Pragma': 'no-cache'
    'Transfer-Encoding': 'chunked'
    'Content-Type': 'application/json; charset=utf-8'
    'Content-Encoding': 'REDACTED'
    'Expires': '-1'
    'Vary': 'REDACTED'
    'x-ms-correlation-request-id': 'REDACTED'
    'Server': 'Kestrel'
    'x-ms-ratelimit-remaining-subscription-writes': 'REDACTED'
    'x-ms-request-id': '08be64d5-14ff-432b-9f6f-40374d2fea38'
    'x-ms-routing-request-id': 'REDACTED'
    'Strict-Transport-Security': 'REDACTED'
    'X-Content-Type-Options': 'REDACTED'
    'Date': 'Mon, 23 Jan 2023 15:01:07 GMT'
[2023-01-23T12:01:08.414-0300] {data_factory.py:172} INFO - Waiting for pipeline run c2e570c4-9b2e-11ed-a50b-05e3ce77118f to terminate.
[2023-01-23T12:01:08.415-0300] {data_factory.py:768} INFO - Getting the status of run ID c2e570c4-9b2e-11ed-a50b-05e3ce77118f.
[2023-01-23T12:01:08.911-0300] {base.py:73} INFO - Using connection ID 'adf' for task execution.
[2023-01-23T12:01:09.411-0300] {base.py:73} INFO - Using connection ID 'adf' for task execution.
[2023-01-23T12:01:09.413-0300] {_universal.py:526} INFO - Request URL: 'https://management.azure.com/subscriptions/5e5642ec-dd71-4e9a-a29e-58effbf39209/resourceGroups/rg-mdw-hml-fb/providers/Microsoft.DataFactory/factories/adf-mdw-hml-fb/pipelineruns/c2e570c4-9b2e-11ed-a50b-05e3ce77118f?api-version=REDACTED'
Request method: 'GET'
Request headers:
    'Accept': 'application/json'
    'x-ms-client-request-id': 'c4fdf692-9b2e-11ed-a50b-05e3ce77118f'
    'User-Agent': 'azsdk-python-mgmt-datafactory/1.1.0 Python/3.10.6 (Linux-5.15.0-58-generic-x86_64-with-glibc2.35)'
    'Authorization': 'REDACTED'
No body was attached to the request
[2023-01-23T12:01:09.508-0300] {_universal.py:554} INFO - Response status: 200
Response headers:
    'Cache-Control': 'no-cache'
    'Pragma': 'no-cache'
    'Transfer-Encoding': 'chunked'
    'Content-Type': 'application/json; charset=utf-8'
    'Content-Encoding': 'REDACTED'
    'Expires': '-1'
    'Vary': 'REDACTED'
    'x-ms-correlation-request-id': 'REDACTED'
    'Server': 'Kestrel'
    'x-ms-ratelimit-remaining-subscription-reads': 'REDACTED'
    'x-ms-request-id': 'e813f925-09be-4441-8c56-cc139e5248b8'
    'x-ms-routing-request-id': 'REDACTED'
    'Strict-Transport-Security': 'REDACTED'
    'X-Content-Type-Options': 'REDACTED'
    'Date': 'Mon, 23 Jan 2023 15:01:09 GMT'
[2023-01-23T12:01:09.515-0300] {data_factory.py:774} INFO - Current status of pipeline run c2e570c4-9b2e-11ed-a50b-05e3ce77118f: InProgress
[2023-01-23T12:02:09.567-0300] {data_factory.py:768} INFO - Getting the status of run ID c2e570c4-9b2e-11ed-a50b-05e3ce77118f.
[2023-01-23T12:02:10.127-0300] {base.py:73} INFO - Using connection ID 'adf' for task execution.
[2023-01-23T12:02:10.631-0300] {base.py:73} INFO - Using connection ID 'adf' for task execution.
[2023-01-23T12:02:10.632-0300] {_universal.py:526} INFO - Request URL: 'https://management.azure.com/subscriptions/5e5642ec-dd71-4e9a-a29e-58effbf39209/resourceGroups/rg-mdw-hml-fb/providers/Microsoft.DataFactory/factories/adf-mdw-hml-fb/pipelineruns/c2e570c4-9b2e-11ed-a50b-05e3ce77118f?api-version=REDACTED'
Request method: 'GET'
Request headers:
    'Accept': 'application/json'
    'x-ms-client-request-id': 'e97b4560-9b2e-11ed-a50b-05e3ce77118f'
    'User-Agent': 'azsdk-python-mgmt-datafactory/1.1.0 Python/3.10.6 (Linux-5.15.0-58-generic-x86_64-with-glibc2.35)'
    'Authorization': 'REDACTED'
No body was attached to the request
[2023-01-23T12:02:10.791-0300] {_universal.py:554} INFO - Response status: 200
Response headers:
    'Cache-Control': 'no-cache'
    'Pragma': 'no-cache'
    'Transfer-Encoding': 'chunked'
    'Content-Type': 'application/json; charset=utf-8'
    'Content-Encoding': 'REDACTED'
    'Expires': '-1'
    'Vary': 'REDACTED'
    'x-ms-correlation-request-id': 'REDACTED'
    'Server': 'Kestrel'
    'x-ms-ratelimit-remaining-subscription-reads': 'REDACTED'
    'x-ms-request-id': '25b65f71-46e4-49c7-96dd-e6689c4b3162'
    'x-ms-routing-request-id': 'REDACTED'
    'Strict-Transport-Security': 'REDACTED'
    'X-Content-Type-Options': 'REDACTED'
    'Date': 'Mon, 23 Jan 2023 15:02:10 GMT'
[2023-01-23T12:02:10.792-0300] {data_factory.py:774} INFO - Current status of pipeline run c2e570c4-9b2e-11ed-a50b-05e3ce77118f: InProgress
[2023-01-23T12:03:10.847-0300] {data_factory.py:768} INFO - Getting the status of run ID c2e570c4-9b2e-11ed-a50b-05e3ce77118f.
[2023-01-23T12:03:11.785-0300] {base.py:73} INFO - Using connection ID 'adf' for task execution.
[2023-01-23T12:03:12.295-0300] {base.py:73} INFO - Using connection ID 'adf' for task execution.
[2023-01-23T12:03:12.297-0300] {_universal.py:526} INFO - Request URL: 'https://management.azure.com/subscriptions/5e5642ec-dd71-4e9a-a29e-58effbf39209/resourceGroups/rg-mdw-hml-fb/providers/Microsoft.DataFactory/factories/adf-mdw-hml-fb/pipelineruns/c2e570c4-9b2e-11ed-a50b-05e3ce77118f?api-version=REDACTED'
Request method: 'GET'
Request headers:
    'Accept': 'application/json'
    'x-ms-client-request-id': '0e3c8ea4-9b2f-11ed-a50b-05e3ce77118f'
    'User-Agent': 'azsdk-python-mgmt-datafactory/1.1.0 Python/3.10.6 (Linux-5.15.0-58-generic-x86_64-with-glibc2.35)'
    'Authorization': 'REDACTED'
No body was attached to the request
[2023-01-23T12:03:12.825-0300] {_universal.py:554} INFO - Response status: 200
Response headers:
    'Cache-Control': 'no-cache'
    'Pragma': 'no-cache'
    'Transfer-Encoding': 'chunked'
    'Content-Type': 'application/json; charset=utf-8'
    'Content-Encoding': 'REDACTED'
    'Expires': '-1'
    'Vary': 'REDACTED'
    'x-ms-correlation-request-id': 'REDACTED'
    'Server': 'Kestrel'
    'x-ms-ratelimit-remaining-subscription-reads': 'REDACTED'
    'x-ms-request-id': 'e379ce23-5376-4ccd-9e8d-34ad0c3e239b'
    'x-ms-routing-request-id': 'REDACTED'
    'Strict-Transport-Security': 'REDACTED'
    'X-Content-Type-Options': 'REDACTED'
    'Date': 'Mon, 23 Jan 2023 15:03:11 GMT'
[2023-01-23T12:03:12.826-0300] {data_factory.py:774} INFO - Current status of pipeline run c2e570c4-9b2e-11ed-a50b-05e3ce77118f: Succeeded
[2023-01-23T12:03:12.826-0300] {data_factory.py:182} INFO - Pipeline run c2e570c4-9b2e-11ed-a50b-05e3ce77118f has completed successfully.
[2023-01-23T12:03:12.829-0300] {logging_mixin.py:137} WARNING - /home/airflow/.local/lib/python3.10/site-packages/airflow/models/baseoperator.py:1393 RemovedInAirflow3Warning: Passing 'execution_date' to 'TaskInstance.xcom_push()' is deprecated.
[2023-01-23T12:03:14.053-0300] {taskinstance.py:1322} INFO - Marking task as SUCCESS. dag_id=raw_opt_t_pessoafisica, task_id=run_adf_pipeline, execution_date=20230122T150000, start_date=20230123T150057, end_date=20230123T150314
[2023-01-23T12:03:15.135-0300] {local_task_job.py:159} INFO - Task exited with return code 0
[2023-01-23T12:03:15.725-0300] {taskinstance.py:2582} INFO - 0 downstream tasks scheduled from follow-on schedule check
