[2023-01-24T12:08:54.875-0300] {taskinstance.py:1087} INFO - Dependencies all met for <TaskInstance: raw_opt_t_transacaofatura.current_date scheduled__2023-01-23T15:00:00+00:00 [queued]>
[2023-01-24T12:08:55.257-0300] {taskinstance.py:1087} INFO - Dependencies all met for <TaskInstance: raw_opt_t_transacaofatura.current_date scheduled__2023-01-23T15:00:00+00:00 [queued]>
[2023-01-24T12:08:55.257-0300] {taskinstance.py:1283} INFO - 
--------------------------------------------------------------------------------
[2023-01-24T12:08:55.257-0300] {taskinstance.py:1284} INFO - Starting attempt 1 of 1
[2023-01-24T12:08:55.257-0300] {taskinstance.py:1285} INFO - 
--------------------------------------------------------------------------------
[2023-01-24T12:08:55.804-0300] {taskinstance.py:1304} INFO - Executing <Task(_PythonDecoratedOperator): current_date> on 2023-01-23 15:00:00+00:00
[2023-01-24T12:08:55.810-0300] {standard_task_runner.py:55} INFO - Started process 1422180 to run task
[2023-01-24T12:08:55.814-0300] {standard_task_runner.py:82} INFO - Running: ['airflow', 'tasks', 'run', 'raw_opt_t_transacaofatura', 'current_date', 'scheduled__2023-01-23T15:00:00+00:00', '--job-id', '1316', '--raw', '--subdir', 'DAGS_FOLDER/raw/dock_opt/raw_opt_t_transacaofatura.py', '--cfg-path', '/tmp/tmp20dq915d']
[2023-01-24T12:08:55.818-0300] {standard_task_runner.py:83} INFO - Job 1316: Subtask current_date
[2023-01-24T12:08:59.115-0300] {task_command.py:389} INFO - Running <TaskInstance: raw_opt_t_transacaofatura.current_date scheduled__2023-01-23T15:00:00+00:00 [running]> on host vm-airflow-01
[2023-01-24T12:09:01.359-0300] {taskinstance.py:1511} INFO - Exporting the following env vars:
AIRFLOW_CTX_DAG_OWNER=matheus.rodrigues@fortbrasil.com.br
AIRFLOW_CTX_DAG_ID=raw_opt_t_transacaofatura
AIRFLOW_CTX_TASK_ID=current_date
AIRFLOW_CTX_EXECUTION_DATE=2023-01-23T15:00:00+00:00
AIRFLOW_CTX_TRY_NUMBER=1
AIRFLOW_CTX_DAG_RUN_ID=scheduled__2023-01-23T15:00:00+00:00
[2023-01-24T12:09:01.360-0300] {python.py:177} INFO - Done. Returned value was: 2023-01-24
[2023-01-24T12:09:02.496-0300] {taskinstance.py:1322} INFO - Marking task as SUCCESS. dag_id=raw_opt_t_transacaofatura, task_id=current_date, execution_date=20230123T150000, start_date=20230124T150854, end_date=20230124T150902
[2023-01-24T12:09:02.916-0300] {local_task_job.py:159} INFO - Task exited with return code 0
[2023-01-24T12:09:03.570-0300] {taskinstance.py:2582} INFO - 1 downstream tasks scheduled from follow-on schedule check
