[2023-01-24T12:01:32.470-0300] {taskinstance.py:1087} INFO - Dependencies all met for <TaskInstance: raw_opt_t_produto.run_adf_pipeline scheduled__2023-01-23T15:00:00+00:00 [queued]>
[2023-01-24T12:01:32.877-0300] {taskinstance.py:1087} INFO - Dependencies all met for <TaskInstance: raw_opt_t_produto.run_adf_pipeline scheduled__2023-01-23T15:00:00+00:00 [queued]>
[2023-01-24T12:01:32.878-0300] {taskinstance.py:1283} INFO - 
--------------------------------------------------------------------------------
[2023-01-24T12:01:32.878-0300] {taskinstance.py:1284} INFO - Starting attempt 1 of 1
[2023-01-24T12:01:32.878-0300] {taskinstance.py:1285} INFO - 
--------------------------------------------------------------------------------
[2023-01-24T12:01:33.550-0300] {taskinstance.py:1304} INFO - Executing <Task(AzureDataFactoryRunPipelineOperator): run_adf_pipeline> on 2023-01-23 15:00:00+00:00
[2023-01-24T12:01:33.556-0300] {standard_task_runner.py:55} INFO - Started process 1420544 to run task
[2023-01-24T12:01:33.561-0300] {standard_task_runner.py:82} INFO - Running: ['airflow', 'tasks', 'run', 'raw_opt_t_produto', 'run_adf_pipeline', 'scheduled__2023-01-23T15:00:00+00:00', '--job-id', '1301', '--raw', '--subdir', 'DAGS_FOLDER/raw/dock_opt/raw_opt_t_produto.py', '--cfg-path', '/tmp/tmp85ffyet4']
[2023-01-24T12:01:33.566-0300] {standard_task_runner.py:83} INFO - Job 1301: Subtask run_adf_pipeline
[2023-01-24T12:01:36.663-0300] {task_command.py:389} INFO - Running <TaskInstance: raw_opt_t_produto.run_adf_pipeline scheduled__2023-01-23T15:00:00+00:00 [running]> on host vm-airflow-01
[2023-01-24T12:01:39.700-0300] {taskinstance.py:1511} INFO - Exporting the following env vars:
AIRFLOW_CTX_DAG_OWNER=matheus.rodrigues@fortbrasil.com.br
AIRFLOW_CTX_DAG_ID=raw_opt_t_produto
AIRFLOW_CTX_TASK_ID=run_adf_pipeline
AIRFLOW_CTX_EXECUTION_DATE=2023-01-23T15:00:00+00:00
AIRFLOW_CTX_TRY_NUMBER=1
AIRFLOW_CTX_DAG_RUN_ID=scheduled__2023-01-23T15:00:00+00:00
[2023-01-24T12:01:39.701-0300] {data_factory.py:154} INFO - Executing the cp_opt_to_datalake pipeline.
[2023-01-24T12:01:40.212-0300] {base.py:73} INFO - Using connection ID 'adf' for task execution.
[2023-01-24T12:01:40.715-0300] {base.py:73} INFO - Using connection ID 'adf' for task execution.
[2023-01-24T12:01:41.252-0300] {base.py:73} INFO - Using connection ID 'adf' for task execution.
[2023-01-24T12:01:41.260-0300] {_universal.py:526} INFO - Request URL: 'https://login.microsoftonline.com:443/d47e09d1-17c6-4a6f-b65c-d49d61e186a2/v2.0/.well-known/openid-configuration'
Request method: 'GET'
Request headers:
    'User-Agent': 'azsdk-python-identity/1.12.0 Python/3.10.6 (Linux-5.15.0-58-generic-x86_64-with-glibc2.35)'
No body was attached to the request
[2023-01-24T12:01:41.714-0300] {_universal.py:554} INFO - Response status: 200
Response headers:
    'Cache-Control': 'max-age=86400, private'
    'Content-Type': 'application/json; charset=utf-8'
    'Strict-Transport-Security': 'REDACTED'
    'X-Content-Type-Options': 'REDACTED'
    'Access-Control-Allow-Origin': 'REDACTED'
    'Access-Control-Allow-Methods': 'REDACTED'
    'P3P': 'REDACTED'
    'x-ms-request-id': '822a09e0-0a94-45df-a156-e74a512b4900'
    'x-ms-ests-server': 'REDACTED'
    'X-XSS-Protection': 'REDACTED'
    'Set-Cookie': 'REDACTED'
    'Date': 'Tue, 24 Jan 2023 15:01:41 GMT'
    'Content-Length': '1753'
[2023-01-24T12:01:41.716-0300] {_universal.py:526} INFO - Request URL: 'https://login.microsoftonline.com/common/discovery/instance?api-version=REDACTED&authorization_endpoint=REDACTED'
Request method: 'GET'
Request headers:
    'Accept': 'application/json'
    'User-Agent': 'azsdk-python-identity/1.12.0 Python/3.10.6 (Linux-5.15.0-58-generic-x86_64-with-glibc2.35)'
No body was attached to the request
[2023-01-24T12:01:41.883-0300] {_universal.py:554} INFO - Response status: 200
Response headers:
    'Cache-Control': 'max-age=86400, private'
    'Content-Type': 'application/json; charset=utf-8'
    'Strict-Transport-Security': 'REDACTED'
    'X-Content-Type-Options': 'REDACTED'
    'Access-Control-Allow-Origin': 'REDACTED'
    'Access-Control-Allow-Methods': 'REDACTED'
    'P3P': 'REDACTED'
    'x-ms-request-id': 'ae61c5b1-6647-41e0-9a3c-e82d760c4c00'
    'x-ms-ests-server': 'REDACTED'
    'X-XSS-Protection': 'REDACTED'
    'Set-Cookie': 'REDACTED'
    'Date': 'Tue, 24 Jan 2023 15:01:41 GMT'
    'Content-Length': '945'
[2023-01-24T12:01:41.884-0300] {_universal.py:523} INFO - Request URL: 'https://login.microsoftonline.com/d47e09d1-17c6-4a6f-b65c-d49d61e186a2/oauth2/v2.0/token'
Request method: 'POST'
Request headers:
    'Accept': 'application/json'
    'x-client-sku': 'REDACTED'
    'x-client-ver': 'REDACTED'
    'x-client-os': 'REDACTED'
    'x-client-cpu': 'REDACTED'
    'x-ms-lib-capability': 'REDACTED'
    'client-request-id': 'REDACTED'
    'x-client-current-telemetry': 'REDACTED'
    'x-client-last-telemetry': 'REDACTED'
    'User-Agent': 'azsdk-python-identity/1.12.0 Python/3.10.6 (Linux-5.15.0-58-generic-x86_64-with-glibc2.35)'
A body is sent with the request
[2023-01-24T12:01:42.168-0300] {_universal.py:554} INFO - Response status: 200
Response headers:
    'Cache-Control': 'no-store, no-cache'
    'Pragma': 'no-cache'
    'Content-Type': 'application/json; charset=utf-8'
    'Expires': '-1'
    'Strict-Transport-Security': 'REDACTED'
    'X-Content-Type-Options': 'REDACTED'
    'P3P': 'REDACTED'
    'client-request-id': 'REDACTED'
    'x-ms-request-id': '0529281b-c71a-47b1-b9ec-5bd768d95200'
    'x-ms-ests-server': 'REDACTED'
    'x-ms-clitelem': 'REDACTED'
    'X-XSS-Protection': 'REDACTED'
    'Set-Cookie': 'REDACTED'
    'Date': 'Tue, 24 Jan 2023 15:01:41 GMT'
    'Content-Length': '1391'
[2023-01-24T12:01:42.169-0300] {get_token_mixin.py:77} INFO - ClientSecretCredential.get_token succeeded
[2023-01-24T12:01:42.170-0300] {_universal.py:523} INFO - Request URL: 'https://management.azure.com/subscriptions/5e5642ec-dd71-4e9a-a29e-58effbf39209/resourceGroups/rg-mdw-hml-fb/providers/Microsoft.DataFactory/factories/adf-mdw-hml-fb/pipelines/cp_opt_to_datalake/createRun?api-version=REDACTED'
Request method: 'POST'
Request headers:
    'Content-Type': 'application/json'
    'Accept': 'application/json'
    'Content-Length': '117'
    'x-ms-client-request-id': '02630fb2-9bf8-11ed-a50b-05e3ce77118f'
    'User-Agent': 'azsdk-python-mgmt-datafactory/1.1.0 Python/3.10.6 (Linux-5.15.0-58-generic-x86_64-with-glibc2.35)'
    'Authorization': 'REDACTED'
A body is sent with the request
[2023-01-24T12:01:43.768-0300] {_universal.py:554} INFO - Response status: 200
Response headers:
    'Cache-Control': 'no-cache'
    'Pragma': 'no-cache'
    'Transfer-Encoding': 'chunked'
    'Content-Type': 'application/json; charset=utf-8'
    'Content-Encoding': 'REDACTED'
    'Expires': '-1'
    'Vary': 'REDACTED'
    'x-ms-correlation-request-id': 'REDACTED'
    'Server': 'Kestrel'
    'x-ms-ratelimit-remaining-subscription-writes': 'REDACTED'
    'x-ms-request-id': '3fb0d673-6f39-4aae-ab11-375242b97fc5'
    'x-ms-routing-request-id': 'REDACTED'
    'Strict-Transport-Security': 'REDACTED'
    'X-Content-Type-Options': 'REDACTED'
    'Date': 'Tue, 24 Jan 2023 15:01:43 GMT'
[2023-01-24T12:01:44.516-0300] {data_factory.py:172} INFO - Waiting for pipeline run 02630fb2-9bf8-11ed-a50b-05e3ce77118f to terminate.
[2023-01-24T12:01:44.866-0300] {data_factory.py:768} INFO - Getting the status of run ID 02630fb2-9bf8-11ed-a50b-05e3ce77118f.
[2023-01-24T12:01:45.380-0300] {base.py:73} INFO - Using connection ID 'adf' for task execution.
[2023-01-24T12:01:45.898-0300] {base.py:73} INFO - Using connection ID 'adf' for task execution.
[2023-01-24T12:01:45.899-0300] {_universal.py:526} INFO - Request URL: 'https://management.azure.com/subscriptions/5e5642ec-dd71-4e9a-a29e-58effbf39209/resourceGroups/rg-mdw-hml-fb/providers/Microsoft.DataFactory/factories/adf-mdw-hml-fb/pipelineruns/02630fb2-9bf8-11ed-a50b-05e3ce77118f?api-version=REDACTED'
Request method: 'GET'
Request headers:
    'Accept': 'application/json'
    'x-ms-client-request-id': '05270eec-9bf8-11ed-a50b-05e3ce77118f'
    'User-Agent': 'azsdk-python-mgmt-datafactory/1.1.0 Python/3.10.6 (Linux-5.15.0-58-generic-x86_64-with-glibc2.35)'
    'Authorization': 'REDACTED'
No body was attached to the request
[2023-01-24T12:01:46.020-0300] {_universal.py:554} INFO - Response status: 200
Response headers:
    'Cache-Control': 'no-cache'
    'Pragma': 'no-cache'
    'Transfer-Encoding': 'chunked'
    'Content-Type': 'application/json; charset=utf-8'
    'Content-Encoding': 'REDACTED'
    'Expires': '-1'
    'Vary': 'REDACTED'
    'x-ms-correlation-request-id': 'REDACTED'
    'Server': 'Kestrel'
    'x-ms-ratelimit-remaining-subscription-reads': 'REDACTED'
    'x-ms-request-id': '7f118307-3301-4340-918e-d117e1fbb46e'
    'x-ms-routing-request-id': 'REDACTED'
    'Strict-Transport-Security': 'REDACTED'
    'X-Content-Type-Options': 'REDACTED'
    'Date': 'Tue, 24 Jan 2023 15:01:45 GMT'
[2023-01-24T12:01:46.029-0300] {data_factory.py:774} INFO - Current status of pipeline run 02630fb2-9bf8-11ed-a50b-05e3ce77118f: InProgress
[2023-01-24T12:02:46.042-0300] {data_factory.py:768} INFO - Getting the status of run ID 02630fb2-9bf8-11ed-a50b-05e3ce77118f.
[2023-01-24T12:02:46.537-0300] {base.py:73} INFO - Using connection ID 'adf' for task execution.
[2023-01-24T12:02:47.033-0300] {base.py:73} INFO - Using connection ID 'adf' for task execution.
[2023-01-24T12:02:47.035-0300] {_universal.py:526} INFO - Request URL: 'https://management.azure.com/subscriptions/5e5642ec-dd71-4e9a-a29e-58effbf39209/resourceGroups/rg-mdw-hml-fb/providers/Microsoft.DataFactory/factories/adf-mdw-hml-fb/pipelineruns/02630fb2-9bf8-11ed-a50b-05e3ce77118f?api-version=REDACTED'
Request method: 'GET'
Request headers:
    'Accept': 'application/json'
    'x-ms-client-request-id': '299797ce-9bf8-11ed-a50b-05e3ce77118f'
    'User-Agent': 'azsdk-python-mgmt-datafactory/1.1.0 Python/3.10.6 (Linux-5.15.0-58-generic-x86_64-with-glibc2.35)'
    'Authorization': 'REDACTED'
No body was attached to the request
[2023-01-24T12:02:47.148-0300] {_universal.py:554} INFO - Response status: 200
Response headers:
    'Cache-Control': 'no-cache'
    'Pragma': 'no-cache'
    'Transfer-Encoding': 'chunked'
    'Content-Type': 'application/json; charset=utf-8'
    'Content-Encoding': 'REDACTED'
    'Expires': '-1'
    'Vary': 'REDACTED'
    'x-ms-correlation-request-id': 'REDACTED'
    'Server': 'Kestrel'
    'x-ms-ratelimit-remaining-subscription-reads': 'REDACTED'
    'x-ms-request-id': 'dc10c229-6884-40b0-be50-ebbfd9c9fd86'
    'x-ms-routing-request-id': 'REDACTED'
    'Strict-Transport-Security': 'REDACTED'
    'X-Content-Type-Options': 'REDACTED'
    'Date': 'Tue, 24 Jan 2023 15:02:47 GMT'
[2023-01-24T12:02:47.149-0300] {data_factory.py:774} INFO - Current status of pipeline run 02630fb2-9bf8-11ed-a50b-05e3ce77118f: Succeeded
[2023-01-24T12:02:47.149-0300] {data_factory.py:182} INFO - Pipeline run 02630fb2-9bf8-11ed-a50b-05e3ce77118f has completed successfully.
[2023-01-24T12:02:47.152-0300] {logging_mixin.py:137} WARNING - /home/airflow/.local/lib/python3.10/site-packages/airflow/models/baseoperator.py:1393 RemovedInAirflow3Warning: Passing 'execution_date' to 'TaskInstance.xcom_push()' is deprecated.
[2023-01-24T12:02:48.329-0300] {taskinstance.py:1322} INFO - Marking task as SUCCESS. dag_id=raw_opt_t_produto, task_id=run_adf_pipeline, execution_date=20230123T150000, start_date=20230124T150132, end_date=20230124T150248
[2023-01-24T12:02:49.479-0300] {local_task_job.py:159} INFO - Task exited with return code 0
[2023-01-24T12:02:53.091-0300] {taskinstance.py:2582} INFO - 0 downstream tasks scheduled from follow-on schedule check
