[2023-01-25T12:01:31.348-0300] {taskinstance.py:1087} INFO - Dependencies all met for <TaskInstance: raw_opt_t_pessoafisica.run_adf_pipeline scheduled__2023-01-24T15:00:00+00:00 [queued]>
[2023-01-25T12:01:31.765-0300] {taskinstance.py:1087} INFO - Dependencies all met for <TaskInstance: raw_opt_t_pessoafisica.run_adf_pipeline scheduled__2023-01-24T15:00:00+00:00 [queued]>
[2023-01-25T12:01:31.766-0300] {taskinstance.py:1283} INFO - 
--------------------------------------------------------------------------------
[2023-01-25T12:01:31.766-0300] {taskinstance.py:1284} INFO - Starting attempt 1 of 1
[2023-01-25T12:01:31.766-0300] {taskinstance.py:1285} INFO - 
--------------------------------------------------------------------------------
[2023-01-25T12:01:32.384-0300] {taskinstance.py:1304} INFO - Executing <Task(AzureDataFactoryRunPipelineOperator): run_adf_pipeline> on 2023-01-24 15:00:00+00:00
[2023-01-25T12:01:32.390-0300] {standard_task_runner.py:55} INFO - Started process 1739623 to run task
[2023-01-25T12:01:32.394-0300] {standard_task_runner.py:82} INFO - Running: ['airflow', 'tasks', 'run', 'raw_opt_t_pessoafisica', 'run_adf_pipeline', 'scheduled__2023-01-24T15:00:00+00:00', '--job-id', '1367', '--raw', '--subdir', 'DAGS_FOLDER/raw/dock_opt/raw_opt_t_pessoafisica.py', '--cfg-path', '/tmp/tmp9xe30wpm']
[2023-01-25T12:01:32.398-0300] {standard_task_runner.py:83} INFO - Job 1367: Subtask run_adf_pipeline
[2023-01-25T12:01:35.410-0300] {task_command.py:389} INFO - Running <TaskInstance: raw_opt_t_pessoafisica.run_adf_pipeline scheduled__2023-01-24T15:00:00+00:00 [running]> on host vm-airflow-01
[2023-01-25T12:01:43.274-0300] {taskinstance.py:1511} INFO - Exporting the following env vars:
AIRFLOW_CTX_DAG_OWNER=matheus.rodrigues@fortbrasil.com.br
AIRFLOW_CTX_DAG_ID=raw_opt_t_pessoafisica
AIRFLOW_CTX_TASK_ID=run_adf_pipeline
AIRFLOW_CTX_EXECUTION_DATE=2023-01-24T15:00:00+00:00
AIRFLOW_CTX_TRY_NUMBER=1
AIRFLOW_CTX_DAG_RUN_ID=scheduled__2023-01-24T15:00:00+00:00
[2023-01-25T12:01:43.275-0300] {data_factory.py:154} INFO - Executing the cp_opt_to_datalake pipeline.
[2023-01-25T12:01:43.828-0300] {base.py:73} INFO - Using connection ID 'adf' for task execution.
[2023-01-25T12:01:44.328-0300] {base.py:73} INFO - Using connection ID 'adf' for task execution.
[2023-01-25T12:01:44.823-0300] {base.py:73} INFO - Using connection ID 'adf' for task execution.
[2023-01-25T12:01:44.831-0300] {_universal.py:526} INFO - Request URL: 'https://login.microsoftonline.com:443/d47e09d1-17c6-4a6f-b65c-d49d61e186a2/v2.0/.well-known/openid-configuration'
Request method: 'GET'
Request headers:
    'User-Agent': 'azsdk-python-identity/1.12.0 Python/3.10.6 (Linux-5.15.0-58-generic-x86_64-with-glibc2.35)'
No body was attached to the request
[2023-01-25T12:01:45.264-0300] {_universal.py:554} INFO - Response status: 200
Response headers:
    'Cache-Control': 'max-age=86400, private'
    'Content-Type': 'application/json; charset=utf-8'
    'Strict-Transport-Security': 'REDACTED'
    'X-Content-Type-Options': 'REDACTED'
    'Access-Control-Allow-Origin': 'REDACTED'
    'Access-Control-Allow-Methods': 'REDACTED'
    'P3P': 'REDACTED'
    'x-ms-request-id': 'da353c1f-83ec-4d3b-ac4f-e06dd81a2200'
    'x-ms-ests-server': 'REDACTED'
    'X-XSS-Protection': 'REDACTED'
    'Set-Cookie': 'REDACTED'
    'Date': 'Wed, 25 Jan 2023 15:01:44 GMT'
    'Content-Length': '1753'
[2023-01-25T12:01:45.266-0300] {_universal.py:526} INFO - Request URL: 'https://login.microsoftonline.com/common/discovery/instance?api-version=REDACTED&authorization_endpoint=REDACTED'
Request method: 'GET'
Request headers:
    'Accept': 'application/json'
    'User-Agent': 'azsdk-python-identity/1.12.0 Python/3.10.6 (Linux-5.15.0-58-generic-x86_64-with-glibc2.35)'
No body was attached to the request
[2023-01-25T12:01:45.455-0300] {_universal.py:554} INFO - Response status: 200
Response headers:
    'Cache-Control': 'max-age=86400, private'
    'Content-Type': 'application/json; charset=utf-8'
    'Strict-Transport-Security': 'REDACTED'
    'X-Content-Type-Options': 'REDACTED'
    'Access-Control-Allow-Origin': 'REDACTED'
    'Access-Control-Allow-Methods': 'REDACTED'
    'P3P': 'REDACTED'
    'x-ms-request-id': '8c4ac882-4768-4478-bcdb-0cf96b9e7b00'
    'x-ms-ests-server': 'REDACTED'
    'X-XSS-Protection': 'REDACTED'
    'Set-Cookie': 'REDACTED'
    'Date': 'Wed, 25 Jan 2023 15:01:44 GMT'
    'Content-Length': '945'
[2023-01-25T12:01:45.457-0300] {_universal.py:523} INFO - Request URL: 'https://login.microsoftonline.com/d47e09d1-17c6-4a6f-b65c-d49d61e186a2/oauth2/v2.0/token'
Request method: 'POST'
Request headers:
    'Accept': 'application/json'
    'x-client-sku': 'REDACTED'
    'x-client-ver': 'REDACTED'
    'x-client-os': 'REDACTED'
    'x-client-cpu': 'REDACTED'
    'x-ms-lib-capability': 'REDACTED'
    'client-request-id': 'REDACTED'
    'x-client-current-telemetry': 'REDACTED'
    'x-client-last-telemetry': 'REDACTED'
    'User-Agent': 'azsdk-python-identity/1.12.0 Python/3.10.6 (Linux-5.15.0-58-generic-x86_64-with-glibc2.35)'
A body is sent with the request
[2023-01-25T12:01:45.763-0300] {_universal.py:554} INFO - Response status: 200
Response headers:
    'Cache-Control': 'no-store, no-cache'
    'Pragma': 'no-cache'
    'Content-Type': 'application/json; charset=utf-8'
    'Expires': '-1'
    'Strict-Transport-Security': 'REDACTED'
    'X-Content-Type-Options': 'REDACTED'
    'P3P': 'REDACTED'
    'client-request-id': 'REDACTED'
    'x-ms-request-id': 'fd6e762c-380b-496c-ba52-25718e329000'
    'x-ms-ests-server': 'REDACTED'
    'x-ms-clitelem': 'REDACTED'
    'X-XSS-Protection': 'REDACTED'
    'Set-Cookie': 'REDACTED'
    'Date': 'Wed, 25 Jan 2023 15:01:45 GMT'
    'Content-Length': '1391'
[2023-01-25T12:01:45.764-0300] {get_token_mixin.py:77} INFO - ClientSecretCredential.get_token succeeded
[2023-01-25T12:01:45.765-0300] {_universal.py:523} INFO - Request URL: 'https://management.azure.com/subscriptions/5e5642ec-dd71-4e9a-a29e-58effbf39209/resourceGroups/rg-mdw-hml-fb/providers/Microsoft.DataFactory/factories/adf-mdw-hml-fb/pipelines/cp_opt_to_datalake/createRun?api-version=REDACTED'
Request method: 'POST'
Request headers:
    'Content-Type': 'application/json'
    'Accept': 'application/json'
    'Content-Length': '132'
    'x-ms-client-request-id': '2eedca8a-9cc1-11ed-a50b-05e3ce77118f'
    'User-Agent': 'azsdk-python-mgmt-datafactory/1.1.0 Python/3.10.6 (Linux-5.15.0-58-generic-x86_64-with-glibc2.35)'
    'Authorization': 'REDACTED'
A body is sent with the request
[2023-01-25T12:01:47.587-0300] {_universal.py:554} INFO - Response status: 200
Response headers:
    'Cache-Control': 'no-cache'
    'Pragma': 'no-cache'
    'Transfer-Encoding': 'chunked'
    'Content-Type': 'application/json; charset=utf-8'
    'Content-Encoding': 'REDACTED'
    'Expires': '-1'
    'Vary': 'REDACTED'
    'x-ms-correlation-request-id': 'REDACTED'
    'Server': 'Kestrel'
    'x-ms-ratelimit-remaining-subscription-writes': 'REDACTED'
    'x-ms-request-id': '7ac6c711-f14c-49a0-abd0-862e77be8026'
    'x-ms-routing-request-id': 'REDACTED'
    'Strict-Transport-Security': 'REDACTED'
    'X-Content-Type-Options': 'REDACTED'
    'Date': 'Wed, 25 Jan 2023 15:01:47 GMT'
[2023-01-25T12:01:48.303-0300] {data_factory.py:172} INFO - Waiting for pipeline run 2eedca8a-9cc1-11ed-a50b-05e3ce77118f to terminate.
[2023-01-25T12:01:48.304-0300] {data_factory.py:768} INFO - Getting the status of run ID 2eedca8a-9cc1-11ed-a50b-05e3ce77118f.
[2023-01-25T12:01:48.910-0300] {base.py:73} INFO - Using connection ID 'adf' for task execution.
[2023-01-25T12:01:49.410-0300] {base.py:73} INFO - Using connection ID 'adf' for task execution.
[2023-01-25T12:01:49.412-0300] {_universal.py:526} INFO - Request URL: 'https://management.azure.com/subscriptions/5e5642ec-dd71-4e9a-a29e-58effbf39209/resourceGroups/rg-mdw-hml-fb/providers/Microsoft.DataFactory/factories/adf-mdw-hml-fb/pipelineruns/2eedca8a-9cc1-11ed-a50b-05e3ce77118f?api-version=REDACTED'
Request method: 'GET'
Request headers:
    'Accept': 'application/json'
    'x-ms-client-request-id': '31a8da80-9cc1-11ed-a50b-05e3ce77118f'
    'User-Agent': 'azsdk-python-mgmt-datafactory/1.1.0 Python/3.10.6 (Linux-5.15.0-58-generic-x86_64-with-glibc2.35)'
    'Authorization': 'REDACTED'
No body was attached to the request
[2023-01-25T12:01:49.600-0300] {_universal.py:554} INFO - Response status: 200
Response headers:
    'Cache-Control': 'no-cache'
    'Pragma': 'no-cache'
    'Transfer-Encoding': 'chunked'
    'Content-Type': 'application/json; charset=utf-8'
    'Content-Encoding': 'REDACTED'
    'Expires': '-1'
    'Vary': 'REDACTED'
    'x-ms-correlation-request-id': 'REDACTED'
    'Server': 'Kestrel'
    'x-ms-ratelimit-remaining-subscription-reads': 'REDACTED'
    'x-ms-request-id': '13025d06-3a5d-4546-8a11-8e2a0600e110'
    'x-ms-routing-request-id': 'REDACTED'
    'Strict-Transport-Security': 'REDACTED'
    'X-Content-Type-Options': 'REDACTED'
    'Date': 'Wed, 25 Jan 2023 15:01:48 GMT'
[2023-01-25T12:01:49.607-0300] {data_factory.py:774} INFO - Current status of pipeline run 2eedca8a-9cc1-11ed-a50b-05e3ce77118f: InProgress
[2023-01-25T12:02:49.664-0300] {data_factory.py:768} INFO - Getting the status of run ID 2eedca8a-9cc1-11ed-a50b-05e3ce77118f.
[2023-01-25T12:02:50.156-0300] {base.py:73} INFO - Using connection ID 'adf' for task execution.
[2023-01-25T12:02:50.652-0300] {base.py:73} INFO - Using connection ID 'adf' for task execution.
[2023-01-25T12:02:50.654-0300] {_universal.py:526} INFO - Request URL: 'https://management.azure.com/subscriptions/5e5642ec-dd71-4e9a-a29e-58effbf39209/resourceGroups/rg-mdw-hml-fb/providers/Microsoft.DataFactory/factories/adf-mdw-hml-fb/pipelineruns/2eedca8a-9cc1-11ed-a50b-05e3ce77118f?api-version=REDACTED'
Request method: 'GET'
Request headers:
    'Accept': 'application/json'
    'x-ms-client-request-id': '56299200-9cc1-11ed-a50b-05e3ce77118f'
    'User-Agent': 'azsdk-python-mgmt-datafactory/1.1.0 Python/3.10.6 (Linux-5.15.0-58-generic-x86_64-with-glibc2.35)'
    'Authorization': 'REDACTED'
No body was attached to the request
[2023-01-25T12:02:50.827-0300] {_universal.py:554} INFO - Response status: 200
Response headers:
    'Cache-Control': 'no-cache'
    'Pragma': 'no-cache'
    'Transfer-Encoding': 'chunked'
    'Content-Type': 'application/json; charset=utf-8'
    'Content-Encoding': 'REDACTED'
    'Expires': '-1'
    'Vary': 'REDACTED'
    'x-ms-correlation-request-id': 'REDACTED'
    'Server': 'Kestrel'
    'x-ms-ratelimit-remaining-subscription-reads': 'REDACTED'
    'x-ms-request-id': '7209f86d-dfdf-4937-a54c-dda0ed47ebb9'
    'x-ms-routing-request-id': 'REDACTED'
    'Strict-Transport-Security': 'REDACTED'
    'X-Content-Type-Options': 'REDACTED'
    'Date': 'Wed, 25 Jan 2023 15:02:50 GMT'
[2023-01-25T12:02:50.828-0300] {data_factory.py:774} INFO - Current status of pipeline run 2eedca8a-9cc1-11ed-a50b-05e3ce77118f: InProgress
[2023-01-25T12:03:50.886-0300] {data_factory.py:768} INFO - Getting the status of run ID 2eedca8a-9cc1-11ed-a50b-05e3ce77118f.
[2023-01-25T12:03:51.407-0300] {base.py:73} INFO - Using connection ID 'adf' for task execution.
[2023-01-25T12:03:51.898-0300] {base.py:73} INFO - Using connection ID 'adf' for task execution.
[2023-01-25T12:03:51.900-0300] {_universal.py:526} INFO - Request URL: 'https://management.azure.com/subscriptions/5e5642ec-dd71-4e9a-a29e-58effbf39209/resourceGroups/rg-mdw-hml-fb/providers/Microsoft.DataFactory/factories/adf-mdw-hml-fb/pipelineruns/2eedca8a-9cc1-11ed-a50b-05e3ce77118f?api-version=REDACTED'
Request method: 'GET'
Request headers:
    'Accept': 'application/json'
    'x-ms-client-request-id': '7aab00be-9cc1-11ed-a50b-05e3ce77118f'
    'User-Agent': 'azsdk-python-mgmt-datafactory/1.1.0 Python/3.10.6 (Linux-5.15.0-58-generic-x86_64-with-glibc2.35)'
    'Authorization': 'REDACTED'
No body was attached to the request
[2023-01-25T12:03:52.106-0300] {_universal.py:554} INFO - Response status: 200
Response headers:
    'Cache-Control': 'no-cache'
    'Pragma': 'no-cache'
    'Transfer-Encoding': 'chunked'
    'Content-Type': 'application/json; charset=utf-8'
    'Content-Encoding': 'REDACTED'
    'Expires': '-1'
    'Vary': 'REDACTED'
    'x-ms-correlation-request-id': 'REDACTED'
    'Server': 'Kestrel'
    'x-ms-ratelimit-remaining-subscription-reads': 'REDACTED'
    'x-ms-request-id': 'c85ab44d-8ed4-43de-b3d2-fb1e668ce294'
    'x-ms-routing-request-id': 'REDACTED'
    'Strict-Transport-Security': 'REDACTED'
    'X-Content-Type-Options': 'REDACTED'
    'Date': 'Wed, 25 Jan 2023 15:03:51 GMT'
[2023-01-25T12:03:52.107-0300] {data_factory.py:774} INFO - Current status of pipeline run 2eedca8a-9cc1-11ed-a50b-05e3ce77118f: InProgress
[2023-01-25T12:04:52.160-0300] {data_factory.py:768} INFO - Getting the status of run ID 2eedca8a-9cc1-11ed-a50b-05e3ce77118f.
[2023-01-25T12:04:52.711-0300] {base.py:73} INFO - Using connection ID 'adf' for task execution.
[2023-01-25T12:04:53.274-0300] {base.py:73} INFO - Using connection ID 'adf' for task execution.
[2023-01-25T12:04:53.276-0300] {_universal.py:526} INFO - Request URL: 'https://management.azure.com/subscriptions/5e5642ec-dd71-4e9a-a29e-58effbf39209/resourceGroups/rg-mdw-hml-fb/providers/Microsoft.DataFactory/factories/adf-mdw-hml-fb/pipelineruns/2eedca8a-9cc1-11ed-a50b-05e3ce77118f?api-version=REDACTED'
Request method: 'GET'
Request headers:
    'Accept': 'application/json'
    'x-ms-client-request-id': '9f403bc4-9cc1-11ed-a50b-05e3ce77118f'
    'User-Agent': 'azsdk-python-mgmt-datafactory/1.1.0 Python/3.10.6 (Linux-5.15.0-58-generic-x86_64-with-glibc2.35)'
    'Authorization': 'REDACTED'
No body was attached to the request
[2023-01-25T12:04:53.446-0300] {_universal.py:554} INFO - Response status: 200
Response headers:
    'Cache-Control': 'no-cache'
    'Pragma': 'no-cache'
    'Transfer-Encoding': 'chunked'
    'Content-Type': 'application/json; charset=utf-8'
    'Content-Encoding': 'REDACTED'
    'Expires': '-1'
    'Vary': 'REDACTED'
    'x-ms-correlation-request-id': 'REDACTED'
    'Server': 'Kestrel'
    'x-ms-ratelimit-remaining-subscription-reads': 'REDACTED'
    'x-ms-request-id': '9037cfc4-3e21-42ea-890c-501ca656e30a'
    'x-ms-routing-request-id': 'REDACTED'
    'Strict-Transport-Security': 'REDACTED'
    'X-Content-Type-Options': 'REDACTED'
    'Date': 'Wed, 25 Jan 2023 15:04:53 GMT'
[2023-01-25T12:04:53.447-0300] {data_factory.py:774} INFO - Current status of pipeline run 2eedca8a-9cc1-11ed-a50b-05e3ce77118f: InProgress
[2023-01-25T12:05:53.448-0300] {data_factory.py:768} INFO - Getting the status of run ID 2eedca8a-9cc1-11ed-a50b-05e3ce77118f.
[2023-01-25T12:05:53.943-0300] {base.py:73} INFO - Using connection ID 'adf' for task execution.
[2023-01-25T12:05:54.487-0300] {base.py:73} INFO - Using connection ID 'adf' for task execution.
[2023-01-25T12:05:54.489-0300] {_universal.py:526} INFO - Request URL: 'https://management.azure.com/subscriptions/5e5642ec-dd71-4e9a-a29e-58effbf39209/resourceGroups/rg-mdw-hml-fb/providers/Microsoft.DataFactory/factories/adf-mdw-hml-fb/pipelineruns/2eedca8a-9cc1-11ed-a50b-05e3ce77118f?api-version=REDACTED'
Request method: 'GET'
Request headers:
    'Accept': 'application/json'
    'x-ms-client-request-id': 'c3bc975e-9cc1-11ed-a50b-05e3ce77118f'
    'User-Agent': 'azsdk-python-mgmt-datafactory/1.1.0 Python/3.10.6 (Linux-5.15.0-58-generic-x86_64-with-glibc2.35)'
    'Authorization': 'REDACTED'
No body was attached to the request
[2023-01-25T12:05:54.665-0300] {_universal.py:554} INFO - Response status: 200
Response headers:
    'Cache-Control': 'no-cache'
    'Pragma': 'no-cache'
    'Transfer-Encoding': 'chunked'
    'Content-Type': 'application/json; charset=utf-8'
    'Content-Encoding': 'REDACTED'
    'Expires': '-1'
    'Vary': 'REDACTED'
    'x-ms-correlation-request-id': 'REDACTED'
    'Server': 'Kestrel'
    'x-ms-ratelimit-remaining-subscription-reads': 'REDACTED'
    'x-ms-request-id': 'cb73f7cd-630f-4c44-a3e9-54374d3a88b8'
    'x-ms-routing-request-id': 'REDACTED'
    'Strict-Transport-Security': 'REDACTED'
    'X-Content-Type-Options': 'REDACTED'
    'Date': 'Wed, 25 Jan 2023 15:05:54 GMT'
[2023-01-25T12:05:54.665-0300] {data_factory.py:774} INFO - Current status of pipeline run 2eedca8a-9cc1-11ed-a50b-05e3ce77118f: InProgress
[2023-01-25T12:06:54.726-0300] {data_factory.py:768} INFO - Getting the status of run ID 2eedca8a-9cc1-11ed-a50b-05e3ce77118f.
[2023-01-25T12:06:55.256-0300] {base.py:73} INFO - Using connection ID 'adf' for task execution.
[2023-01-25T12:06:55.760-0300] {base.py:73} INFO - Using connection ID 'adf' for task execution.
[2023-01-25T12:06:55.762-0300] {_universal.py:526} INFO - Request URL: 'https://management.azure.com/subscriptions/5e5642ec-dd71-4e9a-a29e-58effbf39209/resourceGroups/rg-mdw-hml-fb/providers/Microsoft.DataFactory/factories/adf-mdw-hml-fb/pipelineruns/2eedca8a-9cc1-11ed-a50b-05e3ce77118f?api-version=REDACTED'
Request method: 'GET'
Request headers:
    'Accept': 'application/json'
    'x-ms-client-request-id': 'e8420690-9cc1-11ed-a50b-05e3ce77118f'
    'User-Agent': 'azsdk-python-mgmt-datafactory/1.1.0 Python/3.10.6 (Linux-5.15.0-58-generic-x86_64-with-glibc2.35)'
    'Authorization': 'REDACTED'
No body was attached to the request
[2023-01-25T12:06:55.968-0300] {_universal.py:554} INFO - Response status: 200
Response headers:
    'Cache-Control': 'no-cache'
    'Pragma': 'no-cache'
    'Transfer-Encoding': 'chunked'
    'Content-Type': 'application/json; charset=utf-8'
    'Content-Encoding': 'REDACTED'
    'Expires': '-1'
    'Vary': 'REDACTED'
    'x-ms-correlation-request-id': 'REDACTED'
    'Server': 'Kestrel'
    'x-ms-ratelimit-remaining-subscription-reads': 'REDACTED'
    'x-ms-request-id': '8cd19c4b-01d9-4d37-bbf6-0ce0c1386cd5'
    'x-ms-routing-request-id': 'REDACTED'
    'Strict-Transport-Security': 'REDACTED'
    'X-Content-Type-Options': 'REDACTED'
    'Date': 'Wed, 25 Jan 2023 15:06:55 GMT'
[2023-01-25T12:06:55.968-0300] {data_factory.py:774} INFO - Current status of pipeline run 2eedca8a-9cc1-11ed-a50b-05e3ce77118f: InProgress
[2023-01-25T12:07:56.029-0300] {data_factory.py:768} INFO - Getting the status of run ID 2eedca8a-9cc1-11ed-a50b-05e3ce77118f.
[2023-01-25T12:07:56.519-0300] {base.py:73} INFO - Using connection ID 'adf' for task execution.
[2023-01-25T12:07:57.027-0300] {base.py:73} INFO - Using connection ID 'adf' for task execution.
[2023-01-25T12:07:57.029-0300] {_universal.py:526} INFO - Request URL: 'https://management.azure.com/subscriptions/5e5642ec-dd71-4e9a-a29e-58effbf39209/resourceGroups/rg-mdw-hml-fb/providers/Microsoft.DataFactory/factories/adf-mdw-hml-fb/pipelineruns/2eedca8a-9cc1-11ed-a50b-05e3ce77118f?api-version=REDACTED'
Request method: 'GET'
Request headers:
    'Accept': 'application/json'
    'x-ms-client-request-id': '0cc6aea8-9cc2-11ed-a50b-05e3ce77118f'
    'User-Agent': 'azsdk-python-mgmt-datafactory/1.1.0 Python/3.10.6 (Linux-5.15.0-58-generic-x86_64-with-glibc2.35)'
    'Authorization': 'REDACTED'
No body was attached to the request
[2023-01-25T12:07:57.189-0300] {_universal.py:554} INFO - Response status: 200
Response headers:
    'Cache-Control': 'no-cache'
    'Pragma': 'no-cache'
    'Transfer-Encoding': 'chunked'
    'Content-Type': 'application/json; charset=utf-8'
    'Content-Encoding': 'REDACTED'
    'Expires': '-1'
    'Vary': 'REDACTED'
    'x-ms-correlation-request-id': 'REDACTED'
    'Server': 'Kestrel'
    'x-ms-ratelimit-remaining-subscription-reads': 'REDACTED'
    'x-ms-request-id': '31d4f8de-c5d4-419a-b4da-a95bfc3eedd4'
    'x-ms-routing-request-id': 'REDACTED'
    'Strict-Transport-Security': 'REDACTED'
    'X-Content-Type-Options': 'REDACTED'
    'Date': 'Wed, 25 Jan 2023 15:07:56 GMT'
[2023-01-25T12:07:57.190-0300] {data_factory.py:774} INFO - Current status of pipeline run 2eedca8a-9cc1-11ed-a50b-05e3ce77118f: InProgress
[2023-01-25T12:08:57.248-0300] {data_factory.py:768} INFO - Getting the status of run ID 2eedca8a-9cc1-11ed-a50b-05e3ce77118f.
[2023-01-25T12:08:57.747-0300] {base.py:73} INFO - Using connection ID 'adf' for task execution.
[2023-01-25T12:08:58.250-0300] {base.py:73} INFO - Using connection ID 'adf' for task execution.
[2023-01-25T12:08:58.252-0300] {_universal.py:526} INFO - Request URL: 'https://management.azure.com/subscriptions/5e5642ec-dd71-4e9a-a29e-58effbf39209/resourceGroups/rg-mdw-hml-fb/providers/Microsoft.DataFactory/factories/adf-mdw-hml-fb/pipelineruns/2eedca8a-9cc1-11ed-a50b-05e3ce77118f?api-version=REDACTED'
Request method: 'GET'
Request headers:
    'Accept': 'application/json'
    'x-ms-client-request-id': '3144a69a-9cc2-11ed-a50b-05e3ce77118f'
    'User-Agent': 'azsdk-python-mgmt-datafactory/1.1.0 Python/3.10.6 (Linux-5.15.0-58-generic-x86_64-with-glibc2.35)'
    'Authorization': 'REDACTED'
No body was attached to the request
[2023-01-25T12:08:58.454-0300] {_universal.py:554} INFO - Response status: 200
Response headers:
    'Cache-Control': 'no-cache'
    'Pragma': 'no-cache'
    'Transfer-Encoding': 'chunked'
    'Content-Type': 'application/json; charset=utf-8'
    'Content-Encoding': 'REDACTED'
    'Expires': '-1'
    'Vary': 'REDACTED'
    'x-ms-correlation-request-id': 'REDACTED'
    'Server': 'Kestrel'
    'x-ms-ratelimit-remaining-subscription-reads': 'REDACTED'
    'x-ms-request-id': '98e17028-fbbe-4ae7-a14d-8eb2af45bdc8'
    'x-ms-routing-request-id': 'REDACTED'
    'Strict-Transport-Security': 'REDACTED'
    'X-Content-Type-Options': 'REDACTED'
    'Date': 'Wed, 25 Jan 2023 15:08:57 GMT'
[2023-01-25T12:08:58.455-0300] {data_factory.py:774} INFO - Current status of pipeline run 2eedca8a-9cc1-11ed-a50b-05e3ce77118f: InProgress
[2023-01-25T12:09:58.512-0300] {data_factory.py:768} INFO - Getting the status of run ID 2eedca8a-9cc1-11ed-a50b-05e3ce77118f.
[2023-01-25T12:09:59.044-0300] {base.py:73} INFO - Using connection ID 'adf' for task execution.
[2023-01-25T12:09:59.570-0300] {base.py:73} INFO - Using connection ID 'adf' for task execution.
[2023-01-25T12:09:59.571-0300] {_universal.py:526} INFO - Request URL: 'https://management.azure.com/subscriptions/5e5642ec-dd71-4e9a-a29e-58effbf39209/resourceGroups/rg-mdw-hml-fb/providers/Microsoft.DataFactory/factories/adf-mdw-hml-fb/pipelineruns/2eedca8a-9cc1-11ed-a50b-05e3ce77118f?api-version=REDACTED'
Request method: 'GET'
Request headers:
    'Accept': 'application/json'
    'x-ms-client-request-id': '55d138d4-9cc2-11ed-a50b-05e3ce77118f'
    'User-Agent': 'azsdk-python-mgmt-datafactory/1.1.0 Python/3.10.6 (Linux-5.15.0-58-generic-x86_64-with-glibc2.35)'
    'Authorization': 'REDACTED'
No body was attached to the request
[2023-01-25T12:09:59.734-0300] {_universal.py:554} INFO - Response status: 200
Response headers:
    'Cache-Control': 'no-cache'
    'Pragma': 'no-cache'
    'Transfer-Encoding': 'chunked'
    'Content-Type': 'application/json; charset=utf-8'
    'Content-Encoding': 'REDACTED'
    'Expires': '-1'
    'Vary': 'REDACTED'
    'x-ms-correlation-request-id': 'REDACTED'
    'Server': 'Kestrel'
    'x-ms-ratelimit-remaining-subscription-reads': 'REDACTED'
    'x-ms-request-id': '2983e194-a96a-47de-9f82-55a85770f794'
    'x-ms-routing-request-id': 'REDACTED'
    'Strict-Transport-Security': 'REDACTED'
    'X-Content-Type-Options': 'REDACTED'
    'Date': 'Wed, 25 Jan 2023 15:09:58 GMT'
[2023-01-25T12:09:59.735-0300] {data_factory.py:774} INFO - Current status of pipeline run 2eedca8a-9cc1-11ed-a50b-05e3ce77118f: Succeeded
[2023-01-25T12:09:59.735-0300] {data_factory.py:182} INFO - Pipeline run 2eedca8a-9cc1-11ed-a50b-05e3ce77118f has completed successfully.
[2023-01-25T12:09:59.739-0300] {logging_mixin.py:137} WARNING - /home/airflow/.local/lib/python3.10/site-packages/airflow/models/baseoperator.py:1393 RemovedInAirflow3Warning: Passing 'execution_date' to 'TaskInstance.xcom_push()' is deprecated.
[2023-01-25T12:10:00.924-0300] {taskinstance.py:1322} INFO - Marking task as SUCCESS. dag_id=raw_opt_t_pessoafisica, task_id=run_adf_pipeline, execution_date=20230124T150000, start_date=20230125T150131, end_date=20230125T151000
[2023-01-25T12:10:01.986-0300] {local_task_job.py:159} INFO - Task exited with return code 0
[2023-01-25T12:10:02.571-0300] {taskinstance.py:2582} INFO - 0 downstream tasks scheduled from follow-on schedule check
