[2023-01-21T16:06:08.275-0300] {taskinstance.py:1087} INFO - Dependencies all met for <TaskInstance: raw_opt_t_produto.run_adf_pipeline scheduled__2023-01-20T15:00:00+00:00 [queued]>
[2023-01-21T16:06:08.654-0300] {taskinstance.py:1087} INFO - Dependencies all met for <TaskInstance: raw_opt_t_produto.run_adf_pipeline scheduled__2023-01-20T15:00:00+00:00 [queued]>
[2023-01-21T16:06:08.654-0300] {taskinstance.py:1283} INFO - 
--------------------------------------------------------------------------------
[2023-01-21T16:06:08.655-0300] {taskinstance.py:1284} INFO - Starting attempt 1 of 1
[2023-01-21T16:06:08.655-0300] {taskinstance.py:1285} INFO - 
--------------------------------------------------------------------------------
[2023-01-21T16:06:09.252-0300] {taskinstance.py:1304} INFO - Executing <Task(AzureDataFactoryRunPipelineOperator): run_adf_pipeline> on 2023-01-20 15:00:00+00:00
[2023-01-21T16:06:09.258-0300] {standard_task_runner.py:55} INFO - Started process 684434 to run task
[2023-01-21T16:06:09.263-0300] {standard_task_runner.py:82} INFO - Running: ['airflow', 'tasks', 'run', 'raw_opt_t_produto', 'run_adf_pipeline', 'scheduled__2023-01-20T15:00:00+00:00', '--job-id', '1128', '--raw', '--subdir', 'DAGS_FOLDER/raw/dock_opt/raw_opt_t_produto.py', '--cfg-path', '/tmp/tmpdqmi3kx6']
[2023-01-21T16:06:09.266-0300] {standard_task_runner.py:83} INFO - Job 1128: Subtask run_adf_pipeline
[2023-01-21T16:06:12.325-0300] {task_command.py:389} INFO - Running <TaskInstance: raw_opt_t_produto.run_adf_pipeline scheduled__2023-01-20T15:00:00+00:00 [running]> on host vm-airflow-01
[2023-01-21T16:06:15.148-0300] {taskinstance.py:1511} INFO - Exporting the following env vars:
AIRFLOW_CTX_DAG_OWNER=matheus.rodrigues@fortbrasil.com.br
AIRFLOW_CTX_DAG_ID=raw_opt_t_produto
AIRFLOW_CTX_TASK_ID=run_adf_pipeline
AIRFLOW_CTX_EXECUTION_DATE=2023-01-20T15:00:00+00:00
AIRFLOW_CTX_TRY_NUMBER=1
AIRFLOW_CTX_DAG_RUN_ID=scheduled__2023-01-20T15:00:00+00:00
[2023-01-21T16:06:15.149-0300] {data_factory.py:154} INFO - Executing the cp_opt_to_datalake pipeline.
[2023-01-21T16:06:15.657-0300] {base.py:73} INFO - Using connection ID 'adf' for task execution.
[2023-01-21T16:06:16.161-0300] {base.py:73} INFO - Using connection ID 'adf' for task execution.
[2023-01-21T16:06:16.654-0300] {base.py:73} INFO - Using connection ID 'adf' for task execution.
[2023-01-21T16:06:16.663-0300] {_universal.py:526} INFO - Request URL: 'https://login.microsoftonline.com:443/d47e09d1-17c6-4a6f-b65c-d49d61e186a2/v2.0/.well-known/openid-configuration'
Request method: 'GET'
Request headers:
    'User-Agent': 'azsdk-python-identity/1.12.0 Python/3.10.6 (Linux-5.15.0-58-generic-x86_64-with-glibc2.35)'
No body was attached to the request
[2023-01-21T16:06:17.110-0300] {_universal.py:554} INFO - Response status: 200
Response headers:
    'Cache-Control': 'max-age=86400, private'
    'Content-Type': 'application/json; charset=utf-8'
    'Strict-Transport-Security': 'REDACTED'
    'X-Content-Type-Options': 'REDACTED'
    'Access-Control-Allow-Origin': 'REDACTED'
    'Access-Control-Allow-Methods': 'REDACTED'
    'P3P': 'REDACTED'
    'x-ms-request-id': 'b3ed4a34-84cf-4393-8e0c-e3237e926f00'
    'x-ms-ests-server': 'REDACTED'
    'X-XSS-Protection': 'REDACTED'
    'Set-Cookie': 'REDACTED'
    'Date': 'Sat, 21 Jan 2023 19:06:16 GMT'
    'Content-Length': '1753'
[2023-01-21T16:06:17.111-0300] {_universal.py:526} INFO - Request URL: 'https://login.microsoftonline.com/common/discovery/instance?api-version=REDACTED&authorization_endpoint=REDACTED'
Request method: 'GET'
Request headers:
    'Accept': 'application/json'
    'User-Agent': 'azsdk-python-identity/1.12.0 Python/3.10.6 (Linux-5.15.0-58-generic-x86_64-with-glibc2.35)'
No body was attached to the request
[2023-01-21T16:06:17.310-0300] {_universal.py:554} INFO - Response status: 200
Response headers:
    'Cache-Control': 'max-age=86400, private'
    'Content-Type': 'application/json; charset=utf-8'
    'Strict-Transport-Security': 'REDACTED'
    'X-Content-Type-Options': 'REDACTED'
    'Access-Control-Allow-Origin': 'REDACTED'
    'Access-Control-Allow-Methods': 'REDACTED'
    'P3P': 'REDACTED'
    'x-ms-request-id': '00ce68bd-417a-4932-a547-fb2521551300'
    'x-ms-ests-server': 'REDACTED'
    'X-XSS-Protection': 'REDACTED'
    'Set-Cookie': 'REDACTED'
    'Date': 'Sat, 21 Jan 2023 19:06:16 GMT'
    'Content-Length': '945'
[2023-01-21T16:06:17.311-0300] {_universal.py:523} INFO - Request URL: 'https://login.microsoftonline.com/d47e09d1-17c6-4a6f-b65c-d49d61e186a2/oauth2/v2.0/token'
Request method: 'POST'
Request headers:
    'Accept': 'application/json'
    'x-client-sku': 'REDACTED'
    'x-client-ver': 'REDACTED'
    'x-client-os': 'REDACTED'
    'x-client-cpu': 'REDACTED'
    'x-ms-lib-capability': 'REDACTED'
    'client-request-id': 'REDACTED'
    'x-client-current-telemetry': 'REDACTED'
    'x-client-last-telemetry': 'REDACTED'
    'User-Agent': 'azsdk-python-identity/1.12.0 Python/3.10.6 (Linux-5.15.0-58-generic-x86_64-with-glibc2.35)'
A body is sent with the request
[2023-01-21T16:06:17.566-0300] {_universal.py:554} INFO - Response status: 200
Response headers:
    'Cache-Control': 'no-store, no-cache'
    'Pragma': 'no-cache'
    'Content-Type': 'application/json; charset=utf-8'
    'Expires': '-1'
    'Strict-Transport-Security': 'REDACTED'
    'X-Content-Type-Options': 'REDACTED'
    'P3P': 'REDACTED'
    'client-request-id': 'REDACTED'
    'x-ms-request-id': 'bdd2dbfb-53a4-47ee-a3c0-d071a6f80100'
    'x-ms-ests-server': 'REDACTED'
    'x-ms-clitelem': 'REDACTED'
    'X-XSS-Protection': 'REDACTED'
    'Set-Cookie': 'REDACTED'
    'Date': 'Sat, 21 Jan 2023 19:06:16 GMT'
    'Content-Length': '1391'
[2023-01-21T16:06:17.567-0300] {get_token_mixin.py:77} INFO - ClientSecretCredential.get_token succeeded
[2023-01-21T16:06:17.567-0300] {_universal.py:523} INFO - Request URL: 'https://management.azure.com/subscriptions/5e5642ec-dd71-4e9a-a29e-58effbf39209/resourceGroups/rg-mdw-hml-fb/providers/Microsoft.DataFactory/factories/adf-mdw-hml-fb/pipelines/cp_opt_to_datalake/createRun?api-version=REDACTED'
Request method: 'POST'
Request headers:
    'Content-Type': 'application/json'
    'Accept': 'application/json'
    'Content-Length': '117'
    'x-ms-client-request-id': 'ae5e9804-99be-11ed-a50b-05e3ce77118f'
    'User-Agent': 'azsdk-python-mgmt-datafactory/1.1.0 Python/3.10.6 (Linux-5.15.0-58-generic-x86_64-with-glibc2.35)'
    'Authorization': 'REDACTED'
A body is sent with the request
[2023-01-21T16:06:19.211-0300] {_universal.py:554} INFO - Response status: 200
Response headers:
    'Cache-Control': 'no-cache'
    'Pragma': 'no-cache'
    'Transfer-Encoding': 'chunked'
    'Content-Type': 'application/json; charset=utf-8'
    'Content-Encoding': 'REDACTED'
    'Expires': '-1'
    'Vary': 'REDACTED'
    'x-ms-correlation-request-id': 'REDACTED'
    'Server': 'Kestrel'
    'x-ms-ratelimit-remaining-subscription-writes': 'REDACTED'
    'x-ms-request-id': '4fa17032-0340-4522-8a48-ba3750886384'
    'x-ms-routing-request-id': 'REDACTED'
    'Strict-Transport-Security': 'REDACTED'
    'X-Content-Type-Options': 'REDACTED'
    'Date': 'Sat, 21 Jan 2023 19:06:18 GMT'
[2023-01-21T16:06:19.915-0300] {data_factory.py:172} INFO - Waiting for pipeline run ae5e9804-99be-11ed-a50b-05e3ce77118f to terminate.
[2023-01-21T16:06:19.915-0300] {data_factory.py:768} INFO - Getting the status of run ID ae5e9804-99be-11ed-a50b-05e3ce77118f.
[2023-01-21T16:06:20.415-0300] {base.py:73} INFO - Using connection ID 'adf' for task execution.
[2023-01-21T16:06:20.914-0300] {base.py:73} INFO - Using connection ID 'adf' for task execution.
[2023-01-21T16:06:20.916-0300] {_universal.py:526} INFO - Request URL: 'https://management.azure.com/subscriptions/5e5642ec-dd71-4e9a-a29e-58effbf39209/resourceGroups/rg-mdw-hml-fb/providers/Microsoft.DataFactory/factories/adf-mdw-hml-fb/pipelineruns/ae5e9804-99be-11ed-a50b-05e3ce77118f?api-version=REDACTED'
Request method: 'GET'
Request headers:
    'Accept': 'application/json'
    'x-ms-client-request-id': 'b0e7ac0a-99be-11ed-a50b-05e3ce77118f'
    'User-Agent': 'azsdk-python-mgmt-datafactory/1.1.0 Python/3.10.6 (Linux-5.15.0-58-generic-x86_64-with-glibc2.35)'
    'Authorization': 'REDACTED'
No body was attached to the request
[2023-01-21T16:06:21.026-0300] {_universal.py:554} INFO - Response status: 200
Response headers:
    'Cache-Control': 'no-cache'
    'Pragma': 'no-cache'
    'Transfer-Encoding': 'chunked'
    'Content-Type': 'application/json; charset=utf-8'
    'Content-Encoding': 'REDACTED'
    'Expires': '-1'
    'Vary': 'REDACTED'
    'x-ms-correlation-request-id': 'REDACTED'
    'Server': 'Kestrel'
    'x-ms-ratelimit-remaining-subscription-reads': 'REDACTED'
    'x-ms-request-id': 'b7b17d46-e097-48c2-97a1-978b3165ce3a'
    'x-ms-routing-request-id': 'REDACTED'
    'Strict-Transport-Security': 'REDACTED'
    'X-Content-Type-Options': 'REDACTED'
    'Date': 'Sat, 21 Jan 2023 19:06:20 GMT'
[2023-01-21T16:06:21.035-0300] {data_factory.py:774} INFO - Current status of pipeline run ae5e9804-99be-11ed-a50b-05e3ce77118f: InProgress
[2023-01-21T16:07:21.096-0300] {data_factory.py:768} INFO - Getting the status of run ID ae5e9804-99be-11ed-a50b-05e3ce77118f.
[2023-01-21T16:07:21.604-0300] {base.py:73} INFO - Using connection ID 'adf' for task execution.
[2023-01-21T16:07:22.133-0300] {base.py:73} INFO - Using connection ID 'adf' for task execution.
[2023-01-21T16:07:22.135-0300] {_universal.py:526} INFO - Request URL: 'https://management.azure.com/subscriptions/5e5642ec-dd71-4e9a-a29e-58effbf39209/resourceGroups/rg-mdw-hml-fb/providers/Microsoft.DataFactory/factories/adf-mdw-hml-fb/pipelineruns/ae5e9804-99be-11ed-a50b-05e3ce77118f?api-version=REDACTED'
Request method: 'GET'
Request headers:
    'Accept': 'application/json'
    'x-ms-client-request-id': 'd564e926-99be-11ed-a50b-05e3ce77118f'
    'User-Agent': 'azsdk-python-mgmt-datafactory/1.1.0 Python/3.10.6 (Linux-5.15.0-58-generic-x86_64-with-glibc2.35)'
    'Authorization': 'REDACTED'
No body was attached to the request
[2023-01-21T16:07:22.289-0300] {_universal.py:554} INFO - Response status: 200
Response headers:
    'Cache-Control': 'no-cache'
    'Pragma': 'no-cache'
    'Transfer-Encoding': 'chunked'
    'Content-Type': 'application/json; charset=utf-8'
    'Content-Encoding': 'REDACTED'
    'Expires': '-1'
    'Vary': 'REDACTED'
    'x-ms-correlation-request-id': 'REDACTED'
    'Server': 'Kestrel'
    'x-ms-ratelimit-remaining-subscription-reads': 'REDACTED'
    'x-ms-request-id': '5fc9819d-427f-4ea4-8200-812bac3cb165'
    'x-ms-routing-request-id': 'REDACTED'
    'Strict-Transport-Security': 'REDACTED'
    'X-Content-Type-Options': 'REDACTED'
    'Date': 'Sat, 21 Jan 2023 19:07:22 GMT'
[2023-01-21T16:07:22.290-0300] {data_factory.py:774} INFO - Current status of pipeline run ae5e9804-99be-11ed-a50b-05e3ce77118f: Succeeded
[2023-01-21T16:07:22.290-0300] {data_factory.py:182} INFO - Pipeline run ae5e9804-99be-11ed-a50b-05e3ce77118f has completed successfully.
[2023-01-21T16:07:22.293-0300] {logging_mixin.py:137} WARNING - /home/airflow/.local/lib/python3.10/site-packages/airflow/models/baseoperator.py:1393 RemovedInAirflow3Warning: Passing 'execution_date' to 'TaskInstance.xcom_push()' is deprecated.
[2023-01-21T16:07:23.465-0300] {taskinstance.py:1322} INFO - Marking task as SUCCESS. dag_id=raw_opt_t_produto, task_id=run_adf_pipeline, execution_date=20230120T150000, start_date=20230121T190608, end_date=20230121T190723
[2023-01-21T16:07:24.601-0300] {local_task_job.py:159} INFO - Task exited with return code 0
[2023-01-21T16:07:25.295-0300] {taskinstance.py:2582} INFO - 0 downstream tasks scheduled from follow-on schedule check
