[2023-01-24T12:02:55.193-0300] {taskinstance.py:1087} INFO - Dependencies all met for <TaskInstance: bronze_opt_t_estabelecimento.run_databricks_notebook dataset_triggered__2023-01-24T15:02:26.279887+00:00 [queued]>
[2023-01-24T12:02:55.617-0300] {taskinstance.py:1087} INFO - Dependencies all met for <TaskInstance: bronze_opt_t_estabelecimento.run_databricks_notebook dataset_triggered__2023-01-24T15:02:26.279887+00:00 [queued]>
[2023-01-24T12:02:55.617-0300] {taskinstance.py:1283} INFO - 
--------------------------------------------------------------------------------
[2023-01-24T12:02:55.618-0300] {taskinstance.py:1284} INFO - Starting attempt 1 of 1
[2023-01-24T12:02:55.618-0300] {taskinstance.py:1285} INFO - 
--------------------------------------------------------------------------------
[2023-01-24T12:02:56.045-0300] {taskinstance.py:1304} INFO - Executing <Task(DatabricksSubmitRunOperator): run_databricks_notebook> on 2023-01-24 15:02:26.279887+00:00
[2023-01-24T12:02:56.052-0300] {standard_task_runner.py:55} INFO - Started process 1420850 to run task
[2023-01-24T12:02:56.058-0300] {standard_task_runner.py:82} INFO - Running: ['airflow', 'tasks', 'run', 'bronze_opt_t_estabelecimento', 'run_databricks_notebook', 'dataset_triggered__2023-01-24T15:02:26.279887+00:00', '--job-id', '1302', '--raw', '--subdir', 'DAGS_FOLDER/bronze/dock_opt/bronze_opt_t_estabelecimento.py', '--cfg-path', '/tmp/tmpzddk7kr5']
[2023-01-24T12:02:56.069-0300] {standard_task_runner.py:83} INFO - Job 1302: Subtask run_databricks_notebook
[2023-01-24T12:02:59.142-0300] {task_command.py:389} INFO - Running <TaskInstance: bronze_opt_t_estabelecimento.run_databricks_notebook dataset_triggered__2023-01-24T15:02:26.279887+00:00 [running]> on host vm-airflow-01
[2023-01-24T12:03:01.819-0300] {taskinstance.py:1511} INFO - Exporting the following env vars:
AIRFLOW_CTX_DAG_OWNER=matheus.rodrigues@fortbrasil.com.br
AIRFLOW_CTX_DAG_ID=bronze_opt_t_estabelecimento
AIRFLOW_CTX_TASK_ID=run_databricks_notebook
AIRFLOW_CTX_EXECUTION_DATE=2023-01-24T15:02:26.279887+00:00
AIRFLOW_CTX_TRY_NUMBER=1
AIRFLOW_CTX_DAG_RUN_ID=dataset_triggered__2023-01-24T15:02:26.279887+00:00
[2023-01-24T12:03:02.320-0300] {base.py:73} INFO - Using connection ID 'adb' for task execution.
[2023-01-24T12:03:02.533-0300] {databricks_base.py:424} INFO - Using token auth. For security reasons, please set token in Password field instead of extra
[2023-01-24T12:03:03.841-0300] {databricks.py:50} INFO - Run submitted with run_id: 88850
[2023-01-24T12:03:03.842-0300] {databricks_base.py:424} INFO - Using token auth. For security reasons, please set token in Password field instead of extra
[2023-01-24T12:03:04.823-0300] {databricks_base.py:424} INFO - Using token auth. For security reasons, please set token in Password field instead of extra
[2023-01-24T12:03:05.210-0300] {databricks.py:91} INFO - run_databricks_notebook in run state: {'life_cycle_state': 'PENDING', 'result_state': '', 'state_message': ''}
[2023-01-24T12:03:05.210-0300] {databricks.py:92} INFO - View run status, Spark UI, and logs at https://adb-1362567168960874.14.azuredatabricks.net/?o=1362567168960874#job/462834343875609/run/88850
[2023-01-24T12:03:05.211-0300] {databricks.py:93} INFO - Sleeping for 30 seconds.
[2023-01-24T12:03:35.240-0300] {databricks_base.py:424} INFO - Using token auth. For security reasons, please set token in Password field instead of extra
[2023-01-24T12:03:35.517-0300] {databricks.py:91} INFO - run_databricks_notebook in run state: {'life_cycle_state': 'PENDING', 'result_state': '', 'state_message': ''}
[2023-01-24T12:03:35.517-0300] {databricks.py:92} INFO - View run status, Spark UI, and logs at https://adb-1362567168960874.14.azuredatabricks.net/?o=1362567168960874#job/462834343875609/run/88850
[2023-01-24T12:03:35.517-0300] {databricks.py:93} INFO - Sleeping for 30 seconds.
[2023-01-24T12:04:05.546-0300] {databricks_base.py:424} INFO - Using token auth. For security reasons, please set token in Password field instead of extra
[2023-01-24T12:04:05.854-0300] {databricks.py:91} INFO - run_databricks_notebook in run state: {'life_cycle_state': 'PENDING', 'result_state': '', 'state_message': ''}
[2023-01-24T12:04:05.855-0300] {databricks.py:92} INFO - View run status, Spark UI, and logs at https://adb-1362567168960874.14.azuredatabricks.net/?o=1362567168960874#job/462834343875609/run/88850
[2023-01-24T12:04:05.855-0300] {databricks.py:93} INFO - Sleeping for 30 seconds.
[2023-01-24T12:04:35.884-0300] {databricks_base.py:424} INFO - Using token auth. For security reasons, please set token in Password field instead of extra
[2023-01-24T12:04:36.159-0300] {databricks.py:91} INFO - run_databricks_notebook in run state: {'life_cycle_state': 'PENDING', 'result_state': '', 'state_message': ''}
[2023-01-24T12:04:36.160-0300] {databricks.py:92} INFO - View run status, Spark UI, and logs at https://adb-1362567168960874.14.azuredatabricks.net/?o=1362567168960874#job/462834343875609/run/88850
[2023-01-24T12:04:36.160-0300] {databricks.py:93} INFO - Sleeping for 30 seconds.
[2023-01-24T12:05:06.189-0300] {databricks_base.py:424} INFO - Using token auth. For security reasons, please set token in Password field instead of extra
[2023-01-24T12:05:06.469-0300] {databricks.py:91} INFO - run_databricks_notebook in run state: {'life_cycle_state': 'PENDING', 'result_state': '', 'state_message': ''}
[2023-01-24T12:05:06.469-0300] {databricks.py:92} INFO - View run status, Spark UI, and logs at https://adb-1362567168960874.14.azuredatabricks.net/?o=1362567168960874#job/462834343875609/run/88850
[2023-01-24T12:05:06.469-0300] {databricks.py:93} INFO - Sleeping for 30 seconds.
[2023-01-24T12:05:36.496-0300] {databricks_base.py:424} INFO - Using token auth. For security reasons, please set token in Password field instead of extra
[2023-01-24T12:05:36.781-0300] {databricks.py:91} INFO - run_databricks_notebook in run state: {'life_cycle_state': 'PENDING', 'result_state': '', 'state_message': ''}
[2023-01-24T12:05:36.781-0300] {databricks.py:92} INFO - View run status, Spark UI, and logs at https://adb-1362567168960874.14.azuredatabricks.net/?o=1362567168960874#job/462834343875609/run/88850
[2023-01-24T12:05:36.781-0300] {databricks.py:93} INFO - Sleeping for 30 seconds.
[2023-01-24T12:06:06.811-0300] {databricks_base.py:424} INFO - Using token auth. For security reasons, please set token in Password field instead of extra
[2023-01-24T12:06:07.138-0300] {databricks.py:91} INFO - run_databricks_notebook in run state: {'life_cycle_state': 'RUNNING', 'result_state': '', 'state_message': 'In run'}
[2023-01-24T12:06:07.138-0300] {databricks.py:92} INFO - View run status, Spark UI, and logs at https://adb-1362567168960874.14.azuredatabricks.net/?o=1362567168960874#job/462834343875609/run/88850
[2023-01-24T12:06:07.138-0300] {databricks.py:93} INFO - Sleeping for 30 seconds.
[2023-01-24T12:06:37.168-0300] {databricks_base.py:424} INFO - Using token auth. For security reasons, please set token in Password field instead of extra
[2023-01-24T12:06:37.435-0300] {databricks.py:91} INFO - run_databricks_notebook in run state: {'life_cycle_state': 'RUNNING', 'result_state': '', 'state_message': 'In run'}
[2023-01-24T12:06:37.435-0300] {databricks.py:92} INFO - View run status, Spark UI, and logs at https://adb-1362567168960874.14.azuredatabricks.net/?o=1362567168960874#job/462834343875609/run/88850
[2023-01-24T12:06:37.435-0300] {databricks.py:93} INFO - Sleeping for 30 seconds.
[2023-01-24T12:07:07.439-0300] {databricks_base.py:424} INFO - Using token auth. For security reasons, please set token in Password field instead of extra
[2023-01-24T12:07:07.730-0300] {databricks.py:91} INFO - run_databricks_notebook in run state: {'life_cycle_state': 'RUNNING', 'result_state': '', 'state_message': 'In run'}
[2023-01-24T12:07:07.730-0300] {databricks.py:92} INFO - View run status, Spark UI, and logs at https://adb-1362567168960874.14.azuredatabricks.net/?o=1362567168960874#job/462834343875609/run/88850
[2023-01-24T12:07:07.730-0300] {databricks.py:93} INFO - Sleeping for 30 seconds.
[2023-01-24T12:07:37.760-0300] {databricks_base.py:424} INFO - Using token auth. For security reasons, please set token in Password field instead of extra
[2023-01-24T12:07:38.072-0300] {databricks.py:91} INFO - run_databricks_notebook in run state: {'life_cycle_state': 'RUNNING', 'result_state': '', 'state_message': 'In run'}
[2023-01-24T12:07:38.072-0300] {databricks.py:92} INFO - View run status, Spark UI, and logs at https://adb-1362567168960874.14.azuredatabricks.net/?o=1362567168960874#job/462834343875609/run/88850
[2023-01-24T12:07:38.072-0300] {databricks.py:93} INFO - Sleeping for 30 seconds.
[2023-01-24T12:08:08.103-0300] {databricks_base.py:424} INFO - Using token auth. For security reasons, please set token in Password field instead of extra
[2023-01-24T12:08:08.387-0300] {databricks.py:91} INFO - run_databricks_notebook in run state: {'life_cycle_state': 'RUNNING', 'result_state': '', 'state_message': 'In run'}
[2023-01-24T12:08:08.387-0300] {databricks.py:92} INFO - View run status, Spark UI, and logs at https://adb-1362567168960874.14.azuredatabricks.net/?o=1362567168960874#job/462834343875609/run/88850
[2023-01-24T12:08:08.387-0300] {databricks.py:93} INFO - Sleeping for 30 seconds.
[2023-01-24T12:08:38.416-0300] {databricks_base.py:424} INFO - Using token auth. For security reasons, please set token in Password field instead of extra
[2023-01-24T12:08:38.697-0300] {databricks.py:61} INFO - run_databricks_notebook completed successfully.
[2023-01-24T12:08:38.698-0300] {databricks.py:62} INFO - View run status, Spark UI, and logs at https://adb-1362567168960874.14.azuredatabricks.net/?o=1362567168960874#job/462834343875609/run/88850
[2023-01-24T12:08:38.707-0300] {logging_mixin.py:137} WARNING - /home/airflow/.local/lib/python3.10/site-packages/airflow/models/baseoperator.py:1393 RemovedInAirflow3Warning: Passing 'execution_date' to 'TaskInstance.xcom_push()' is deprecated.
[2023-01-24T12:08:39.894-0300] {taskinstance.py:1322} INFO - Marking task as SUCCESS. dag_id=bronze_opt_t_estabelecimento, task_id=run_databricks_notebook, execution_date=20230124T150226, start_date=20230124T150255, end_date=20230124T150839
[2023-01-24T12:08:40.722-0300] {local_task_job.py:159} INFO - Task exited with return code 0
[2023-01-24T12:08:41.294-0300] {taskinstance.py:2582} INFO - 0 downstream tasks scheduled from follow-on schedule check
