[2023-01-25T12:00:55.706-0300] {taskinstance.py:1087} INFO - Dependencies all met for <TaskInstance: raw_opt_t_pessoafisica.current_date scheduled__2023-01-24T15:00:00+00:00 [queued]>
[2023-01-25T12:00:56.176-0300] {taskinstance.py:1087} INFO - Dependencies all met for <TaskInstance: raw_opt_t_pessoafisica.current_date scheduled__2023-01-24T15:00:00+00:00 [queued]>
[2023-01-25T12:00:56.177-0300] {taskinstance.py:1283} INFO - 
--------------------------------------------------------------------------------
[2023-01-25T12:00:56.177-0300] {taskinstance.py:1284} INFO - Starting attempt 1 of 1
[2023-01-25T12:00:56.177-0300] {taskinstance.py:1285} INFO - 
--------------------------------------------------------------------------------
[2023-01-25T12:00:56.755-0300] {taskinstance.py:1304} INFO - Executing <Task(_PythonDecoratedOperator): current_date> on 2023-01-24 15:00:00+00:00
[2023-01-25T12:00:56.761-0300] {standard_task_runner.py:55} INFO - Started process 1739458 to run task
[2023-01-25T12:00:56.766-0300] {standard_task_runner.py:82} INFO - Running: ['airflow', 'tasks', 'run', 'raw_opt_t_pessoafisica', 'current_date', 'scheduled__2023-01-24T15:00:00+00:00', '--job-id', '1351', '--raw', '--subdir', 'DAGS_FOLDER/raw/dock_opt/raw_opt_t_pessoafisica.py', '--cfg-path', '/tmp/tmp5wp50tcp']
[2023-01-25T12:00:56.768-0300] {standard_task_runner.py:83} INFO - Job 1351: Subtask current_date
[2023-01-25T12:00:59.809-0300] {task_command.py:389} INFO - Running <TaskInstance: raw_opt_t_pessoafisica.current_date scheduled__2023-01-24T15:00:00+00:00 [running]> on host vm-airflow-01
[2023-01-25T12:01:02.233-0300] {taskinstance.py:1511} INFO - Exporting the following env vars:
AIRFLOW_CTX_DAG_OWNER=matheus.rodrigues@fortbrasil.com.br
AIRFLOW_CTX_DAG_ID=raw_opt_t_pessoafisica
AIRFLOW_CTX_TASK_ID=current_date
AIRFLOW_CTX_EXECUTION_DATE=2023-01-24T15:00:00+00:00
AIRFLOW_CTX_TRY_NUMBER=1
AIRFLOW_CTX_DAG_RUN_ID=scheduled__2023-01-24T15:00:00+00:00
[2023-01-25T12:01:02.235-0300] {python.py:177} INFO - Done. Returned value was: 2023-01-25
[2023-01-25T12:01:03.412-0300] {taskinstance.py:1322} INFO - Marking task as SUCCESS. dag_id=raw_opt_t_pessoafisica, task_id=current_date, execution_date=20230124T150000, start_date=20230125T150055, end_date=20230125T150103
[2023-01-25T12:01:03.930-0300] {local_task_job.py:159} INFO - Task exited with return code 0
[2023-01-25T12:01:04.602-0300] {taskinstance.py:2582} INFO - 1 downstream tasks scheduled from follow-on schedule check
