[2023-01-20T17:08:33.046-0300] {taskinstance.py:1087} INFO - Dependencies all met for <TaskInstance: bronze_opt_t_conta.run_databricks_notebook manual__2023-01-20T20:08:25.327972+00:00 [queued]>
[2023-01-20T17:08:33.452-0300] {taskinstance.py:1087} INFO - Dependencies all met for <TaskInstance: bronze_opt_t_conta.run_databricks_notebook manual__2023-01-20T20:08:25.327972+00:00 [queued]>
[2023-01-20T17:08:33.452-0300] {taskinstance.py:1283} INFO - 
--------------------------------------------------------------------------------
[2023-01-20T17:08:33.452-0300] {taskinstance.py:1284} INFO - Starting attempt 1 of 1
[2023-01-20T17:08:33.453-0300] {taskinstance.py:1285} INFO - 
--------------------------------------------------------------------------------
[2023-01-20T17:08:33.981-0300] {taskinstance.py:1304} INFO - Executing <Task(DatabricksSubmitRunOperator): run_databricks_notebook> on 2023-01-20 20:08:25.327972+00:00
[2023-01-20T17:08:33.987-0300] {standard_task_runner.py:55} INFO - Started process 656575 to run task
[2023-01-20T17:08:33.991-0300] {standard_task_runner.py:82} INFO - Running: ['airflow', 'tasks', 'run', 'bronze_opt_t_conta', 'run_databricks_notebook', 'manual__2023-01-20T20:08:25.327972+00:00', '--job-id', '1084', '--raw', '--subdir', 'DAGS_FOLDER/bronze/dock_opt/bronze_opt_t_conta.py', '--cfg-path', '/tmp/tmpqgnxiq39']
[2023-01-20T17:08:33.993-0300] {standard_task_runner.py:83} INFO - Job 1084: Subtask run_databricks_notebook
[2023-01-20T17:08:37.081-0300] {task_command.py:389} INFO - Running <TaskInstance: bronze_opt_t_conta.run_databricks_notebook manual__2023-01-20T20:08:25.327972+00:00 [running]> on host vm-airflow-01
[2023-01-20T17:08:41.454-0300] {taskinstance.py:1511} INFO - Exporting the following env vars:
AIRFLOW_CTX_DAG_OWNER=matheus.rodrigues@fortbrasil.com.br
AIRFLOW_CTX_DAG_ID=bronze_opt_t_conta
AIRFLOW_CTX_TASK_ID=run_databricks_notebook
AIRFLOW_CTX_EXECUTION_DATE=2023-01-20T20:08:25.327972+00:00
AIRFLOW_CTX_TRY_NUMBER=1
AIRFLOW_CTX_DAG_RUN_ID=manual__2023-01-20T20:08:25.327972+00:00
[2023-01-20T17:08:41.961-0300] {base.py:73} INFO - Using connection ID 'adb' for task execution.
[2023-01-20T17:08:42.149-0300] {databricks_base.py:424} INFO - Using token auth. For security reasons, please set token in Password field instead of extra
[2023-01-20T17:08:43.490-0300] {databricks.py:50} INFO - Run submitted with run_id: 63077
[2023-01-20T17:08:43.490-0300] {databricks_base.py:424} INFO - Using token auth. For security reasons, please set token in Password field instead of extra
[2023-01-20T17:08:44.679-0300] {databricks_base.py:424} INFO - Using token auth. For security reasons, please set token in Password field instead of extra
[2023-01-20T17:08:44.974-0300] {databricks.py:91} INFO - run_databricks_notebook in run state: {'life_cycle_state': 'RUNNING', 'result_state': '', 'state_message': 'In run'}
[2023-01-20T17:08:44.974-0300] {databricks.py:92} INFO - View run status, Spark UI, and logs at https://adb-1362567168960874.14.azuredatabricks.net/?o=1362567168960874#job/359695848214616/run/63077
[2023-01-20T17:08:44.974-0300] {databricks.py:93} INFO - Sleeping for 30 seconds.
[2023-01-20T17:09:14.992-0300] {databricks_base.py:424} INFO - Using token auth. For security reasons, please set token in Password field instead of extra
[2023-01-20T17:09:15.325-0300] {databricks.py:91} INFO - run_databricks_notebook in run state: {'life_cycle_state': 'RUNNING', 'result_state': '', 'state_message': 'In run'}
[2023-01-20T17:09:15.325-0300] {databricks.py:92} INFO - View run status, Spark UI, and logs at https://adb-1362567168960874.14.azuredatabricks.net/?o=1362567168960874#job/359695848214616/run/63077
[2023-01-20T17:09:15.325-0300] {databricks.py:93} INFO - Sleeping for 30 seconds.
[2023-01-20T17:09:45.356-0300] {databricks_base.py:424} INFO - Using token auth. For security reasons, please set token in Password field instead of extra
[2023-01-20T17:09:45.670-0300] {databricks.py:61} INFO - run_databricks_notebook completed successfully.
[2023-01-20T17:09:45.671-0300] {databricks.py:62} INFO - View run status, Spark UI, and logs at https://adb-1362567168960874.14.azuredatabricks.net/?o=1362567168960874#job/359695848214616/run/63077
[2023-01-20T17:09:45.678-0300] {logging_mixin.py:137} WARNING - /home/airflow/.local/lib/python3.10/site-packages/airflow/models/baseoperator.py:1393 RemovedInAirflow3Warning: Passing 'execution_date' to 'TaskInstance.xcom_push()' is deprecated.
[2023-01-20T17:09:46.841-0300] {taskinstance.py:1322} INFO - Marking task as SUCCESS. dag_id=bronze_opt_t_conta, task_id=run_databricks_notebook, execution_date=20230120T200825, start_date=20230120T200833, end_date=20230120T200946
[2023-01-20T17:09:47.927-0300] {local_task_job.py:159} INFO - Task exited with return code 0
[2023-01-20T17:09:48.514-0300] {taskinstance.py:2582} INFO - 0 downstream tasks scheduled from follow-on schedule check
