[2023-01-25T13:05:57.835-0300] {taskinstance.py:1087} INFO - Dependencies all met for <TaskInstance: bronze_opt_t_transacaofatura.run_databricks_notebook dataset_triggered__2023-01-25T16:05:46.650419+00:00 [queued]>
[2023-01-25T13:05:58.212-0300] {taskinstance.py:1087} INFO - Dependencies all met for <TaskInstance: bronze_opt_t_transacaofatura.run_databricks_notebook dataset_triggered__2023-01-25T16:05:46.650419+00:00 [queued]>
[2023-01-25T13:05:58.213-0300] {taskinstance.py:1283} INFO - 
--------------------------------------------------------------------------------
[2023-01-25T13:05:58.213-0300] {taskinstance.py:1284} INFO - Starting attempt 1 of 1
[2023-01-25T13:05:58.213-0300] {taskinstance.py:1285} INFO - 
--------------------------------------------------------------------------------
[2023-01-25T13:05:58.688-0300] {taskinstance.py:1304} INFO - Executing <Task(DatabricksSubmitRunOperator): run_databricks_notebook> on 2023-01-25 16:05:46.650419+00:00
[2023-01-25T13:05:58.694-0300] {standard_task_runner.py:55} INFO - Started process 1754985 to run task
[2023-01-25T13:05:58.699-0300] {standard_task_runner.py:82} INFO - Running: ['airflow', 'tasks', 'run', 'bronze_opt_t_transacaofatura', 'run_databricks_notebook', 'dataset_triggered__2023-01-25T16:05:46.650419+00:00', '--job-id', '1527', '--raw', '--subdir', 'DAGS_FOLDER/bronze/dock_opt/bronze_opt_t_transacaofatura.py', '--cfg-path', '/tmp/tmpkhff_c8s']
[2023-01-25T13:05:58.702-0300] {standard_task_runner.py:83} INFO - Job 1527: Subtask run_databricks_notebook
[2023-01-25T13:06:01.824-0300] {task_command.py:389} INFO - Running <TaskInstance: bronze_opt_t_transacaofatura.run_databricks_notebook dataset_triggered__2023-01-25T16:05:46.650419+00:00 [running]> on host vm-airflow-01
[2023-01-25T13:06:04.339-0300] {taskinstance.py:1511} INFO - Exporting the following env vars:
AIRFLOW_CTX_DAG_OWNER=matheus.rodrigues@fortbrasil.com.br
AIRFLOW_CTX_DAG_ID=bronze_opt_t_transacaofatura
AIRFLOW_CTX_TASK_ID=run_databricks_notebook
AIRFLOW_CTX_EXECUTION_DATE=2023-01-25T16:05:46.650419+00:00
AIRFLOW_CTX_TRY_NUMBER=1
AIRFLOW_CTX_DAG_RUN_ID=dataset_triggered__2023-01-25T16:05:46.650419+00:00
[2023-01-25T13:06:04.864-0300] {base.py:73} INFO - Using connection ID 'adb' for task execution.
[2023-01-25T13:06:05.064-0300] {databricks_base.py:424} INFO - Using token auth. For security reasons, please set token in Password field instead of extra
[2023-01-25T13:06:06.344-0300] {databricks.py:50} INFO - Run submitted with run_id: 168573
[2023-01-25T13:06:06.345-0300] {databricks_base.py:424} INFO - Using token auth. For security reasons, please set token in Password field instead of extra
[2023-01-25T13:06:07.340-0300] {databricks_base.py:424} INFO - Using token auth. For security reasons, please set token in Password field instead of extra
[2023-01-25T13:06:07.610-0300] {databricks.py:91} INFO - run_databricks_notebook in run state: {'life_cycle_state': 'PENDING', 'result_state': '', 'state_message': ''}
[2023-01-25T13:06:07.610-0300] {databricks.py:92} INFO - View run status, Spark UI, and logs at https://adb-1362567168960874.14.azuredatabricks.net/?o=1362567168960874#job/570121641826733/run/168573
[2023-01-25T13:06:07.610-0300] {databricks.py:93} INFO - Sleeping for 30 seconds.
[2023-01-25T13:06:37.622-0300] {databricks_base.py:424} INFO - Using token auth. For security reasons, please set token in Password field instead of extra
[2023-01-25T13:06:37.914-0300] {databricks.py:61} INFO - run_databricks_notebook completed successfully.
[2023-01-25T13:06:37.914-0300] {databricks.py:62} INFO - View run status, Spark UI, and logs at https://adb-1362567168960874.14.azuredatabricks.net/?o=1362567168960874#job/570121641826733/run/168573
[2023-01-25T13:06:37.921-0300] {logging_mixin.py:137} WARNING - /home/airflow/.local/lib/python3.10/site-packages/airflow/models/baseoperator.py:1393 RemovedInAirflow3Warning: Passing 'execution_date' to 'TaskInstance.xcom_push()' is deprecated.
[2023-01-25T13:06:39.086-0300] {taskinstance.py:1322} INFO - Marking task as SUCCESS. dag_id=bronze_opt_t_transacaofatura, task_id=run_databricks_notebook, execution_date=20230125T160546, start_date=20230125T160557, end_date=20230125T160639
[2023-01-25T13:06:40.219-0300] {local_task_job.py:159} INFO - Task exited with return code 0
[2023-01-25T13:06:40.779-0300] {taskinstance.py:2582} INFO - 0 downstream tasks scheduled from follow-on schedule check
