[2023-01-20T17:25:31.489-0300] {taskinstance.py:1087} INFO - Dependencies all met for <TaskInstance: raw_opt_t_pessoafisica.run_adf_pipeline scheduled__2023-01-19T15:00:00+00:00 [queued]>
[2023-01-20T17:25:31.880-0300] {taskinstance.py:1087} INFO - Dependencies all met for <TaskInstance: raw_opt_t_pessoafisica.run_adf_pipeline scheduled__2023-01-19T15:00:00+00:00 [queued]>
[2023-01-20T17:25:31.880-0300] {taskinstance.py:1283} INFO - 
--------------------------------------------------------------------------------
[2023-01-20T17:25:31.881-0300] {taskinstance.py:1284} INFO - Starting attempt 1 of 1
[2023-01-20T17:25:31.881-0300] {taskinstance.py:1285} INFO - 
--------------------------------------------------------------------------------
[2023-01-20T17:25:32.551-0300] {taskinstance.py:1304} INFO - Executing <Task(AzureDataFactoryRunPipelineOperator): run_adf_pipeline> on 2023-01-19 15:00:00+00:00
[2023-01-20T17:25:32.556-0300] {standard_task_runner.py:55} INFO - Started process 659448 to run task
[2023-01-20T17:25:32.560-0300] {standard_task_runner.py:82} INFO - Running: ['airflow', 'tasks', 'run', 'raw_opt_t_pessoafisica', 'run_adf_pipeline', 'scheduled__2023-01-19T15:00:00+00:00', '--job-id', '1106', '--raw', '--subdir', 'DAGS_FOLDER/raw/dock_opt/raw_opt_t_pessoafisica.py', '--cfg-path', '/tmp/tmpv1fax50o']
[2023-01-20T17:25:32.563-0300] {standard_task_runner.py:83} INFO - Job 1106: Subtask run_adf_pipeline
[2023-01-20T17:25:35.539-0300] {task_command.py:389} INFO - Running <TaskInstance: raw_opt_t_pessoafisica.run_adf_pipeline scheduled__2023-01-19T15:00:00+00:00 [running]> on host vm-airflow-01
[2023-01-20T17:25:38.375-0300] {taskinstance.py:1511} INFO - Exporting the following env vars:
AIRFLOW_CTX_DAG_OWNER=matheus.rodrigues@fortbrasil.com.br
AIRFLOW_CTX_DAG_ID=raw_opt_t_pessoafisica
AIRFLOW_CTX_TASK_ID=run_adf_pipeline
AIRFLOW_CTX_EXECUTION_DATE=2023-01-19T15:00:00+00:00
AIRFLOW_CTX_TRY_NUMBER=1
AIRFLOW_CTX_DAG_RUN_ID=scheduled__2023-01-19T15:00:00+00:00
[2023-01-20T17:25:38.377-0300] {data_factory.py:154} INFO - Executing the cp_opt_to_datalake pipeline.
[2023-01-20T17:25:38.868-0300] {base.py:73} INFO - Using connection ID 'adf' for task execution.
[2023-01-20T17:25:39.380-0300] {base.py:73} INFO - Using connection ID 'adf' for task execution.
[2023-01-20T17:25:39.879-0300] {base.py:73} INFO - Using connection ID 'adf' for task execution.
[2023-01-20T17:25:39.888-0300] {_universal.py:526} INFO - Request URL: 'https://login.microsoftonline.com:443/d47e09d1-17c6-4a6f-b65c-d49d61e186a2/v2.0/.well-known/openid-configuration'
Request method: 'GET'
Request headers:
    'User-Agent': 'azsdk-python-identity/1.12.0 Python/3.10.6 (Linux-5.15.0-58-generic-x86_64-with-glibc2.35)'
No body was attached to the request
[2023-01-20T17:25:40.400-0300] {_universal.py:554} INFO - Response status: 200
Response headers:
    'Cache-Control': 'max-age=86400, private'
    'Content-Type': 'application/json; charset=utf-8'
    'Strict-Transport-Security': 'REDACTED'
    'X-Content-Type-Options': 'REDACTED'
    'Access-Control-Allow-Origin': 'REDACTED'
    'Access-Control-Allow-Methods': 'REDACTED'
    'P3P': 'REDACTED'
    'x-ms-request-id': '32603d3f-a16a-4515-8819-f811ca07dc00'
    'x-ms-ests-server': 'REDACTED'
    'X-XSS-Protection': 'REDACTED'
    'Set-Cookie': 'REDACTED'
    'Date': 'Fri, 20 Jan 2023 20:25:39 GMT'
    'Content-Length': '1753'
[2023-01-20T17:25:40.402-0300] {_universal.py:526} INFO - Request URL: 'https://login.microsoftonline.com/common/discovery/instance?api-version=REDACTED&authorization_endpoint=REDACTED'
Request method: 'GET'
Request headers:
    'Accept': 'application/json'
    'User-Agent': 'azsdk-python-identity/1.12.0 Python/3.10.6 (Linux-5.15.0-58-generic-x86_64-with-glibc2.35)'
No body was attached to the request
[2023-01-20T17:25:40.640-0300] {_universal.py:554} INFO - Response status: 200
Response headers:
    'Cache-Control': 'max-age=86400, private'
    'Content-Type': 'application/json; charset=utf-8'
    'Strict-Transport-Security': 'REDACTED'
    'X-Content-Type-Options': 'REDACTED'
    'Access-Control-Allow-Origin': 'REDACTED'
    'Access-Control-Allow-Methods': 'REDACTED'
    'P3P': 'REDACTED'
    'x-ms-request-id': '7821f048-32bb-4c3e-aed5-af6d1c23d100'
    'x-ms-ests-server': 'REDACTED'
    'X-XSS-Protection': 'REDACTED'
    'Set-Cookie': 'REDACTED'
    'Date': 'Fri, 20 Jan 2023 20:25:40 GMT'
    'Content-Length': '945'
[2023-01-20T17:25:40.641-0300] {_universal.py:523} INFO - Request URL: 'https://login.microsoftonline.com/d47e09d1-17c6-4a6f-b65c-d49d61e186a2/oauth2/v2.0/token'
Request method: 'POST'
Request headers:
    'Accept': 'application/json'
    'x-client-sku': 'REDACTED'
    'x-client-ver': 'REDACTED'
    'x-client-os': 'REDACTED'
    'x-client-cpu': 'REDACTED'
    'x-ms-lib-capability': 'REDACTED'
    'client-request-id': 'REDACTED'
    'x-client-current-telemetry': 'REDACTED'
    'x-client-last-telemetry': 'REDACTED'
    'User-Agent': 'azsdk-python-identity/1.12.0 Python/3.10.6 (Linux-5.15.0-58-generic-x86_64-with-glibc2.35)'
A body is sent with the request
[2023-01-20T17:25:40.888-0300] {_universal.py:554} INFO - Response status: 200
Response headers:
    'Cache-Control': 'no-store, no-cache'
    'Pragma': 'no-cache'
    'Content-Type': 'application/json; charset=utf-8'
    'Expires': '-1'
    'Strict-Transport-Security': 'REDACTED'
    'X-Content-Type-Options': 'REDACTED'
    'P3P': 'REDACTED'
    'client-request-id': 'REDACTED'
    'x-ms-request-id': '4a5ba409-da32-4030-9e06-eb14c3c9db00'
    'x-ms-ests-server': 'REDACTED'
    'x-ms-clitelem': 'REDACTED'
    'X-XSS-Protection': 'REDACTED'
    'Set-Cookie': 'REDACTED'
    'Date': 'Fri, 20 Jan 2023 20:25:40 GMT'
    'Content-Length': '1391'
[2023-01-20T17:25:40.889-0300] {get_token_mixin.py:77} INFO - ClientSecretCredential.get_token succeeded
[2023-01-20T17:25:40.890-0300] {_universal.py:523} INFO - Request URL: 'https://management.azure.com/subscriptions/5e5642ec-dd71-4e9a-a29e-58effbf39209/resourceGroups/rg-mdw-hml-fb/providers/Microsoft.DataFactory/factories/adf-mdw-hml-fb/pipelines/cp_opt_to_datalake/createRun?api-version=REDACTED'
Request method: 'POST'
Request headers:
    'Content-Type': 'application/json'
    'Accept': 'application/json'
    'Content-Length': '132'
    'x-ms-client-request-id': '9b0f43de-9900-11ed-a50b-05e3ce77118f'
    'User-Agent': 'azsdk-python-mgmt-datafactory/1.1.0 Python/3.10.6 (Linux-5.15.0-58-generic-x86_64-with-glibc2.35)'
    'Authorization': 'REDACTED'
A body is sent with the request
[2023-01-20T17:25:42.182-0300] {_universal.py:554} INFO - Response status: 200
Response headers:
    'Cache-Control': 'no-cache'
    'Pragma': 'no-cache'
    'Transfer-Encoding': 'chunked'
    'Content-Type': 'application/json; charset=utf-8'
    'Content-Encoding': 'REDACTED'
    'Expires': '-1'
    'Vary': 'REDACTED'
    'x-ms-correlation-request-id': 'REDACTED'
    'Server': 'Kestrel'
    'x-ms-ratelimit-remaining-subscription-writes': 'REDACTED'
    'x-ms-request-id': '1c228ab9-24f2-4381-8b9c-857f6ea7db9b'
    'x-ms-routing-request-id': 'REDACTED'
    'Strict-Transport-Security': 'REDACTED'
    'X-Content-Type-Options': 'REDACTED'
    'Date': 'Fri, 20 Jan 2023 20:25:41 GMT'
[2023-01-20T17:25:42.881-0300] {data_factory.py:172} INFO - Waiting for pipeline run 9b0f43de-9900-11ed-a50b-05e3ce77118f to terminate.
[2023-01-20T17:25:42.882-0300] {data_factory.py:768} INFO - Getting the status of run ID 9b0f43de-9900-11ed-a50b-05e3ce77118f.
[2023-01-20T17:25:43.425-0300] {base.py:73} INFO - Using connection ID 'adf' for task execution.
[2023-01-20T17:25:43.919-0300] {base.py:73} INFO - Using connection ID 'adf' for task execution.
[2023-01-20T17:25:43.921-0300] {_universal.py:526} INFO - Request URL: 'https://management.azure.com/subscriptions/5e5642ec-dd71-4e9a-a29e-58effbf39209/resourceGroups/rg-mdw-hml-fb/providers/Microsoft.DataFactory/factories/adf-mdw-hml-fb/pipelineruns/9b0f43de-9900-11ed-a50b-05e3ce77118f?api-version=REDACTED'
Request method: 'GET'
Request headers:
    'Accept': 'application/json'
    'x-ms-client-request-id': '9d76cc46-9900-11ed-a50b-05e3ce77118f'
    'User-Agent': 'azsdk-python-mgmt-datafactory/1.1.0 Python/3.10.6 (Linux-5.15.0-58-generic-x86_64-with-glibc2.35)'
    'Authorization': 'REDACTED'
No body was attached to the request
[2023-01-20T17:25:44.025-0300] {_universal.py:554} INFO - Response status: 200
Response headers:
    'Cache-Control': 'no-cache'
    'Pragma': 'no-cache'
    'Transfer-Encoding': 'chunked'
    'Content-Type': 'application/json; charset=utf-8'
    'Content-Encoding': 'REDACTED'
    'Expires': '-1'
    'Vary': 'REDACTED'
    'x-ms-correlation-request-id': 'REDACTED'
    'Server': 'Kestrel'
    'x-ms-ratelimit-remaining-subscription-reads': 'REDACTED'
    'x-ms-request-id': '2392ac42-3882-43a8-98eb-326ce2908432'
    'x-ms-routing-request-id': 'REDACTED'
    'Strict-Transport-Security': 'REDACTED'
    'X-Content-Type-Options': 'REDACTED'
    'Date': 'Fri, 20 Jan 2023 20:25:43 GMT'
[2023-01-20T17:25:44.032-0300] {data_factory.py:774} INFO - Current status of pipeline run 9b0f43de-9900-11ed-a50b-05e3ce77118f: InProgress
[2023-01-20T17:26:44.092-0300] {data_factory.py:768} INFO - Getting the status of run ID 9b0f43de-9900-11ed-a50b-05e3ce77118f.
[2023-01-20T17:26:44.588-0300] {base.py:73} INFO - Using connection ID 'adf' for task execution.
[2023-01-20T17:26:45.082-0300] {base.py:73} INFO - Using connection ID 'adf' for task execution.
[2023-01-20T17:26:45.083-0300] {_universal.py:526} INFO - Request URL: 'https://management.azure.com/subscriptions/5e5642ec-dd71-4e9a-a29e-58effbf39209/resourceGroups/rg-mdw-hml-fb/providers/Microsoft.DataFactory/factories/adf-mdw-hml-fb/pipelineruns/9b0f43de-9900-11ed-a50b-05e3ce77118f?api-version=REDACTED'
Request method: 'GET'
Request headers:
    'Accept': 'application/json'
    'x-ms-client-request-id': 'c1eb6e88-9900-11ed-a50b-05e3ce77118f'
    'User-Agent': 'azsdk-python-mgmt-datafactory/1.1.0 Python/3.10.6 (Linux-5.15.0-58-generic-x86_64-with-glibc2.35)'
    'Authorization': 'REDACTED'
No body was attached to the request
[2023-01-20T17:26:45.235-0300] {_universal.py:554} INFO - Response status: 200
Response headers:
    'Cache-Control': 'no-cache'
    'Pragma': 'no-cache'
    'Transfer-Encoding': 'chunked'
    'Content-Type': 'application/json; charset=utf-8'
    'Content-Encoding': 'REDACTED'
    'Expires': '-1'
    'Vary': 'REDACTED'
    'x-ms-correlation-request-id': 'REDACTED'
    'Server': 'Kestrel'
    'x-ms-ratelimit-remaining-subscription-reads': 'REDACTED'
    'x-ms-request-id': '8c1d82ba-40f0-4706-b768-e8a39264ff60'
    'x-ms-routing-request-id': 'REDACTED'
    'Strict-Transport-Security': 'REDACTED'
    'X-Content-Type-Options': 'REDACTED'
    'Date': 'Fri, 20 Jan 2023 20:26:44 GMT'
[2023-01-20T17:26:45.236-0300] {data_factory.py:774} INFO - Current status of pipeline run 9b0f43de-9900-11ed-a50b-05e3ce77118f: InProgress
[2023-01-20T17:27:45.256-0300] {data_factory.py:768} INFO - Getting the status of run ID 9b0f43de-9900-11ed-a50b-05e3ce77118f.
[2023-01-20T17:27:47.390-0300] {base.py:73} INFO - Using connection ID 'adf' for task execution.
[2023-01-20T17:27:47.887-0300] {base.py:73} INFO - Using connection ID 'adf' for task execution.
[2023-01-20T17:27:47.888-0300] {_universal.py:526} INFO - Request URL: 'https://management.azure.com/subscriptions/5e5642ec-dd71-4e9a-a29e-58effbf39209/resourceGroups/rg-mdw-hml-fb/providers/Microsoft.DataFactory/factories/adf-mdw-hml-fb/pipelineruns/9b0f43de-9900-11ed-a50b-05e3ce77118f?api-version=REDACTED'
Request method: 'GET'
Request headers:
    'Accept': 'application/json'
    'x-ms-client-request-id': 'e75ab5c0-9900-11ed-a50b-05e3ce77118f'
    'User-Agent': 'azsdk-python-mgmt-datafactory/1.1.0 Python/3.10.6 (Linux-5.15.0-58-generic-x86_64-with-glibc2.35)'
    'Authorization': 'REDACTED'
No body was attached to the request
[2023-01-20T17:27:47.994-0300] {_universal.py:554} INFO - Response status: 200
Response headers:
    'Cache-Control': 'no-cache'
    'Pragma': 'no-cache'
    'Transfer-Encoding': 'chunked'
    'Content-Type': 'application/json; charset=utf-8'
    'Content-Encoding': 'REDACTED'
    'Expires': '-1'
    'Vary': 'REDACTED'
    'x-ms-correlation-request-id': 'REDACTED'
    'Server': 'Kestrel'
    'x-ms-ratelimit-remaining-subscription-reads': 'REDACTED'
    'x-ms-request-id': 'b38b64c4-0f9f-4353-a3bc-8f39c0a20e76'
    'x-ms-routing-request-id': 'REDACTED'
    'Strict-Transport-Security': 'REDACTED'
    'X-Content-Type-Options': 'REDACTED'
    'Date': 'Fri, 20 Jan 2023 20:27:47 GMT'
[2023-01-20T17:27:47.995-0300] {data_factory.py:774} INFO - Current status of pipeline run 9b0f43de-9900-11ed-a50b-05e3ce77118f: InProgress
[2023-01-20T17:28:48.032-0300] {data_factory.py:768} INFO - Getting the status of run ID 9b0f43de-9900-11ed-a50b-05e3ce77118f.
[2023-01-20T17:28:48.528-0300] {base.py:73} INFO - Using connection ID 'adf' for task execution.
[2023-01-20T17:28:49.033-0300] {base.py:73} INFO - Using connection ID 'adf' for task execution.
[2023-01-20T17:28:49.035-0300] {_universal.py:526} INFO - Request URL: 'https://management.azure.com/subscriptions/5e5642ec-dd71-4e9a-a29e-58effbf39209/resourceGroups/rg-mdw-hml-fb/providers/Microsoft.DataFactory/factories/adf-mdw-hml-fb/pipelineruns/9b0f43de-9900-11ed-a50b-05e3ce77118f?api-version=REDACTED'
Request method: 'GET'
Request headers:
    'Accept': 'application/json'
    'x-ms-client-request-id': '0bccee8c-9901-11ed-a50b-05e3ce77118f'
    'User-Agent': 'azsdk-python-mgmt-datafactory/1.1.0 Python/3.10.6 (Linux-5.15.0-58-generic-x86_64-with-glibc2.35)'
    'Authorization': 'REDACTED'
No body was attached to the request
[2023-01-20T17:28:49.125-0300] {_universal.py:554} INFO - Response status: 200
Response headers:
    'Cache-Control': 'no-cache'
    'Pragma': 'no-cache'
    'Transfer-Encoding': 'chunked'
    'Content-Type': 'application/json; charset=utf-8'
    'Content-Encoding': 'REDACTED'
    'Expires': '-1'
    'Vary': 'REDACTED'
    'x-ms-correlation-request-id': 'REDACTED'
    'Server': 'Kestrel'
    'x-ms-ratelimit-remaining-subscription-reads': 'REDACTED'
    'x-ms-request-id': 'c87b6eee-e57c-4f7f-8913-91f43683f1f6'
    'x-ms-routing-request-id': 'REDACTED'
    'Strict-Transport-Security': 'REDACTED'
    'X-Content-Type-Options': 'REDACTED'
    'Date': 'Fri, 20 Jan 2023 20:28:48 GMT'
[2023-01-20T17:28:49.125-0300] {data_factory.py:774} INFO - Current status of pipeline run 9b0f43de-9900-11ed-a50b-05e3ce77118f: InProgress
[2023-01-20T17:29:49.172-0300] {data_factory.py:768} INFO - Getting the status of run ID 9b0f43de-9900-11ed-a50b-05e3ce77118f.
[2023-01-20T17:29:49.679-0300] {base.py:73} INFO - Using connection ID 'adf' for task execution.
[2023-01-20T17:29:50.177-0300] {base.py:73} INFO - Using connection ID 'adf' for task execution.
[2023-01-20T17:29:50.179-0300] {_universal.py:526} INFO - Request URL: 'https://management.azure.com/subscriptions/5e5642ec-dd71-4e9a-a29e-58effbf39209/resourceGroups/rg-mdw-hml-fb/providers/Microsoft.DataFactory/factories/adf-mdw-hml-fb/pipelineruns/9b0f43de-9900-11ed-a50b-05e3ce77118f?api-version=REDACTED'
Request method: 'GET'
Request headers:
    'Accept': 'application/json'
    'x-ms-client-request-id': '303ec948-9901-11ed-a50b-05e3ce77118f'
    'User-Agent': 'azsdk-python-mgmt-datafactory/1.1.0 Python/3.10.6 (Linux-5.15.0-58-generic-x86_64-with-glibc2.35)'
    'Authorization': 'REDACTED'
No body was attached to the request
[2023-01-20T17:29:50.275-0300] {_universal.py:554} INFO - Response status: 200
Response headers:
    'Cache-Control': 'no-cache'
    'Pragma': 'no-cache'
    'Transfer-Encoding': 'chunked'
    'Content-Type': 'application/json; charset=utf-8'
    'Content-Encoding': 'REDACTED'
    'Expires': '-1'
    'Vary': 'REDACTED'
    'x-ms-correlation-request-id': 'REDACTED'
    'Server': 'Kestrel'
    'x-ms-ratelimit-remaining-subscription-reads': 'REDACTED'
    'x-ms-request-id': '2d82f9d7-4efb-4ca0-8617-729b37e0039f'
    'x-ms-routing-request-id': 'REDACTED'
    'Strict-Transport-Security': 'REDACTED'
    'X-Content-Type-Options': 'REDACTED'
    'Date': 'Fri, 20 Jan 2023 20:29:50 GMT'
[2023-01-20T17:29:50.275-0300] {data_factory.py:774} INFO - Current status of pipeline run 9b0f43de-9900-11ed-a50b-05e3ce77118f: InProgress
[2023-01-20T17:30:50.296-0300] {data_factory.py:768} INFO - Getting the status of run ID 9b0f43de-9900-11ed-a50b-05e3ce77118f.
[2023-01-20T17:30:50.840-0300] {base.py:73} INFO - Using connection ID 'adf' for task execution.
[2023-01-20T17:30:51.444-0300] {base.py:73} INFO - Using connection ID 'adf' for task execution.
[2023-01-20T17:30:51.445-0300] {_universal.py:526} INFO - Request URL: 'https://management.azure.com/subscriptions/5e5642ec-dd71-4e9a-a29e-58effbf39209/resourceGroups/rg-mdw-hml-fb/providers/Microsoft.DataFactory/factories/adf-mdw-hml-fb/pipelineruns/9b0f43de-9900-11ed-a50b-05e3ce77118f?api-version=REDACTED'
Request method: 'GET'
Request headers:
    'Accept': 'application/json'
    'x-ms-client-request-id': '54c3480c-9901-11ed-a50b-05e3ce77118f'
    'User-Agent': 'azsdk-python-mgmt-datafactory/1.1.0 Python/3.10.6 (Linux-5.15.0-58-generic-x86_64-with-glibc2.35)'
    'Authorization': 'REDACTED'
No body was attached to the request
[2023-01-20T17:30:51.554-0300] {_universal.py:554} INFO - Response status: 200
Response headers:
    'Cache-Control': 'no-cache'
    'Pragma': 'no-cache'
    'Transfer-Encoding': 'chunked'
    'Content-Type': 'application/json; charset=utf-8'
    'Content-Encoding': 'REDACTED'
    'Expires': '-1'
    'Vary': 'REDACTED'
    'x-ms-correlation-request-id': 'REDACTED'
    'Server': 'Kestrel'
    'x-ms-ratelimit-remaining-subscription-reads': 'REDACTED'
    'x-ms-request-id': '7801f038-bb3c-4a27-932c-c1a8f8d90ab1'
    'x-ms-routing-request-id': 'REDACTED'
    'Strict-Transport-Security': 'REDACTED'
    'X-Content-Type-Options': 'REDACTED'
    'Date': 'Fri, 20 Jan 2023 20:30:50 GMT'
[2023-01-20T17:30:51.555-0300] {data_factory.py:774} INFO - Current status of pipeline run 9b0f43de-9900-11ed-a50b-05e3ce77118f: InProgress
[2023-01-20T17:31:51.576-0300] {data_factory.py:768} INFO - Getting the status of run ID 9b0f43de-9900-11ed-a50b-05e3ce77118f.
[2023-01-20T17:31:52.083-0300] {base.py:73} INFO - Using connection ID 'adf' for task execution.
[2023-01-20T17:31:52.581-0300] {base.py:73} INFO - Using connection ID 'adf' for task execution.
[2023-01-20T17:31:52.583-0300] {_universal.py:526} INFO - Request URL: 'https://management.azure.com/subscriptions/5e5642ec-dd71-4e9a-a29e-58effbf39209/resourceGroups/rg-mdw-hml-fb/providers/Microsoft.DataFactory/factories/adf-mdw-hml-fb/pipelineruns/9b0f43de-9900-11ed-a50b-05e3ce77118f?api-version=REDACTED'
Request method: 'GET'
Request headers:
    'Accept': 'application/json'
    'x-ms-client-request-id': '793417b6-9901-11ed-a50b-05e3ce77118f'
    'User-Agent': 'azsdk-python-mgmt-datafactory/1.1.0 Python/3.10.6 (Linux-5.15.0-58-generic-x86_64-with-glibc2.35)'
    'Authorization': 'REDACTED'
No body was attached to the request
[2023-01-20T17:31:52.671-0300] {_universal.py:554} INFO - Response status: 200
Response headers:
    'Cache-Control': 'no-cache'
    'Pragma': 'no-cache'
    'Transfer-Encoding': 'chunked'
    'Content-Type': 'application/json; charset=utf-8'
    'Content-Encoding': 'REDACTED'
    'Expires': '-1'
    'Vary': 'REDACTED'
    'x-ms-correlation-request-id': 'REDACTED'
    'Server': 'Kestrel'
    'x-ms-ratelimit-remaining-subscription-reads': 'REDACTED'
    'x-ms-request-id': 'e64ed332-f246-4906-ae1b-ba6f69483479'
    'x-ms-routing-request-id': 'REDACTED'
    'Strict-Transport-Security': 'REDACTED'
    'X-Content-Type-Options': 'REDACTED'
    'Date': 'Fri, 20 Jan 2023 20:31:52 GMT'
[2023-01-20T17:31:52.672-0300] {data_factory.py:774} INFO - Current status of pipeline run 9b0f43de-9900-11ed-a50b-05e3ce77118f: InProgress
[2023-01-20T17:32:52.729-0300] {data_factory.py:768} INFO - Getting the status of run ID 9b0f43de-9900-11ed-a50b-05e3ce77118f.
[2023-01-20T17:32:53.299-0300] {base.py:73} INFO - Using connection ID 'adf' for task execution.
[2023-01-20T17:32:53.796-0300] {base.py:73} INFO - Using connection ID 'adf' for task execution.
[2023-01-20T17:32:53.798-0300] {_universal.py:526} INFO - Request URL: 'https://management.azure.com/subscriptions/5e5642ec-dd71-4e9a-a29e-58effbf39209/resourceGroups/rg-mdw-hml-fb/providers/Microsoft.DataFactory/factories/adf-mdw-hml-fb/pipelineruns/9b0f43de-9900-11ed-a50b-05e3ce77118f?api-version=REDACTED'
Request method: 'GET'
Request headers:
    'Accept': 'application/json'
    'x-ms-client-request-id': '9db0cbf2-9901-11ed-a50b-05e3ce77118f'
    'User-Agent': 'azsdk-python-mgmt-datafactory/1.1.0 Python/3.10.6 (Linux-5.15.0-58-generic-x86_64-with-glibc2.35)'
    'Authorization': 'REDACTED'
No body was attached to the request
[2023-01-20T17:32:53.886-0300] {_universal.py:554} INFO - Response status: 200
Response headers:
    'Cache-Control': 'no-cache'
    'Pragma': 'no-cache'
    'Transfer-Encoding': 'chunked'
    'Content-Type': 'application/json; charset=utf-8'
    'Content-Encoding': 'REDACTED'
    'Expires': '-1'
    'Vary': 'REDACTED'
    'x-ms-correlation-request-id': 'REDACTED'
    'Server': 'Kestrel'
    'x-ms-ratelimit-remaining-subscription-reads': 'REDACTED'
    'x-ms-request-id': 'd71f80d7-65a1-45d0-b1e4-8705e6294d2a'
    'x-ms-routing-request-id': 'REDACTED'
    'Strict-Transport-Security': 'REDACTED'
    'X-Content-Type-Options': 'REDACTED'
    'Date': 'Fri, 20 Jan 2023 20:32:53 GMT'
[2023-01-20T17:32:53.887-0300] {data_factory.py:774} INFO - Current status of pipeline run 9b0f43de-9900-11ed-a50b-05e3ce77118f: InProgress
[2023-01-20T17:33:53.944-0300] {data_factory.py:768} INFO - Getting the status of run ID 9b0f43de-9900-11ed-a50b-05e3ce77118f.
[2023-01-20T17:33:54.472-0300] {base.py:73} INFO - Using connection ID 'adf' for task execution.
[2023-01-20T17:33:54.982-0300] {base.py:73} INFO - Using connection ID 'adf' for task execution.
[2023-01-20T17:33:54.984-0300] {_universal.py:526} INFO - Request URL: 'https://management.azure.com/subscriptions/5e5642ec-dd71-4e9a-a29e-58effbf39209/resourceGroups/rg-mdw-hml-fb/providers/Microsoft.DataFactory/factories/adf-mdw-hml-fb/pipelineruns/9b0f43de-9900-11ed-a50b-05e3ce77118f?api-version=REDACTED'
Request method: 'GET'
Request headers:
    'Accept': 'application/json'
    'x-ms-client-request-id': 'c2290dd2-9901-11ed-a50b-05e3ce77118f'
    'User-Agent': 'azsdk-python-mgmt-datafactory/1.1.0 Python/3.10.6 (Linux-5.15.0-58-generic-x86_64-with-glibc2.35)'
    'Authorization': 'REDACTED'
No body was attached to the request
[2023-01-20T17:33:55.074-0300] {_universal.py:554} INFO - Response status: 200
Response headers:
    'Cache-Control': 'no-cache'
    'Pragma': 'no-cache'
    'Transfer-Encoding': 'chunked'
    'Content-Type': 'application/json; charset=utf-8'
    'Content-Encoding': 'REDACTED'
    'Expires': '-1'
    'Vary': 'REDACTED'
    'x-ms-correlation-request-id': 'REDACTED'
    'Server': 'Kestrel'
    'x-ms-ratelimit-remaining-subscription-reads': 'REDACTED'
    'x-ms-request-id': '8e828f83-25b5-46f0-882b-c316c5858cfa'
    'x-ms-routing-request-id': 'REDACTED'
    'Strict-Transport-Security': 'REDACTED'
    'X-Content-Type-Options': 'REDACTED'
    'Date': 'Fri, 20 Jan 2023 20:33:54 GMT'
[2023-01-20T17:33:55.074-0300] {data_factory.py:774} INFO - Current status of pipeline run 9b0f43de-9900-11ed-a50b-05e3ce77118f: InProgress
[2023-01-20T17:34:55.108-0300] {data_factory.py:768} INFO - Getting the status of run ID 9b0f43de-9900-11ed-a50b-05e3ce77118f.
[2023-01-20T17:34:55.606-0300] {base.py:73} INFO - Using connection ID 'adf' for task execution.
[2023-01-20T17:34:56.100-0300] {base.py:73} INFO - Using connection ID 'adf' for task execution.
[2023-01-20T17:34:56.101-0300] {_universal.py:526} INFO - Request URL: 'https://management.azure.com/subscriptions/5e5642ec-dd71-4e9a-a29e-58effbf39209/resourceGroups/rg-mdw-hml-fb/providers/Microsoft.DataFactory/factories/adf-mdw-hml-fb/pipelineruns/9b0f43de-9900-11ed-a50b-05e3ce77118f?api-version=REDACTED'
Request method: 'GET'
Request headers:
    'Accept': 'application/json'
    'x-ms-client-request-id': 'e696d528-9901-11ed-a50b-05e3ce77118f'
    'User-Agent': 'azsdk-python-mgmt-datafactory/1.1.0 Python/3.10.6 (Linux-5.15.0-58-generic-x86_64-with-glibc2.35)'
    'Authorization': 'REDACTED'
No body was attached to the request
[2023-01-20T17:34:56.192-0300] {_universal.py:554} INFO - Response status: 200
Response headers:
    'Cache-Control': 'no-cache'
    'Pragma': 'no-cache'
    'Transfer-Encoding': 'chunked'
    'Content-Type': 'application/json; charset=utf-8'
    'Content-Encoding': 'REDACTED'
    'Expires': '-1'
    'Vary': 'REDACTED'
    'x-ms-correlation-request-id': 'REDACTED'
    'Server': 'Kestrel'
    'x-ms-ratelimit-remaining-subscription-reads': 'REDACTED'
    'x-ms-request-id': 'cdf51efe-7fb9-47a7-8965-a58ced299abe'
    'x-ms-routing-request-id': 'REDACTED'
    'Strict-Transport-Security': 'REDACTED'
    'X-Content-Type-Options': 'REDACTED'
    'Date': 'Fri, 20 Jan 2023 20:34:55 GMT'
[2023-01-20T17:34:56.193-0300] {data_factory.py:774} INFO - Current status of pipeline run 9b0f43de-9900-11ed-a50b-05e3ce77118f: Succeeded
[2023-01-20T17:34:56.193-0300] {data_factory.py:182} INFO - Pipeline run 9b0f43de-9900-11ed-a50b-05e3ce77118f has completed successfully.
[2023-01-20T17:34:56.196-0300] {logging_mixin.py:137} WARNING - /home/airflow/.local/lib/python3.10/site-packages/airflow/models/baseoperator.py:1393 RemovedInAirflow3Warning: Passing 'execution_date' to 'TaskInstance.xcom_push()' is deprecated.
[2023-01-20T17:34:57.358-0300] {taskinstance.py:1322} INFO - Marking task as SUCCESS. dag_id=raw_opt_t_pessoafisica, task_id=run_adf_pipeline, execution_date=20230119T150000, start_date=20230120T202531, end_date=20230120T203457
[2023-01-20T17:34:58.421-0300] {local_task_job.py:159} INFO - Task exited with return code 0
[2023-01-20T17:34:58.974-0300] {taskinstance.py:2582} INFO - 0 downstream tasks scheduled from follow-on schedule check
