[2023-01-23T13:45:54.788-0300] {taskinstance.py:1087} INFO - Dependencies all met for <TaskInstance: bronze_opt_t_transacaofatura.run_databricks_notebook dataset_triggered__2023-01-23T16:45:42.905298+00:00 [queued]>
[2023-01-23T13:45:55.182-0300] {taskinstance.py:1087} INFO - Dependencies all met for <TaskInstance: bronze_opt_t_transacaofatura.run_databricks_notebook dataset_triggered__2023-01-23T16:45:42.905298+00:00 [queued]>
[2023-01-23T13:45:55.183-0300] {taskinstance.py:1283} INFO - 
--------------------------------------------------------------------------------
[2023-01-23T13:45:55.183-0300] {taskinstance.py:1284} INFO - Starting attempt 1 of 1
[2023-01-23T13:45:55.183-0300] {taskinstance.py:1285} INFO - 
--------------------------------------------------------------------------------
[2023-01-23T13:45:55.669-0300] {taskinstance.py:1304} INFO - Executing <Task(DatabricksSubmitRunOperator): run_databricks_notebook> on 2023-01-23 16:45:42.905298+00:00
[2023-01-23T13:45:55.675-0300] {standard_task_runner.py:55} INFO - Started process 1126769 to run task
[2023-01-23T13:45:55.679-0300] {standard_task_runner.py:82} INFO - Running: ['airflow', 'tasks', 'run', 'bronze_opt_t_transacaofatura', 'run_databricks_notebook', 'dataset_triggered__2023-01-23T16:45:42.905298+00:00', '--job-id', '1225', '--raw', '--subdir', 'DAGS_FOLDER/bronze/dock_opt/bronze_opt_t_transacaofatura.py', '--cfg-path', '/tmp/tmpz0vuuo8h']
[2023-01-23T13:45:55.682-0300] {standard_task_runner.py:83} INFO - Job 1225: Subtask run_databricks_notebook
[2023-01-23T13:46:07.171-0300] {task_command.py:389} INFO - Running <TaskInstance: bronze_opt_t_transacaofatura.run_databricks_notebook dataset_triggered__2023-01-23T16:45:42.905298+00:00 [running]> on host vm-airflow-01
[2023-01-23T13:46:09.616-0300] {taskinstance.py:1511} INFO - Exporting the following env vars:
AIRFLOW_CTX_DAG_OWNER=matheus.rodrigues@fortbrasil.com.br
AIRFLOW_CTX_DAG_ID=bronze_opt_t_transacaofatura
AIRFLOW_CTX_TASK_ID=run_databricks_notebook
AIRFLOW_CTX_EXECUTION_DATE=2023-01-23T16:45:42.905298+00:00
AIRFLOW_CTX_TRY_NUMBER=1
AIRFLOW_CTX_DAG_RUN_ID=dataset_triggered__2023-01-23T16:45:42.905298+00:00
[2023-01-23T13:46:10.167-0300] {base.py:73} INFO - Using connection ID 'adb' for task execution.
[2023-01-23T13:46:10.362-0300] {databricks_base.py:424} INFO - Using token auth. For security reasons, please set token in Password field instead of extra
[2023-01-23T13:46:11.671-0300] {databricks.py:50} INFO - Run submitted with run_id: 78689
[2023-01-23T13:46:11.672-0300] {databricks_base.py:424} INFO - Using token auth. For security reasons, please set token in Password field instead of extra
[2023-01-23T13:46:12.737-0300] {databricks_base.py:424} INFO - Using token auth. For security reasons, please set token in Password field instead of extra
[2023-01-23T13:46:13.047-0300] {databricks.py:91} INFO - run_databricks_notebook in run state: {'life_cycle_state': 'PENDING', 'result_state': '', 'state_message': ''}
[2023-01-23T13:46:13.048-0300] {databricks.py:92} INFO - View run status, Spark UI, and logs at https://adb-1362567168960874.14.azuredatabricks.net/?o=1362567168960874#job/711743559846670/run/78689
[2023-01-23T13:46:13.048-0300] {databricks.py:93} INFO - Sleeping for 30 seconds.
[2023-01-23T13:46:43.071-0300] {databricks_base.py:424} INFO - Using token auth. For security reasons, please set token in Password field instead of extra
[2023-01-23T13:46:43.530-0300] {databricks.py:91} INFO - run_databricks_notebook in run state: {'life_cycle_state': 'RUNNING', 'result_state': '', 'state_message': 'In run'}
[2023-01-23T13:46:43.530-0300] {databricks.py:92} INFO - View run status, Spark UI, and logs at https://adb-1362567168960874.14.azuredatabricks.net/?o=1362567168960874#job/711743559846670/run/78689
[2023-01-23T13:46:43.530-0300] {databricks.py:93} INFO - Sleeping for 30 seconds.
[2023-01-23T13:47:13.561-0300] {databricks_base.py:424} INFO - Using token auth. For security reasons, please set token in Password field instead of extra
[2023-01-23T13:47:13.857-0300] {databricks.py:91} INFO - run_databricks_notebook in run state: {'life_cycle_state': 'RUNNING', 'result_state': '', 'state_message': 'In run'}
[2023-01-23T13:47:13.858-0300] {databricks.py:92} INFO - View run status, Spark UI, and logs at https://adb-1362567168960874.14.azuredatabricks.net/?o=1362567168960874#job/711743559846670/run/78689
[2023-01-23T13:47:13.858-0300] {databricks.py:93} INFO - Sleeping for 30 seconds.
[2023-01-23T13:47:43.872-0300] {databricks_base.py:424} INFO - Using token auth. For security reasons, please set token in Password field instead of extra
[2023-01-23T13:47:44.149-0300] {databricks.py:91} INFO - run_databricks_notebook in run state: {'life_cycle_state': 'RUNNING', 'result_state': '', 'state_message': 'In run'}
[2023-01-23T13:47:44.149-0300] {databricks.py:92} INFO - View run status, Spark UI, and logs at https://adb-1362567168960874.14.azuredatabricks.net/?o=1362567168960874#job/711743559846670/run/78689
[2023-01-23T13:47:44.150-0300] {databricks.py:93} INFO - Sleeping for 30 seconds.
[2023-01-23T13:48:14.176-0300] {databricks_base.py:424} INFO - Using token auth. For security reasons, please set token in Password field instead of extra
[2023-01-23T13:48:14.541-0300] {databricks.py:91} INFO - run_databricks_notebook in run state: {'life_cycle_state': 'RUNNING', 'result_state': '', 'state_message': 'In run'}
[2023-01-23T13:48:14.541-0300] {databricks.py:92} INFO - View run status, Spark UI, and logs at https://adb-1362567168960874.14.azuredatabricks.net/?o=1362567168960874#job/711743559846670/run/78689
[2023-01-23T13:48:14.541-0300] {databricks.py:93} INFO - Sleeping for 30 seconds.
[2023-01-23T13:48:44.548-0300] {databricks_base.py:424} INFO - Using token auth. For security reasons, please set token in Password field instead of extra
[2023-01-23T13:48:44.874-0300] {databricks.py:91} INFO - run_databricks_notebook in run state: {'life_cycle_state': 'RUNNING', 'result_state': '', 'state_message': 'In run'}
[2023-01-23T13:48:44.875-0300] {databricks.py:92} INFO - View run status, Spark UI, and logs at https://adb-1362567168960874.14.azuredatabricks.net/?o=1362567168960874#job/711743559846670/run/78689
[2023-01-23T13:48:44.875-0300] {databricks.py:93} INFO - Sleeping for 30 seconds.
[2023-01-23T13:49:14.906-0300] {databricks_base.py:424} INFO - Using token auth. For security reasons, please set token in Password field instead of extra
[2023-01-23T13:49:15.297-0300] {databricks.py:61} INFO - run_databricks_notebook completed successfully.
[2023-01-23T13:49:15.297-0300] {databricks.py:62} INFO - View run status, Spark UI, and logs at https://adb-1362567168960874.14.azuredatabricks.net/?o=1362567168960874#job/711743559846670/run/78689
[2023-01-23T13:49:15.305-0300] {logging_mixin.py:137} WARNING - /home/airflow/.local/lib/python3.10/site-packages/airflow/models/baseoperator.py:1393 RemovedInAirflow3Warning: Passing 'execution_date' to 'TaskInstance.xcom_push()' is deprecated.
[2023-01-23T13:49:16.460-0300] {taskinstance.py:1322} INFO - Marking task as SUCCESS. dag_id=bronze_opt_t_transacaofatura, task_id=run_databricks_notebook, execution_date=20230123T164542, start_date=20230123T164554, end_date=20230123T164916
[2023-01-23T13:49:17.268-0300] {local_task_job.py:159} INFO - Task exited with return code 0
[2023-01-23T13:49:17.906-0300] {taskinstance.py:2582} INFO - 0 downstream tasks scheduled from follow-on schedule check
