[2023-01-25T12:01:07.453-0300] {taskinstance.py:1087} INFO - Dependencies all met for <TaskInstance: raw_opt_t_transacaofatura.get_last_date scheduled__2023-01-24T15:00:00+00:00 [queued]>
[2023-01-25T12:01:08.093-0300] {taskinstance.py:1087} INFO - Dependencies all met for <TaskInstance: raw_opt_t_transacaofatura.get_last_date scheduled__2023-01-24T15:00:00+00:00 [queued]>
[2023-01-25T12:01:08.094-0300] {taskinstance.py:1283} INFO - 
--------------------------------------------------------------------------------
[2023-01-25T12:01:08.094-0300] {taskinstance.py:1284} INFO - Starting attempt 1 of 1
[2023-01-25T12:01:08.094-0300] {taskinstance.py:1285} INFO - 
--------------------------------------------------------------------------------
[2023-01-25T12:01:08.657-0300] {taskinstance.py:1304} INFO - Executing <Task(DatabricksSubmitRunOperator): get_last_date> on 2023-01-24 15:00:00+00:00
[2023-01-25T12:01:08.663-0300] {standard_task_runner.py:55} INFO - Started process 1739524 to run task
[2023-01-25T12:01:08.667-0300] {standard_task_runner.py:82} INFO - Running: ['airflow', 'tasks', 'run', 'raw_opt_t_transacaofatura', 'get_last_date', 'scheduled__2023-01-24T15:00:00+00:00', '--job-id', '1362', '--raw', '--subdir', 'DAGS_FOLDER/raw/dock_opt/raw_opt_t_transacaofatura.py', '--cfg-path', '/tmp/tmp17x16_2c']
[2023-01-25T12:01:08.670-0300] {standard_task_runner.py:83} INFO - Job 1362: Subtask get_last_date
[2023-01-25T12:01:11.715-0300] {task_command.py:389} INFO - Running <TaskInstance: raw_opt_t_transacaofatura.get_last_date scheduled__2023-01-24T15:00:00+00:00 [running]> on host vm-airflow-01
[2023-01-25T12:01:14.277-0300] {taskinstance.py:1511} INFO - Exporting the following env vars:
AIRFLOW_CTX_DAG_OWNER=matheus.rodrigues@fortbrasil.com.br
AIRFLOW_CTX_DAG_ID=raw_opt_t_transacaofatura
AIRFLOW_CTX_TASK_ID=get_last_date
AIRFLOW_CTX_EXECUTION_DATE=2023-01-24T15:00:00+00:00
AIRFLOW_CTX_TRY_NUMBER=1
AIRFLOW_CTX_DAG_RUN_ID=scheduled__2023-01-24T15:00:00+00:00
[2023-01-25T12:01:14.780-0300] {base.py:73} INFO - Using connection ID 'adb' for task execution.
[2023-01-25T12:01:14.978-0300] {databricks_base.py:424} INFO - Using token auth. For security reasons, please set token in Password field instead of extra
[2023-01-25T12:01:16.180-0300] {databricks.py:50} INFO - Run submitted with run_id: 98258
[2023-01-25T12:01:16.180-0300] {databricks_base.py:424} INFO - Using token auth. For security reasons, please set token in Password field instead of extra
[2023-01-25T12:01:17.194-0300] {databricks_base.py:424} INFO - Using token auth. For security reasons, please set token in Password field instead of extra
[2023-01-25T12:01:17.480-0300] {databricks.py:91} INFO - get_last_date in run state: {'life_cycle_state': 'PENDING', 'result_state': '', 'state_message': ''}
[2023-01-25T12:01:17.480-0300] {databricks.py:92} INFO - View run status, Spark UI, and logs at https://adb-1362567168960874.14.azuredatabricks.net/?o=1362567168960874#job/850119210731872/run/98258
[2023-01-25T12:01:17.480-0300] {databricks.py:93} INFO - Sleeping for 30 seconds.
[2023-01-25T12:01:47.508-0300] {databricks_base.py:424} INFO - Using token auth. For security reasons, please set token in Password field instead of extra
[2023-01-25T12:01:47.813-0300] {databricks.py:91} INFO - get_last_date in run state: {'life_cycle_state': 'PENDING', 'result_state': '', 'state_message': ''}
[2023-01-25T12:01:47.813-0300] {databricks.py:92} INFO - View run status, Spark UI, and logs at https://adb-1362567168960874.14.azuredatabricks.net/?o=1362567168960874#job/850119210731872/run/98258
[2023-01-25T12:01:47.813-0300] {databricks.py:93} INFO - Sleeping for 30 seconds.
[2023-01-25T12:02:17.841-0300] {databricks_base.py:424} INFO - Using token auth. For security reasons, please set token in Password field instead of extra
[2023-01-25T12:02:18.108-0300] {databricks.py:91} INFO - get_last_date in run state: {'life_cycle_state': 'PENDING', 'result_state': '', 'state_message': ''}
[2023-01-25T12:02:18.109-0300] {databricks.py:92} INFO - View run status, Spark UI, and logs at https://adb-1362567168960874.14.azuredatabricks.net/?o=1362567168960874#job/850119210731872/run/98258
[2023-01-25T12:02:18.109-0300] {databricks.py:93} INFO - Sleeping for 30 seconds.
[2023-01-25T12:02:48.137-0300] {databricks_base.py:424} INFO - Using token auth. For security reasons, please set token in Password field instead of extra
[2023-01-25T12:02:48.470-0300] {databricks.py:91} INFO - get_last_date in run state: {'life_cycle_state': 'PENDING', 'result_state': '', 'state_message': ''}
[2023-01-25T12:02:48.470-0300] {databricks.py:92} INFO - View run status, Spark UI, and logs at https://adb-1362567168960874.14.azuredatabricks.net/?o=1362567168960874#job/850119210731872/run/98258
[2023-01-25T12:02:48.470-0300] {databricks.py:93} INFO - Sleeping for 30 seconds.
[2023-01-25T12:03:18.500-0300] {databricks_base.py:424} INFO - Using token auth. For security reasons, please set token in Password field instead of extra
[2023-01-25T12:03:18.810-0300] {databricks.py:91} INFO - get_last_date in run state: {'life_cycle_state': 'PENDING', 'result_state': '', 'state_message': ''}
[2023-01-25T12:03:18.810-0300] {databricks.py:92} INFO - View run status, Spark UI, and logs at https://adb-1362567168960874.14.azuredatabricks.net/?o=1362567168960874#job/850119210731872/run/98258
[2023-01-25T12:03:18.810-0300] {databricks.py:93} INFO - Sleeping for 30 seconds.
[2023-01-25T12:03:48.841-0300] {databricks_base.py:424} INFO - Using token auth. For security reasons, please set token in Password field instead of extra
[2023-01-25T12:03:49.148-0300] {databricks.py:91} INFO - get_last_date in run state: {'life_cycle_state': 'PENDING', 'result_state': '', 'state_message': ''}
[2023-01-25T12:03:49.148-0300] {databricks.py:92} INFO - View run status, Spark UI, and logs at https://adb-1362567168960874.14.azuredatabricks.net/?o=1362567168960874#job/850119210731872/run/98258
[2023-01-25T12:03:49.148-0300] {databricks.py:93} INFO - Sleeping for 30 seconds.
[2023-01-25T12:04:19.179-0300] {databricks_base.py:424} INFO - Using token auth. For security reasons, please set token in Password field instead of extra
[2023-01-25T12:04:19.444-0300] {databricks.py:91} INFO - get_last_date in run state: {'life_cycle_state': 'PENDING', 'result_state': '', 'state_message': ''}
[2023-01-25T12:04:19.445-0300] {databricks.py:92} INFO - View run status, Spark UI, and logs at https://adb-1362567168960874.14.azuredatabricks.net/?o=1362567168960874#job/850119210731872/run/98258
[2023-01-25T12:04:19.445-0300] {databricks.py:93} INFO - Sleeping for 30 seconds.
[2023-01-25T12:04:49.460-0300] {databricks_base.py:424} INFO - Using token auth. For security reasons, please set token in Password field instead of extra
[2023-01-25T12:04:49.727-0300] {databricks.py:91} INFO - get_last_date in run state: {'life_cycle_state': 'PENDING', 'result_state': '', 'state_message': ''}
[2023-01-25T12:04:49.727-0300] {databricks.py:92} INFO - View run status, Spark UI, and logs at https://adb-1362567168960874.14.azuredatabricks.net/?o=1362567168960874#job/850119210731872/run/98258
[2023-01-25T12:04:49.727-0300] {databricks.py:93} INFO - Sleeping for 30 seconds.
[2023-01-25T12:05:19.756-0300] {databricks_base.py:424} INFO - Using token auth. For security reasons, please set token in Password field instead of extra
[2023-01-25T12:05:20.058-0300] {databricks.py:91} INFO - get_last_date in run state: {'life_cycle_state': 'PENDING', 'result_state': '', 'state_message': ''}
[2023-01-25T12:05:20.058-0300] {databricks.py:92} INFO - View run status, Spark UI, and logs at https://adb-1362567168960874.14.azuredatabricks.net/?o=1362567168960874#job/850119210731872/run/98258
[2023-01-25T12:05:20.058-0300] {databricks.py:93} INFO - Sleeping for 30 seconds.
[2023-01-25T12:05:50.064-0300] {databricks_base.py:424} INFO - Using token auth. For security reasons, please set token in Password field instead of extra
[2023-01-25T12:05:50.379-0300] {databricks.py:91} INFO - get_last_date in run state: {'life_cycle_state': 'RUNNING', 'result_state': '', 'state_message': 'In run'}
[2023-01-25T12:05:50.379-0300] {databricks.py:92} INFO - View run status, Spark UI, and logs at https://adb-1362567168960874.14.azuredatabricks.net/?o=1362567168960874#job/850119210731872/run/98258
[2023-01-25T12:05:50.380-0300] {databricks.py:93} INFO - Sleeping for 30 seconds.
[2023-01-25T12:06:20.408-0300] {databricks_base.py:424} INFO - Using token auth. For security reasons, please set token in Password field instead of extra
[2023-01-25T12:06:20.716-0300] {databricks.py:91} INFO - get_last_date in run state: {'life_cycle_state': 'RUNNING', 'result_state': '', 'state_message': 'In run'}
[2023-01-25T12:06:20.716-0300] {databricks.py:92} INFO - View run status, Spark UI, and logs at https://adb-1362567168960874.14.azuredatabricks.net/?o=1362567168960874#job/850119210731872/run/98258
[2023-01-25T12:06:20.716-0300] {databricks.py:93} INFO - Sleeping for 30 seconds.
[2023-01-25T12:06:50.744-0300] {databricks_base.py:424} INFO - Using token auth. For security reasons, please set token in Password field instead of extra
[2023-01-25T12:06:51.015-0300] {databricks.py:91} INFO - get_last_date in run state: {'life_cycle_state': 'RUNNING', 'result_state': '', 'state_message': 'In run'}
[2023-01-25T12:06:51.015-0300] {databricks.py:92} INFO - View run status, Spark UI, and logs at https://adb-1362567168960874.14.azuredatabricks.net/?o=1362567168960874#job/850119210731872/run/98258
[2023-01-25T12:06:51.015-0300] {databricks.py:93} INFO - Sleeping for 30 seconds.
[2023-01-25T12:07:21.044-0300] {databricks_base.py:424} INFO - Using token auth. For security reasons, please set token in Password field instead of extra
[2023-01-25T12:07:21.305-0300] {databricks.py:91} INFO - get_last_date in run state: {'life_cycle_state': 'RUNNING', 'result_state': '', 'state_message': 'In run'}
[2023-01-25T12:07:21.305-0300] {databricks.py:92} INFO - View run status, Spark UI, and logs at https://adb-1362567168960874.14.azuredatabricks.net/?o=1362567168960874#job/850119210731872/run/98258
[2023-01-25T12:07:21.305-0300] {databricks.py:93} INFO - Sleeping for 30 seconds.
[2023-01-25T12:07:51.312-0300] {databricks_base.py:424} INFO - Using token auth. For security reasons, please set token in Password field instead of extra
[2023-01-25T12:07:51.834-0300] {databricks.py:91} INFO - get_last_date in run state: {'life_cycle_state': 'RUNNING', 'result_state': '', 'state_message': 'In run'}
[2023-01-25T12:07:51.834-0300] {databricks.py:92} INFO - View run status, Spark UI, and logs at https://adb-1362567168960874.14.azuredatabricks.net/?o=1362567168960874#job/850119210731872/run/98258
[2023-01-25T12:07:51.834-0300] {databricks.py:93} INFO - Sleeping for 30 seconds.
[2023-01-25T12:08:21.865-0300] {databricks_base.py:424} INFO - Using token auth. For security reasons, please set token in Password field instead of extra
[2023-01-25T12:08:22.157-0300] {databricks.py:61} INFO - get_last_date completed successfully.
[2023-01-25T12:08:22.158-0300] {databricks.py:62} INFO - View run status, Spark UI, and logs at https://adb-1362567168960874.14.azuredatabricks.net/?o=1362567168960874#job/850119210731872/run/98258
[2023-01-25T12:08:22.677-0300] {taskinstance.py:1322} INFO - Marking task as SUCCESS. dag_id=raw_opt_t_transacaofatura, task_id=get_last_date, execution_date=20230124T150000, start_date=20230125T150107, end_date=20230125T150822
[2023-01-25T12:08:23.277-0300] {local_task_job.py:159} INFO - Task exited with return code 0
[2023-01-25T12:08:24.180-0300] {taskinstance.py:2582} INFO - 1 downstream tasks scheduled from follow-on schedule check
