[2023-01-25T12:01:31.289-0300] {taskinstance.py:1087} INFO - Dependencies all met for <TaskInstance: raw_opt_t_parcelaaberta.run_adf_pipeline scheduled__2023-01-24T15:00:00+00:00 [queued]>
[2023-01-25T12:01:31.682-0300] {taskinstance.py:1087} INFO - Dependencies all met for <TaskInstance: raw_opt_t_parcelaaberta.run_adf_pipeline scheduled__2023-01-24T15:00:00+00:00 [queued]>
[2023-01-25T12:01:31.683-0300] {taskinstance.py:1283} INFO - 
--------------------------------------------------------------------------------
[2023-01-25T12:01:31.683-0300] {taskinstance.py:1284} INFO - Starting attempt 1 of 1
[2023-01-25T12:01:31.683-0300] {taskinstance.py:1285} INFO - 
--------------------------------------------------------------------------------
[2023-01-25T12:01:32.246-0300] {taskinstance.py:1304} INFO - Executing <Task(AzureDataFactoryRunPipelineOperator): run_adf_pipeline> on 2023-01-24 15:00:00+00:00
[2023-01-25T12:01:32.253-0300] {standard_task_runner.py:55} INFO - Started process 1739622 to run task
[2023-01-25T12:01:32.259-0300] {standard_task_runner.py:82} INFO - Running: ['airflow', 'tasks', 'run', 'raw_opt_t_parcelaaberta', 'run_adf_pipeline', 'scheduled__2023-01-24T15:00:00+00:00', '--job-id', '1368', '--raw', '--subdir', 'DAGS_FOLDER/raw/dock_opt/raw_opt_t_parcelaaberta.py', '--cfg-path', '/tmp/tmpy76u1vl3']
[2023-01-25T12:01:32.263-0300] {standard_task_runner.py:83} INFO - Job 1368: Subtask run_adf_pipeline
[2023-01-25T12:01:35.299-0300] {task_command.py:389} INFO - Running <TaskInstance: raw_opt_t_parcelaaberta.run_adf_pipeline scheduled__2023-01-24T15:00:00+00:00 [running]> on host vm-airflow-01
[2023-01-25T12:01:38.537-0300] {taskinstance.py:1511} INFO - Exporting the following env vars:
AIRFLOW_CTX_DAG_OWNER=matheus.rodrigues@fortbrasil.com.br
AIRFLOW_CTX_DAG_ID=raw_opt_t_parcelaaberta
AIRFLOW_CTX_TASK_ID=run_adf_pipeline
AIRFLOW_CTX_EXECUTION_DATE=2023-01-24T15:00:00+00:00
AIRFLOW_CTX_TRY_NUMBER=1
AIRFLOW_CTX_DAG_RUN_ID=scheduled__2023-01-24T15:00:00+00:00
[2023-01-25T12:01:38.538-0300] {data_factory.py:154} INFO - Executing the cp_opt_to_datalake pipeline.
[2023-01-25T12:01:39.050-0300] {base.py:73} INFO - Using connection ID 'adf' for task execution.
[2023-01-25T12:01:39.558-0300] {base.py:73} INFO - Using connection ID 'adf' for task execution.
[2023-01-25T12:01:40.062-0300] {base.py:73} INFO - Using connection ID 'adf' for task execution.
[2023-01-25T12:01:40.071-0300] {_universal.py:526} INFO - Request URL: 'https://login.microsoftonline.com:443/d47e09d1-17c6-4a6f-b65c-d49d61e186a2/v2.0/.well-known/openid-configuration'
Request method: 'GET'
Request headers:
    'User-Agent': 'azsdk-python-identity/1.12.0 Python/3.10.6 (Linux-5.15.0-58-generic-x86_64-with-glibc2.35)'
No body was attached to the request
[2023-01-25T12:01:40.532-0300] {_universal.py:554} INFO - Response status: 200
Response headers:
    'Cache-Control': 'max-age=86400, private'
    'Content-Type': 'application/json; charset=utf-8'
    'Strict-Transport-Security': 'REDACTED'
    'X-Content-Type-Options': 'REDACTED'
    'Access-Control-Allow-Origin': 'REDACTED'
    'Access-Control-Allow-Methods': 'REDACTED'
    'P3P': 'REDACTED'
    'x-ms-request-id': '61676837-5005-4a88-a760-ebb78d025f00'
    'x-ms-ests-server': 'REDACTED'
    'X-XSS-Protection': 'REDACTED'
    'Set-Cookie': 'REDACTED'
    'Date': 'Wed, 25 Jan 2023 15:01:39 GMT'
    'Content-Length': '1753'
[2023-01-25T12:01:40.533-0300] {_universal.py:526} INFO - Request URL: 'https://login.microsoftonline.com/common/discovery/instance?api-version=REDACTED&authorization_endpoint=REDACTED'
Request method: 'GET'
Request headers:
    'Accept': 'application/json'
    'User-Agent': 'azsdk-python-identity/1.12.0 Python/3.10.6 (Linux-5.15.0-58-generic-x86_64-with-glibc2.35)'
No body was attached to the request
[2023-01-25T12:01:40.724-0300] {_universal.py:554} INFO - Response status: 200
Response headers:
    'Cache-Control': 'max-age=86400, private'
    'Content-Type': 'application/json; charset=utf-8'
    'Strict-Transport-Security': 'REDACTED'
    'X-Content-Type-Options': 'REDACTED'
    'Access-Control-Allow-Origin': 'REDACTED'
    'Access-Control-Allow-Methods': 'REDACTED'
    'P3P': 'REDACTED'
    'x-ms-request-id': '12f26cda-5376-4461-978b-2b244a70e500'
    'x-ms-ests-server': 'REDACTED'
    'X-XSS-Protection': 'REDACTED'
    'Set-Cookie': 'REDACTED'
    'Date': 'Wed, 25 Jan 2023 15:01:40 GMT'
    'Content-Length': '945'
[2023-01-25T12:01:40.725-0300] {_universal.py:523} INFO - Request URL: 'https://login.microsoftonline.com/d47e09d1-17c6-4a6f-b65c-d49d61e186a2/oauth2/v2.0/token'
Request method: 'POST'
Request headers:
    'Accept': 'application/json'
    'x-client-sku': 'REDACTED'
    'x-client-ver': 'REDACTED'
    'x-client-os': 'REDACTED'
    'x-client-cpu': 'REDACTED'
    'x-ms-lib-capability': 'REDACTED'
    'client-request-id': 'REDACTED'
    'x-client-current-telemetry': 'REDACTED'
    'x-client-last-telemetry': 'REDACTED'
    'User-Agent': 'azsdk-python-identity/1.12.0 Python/3.10.6 (Linux-5.15.0-58-generic-x86_64-with-glibc2.35)'
A body is sent with the request
[2023-01-25T12:01:41.199-0300] {_universal.py:554} INFO - Response status: 200
Response headers:
    'Cache-Control': 'no-store, no-cache'
    'Pragma': 'no-cache'
    'Content-Type': 'application/json; charset=utf-8'
    'Expires': '-1'
    'Strict-Transport-Security': 'REDACTED'
    'X-Content-Type-Options': 'REDACTED'
    'P3P': 'REDACTED'
    'client-request-id': 'REDACTED'
    'x-ms-request-id': 'c82b9593-543d-457b-b8ab-ea2bb8948800'
    'x-ms-ests-server': 'REDACTED'
    'x-ms-clitelem': 'REDACTED'
    'X-XSS-Protection': 'REDACTED'
    'Set-Cookie': 'REDACTED'
    'Date': 'Wed, 25 Jan 2023 15:01:40 GMT'
    'Content-Length': '1391'
[2023-01-25T12:01:41.200-0300] {get_token_mixin.py:77} INFO - ClientSecretCredential.get_token succeeded
[2023-01-25T12:01:41.200-0300] {_universal.py:523} INFO - Request URL: 'https://management.azure.com/subscriptions/5e5642ec-dd71-4e9a-a29e-58effbf39209/resourceGroups/rg-mdw-hml-fb/providers/Microsoft.DataFactory/factories/adf-mdw-hml-fb/pipelines/cp_opt_to_datalake/createRun?api-version=REDACTED'
Request method: 'POST'
Request headers:
    'Content-Type': 'application/json'
    'Accept': 'application/json'
    'Content-Length': '135'
    'x-ms-client-request-id': '2c17697e-9cc1-11ed-a50b-05e3ce77118f'
    'User-Agent': 'azsdk-python-mgmt-datafactory/1.1.0 Python/3.10.6 (Linux-5.15.0-58-generic-x86_64-with-glibc2.35)'
    'Authorization': 'REDACTED'
A body is sent with the request
[2023-01-25T12:01:43.045-0300] {_universal.py:554} INFO - Response status: 200
Response headers:
    'Cache-Control': 'no-cache'
    'Pragma': 'no-cache'
    'Transfer-Encoding': 'chunked'
    'Content-Type': 'application/json; charset=utf-8'
    'Content-Encoding': 'REDACTED'
    'Expires': '-1'
    'Vary': 'REDACTED'
    'x-ms-correlation-request-id': 'REDACTED'
    'Server': 'Kestrel'
    'x-ms-ratelimit-remaining-subscription-writes': 'REDACTED'
    'x-ms-request-id': '3db638d5-3c8f-4b8c-8b93-eb1541955609'
    'x-ms-routing-request-id': 'REDACTED'
    'Strict-Transport-Security': 'REDACTED'
    'X-Content-Type-Options': 'REDACTED'
    'Date': 'Wed, 25 Jan 2023 15:01:42 GMT'
[2023-01-25T12:01:43.746-0300] {data_factory.py:172} INFO - Waiting for pipeline run 2c17697e-9cc1-11ed-a50b-05e3ce77118f to terminate.
[2023-01-25T12:01:43.747-0300] {data_factory.py:768} INFO - Getting the status of run ID 2c17697e-9cc1-11ed-a50b-05e3ce77118f.
[2023-01-25T12:01:44.238-0300] {base.py:73} INFO - Using connection ID 'adf' for task execution.
[2023-01-25T12:01:44.737-0300] {base.py:73} INFO - Using connection ID 'adf' for task execution.
[2023-01-25T12:01:44.738-0300] {_universal.py:526} INFO - Request URL: 'https://management.azure.com/subscriptions/5e5642ec-dd71-4e9a-a29e-58effbf39209/resourceGroups/rg-mdw-hml-fb/providers/Microsoft.DataFactory/factories/adf-mdw-hml-fb/pipelineruns/2c17697e-9cc1-11ed-a50b-05e3ce77118f?api-version=REDACTED'
Request method: 'GET'
Request headers:
    'Accept': 'application/json'
    'x-ms-client-request-id': '2edfaca2-9cc1-11ed-a50b-05e3ce77118f'
    'User-Agent': 'azsdk-python-mgmt-datafactory/1.1.0 Python/3.10.6 (Linux-5.15.0-58-generic-x86_64-with-glibc2.35)'
    'Authorization': 'REDACTED'
No body was attached to the request
[2023-01-25T12:01:44.849-0300] {_universal.py:554} INFO - Response status: 200
Response headers:
    'Cache-Control': 'no-cache'
    'Pragma': 'no-cache'
    'Transfer-Encoding': 'chunked'
    'Content-Type': 'application/json; charset=utf-8'
    'Content-Encoding': 'REDACTED'
    'Expires': '-1'
    'Vary': 'REDACTED'
    'x-ms-correlation-request-id': 'REDACTED'
    'Server': 'Kestrel'
    'x-ms-ratelimit-remaining-subscription-reads': 'REDACTED'
    'x-ms-request-id': '8872708a-5d5c-45cc-8cbb-b9f9bd2f6367'
    'x-ms-routing-request-id': 'REDACTED'
    'Strict-Transport-Security': 'REDACTED'
    'X-Content-Type-Options': 'REDACTED'
    'Date': 'Wed, 25 Jan 2023 15:01:43 GMT'
[2023-01-25T12:01:44.856-0300] {data_factory.py:774} INFO - Current status of pipeline run 2c17697e-9cc1-11ed-a50b-05e3ce77118f: InProgress
[2023-01-25T12:02:44.916-0300] {data_factory.py:768} INFO - Getting the status of run ID 2c17697e-9cc1-11ed-a50b-05e3ce77118f.
[2023-01-25T12:02:45.411-0300] {base.py:73} INFO - Using connection ID 'adf' for task execution.
[2023-01-25T12:02:45.942-0300] {base.py:73} INFO - Using connection ID 'adf' for task execution.
[2023-01-25T12:02:45.943-0300] {_universal.py:526} INFO - Request URL: 'https://management.azure.com/subscriptions/5e5642ec-dd71-4e9a-a29e-58effbf39209/resourceGroups/rg-mdw-hml-fb/providers/Microsoft.DataFactory/factories/adf-mdw-hml-fb/pipelineruns/2c17697e-9cc1-11ed-a50b-05e3ce77118f?api-version=REDACTED'
Request method: 'GET'
Request headers:
    'Accept': 'application/json'
    'x-ms-client-request-id': '535ac544-9cc1-11ed-a50b-05e3ce77118f'
    'User-Agent': 'azsdk-python-mgmt-datafactory/1.1.0 Python/3.10.6 (Linux-5.15.0-58-generic-x86_64-with-glibc2.35)'
    'Authorization': 'REDACTED'
No body was attached to the request
[2023-01-25T12:02:46.054-0300] {_universal.py:554} INFO - Response status: 200
Response headers:
    'Cache-Control': 'no-cache'
    'Pragma': 'no-cache'
    'Transfer-Encoding': 'chunked'
    'Content-Type': 'application/json; charset=utf-8'
    'Content-Encoding': 'REDACTED'
    'Expires': '-1'
    'Vary': 'REDACTED'
    'x-ms-correlation-request-id': 'REDACTED'
    'Server': 'Kestrel'
    'x-ms-ratelimit-remaining-subscription-reads': 'REDACTED'
    'x-ms-request-id': '4cdb73d1-e32f-419a-90b5-2ea30ffa7f67'
    'x-ms-routing-request-id': 'REDACTED'
    'Strict-Transport-Security': 'REDACTED'
    'X-Content-Type-Options': 'REDACTED'
    'Date': 'Wed, 25 Jan 2023 15:02:45 GMT'
[2023-01-25T12:02:46.054-0300] {data_factory.py:774} INFO - Current status of pipeline run 2c17697e-9cc1-11ed-a50b-05e3ce77118f: InProgress
[2023-01-25T12:03:46.090-0300] {data_factory.py:768} INFO - Getting the status of run ID 2c17697e-9cc1-11ed-a50b-05e3ce77118f.
[2023-01-25T12:03:46.600-0300] {base.py:73} INFO - Using connection ID 'adf' for task execution.
[2023-01-25T12:03:47.093-0300] {base.py:73} INFO - Using connection ID 'adf' for task execution.
[2023-01-25T12:03:47.094-0300] {_universal.py:526} INFO - Request URL: 'https://management.azure.com/subscriptions/5e5642ec-dd71-4e9a-a29e-58effbf39209/resourceGroups/rg-mdw-hml-fb/providers/Microsoft.DataFactory/factories/adf-mdw-hml-fb/pipelineruns/2c17697e-9cc1-11ed-a50b-05e3ce77118f?api-version=REDACTED'
Request method: 'GET'
Request headers:
    'Accept': 'application/json'
    'x-ms-client-request-id': '77cdb18e-9cc1-11ed-a50b-05e3ce77118f'
    'User-Agent': 'azsdk-python-mgmt-datafactory/1.1.0 Python/3.10.6 (Linux-5.15.0-58-generic-x86_64-with-glibc2.35)'
    'Authorization': 'REDACTED'
No body was attached to the request
[2023-01-25T12:03:47.287-0300] {_universal.py:554} INFO - Response status: 200
Response headers:
    'Cache-Control': 'no-cache'
    'Pragma': 'no-cache'
    'Transfer-Encoding': 'chunked'
    'Content-Type': 'application/json; charset=utf-8'
    'Content-Encoding': 'REDACTED'
    'Expires': '-1'
    'Vary': 'REDACTED'
    'x-ms-correlation-request-id': 'REDACTED'
    'Server': 'Kestrel'
    'x-ms-ratelimit-remaining-subscription-reads': 'REDACTED'
    'x-ms-request-id': '089c4e62-9013-48a2-9fb2-c77299f202b5'
    'x-ms-routing-request-id': 'REDACTED'
    'Strict-Transport-Security': 'REDACTED'
    'X-Content-Type-Options': 'REDACTED'
    'Date': 'Wed, 25 Jan 2023 15:03:47 GMT'
[2023-01-25T12:03:47.288-0300] {data_factory.py:774} INFO - Current status of pipeline run 2c17697e-9cc1-11ed-a50b-05e3ce77118f: Succeeded
[2023-01-25T12:03:47.289-0300] {data_factory.py:182} INFO - Pipeline run 2c17697e-9cc1-11ed-a50b-05e3ce77118f has completed successfully.
[2023-01-25T12:03:47.291-0300] {logging_mixin.py:137} WARNING - /home/airflow/.local/lib/python3.10/site-packages/airflow/models/baseoperator.py:1393 RemovedInAirflow3Warning: Passing 'execution_date' to 'TaskInstance.xcom_push()' is deprecated.
[2023-01-25T12:03:48.472-0300] {taskinstance.py:1322} INFO - Marking task as SUCCESS. dag_id=raw_opt_t_parcelaaberta, task_id=run_adf_pipeline, execution_date=20230124T150000, start_date=20230125T150131, end_date=20230125T150348
[2023-01-25T12:03:49.610-0300] {local_task_job.py:159} INFO - Task exited with return code 0
[2023-01-25T12:03:50.169-0300] {taskinstance.py:2582} INFO - 0 downstream tasks scheduled from follow-on schedule check
