[2023-01-25T12:59:23.731-0300] {taskinstance.py:1087} INFO - Dependencies all met for <TaskInstance: bronze_opt_t_parcelamentofatura.run_databricks_notebook dataset_triggered__2023-01-25T15:59:08.822051+00:00 [queued]>
[2023-01-25T12:59:24.124-0300] {taskinstance.py:1087} INFO - Dependencies all met for <TaskInstance: bronze_opt_t_parcelamentofatura.run_databricks_notebook dataset_triggered__2023-01-25T15:59:08.822051+00:00 [queued]>
[2023-01-25T12:59:24.124-0300] {taskinstance.py:1283} INFO - 
--------------------------------------------------------------------------------
[2023-01-25T12:59:24.125-0300] {taskinstance.py:1284} INFO - Starting attempt 1 of 1
[2023-01-25T12:59:24.125-0300] {taskinstance.py:1285} INFO - 
--------------------------------------------------------------------------------
[2023-01-25T12:59:24.626-0300] {taskinstance.py:1304} INFO - Executing <Task(DatabricksSubmitRunOperator): run_databricks_notebook> on 2023-01-25 15:59:08.822051+00:00
[2023-01-25T12:59:24.632-0300] {standard_task_runner.py:55} INFO - Started process 1753470 to run task
[2023-01-25T12:59:24.636-0300] {standard_task_runner.py:82} INFO - Running: ['airflow', 'tasks', 'run', 'bronze_opt_t_parcelamentofatura', 'run_databricks_notebook', 'dataset_triggered__2023-01-25T15:59:08.822051+00:00', '--job-id', '1512', '--raw', '--subdir', 'DAGS_FOLDER/bronze/dock_opt/bronze_opt_t_parcelamentofatura.py', '--cfg-path', '/tmp/tmpz3rhw82c']
[2023-01-25T12:59:24.642-0300] {standard_task_runner.py:83} INFO - Job 1512: Subtask run_databricks_notebook
[2023-01-25T12:59:27.801-0300] {task_command.py:389} INFO - Running <TaskInstance: bronze_opt_t_parcelamentofatura.run_databricks_notebook dataset_triggered__2023-01-25T15:59:08.822051+00:00 [running]> on host vm-airflow-01
[2023-01-25T12:59:30.545-0300] {taskinstance.py:1511} INFO - Exporting the following env vars:
AIRFLOW_CTX_DAG_OWNER=matheus.rodrigues@fortbrasil.com.br
AIRFLOW_CTX_DAG_ID=bronze_opt_t_parcelamentofatura
AIRFLOW_CTX_TASK_ID=run_databricks_notebook
AIRFLOW_CTX_EXECUTION_DATE=2023-01-25T15:59:08.822051+00:00
AIRFLOW_CTX_TRY_NUMBER=1
AIRFLOW_CTX_DAG_RUN_ID=dataset_triggered__2023-01-25T15:59:08.822051+00:00
[2023-01-25T12:59:31.097-0300] {base.py:73} INFO - Using connection ID 'adb' for task execution.
[2023-01-25T12:59:31.291-0300] {databricks_base.py:424} INFO - Using token auth. For security reasons, please set token in Password field instead of extra
[2023-01-25T12:59:32.622-0300] {databricks.py:50} INFO - Run submitted with run_id: 160832
[2023-01-25T12:59:32.623-0300] {databricks_base.py:424} INFO - Using token auth. For security reasons, please set token in Password field instead of extra
[2023-01-25T12:59:33.732-0300] {databricks_base.py:424} INFO - Using token auth. For security reasons, please set token in Password field instead of extra
[2023-01-25T12:59:34.075-0300] {databricks.py:91} INFO - run_databricks_notebook in run state: {'life_cycle_state': 'RUNNING', 'result_state': '', 'state_message': 'In run'}
[2023-01-25T12:59:34.076-0300] {databricks.py:92} INFO - View run status, Spark UI, and logs at https://adb-1362567168960874.14.azuredatabricks.net/?o=1362567168960874#job/250407998444789/run/160832
[2023-01-25T12:59:34.076-0300] {databricks.py:93} INFO - Sleeping for 30 seconds.
[2023-01-25T13:00:04.104-0300] {databricks_base.py:424} INFO - Using token auth. For security reasons, please set token in Password field instead of extra
[2023-01-25T13:00:04.388-0300] {databricks.py:61} INFO - run_databricks_notebook completed successfully.
[2023-01-25T13:00:04.388-0300] {databricks.py:62} INFO - View run status, Spark UI, and logs at https://adb-1362567168960874.14.azuredatabricks.net/?o=1362567168960874#job/250407998444789/run/160832
[2023-01-25T13:00:04.395-0300] {logging_mixin.py:137} WARNING - /home/airflow/.local/lib/python3.10/site-packages/airflow/models/baseoperator.py:1393 RemovedInAirflow3Warning: Passing 'execution_date' to 'TaskInstance.xcom_push()' is deprecated.
[2023-01-25T13:00:05.639-0300] {taskinstance.py:1322} INFO - Marking task as SUCCESS. dag_id=bronze_opt_t_parcelamentofatura, task_id=run_databricks_notebook, execution_date=20230125T155908, start_date=20230125T155923, end_date=20230125T160005
[2023-01-25T13:00:07.291-0300] {local_task_job.py:159} INFO - Task exited with return code 0
[2023-01-25T13:00:07.861-0300] {taskinstance.py:2582} INFO - 0 downstream tasks scheduled from follow-on schedule check
