[2023-01-23T12:00:41.936-0300] {taskinstance.py:1087} INFO - Dependencies all met for <TaskInstance: raw_opt_t_origemcomercial.current_date scheduled__2023-01-22T15:00:00+00:00 [queued]>
[2023-01-23T12:00:42.451-0300] {taskinstance.py:1087} INFO - Dependencies all met for <TaskInstance: raw_opt_t_origemcomercial.current_date scheduled__2023-01-22T15:00:00+00:00 [queued]>
[2023-01-23T12:00:42.452-0300] {taskinstance.py:1283} INFO - 
--------------------------------------------------------------------------------
[2023-01-23T12:00:42.452-0300] {taskinstance.py:1284} INFO - Starting attempt 1 of 1
[2023-01-23T12:00:42.452-0300] {taskinstance.py:1285} INFO - 
--------------------------------------------------------------------------------
[2023-01-23T12:00:43.397-0300] {taskinstance.py:1304} INFO - Executing <Task(_PythonDecoratedOperator): current_date> on 2023-01-22 15:00:00+00:00
[2023-01-23T12:00:43.403-0300] {standard_task_runner.py:55} INFO - Started process 1108697 to run task
[2023-01-23T12:00:43.407-0300] {standard_task_runner.py:82} INFO - Running: ['airflow', 'tasks', 'run', 'raw_opt_t_origemcomercial', 'current_date', 'scheduled__2023-01-22T15:00:00+00:00', '--job-id', '1196', '--raw', '--subdir', 'DAGS_FOLDER/raw/dock_opt/raw_opt_t_origemcomercial.py', '--cfg-path', '/tmp/tmp_syuag6n']
[2023-01-23T12:00:43.410-0300] {standard_task_runner.py:83} INFO - Job 1196: Subtask current_date
[2023-01-23T12:00:46.492-0300] {task_command.py:389} INFO - Running <TaskInstance: raw_opt_t_origemcomercial.current_date scheduled__2023-01-22T15:00:00+00:00 [running]> on host vm-airflow-01
[2023-01-23T12:00:48.953-0300] {taskinstance.py:1511} INFO - Exporting the following env vars:
AIRFLOW_CTX_DAG_OWNER=matheus.rodrigues@fortbrasil.com.br
AIRFLOW_CTX_DAG_ID=raw_opt_t_origemcomercial
AIRFLOW_CTX_TASK_ID=current_date
AIRFLOW_CTX_EXECUTION_DATE=2023-01-22T15:00:00+00:00
AIRFLOW_CTX_TRY_NUMBER=1
AIRFLOW_CTX_DAG_RUN_ID=scheduled__2023-01-22T15:00:00+00:00
[2023-01-23T12:00:48.954-0300] {python.py:177} INFO - Done. Returned value was: 2023-01-23
[2023-01-23T12:00:50.151-0300] {taskinstance.py:1322} INFO - Marking task as SUCCESS. dag_id=raw_opt_t_origemcomercial, task_id=current_date, execution_date=20230122T150000, start_date=20230123T150041, end_date=20230123T150050
[2023-01-23T12:00:50.980-0300] {local_task_job.py:159} INFO - Task exited with return code 0
[2023-01-23T12:00:51.724-0300] {taskinstance.py:2582} INFO - 1 downstream tasks scheduled from follow-on schedule check
