[2023-01-24T12:05:18.614-0300] {taskinstance.py:1087} INFO - Dependencies all met for <TaskInstance: bronze_opt_t_servicoconta.run_databricks_notebook dataset_triggered__2023-01-24T15:04:52.515753+00:00 [queued]>
[2023-01-24T12:05:19.014-0300] {taskinstance.py:1087} INFO - Dependencies all met for <TaskInstance: bronze_opt_t_servicoconta.run_databricks_notebook dataset_triggered__2023-01-24T15:04:52.515753+00:00 [queued]>
[2023-01-24T12:05:19.014-0300] {taskinstance.py:1283} INFO - 
--------------------------------------------------------------------------------
[2023-01-24T12:05:19.015-0300] {taskinstance.py:1284} INFO - Starting attempt 1 of 1
[2023-01-24T12:05:19.015-0300] {taskinstance.py:1285} INFO - 
--------------------------------------------------------------------------------
[2023-01-24T12:05:19.421-0300] {taskinstance.py:1304} INFO - Executing <Task(DatabricksSubmitRunOperator): run_databricks_notebook> on 2023-01-24 15:04:52.515753+00:00
[2023-01-24T12:05:19.427-0300] {standard_task_runner.py:55} INFO - Started process 1421377 to run task
[2023-01-24T12:05:19.432-0300] {standard_task_runner.py:82} INFO - Running: ['airflow', 'tasks', 'run', 'bronze_opt_t_servicoconta', 'run_databricks_notebook', 'dataset_triggered__2023-01-24T15:04:52.515753+00:00', '--job-id', '1311', '--raw', '--subdir', 'DAGS_FOLDER/bronze/dock_opt/bronze_opt_t_servicoconta.py', '--cfg-path', '/tmp/tmp4tv5_bcy']
[2023-01-24T12:05:19.435-0300] {standard_task_runner.py:83} INFO - Job 1311: Subtask run_databricks_notebook
[2023-01-24T12:05:22.477-0300] {task_command.py:389} INFO - Running <TaskInstance: bronze_opt_t_servicoconta.run_databricks_notebook dataset_triggered__2023-01-24T15:04:52.515753+00:00 [running]> on host vm-airflow-01
[2023-01-24T12:05:24.879-0300] {taskinstance.py:1511} INFO - Exporting the following env vars:
AIRFLOW_CTX_DAG_OWNER=matheus.rodrigues@fortbrasil.com.br
AIRFLOW_CTX_DAG_ID=bronze_opt_t_servicoconta
AIRFLOW_CTX_TASK_ID=run_databricks_notebook
AIRFLOW_CTX_EXECUTION_DATE=2023-01-24T15:04:52.515753+00:00
AIRFLOW_CTX_TRY_NUMBER=1
AIRFLOW_CTX_DAG_RUN_ID=dataset_triggered__2023-01-24T15:04:52.515753+00:00
[2023-01-24T12:05:25.433-0300] {base.py:73} INFO - Using connection ID 'adb' for task execution.
[2023-01-24T12:05:25.629-0300] {databricks_base.py:424} INFO - Using token auth. For security reasons, please set token in Password field instead of extra
[2023-01-24T12:05:26.834-0300] {databricks.py:50} INFO - Run submitted with run_id: 93338
[2023-01-24T12:05:26.835-0300] {databricks_base.py:424} INFO - Using token auth. For security reasons, please set token in Password field instead of extra
[2023-01-24T12:05:27.866-0300] {databricks_base.py:424} INFO - Using token auth. For security reasons, please set token in Password field instead of extra
[2023-01-24T12:05:28.154-0300] {databricks.py:91} INFO - run_databricks_notebook in run state: {'life_cycle_state': 'PENDING', 'result_state': '', 'state_message': ''}
[2023-01-24T12:05:28.154-0300] {databricks.py:92} INFO - View run status, Spark UI, and logs at https://adb-1362567168960874.14.azuredatabricks.net/?o=1362567168960874#job/812645277321653/run/93338
[2023-01-24T12:05:28.155-0300] {databricks.py:93} INFO - Sleeping for 30 seconds.
[2023-01-24T12:05:58.185-0300] {databricks_base.py:424} INFO - Using token auth. For security reasons, please set token in Password field instead of extra
[2023-01-24T12:05:58.455-0300] {databricks.py:91} INFO - run_databricks_notebook in run state: {'life_cycle_state': 'RUNNING', 'result_state': '', 'state_message': 'In run'}
[2023-01-24T12:05:58.456-0300] {databricks.py:92} INFO - View run status, Spark UI, and logs at https://adb-1362567168960874.14.azuredatabricks.net/?o=1362567168960874#job/812645277321653/run/93338
[2023-01-24T12:05:58.456-0300] {databricks.py:93} INFO - Sleeping for 30 seconds.
[2023-01-24T12:06:28.472-0300] {databricks_base.py:424} INFO - Using token auth. For security reasons, please set token in Password field instead of extra
[2023-01-24T12:06:28.779-0300] {databricks.py:91} INFO - run_databricks_notebook in run state: {'life_cycle_state': 'RUNNING', 'result_state': '', 'state_message': 'In run'}
[2023-01-24T12:06:28.780-0300] {databricks.py:92} INFO - View run status, Spark UI, and logs at https://adb-1362567168960874.14.azuredatabricks.net/?o=1362567168960874#job/812645277321653/run/93338
[2023-01-24T12:06:28.780-0300] {databricks.py:93} INFO - Sleeping for 30 seconds.
[2023-01-24T12:06:58.808-0300] {databricks_base.py:424} INFO - Using token auth. For security reasons, please set token in Password field instead of extra
[2023-01-24T12:06:59.094-0300] {databricks.py:91} INFO - run_databricks_notebook in run state: {'life_cycle_state': 'RUNNING', 'result_state': '', 'state_message': 'In run'}
[2023-01-24T12:06:59.094-0300] {databricks.py:92} INFO - View run status, Spark UI, and logs at https://adb-1362567168960874.14.azuredatabricks.net/?o=1362567168960874#job/812645277321653/run/93338
[2023-01-24T12:06:59.095-0300] {databricks.py:93} INFO - Sleeping for 30 seconds.
[2023-01-24T12:07:29.126-0300] {databricks_base.py:424} INFO - Using token auth. For security reasons, please set token in Password field instead of extra
[2023-01-24T12:07:29.400-0300] {databricks.py:91} INFO - run_databricks_notebook in run state: {'life_cycle_state': 'RUNNING', 'result_state': '', 'state_message': 'In run'}
[2023-01-24T12:07:29.401-0300] {databricks.py:92} INFO - View run status, Spark UI, and logs at https://adb-1362567168960874.14.azuredatabricks.net/?o=1362567168960874#job/812645277321653/run/93338
[2023-01-24T12:07:29.401-0300] {databricks.py:93} INFO - Sleeping for 30 seconds.
[2023-01-24T12:07:59.415-0300] {databricks_base.py:424} INFO - Using token auth. For security reasons, please set token in Password field instead of extra
[2023-01-24T12:07:59.681-0300] {databricks.py:91} INFO - run_databricks_notebook in run state: {'life_cycle_state': 'RUNNING', 'result_state': '', 'state_message': 'In run'}
[2023-01-24T12:07:59.681-0300] {databricks.py:92} INFO - View run status, Spark UI, and logs at https://adb-1362567168960874.14.azuredatabricks.net/?o=1362567168960874#job/812645277321653/run/93338
[2023-01-24T12:07:59.681-0300] {databricks.py:93} INFO - Sleeping for 30 seconds.
[2023-01-24T12:08:29.709-0300] {databricks_base.py:424} INFO - Using token auth. For security reasons, please set token in Password field instead of extra
[2023-01-24T12:08:29.985-0300] {databricks.py:91} INFO - run_databricks_notebook in run state: {'life_cycle_state': 'RUNNING', 'result_state': '', 'state_message': 'In run'}
[2023-01-24T12:08:29.986-0300] {databricks.py:92} INFO - View run status, Spark UI, and logs at https://adb-1362567168960874.14.azuredatabricks.net/?o=1362567168960874#job/812645277321653/run/93338
[2023-01-24T12:08:29.986-0300] {databricks.py:93} INFO - Sleeping for 30 seconds.
[2023-01-24T12:08:59.996-0300] {databricks_base.py:424} INFO - Using token auth. For security reasons, please set token in Password field instead of extra
[2023-01-24T12:09:00.308-0300] {databricks.py:61} INFO - run_databricks_notebook completed successfully.
[2023-01-24T12:09:00.309-0300] {databricks.py:62} INFO - View run status, Spark UI, and logs at https://adb-1362567168960874.14.azuredatabricks.net/?o=1362567168960874#job/812645277321653/run/93338
[2023-01-24T12:09:00.316-0300] {logging_mixin.py:137} WARNING - /home/airflow/.local/lib/python3.10/site-packages/airflow/models/baseoperator.py:1393 RemovedInAirflow3Warning: Passing 'execution_date' to 'TaskInstance.xcom_push()' is deprecated.
[2023-01-24T12:09:01.490-0300] {taskinstance.py:1322} INFO - Marking task as SUCCESS. dag_id=bronze_opt_t_servicoconta, task_id=run_databricks_notebook, execution_date=20230124T150452, start_date=20230124T150518, end_date=20230124T150901
[2023-01-24T12:09:02.307-0300] {local_task_job.py:159} INFO - Task exited with return code 0
[2023-01-24T12:09:02.870-0300] {taskinstance.py:2582} INFO - 0 downstream tasks scheduled from follow-on schedule check
