[2023-01-23T14:34:56.017-0300] {taskinstance.py:1087} INFO - Dependencies all met for <TaskInstance: bronze_opt_t_eventocompra.run_databricks_notebook dataset_triggered__2023-01-23T17:34:45.709584+00:00 [queued]>
[2023-01-23T14:34:56.397-0300] {taskinstance.py:1087} INFO - Dependencies all met for <TaskInstance: bronze_opt_t_eventocompra.run_databricks_notebook dataset_triggered__2023-01-23T17:34:45.709584+00:00 [queued]>
[2023-01-23T14:34:56.398-0300] {taskinstance.py:1283} INFO - 
--------------------------------------------------------------------------------
[2023-01-23T14:34:56.398-0300] {taskinstance.py:1284} INFO - Starting attempt 1 of 1
[2023-01-23T14:34:56.398-0300] {taskinstance.py:1285} INFO - 
--------------------------------------------------------------------------------
[2023-01-23T14:34:56.930-0300] {taskinstance.py:1304} INFO - Executing <Task(DatabricksSubmitRunOperator): run_databricks_notebook> on 2023-01-23 17:34:45.709584+00:00
[2023-01-23T14:34:56.936-0300] {standard_task_runner.py:55} INFO - Started process 1137698 to run task
[2023-01-23T14:34:56.940-0300] {standard_task_runner.py:82} INFO - Running: ['airflow', 'tasks', 'run', 'bronze_opt_t_eventocompra', 'run_databricks_notebook', 'dataset_triggered__2023-01-23T17:34:45.709584+00:00', '--job-id', '1240', '--raw', '--subdir', 'DAGS_FOLDER/bronze/dock_opt/bronze_opt_t_eventocompra.py', '--cfg-path', '/tmp/tmpro7ypx4v']
[2023-01-23T14:34:56.945-0300] {standard_task_runner.py:83} INFO - Job 1240: Subtask run_databricks_notebook
[2023-01-23T14:35:00.025-0300] {task_command.py:389} INFO - Running <TaskInstance: bronze_opt_t_eventocompra.run_databricks_notebook dataset_triggered__2023-01-23T17:34:45.709584+00:00 [running]> on host vm-airflow-01
[2023-01-23T14:35:02.520-0300] {taskinstance.py:1511} INFO - Exporting the following env vars:
AIRFLOW_CTX_DAG_OWNER=matheus.rodrigues@fortbrasil.com.br
AIRFLOW_CTX_DAG_ID=bronze_opt_t_eventocompra
AIRFLOW_CTX_TASK_ID=run_databricks_notebook
AIRFLOW_CTX_EXECUTION_DATE=2023-01-23T17:34:45.709584+00:00
AIRFLOW_CTX_TRY_NUMBER=1
AIRFLOW_CTX_DAG_RUN_ID=dataset_triggered__2023-01-23T17:34:45.709584+00:00
[2023-01-23T14:35:03.074-0300] {base.py:73} INFO - Using connection ID 'adb' for task execution.
[2023-01-23T14:35:03.277-0300] {databricks_base.py:424} INFO - Using token auth. For security reasons, please set token in Password field instead of extra
[2023-01-23T14:35:04.722-0300] {databricks.py:50} INFO - Run submitted with run_id: 82026
[2023-01-23T14:35:04.723-0300] {databricks_base.py:424} INFO - Using token auth. For security reasons, please set token in Password field instead of extra
[2023-01-23T14:35:05.802-0300] {databricks_base.py:424} INFO - Using token auth. For security reasons, please set token in Password field instead of extra
[2023-01-23T14:35:06.128-0300] {databricks.py:91} INFO - run_databricks_notebook in run state: {'life_cycle_state': 'RUNNING', 'result_state': '', 'state_message': 'In run'}
[2023-01-23T14:35:06.128-0300] {databricks.py:92} INFO - View run status, Spark UI, and logs at https://adb-1362567168960874.14.azuredatabricks.net/?o=1362567168960874#job/251952161859837/run/82026
[2023-01-23T14:35:06.128-0300] {databricks.py:93} INFO - Sleeping for 30 seconds.
[2023-01-23T14:35:36.148-0300] {databricks_base.py:424} INFO - Using token auth. For security reasons, please set token in Password field instead of extra
[2023-01-23T14:35:36.517-0300] {databricks_base.py:424} INFO - Using token auth. For security reasons, please set token in Password field instead of extra
[2023-01-23T14:35:37.475-0300] {taskinstance.py:1772} ERROR - Task failed with exception
Traceback (most recent call last):
  File "/home/airflow/.local/lib/python3.10/site-packages/airflow/providers/databricks/operators/databricks.py", line 376, in execute
    _handle_databricks_operator_execution(self, self._hook, self.log, context)
  File "/home/airflow/.local/lib/python3.10/site-packages/airflow/providers/databricks/operators/databricks.py", line 88, in _handle_databricks_operator_execution
    raise AirflowException(error_message)
airflow.exceptions.AirflowException: run_databricks_notebook failed with terminal state: {'life_cycle_state': 'TERMINATED', 'result_state': 'FAILED', 'state_message': ''} and with the error IllegalArgumentException: COPY INTO target must be a Delta table.
[2023-01-23T14:35:37.569-0300] {taskinstance.py:1322} INFO - Marking task as FAILED. dag_id=bronze_opt_t_eventocompra, task_id=run_databricks_notebook, execution_date=20230123T173445, start_date=20230123T173456, end_date=20230123T173537
[2023-01-23T14:35:38.169-0300] {standard_task_runner.py:100} ERROR - Failed to execute job 1240 for task run_databricks_notebook (run_databricks_notebook failed with terminal state: {'life_cycle_state': 'TERMINATED', 'result_state': 'FAILED', 'state_message': ''} and with the error IllegalArgumentException: COPY INTO target must be a Delta table.; 1137698)
[2023-01-23T14:35:38.182-0300] {local_task_job.py:159} INFO - Task exited with return code 1
[2023-01-23T14:35:38.813-0300] {taskinstance.py:2582} INFO - 0 downstream tasks scheduled from follow-on schedule check
