[2023-01-21T16:07:52.248-0300] {taskinstance.py:1087} INFO - Dependencies all met for <TaskInstance: bronze_opt_t_operacao.run_databricks_notebook dataset_triggered__2023-01-21T19:07:30.734054+00:00 [queued]>
[2023-01-21T16:07:52.623-0300] {taskinstance.py:1087} INFO - Dependencies all met for <TaskInstance: bronze_opt_t_operacao.run_databricks_notebook dataset_triggered__2023-01-21T19:07:30.734054+00:00 [queued]>
[2023-01-21T16:07:52.623-0300] {taskinstance.py:1283} INFO - 
--------------------------------------------------------------------------------
[2023-01-21T16:07:52.623-0300] {taskinstance.py:1284} INFO - Starting attempt 1 of 1
[2023-01-21T16:07:52.623-0300] {taskinstance.py:1285} INFO - 
--------------------------------------------------------------------------------
[2023-01-21T16:07:53.115-0300] {taskinstance.py:1304} INFO - Executing <Task(DatabricksSubmitRunOperator): run_databricks_notebook> on 2023-01-21 19:07:30.734054+00:00
[2023-01-21T16:07:53.120-0300] {standard_task_runner.py:55} INFO - Started process 684734 to run task
[2023-01-21T16:07:53.125-0300] {standard_task_runner.py:82} INFO - Running: ['airflow', 'tasks', 'run', 'bronze_opt_t_operacao', 'run_databricks_notebook', 'dataset_triggered__2023-01-21T19:07:30.734054+00:00', '--job-id', '1136', '--raw', '--subdir', 'DAGS_FOLDER/bronze/dock_opt/bronze_opt_t_operacao.py', '--cfg-path', '/tmp/tmpx8f4zdiu']
[2023-01-21T16:07:53.131-0300] {standard_task_runner.py:83} INFO - Job 1136: Subtask run_databricks_notebook
[2023-01-21T16:07:56.164-0300] {task_command.py:389} INFO - Running <TaskInstance: bronze_opt_t_operacao.run_databricks_notebook dataset_triggered__2023-01-21T19:07:30.734054+00:00 [running]> on host vm-airflow-01
[2023-01-21T16:07:58.600-0300] {taskinstance.py:1511} INFO - Exporting the following env vars:
AIRFLOW_CTX_DAG_OWNER=matheus.rodrigues@fortbrasil.com.br
AIRFLOW_CTX_DAG_ID=bronze_opt_t_operacao
AIRFLOW_CTX_TASK_ID=run_databricks_notebook
AIRFLOW_CTX_EXECUTION_DATE=2023-01-21T19:07:30.734054+00:00
AIRFLOW_CTX_TRY_NUMBER=1
AIRFLOW_CTX_DAG_RUN_ID=dataset_triggered__2023-01-21T19:07:30.734054+00:00
[2023-01-21T16:07:59.111-0300] {base.py:73} INFO - Using connection ID 'adb' for task execution.
[2023-01-21T16:07:59.360-0300] {databricks_base.py:424} INFO - Using token auth. For security reasons, please set token in Password field instead of extra
[2023-01-21T16:08:00.688-0300] {databricks.py:50} INFO - Run submitted with run_id: 67631
[2023-01-21T16:08:00.689-0300] {databricks_base.py:424} INFO - Using token auth. For security reasons, please set token in Password field instead of extra
[2023-01-21T16:08:01.713-0300] {databricks_base.py:424} INFO - Using token auth. For security reasons, please set token in Password field instead of extra
[2023-01-21T16:08:02.012-0300] {databricks.py:91} INFO - run_databricks_notebook in run state: {'life_cycle_state': 'PENDING', 'result_state': '', 'state_message': ''}
[2023-01-21T16:08:02.012-0300] {databricks.py:92} INFO - View run status, Spark UI, and logs at https://adb-1362567168960874.14.azuredatabricks.net/?o=1362567168960874#job/170545770259023/run/67631
[2023-01-21T16:08:02.013-0300] {databricks.py:93} INFO - Sleeping for 30 seconds.
[2023-01-21T16:08:32.024-0300] {databricks_base.py:424} INFO - Using token auth. For security reasons, please set token in Password field instead of extra
[2023-01-21T16:08:32.342-0300] {databricks.py:91} INFO - run_databricks_notebook in run state: {'life_cycle_state': 'PENDING', 'result_state': '', 'state_message': ''}
[2023-01-21T16:08:32.343-0300] {databricks.py:92} INFO - View run status, Spark UI, and logs at https://adb-1362567168960874.14.azuredatabricks.net/?o=1362567168960874#job/170545770259023/run/67631
[2023-01-21T16:08:32.343-0300] {databricks.py:93} INFO - Sleeping for 30 seconds.
[2023-01-21T16:09:02.372-0300] {databricks_base.py:424} INFO - Using token auth. For security reasons, please set token in Password field instead of extra
[2023-01-21T16:09:02.678-0300] {databricks.py:91} INFO - run_databricks_notebook in run state: {'life_cycle_state': 'PENDING', 'result_state': '', 'state_message': ''}
[2023-01-21T16:09:02.678-0300] {databricks.py:92} INFO - View run status, Spark UI, and logs at https://adb-1362567168960874.14.azuredatabricks.net/?o=1362567168960874#job/170545770259023/run/67631
[2023-01-21T16:09:02.678-0300] {databricks.py:93} INFO - Sleeping for 30 seconds.
[2023-01-21T16:09:32.686-0300] {databricks_base.py:424} INFO - Using token auth. For security reasons, please set token in Password field instead of extra
[2023-01-21T16:09:32.944-0300] {databricks.py:91} INFO - run_databricks_notebook in run state: {'life_cycle_state': 'PENDING', 'result_state': '', 'state_message': ''}
[2023-01-21T16:09:32.945-0300] {databricks.py:92} INFO - View run status, Spark UI, and logs at https://adb-1362567168960874.14.azuredatabricks.net/?o=1362567168960874#job/170545770259023/run/67631
[2023-01-21T16:09:32.945-0300] {databricks.py:93} INFO - Sleeping for 30 seconds.
[2023-01-21T16:10:02.972-0300] {databricks_base.py:424} INFO - Using token auth. For security reasons, please set token in Password field instead of extra
[2023-01-21T16:10:03.242-0300] {databricks.py:91} INFO - run_databricks_notebook in run state: {'life_cycle_state': 'PENDING', 'result_state': '', 'state_message': ''}
[2023-01-21T16:10:03.242-0300] {databricks.py:92} INFO - View run status, Spark UI, and logs at https://adb-1362567168960874.14.azuredatabricks.net/?o=1362567168960874#job/170545770259023/run/67631
[2023-01-21T16:10:03.243-0300] {databricks.py:93} INFO - Sleeping for 30 seconds.
[2023-01-21T16:10:33.253-0300] {databricks_base.py:424} INFO - Using token auth. For security reasons, please set token in Password field instead of extra
[2023-01-21T16:10:33.581-0300] {databricks.py:91} INFO - run_databricks_notebook in run state: {'life_cycle_state': 'PENDING', 'result_state': '', 'state_message': ''}
[2023-01-21T16:10:33.581-0300] {databricks.py:92} INFO - View run status, Spark UI, and logs at https://adb-1362567168960874.14.azuredatabricks.net/?o=1362567168960874#job/170545770259023/run/67631
[2023-01-21T16:10:33.582-0300] {databricks.py:93} INFO - Sleeping for 30 seconds.
[2023-01-21T16:11:03.612-0300] {databricks_base.py:424} INFO - Using token auth. For security reasons, please set token in Password field instead of extra
[2023-01-21T16:11:03.877-0300] {databricks.py:91} INFO - run_databricks_notebook in run state: {'life_cycle_state': 'PENDING', 'result_state': '', 'state_message': ''}
[2023-01-21T16:11:03.878-0300] {databricks.py:92} INFO - View run status, Spark UI, and logs at https://adb-1362567168960874.14.azuredatabricks.net/?o=1362567168960874#job/170545770259023/run/67631
[2023-01-21T16:11:03.878-0300] {databricks.py:93} INFO - Sleeping for 30 seconds.
[2023-01-21T16:11:33.892-0300] {databricks_base.py:424} INFO - Using token auth. For security reasons, please set token in Password field instead of extra
[2023-01-21T16:11:34.159-0300] {databricks.py:91} INFO - run_databricks_notebook in run state: {'life_cycle_state': 'PENDING', 'result_state': '', 'state_message': ''}
[2023-01-21T16:11:34.159-0300] {databricks.py:92} INFO - View run status, Spark UI, and logs at https://adb-1362567168960874.14.azuredatabricks.net/?o=1362567168960874#job/170545770259023/run/67631
[2023-01-21T16:11:34.159-0300] {databricks.py:93} INFO - Sleeping for 30 seconds.
[2023-01-21T16:12:04.188-0300] {databricks_base.py:424} INFO - Using token auth. For security reasons, please set token in Password field instead of extra
[2023-01-21T16:12:04.471-0300] {databricks.py:91} INFO - run_databricks_notebook in run state: {'life_cycle_state': 'PENDING', 'result_state': '', 'state_message': ''}
[2023-01-21T16:12:04.472-0300] {databricks.py:92} INFO - View run status, Spark UI, and logs at https://adb-1362567168960874.14.azuredatabricks.net/?o=1362567168960874#job/170545770259023/run/67631
[2023-01-21T16:12:04.472-0300] {databricks.py:93} INFO - Sleeping for 30 seconds.
[2023-01-21T16:12:34.503-0300] {databricks_base.py:424} INFO - Using token auth. For security reasons, please set token in Password field instead of extra
[2023-01-21T16:12:34.768-0300] {databricks.py:91} INFO - run_databricks_notebook in run state: {'life_cycle_state': 'PENDING', 'result_state': '', 'state_message': ''}
[2023-01-21T16:12:34.768-0300] {databricks.py:92} INFO - View run status, Spark UI, and logs at https://adb-1362567168960874.14.azuredatabricks.net/?o=1362567168960874#job/170545770259023/run/67631
[2023-01-21T16:12:34.768-0300] {databricks.py:93} INFO - Sleeping for 30 seconds.
[2023-01-21T16:13:04.799-0300] {databricks_base.py:424} INFO - Using token auth. For security reasons, please set token in Password field instead of extra
[2023-01-21T16:13:05.107-0300] {databricks.py:91} INFO - run_databricks_notebook in run state: {'life_cycle_state': 'PENDING', 'result_state': '', 'state_message': ''}
[2023-01-21T16:13:05.108-0300] {databricks.py:92} INFO - View run status, Spark UI, and logs at https://adb-1362567168960874.14.azuredatabricks.net/?o=1362567168960874#job/170545770259023/run/67631
[2023-01-21T16:13:05.108-0300] {databricks.py:93} INFO - Sleeping for 30 seconds.
[2023-01-21T16:13:35.136-0300] {databricks_base.py:424} INFO - Using token auth. For security reasons, please set token in Password field instead of extra
[2023-01-21T16:13:35.492-0300] {databricks.py:91} INFO - run_databricks_notebook in run state: {'life_cycle_state': 'RUNNING', 'result_state': '', 'state_message': 'In run'}
[2023-01-21T16:13:35.493-0300] {databricks.py:92} INFO - View run status, Spark UI, and logs at https://adb-1362567168960874.14.azuredatabricks.net/?o=1362567168960874#job/170545770259023/run/67631
[2023-01-21T16:13:35.493-0300] {databricks.py:93} INFO - Sleeping for 30 seconds.
[2023-01-21T16:14:05.523-0300] {databricks_base.py:424} INFO - Using token auth. For security reasons, please set token in Password field instead of extra
[2023-01-21T16:14:05.788-0300] {databricks.py:91} INFO - run_databricks_notebook in run state: {'life_cycle_state': 'RUNNING', 'result_state': '', 'state_message': 'In run'}
[2023-01-21T16:14:05.788-0300] {databricks.py:92} INFO - View run status, Spark UI, and logs at https://adb-1362567168960874.14.azuredatabricks.net/?o=1362567168960874#job/170545770259023/run/67631
[2023-01-21T16:14:05.788-0300] {databricks.py:93} INFO - Sleeping for 30 seconds.
[2023-01-21T16:14:35.812-0300] {databricks_base.py:424} INFO - Using token auth. For security reasons, please set token in Password field instead of extra
[2023-01-21T16:14:36.137-0300] {databricks.py:91} INFO - run_databricks_notebook in run state: {'life_cycle_state': 'RUNNING', 'result_state': '', 'state_message': 'In run'}
[2023-01-21T16:14:36.137-0300] {databricks.py:92} INFO - View run status, Spark UI, and logs at https://adb-1362567168960874.14.azuredatabricks.net/?o=1362567168960874#job/170545770259023/run/67631
[2023-01-21T16:14:36.137-0300] {databricks.py:93} INFO - Sleeping for 30 seconds.
[2023-01-21T16:15:06.164-0300] {databricks_base.py:424} INFO - Using token auth. For security reasons, please set token in Password field instead of extra
[2023-01-21T16:15:06.439-0300] {databricks.py:91} INFO - run_databricks_notebook in run state: {'life_cycle_state': 'RUNNING', 'result_state': '', 'state_message': 'In run'}
[2023-01-21T16:15:06.439-0300] {databricks.py:92} INFO - View run status, Spark UI, and logs at https://adb-1362567168960874.14.azuredatabricks.net/?o=1362567168960874#job/170545770259023/run/67631
[2023-01-21T16:15:06.439-0300] {databricks.py:93} INFO - Sleeping for 30 seconds.
[2023-01-21T16:15:36.468-0300] {databricks_base.py:424} INFO - Using token auth. For security reasons, please set token in Password field instead of extra
[2023-01-21T16:15:36.746-0300] {databricks.py:61} INFO - run_databricks_notebook completed successfully.
[2023-01-21T16:15:36.746-0300] {databricks.py:62} INFO - View run status, Spark UI, and logs at https://adb-1362567168960874.14.azuredatabricks.net/?o=1362567168960874#job/170545770259023/run/67631
[2023-01-21T16:15:36.754-0300] {logging_mixin.py:137} WARNING - /home/airflow/.local/lib/python3.10/site-packages/airflow/models/baseoperator.py:1393 RemovedInAirflow3Warning: Passing 'execution_date' to 'TaskInstance.xcom_push()' is deprecated.
[2023-01-21T16:15:37.897-0300] {taskinstance.py:1322} INFO - Marking task as SUCCESS. dag_id=bronze_opt_t_operacao, task_id=run_databricks_notebook, execution_date=20230121T190730, start_date=20230121T190752, end_date=20230121T191537
[2023-01-21T16:15:38.701-0300] {local_task_job.py:159} INFO - Task exited with return code 0
[2023-01-21T16:15:39.256-0300] {taskinstance.py:2582} INFO - 0 downstream tasks scheduled from follow-on schedule check
