[2023-01-25T12:03:15.536-0300] {taskinstance.py:1087} INFO - Dependencies all met for <TaskInstance: bronze_opt_t_operacao.run_databricks_notebook dataset_triggered__2023-01-25T15:02:48.513477+00:00 [queued]>
[2023-01-25T12:03:16.071-0300] {taskinstance.py:1087} INFO - Dependencies all met for <TaskInstance: bronze_opt_t_operacao.run_databricks_notebook dataset_triggered__2023-01-25T15:02:48.513477+00:00 [queued]>
[2023-01-25T12:03:16.071-0300] {taskinstance.py:1283} INFO - 
--------------------------------------------------------------------------------
[2023-01-25T12:03:16.073-0300] {taskinstance.py:1284} INFO - Starting attempt 1 of 1
[2023-01-25T12:03:16.073-0300] {taskinstance.py:1285} INFO - 
--------------------------------------------------------------------------------
[2023-01-25T12:03:16.700-0300] {taskinstance.py:1304} INFO - Executing <Task(DatabricksSubmitRunOperator): run_databricks_notebook> on 2023-01-25 15:02:48.513477+00:00
[2023-01-25T12:03:16.706-0300] {standard_task_runner.py:55} INFO - Started process 1740000 to run task
[2023-01-25T12:03:16.712-0300] {standard_task_runner.py:82} INFO - Running: ['airflow', 'tasks', 'run', 'bronze_opt_t_operacao', 'run_databricks_notebook', 'dataset_triggered__2023-01-25T15:02:48.513477+00:00', '--job-id', '1371', '--raw', '--subdir', 'DAGS_FOLDER/bronze/dock_opt/bronze_opt_t_operacao.py', '--cfg-path', '/tmp/tmpfexiosu7']
[2023-01-25T12:03:16.716-0300] {standard_task_runner.py:83} INFO - Job 1371: Subtask run_databricks_notebook
[2023-01-25T12:03:20.252-0300] {task_command.py:389} INFO - Running <TaskInstance: bronze_opt_t_operacao.run_databricks_notebook dataset_triggered__2023-01-25T15:02:48.513477+00:00 [running]> on host vm-airflow-01
[2023-01-25T12:03:23.227-0300] {taskinstance.py:1511} INFO - Exporting the following env vars:
AIRFLOW_CTX_DAG_OWNER=matheus.rodrigues@fortbrasil.com.br
AIRFLOW_CTX_DAG_ID=bronze_opt_t_operacao
AIRFLOW_CTX_TASK_ID=run_databricks_notebook
AIRFLOW_CTX_EXECUTION_DATE=2023-01-25T15:02:48.513477+00:00
AIRFLOW_CTX_TRY_NUMBER=1
AIRFLOW_CTX_DAG_RUN_ID=dataset_triggered__2023-01-25T15:02:48.513477+00:00
[2023-01-25T12:03:23.829-0300] {base.py:73} INFO - Using connection ID 'adb' for task execution.
[2023-01-25T12:03:24.029-0300] {databricks_base.py:424} INFO - Using token auth. For security reasons, please set token in Password field instead of extra
[2023-01-25T12:03:25.464-0300] {databricks.py:50} INFO - Run submitted with run_id: 99084
[2023-01-25T12:03:25.464-0300] {databricks_base.py:424} INFO - Using token auth. For security reasons, please set token in Password field instead of extra
[2023-01-25T12:03:26.603-0300] {databricks_base.py:424} INFO - Using token auth. For security reasons, please set token in Password field instead of extra
[2023-01-25T12:03:26.895-0300] {databricks.py:91} INFO - run_databricks_notebook in run state: {'life_cycle_state': 'PENDING', 'result_state': '', 'state_message': ''}
[2023-01-25T12:03:26.895-0300] {databricks.py:92} INFO - View run status, Spark UI, and logs at https://adb-1362567168960874.14.azuredatabricks.net/?o=1362567168960874#job/16310326487428/run/99084
[2023-01-25T12:03:26.895-0300] {databricks.py:93} INFO - Sleeping for 30 seconds.
[2023-01-25T12:03:56.924-0300] {databricks_base.py:424} INFO - Using token auth. For security reasons, please set token in Password field instead of extra
[2023-01-25T12:03:57.232-0300] {databricks.py:91} INFO - run_databricks_notebook in run state: {'life_cycle_state': 'PENDING', 'result_state': '', 'state_message': ''}
[2023-01-25T12:03:57.233-0300] {databricks.py:92} INFO - View run status, Spark UI, and logs at https://adb-1362567168960874.14.azuredatabricks.net/?o=1362567168960874#job/16310326487428/run/99084
[2023-01-25T12:03:57.233-0300] {databricks.py:93} INFO - Sleeping for 30 seconds.
[2023-01-25T12:04:27.257-0300] {databricks_base.py:424} INFO - Using token auth. For security reasons, please set token in Password field instead of extra
[2023-01-25T12:04:27.575-0300] {databricks.py:91} INFO - run_databricks_notebook in run state: {'life_cycle_state': 'PENDING', 'result_state': '', 'state_message': ''}
[2023-01-25T12:04:27.576-0300] {databricks.py:92} INFO - View run status, Spark UI, and logs at https://adb-1362567168960874.14.azuredatabricks.net/?o=1362567168960874#job/16310326487428/run/99084
[2023-01-25T12:04:27.576-0300] {databricks.py:93} INFO - Sleeping for 30 seconds.
[2023-01-25T12:04:57.586-0300] {databricks_base.py:424} INFO - Using token auth. For security reasons, please set token in Password field instead of extra
[2023-01-25T12:04:57.855-0300] {databricks.py:91} INFO - run_databricks_notebook in run state: {'life_cycle_state': 'PENDING', 'result_state': '', 'state_message': ''}
[2023-01-25T12:04:57.856-0300] {databricks.py:92} INFO - View run status, Spark UI, and logs at https://adb-1362567168960874.14.azuredatabricks.net/?o=1362567168960874#job/16310326487428/run/99084
[2023-01-25T12:04:57.856-0300] {databricks.py:93} INFO - Sleeping for 30 seconds.
[2023-01-25T12:05:27.884-0300] {databricks_base.py:424} INFO - Using token auth. For security reasons, please set token in Password field instead of extra
[2023-01-25T12:05:28.188-0300] {databricks.py:91} INFO - run_databricks_notebook in run state: {'life_cycle_state': 'PENDING', 'result_state': '', 'state_message': ''}
[2023-01-25T12:05:28.189-0300] {databricks.py:92} INFO - View run status, Spark UI, and logs at https://adb-1362567168960874.14.azuredatabricks.net/?o=1362567168960874#job/16310326487428/run/99084
[2023-01-25T12:05:28.189-0300] {databricks.py:93} INFO - Sleeping for 30 seconds.
[2023-01-25T12:05:58.212-0300] {databricks_base.py:424} INFO - Using token auth. For security reasons, please set token in Password field instead of extra
[2023-01-25T12:05:58.497-0300] {databricks.py:91} INFO - run_databricks_notebook in run state: {'life_cycle_state': 'RUNNING', 'result_state': '', 'state_message': 'In run'}
[2023-01-25T12:05:58.498-0300] {databricks.py:92} INFO - View run status, Spark UI, and logs at https://adb-1362567168960874.14.azuredatabricks.net/?o=1362567168960874#job/16310326487428/run/99084
[2023-01-25T12:05:58.498-0300] {databricks.py:93} INFO - Sleeping for 30 seconds.
[2023-01-25T12:06:28.528-0300] {databricks_base.py:424} INFO - Using token auth. For security reasons, please set token in Password field instead of extra
[2023-01-25T12:06:28.804-0300] {databricks.py:91} INFO - run_databricks_notebook in run state: {'life_cycle_state': 'RUNNING', 'result_state': '', 'state_message': 'In run'}
[2023-01-25T12:06:28.805-0300] {databricks.py:92} INFO - View run status, Spark UI, and logs at https://adb-1362567168960874.14.azuredatabricks.net/?o=1362567168960874#job/16310326487428/run/99084
[2023-01-25T12:06:28.805-0300] {databricks.py:93} INFO - Sleeping for 30 seconds.
[2023-01-25T12:06:58.832-0300] {databricks_base.py:424} INFO - Using token auth. For security reasons, please set token in Password field instead of extra
[2023-01-25T12:06:59.176-0300] {databricks.py:91} INFO - run_databricks_notebook in run state: {'life_cycle_state': 'RUNNING', 'result_state': '', 'state_message': 'In run'}
[2023-01-25T12:06:59.177-0300] {databricks.py:92} INFO - View run status, Spark UI, and logs at https://adb-1362567168960874.14.azuredatabricks.net/?o=1362567168960874#job/16310326487428/run/99084
[2023-01-25T12:06:59.177-0300] {databricks.py:93} INFO - Sleeping for 30 seconds.
[2023-01-25T12:07:29.207-0300] {databricks_base.py:424} INFO - Using token auth. For security reasons, please set token in Password field instead of extra
[2023-01-25T12:07:29.489-0300] {databricks.py:91} INFO - run_databricks_notebook in run state: {'life_cycle_state': 'RUNNING', 'result_state': '', 'state_message': 'In run'}
[2023-01-25T12:07:29.489-0300] {databricks.py:92} INFO - View run status, Spark UI, and logs at https://adb-1362567168960874.14.azuredatabricks.net/?o=1362567168960874#job/16310326487428/run/99084
[2023-01-25T12:07:29.489-0300] {databricks.py:93} INFO - Sleeping for 30 seconds.
[2023-01-25T12:07:59.518-0300] {databricks_base.py:424} INFO - Using token auth. For security reasons, please set token in Password field instead of extra
[2023-01-25T12:07:59.806-0300] {databricks.py:91} INFO - run_databricks_notebook in run state: {'life_cycle_state': 'RUNNING', 'result_state': '', 'state_message': 'In run'}
[2023-01-25T12:07:59.807-0300] {databricks.py:92} INFO - View run status, Spark UI, and logs at https://adb-1362567168960874.14.azuredatabricks.net/?o=1362567168960874#job/16310326487428/run/99084
[2023-01-25T12:07:59.807-0300] {databricks.py:93} INFO - Sleeping for 30 seconds.
[2023-01-25T12:08:29.838-0300] {databricks_base.py:424} INFO - Using token auth. For security reasons, please set token in Password field instead of extra
[2023-01-25T12:08:30.110-0300] {databricks.py:61} INFO - run_databricks_notebook completed successfully.
[2023-01-25T12:08:30.110-0300] {databricks.py:62} INFO - View run status, Spark UI, and logs at https://adb-1362567168960874.14.azuredatabricks.net/?o=1362567168960874#job/16310326487428/run/99084
[2023-01-25T12:08:30.134-0300] {logging_mixin.py:137} WARNING - /home/airflow/.local/lib/python3.10/site-packages/airflow/models/baseoperator.py:1393 RemovedInAirflow3Warning: Passing 'execution_date' to 'TaskInstance.xcom_push()' is deprecated.
[2023-01-25T12:08:31.323-0300] {taskinstance.py:1322} INFO - Marking task as SUCCESS. dag_id=bronze_opt_t_operacao, task_id=run_databricks_notebook, execution_date=20230125T150248, start_date=20230125T150315, end_date=20230125T150831
[2023-01-25T12:08:35.963-0300] {standard_task_runner.py:100} ERROR - Failed to execute job 1371 for task run_databricks_notebook ((pyodbc.Error) ('40001', '[40001] [Microsoft][ODBC Driver 17 for SQL Server][SQL Server]Transaction (Process ID 175) was deadlocked on lock resources with another process and has been chosen as the deadlock victim. Rerun the transaction. (1205) (SQLExecDirectW)')
[SQL: UPDATE task_instance SET end_date=?, duration=?, state=?, updated_at=? WHERE task_instance.dag_id = ? AND task_instance.task_id = ? AND task_instance.run_id = ? AND task_instance.map_index = ?]
[parameters: (datetime.datetime(2023, 1, 25, 15, 8, 31, 323587, tzinfo=Timezone('UTC')), 315.78553, <TaskInstanceState.SUCCESS: 'success'>, datetime.datetime(2023, 1, 25, 15, 3, 16, 492385, tzinfo=Timezone('UTC')), 'bronze_opt_t_operacao', 'run_databricks_notebook', 'dataset_triggered__2023-01-25T15:02:48.513477+00:00', -1)]
(Background on this error at: https://sqlalche.me/e/14/dbapi); 1740000)
[2023-01-25T12:08:35.987-0300] {local_task_job.py:159} INFO - Task exited with return code 1
[2023-01-25T12:08:36.563-0300] {taskinstance.py:2582} INFO - 0 downstream tasks scheduled from follow-on schedule check
