[2023-01-23T12:04:33.628-0300] {taskinstance.py:1087} INFO - Dependencies all met for <TaskInstance: bronze_opt_t_servicoconta.run_databricks_notebook dataset_triggered__2023-01-23T15:04:15.634111+00:00 [queued]>
[2023-01-23T12:04:33.999-0300] {taskinstance.py:1087} INFO - Dependencies all met for <TaskInstance: bronze_opt_t_servicoconta.run_databricks_notebook dataset_triggered__2023-01-23T15:04:15.634111+00:00 [queued]>
[2023-01-23T12:04:34.000-0300] {taskinstance.py:1283} INFO - 
--------------------------------------------------------------------------------
[2023-01-23T12:04:34.000-0300] {taskinstance.py:1284} INFO - Starting attempt 1 of 1
[2023-01-23T12:04:34.000-0300] {taskinstance.py:1285} INFO - 
--------------------------------------------------------------------------------
[2023-01-23T12:04:34.378-0300] {taskinstance.py:1304} INFO - Executing <Task(DatabricksSubmitRunOperator): run_databricks_notebook> on 2023-01-23 15:04:15.634111+00:00
[2023-01-23T12:04:34.384-0300] {standard_task_runner.py:55} INFO - Started process 1109348 to run task
[2023-01-23T12:04:34.388-0300] {standard_task_runner.py:82} INFO - Running: ['airflow', 'tasks', 'run', 'bronze_opt_t_servicoconta', 'run_databricks_notebook', 'dataset_triggered__2023-01-23T15:04:15.634111+00:00', '--job-id', '1210', '--raw', '--subdir', 'DAGS_FOLDER/bronze/dock_opt/bronze_opt_t_servicoconta.py', '--cfg-path', '/tmp/tmpkn2268j8']
[2023-01-23T12:04:34.391-0300] {standard_task_runner.py:83} INFO - Job 1210: Subtask run_databricks_notebook
[2023-01-23T12:04:37.395-0300] {task_command.py:389} INFO - Running <TaskInstance: bronze_opt_t_servicoconta.run_databricks_notebook dataset_triggered__2023-01-23T15:04:15.634111+00:00 [running]> on host vm-airflow-01
[2023-01-23T12:04:39.745-0300] {taskinstance.py:1511} INFO - Exporting the following env vars:
AIRFLOW_CTX_DAG_OWNER=matheus.rodrigues@fortbrasil.com.br
AIRFLOW_CTX_DAG_ID=bronze_opt_t_servicoconta
AIRFLOW_CTX_TASK_ID=run_databricks_notebook
AIRFLOW_CTX_EXECUTION_DATE=2023-01-23T15:04:15.634111+00:00
AIRFLOW_CTX_TRY_NUMBER=1
AIRFLOW_CTX_DAG_RUN_ID=dataset_triggered__2023-01-23T15:04:15.634111+00:00
[2023-01-23T12:04:40.251-0300] {base.py:73} INFO - Using connection ID 'adb' for task execution.
[2023-01-23T12:04:40.442-0300] {databricks_base.py:424} INFO - Using token auth. For security reasons, please set token in Password field instead of extra
[2023-01-23T12:04:41.693-0300] {databricks.py:50} INFO - Run submitted with run_id: 77059
[2023-01-23T12:04:41.694-0300] {databricks_base.py:424} INFO - Using token auth. For security reasons, please set token in Password field instead of extra
[2023-01-23T12:04:42.775-0300] {databricks_base.py:424} INFO - Using token auth. For security reasons, please set token in Password field instead of extra
[2023-01-23T12:04:43.176-0300] {databricks.py:91} INFO - run_databricks_notebook in run state: {'life_cycle_state': 'PENDING', 'result_state': '', 'state_message': ''}
[2023-01-23T12:04:43.176-0300] {databricks.py:92} INFO - View run status, Spark UI, and logs at https://adb-1362567168960874.14.azuredatabricks.net/?o=1362567168960874#job/135373525249994/run/77059
[2023-01-23T12:04:43.176-0300] {databricks.py:93} INFO - Sleeping for 30 seconds.
[2023-01-23T12:05:13.207-0300] {databricks_base.py:424} INFO - Using token auth. For security reasons, please set token in Password field instead of extra
[2023-01-23T12:05:13.531-0300] {databricks.py:91} INFO - run_databricks_notebook in run state: {'life_cycle_state': 'RUNNING', 'result_state': '', 'state_message': 'In run'}
[2023-01-23T12:05:13.531-0300] {databricks.py:92} INFO - View run status, Spark UI, and logs at https://adb-1362567168960874.14.azuredatabricks.net/?o=1362567168960874#job/135373525249994/run/77059
[2023-01-23T12:05:13.531-0300] {databricks.py:93} INFO - Sleeping for 30 seconds.
[2023-01-23T12:05:43.562-0300] {databricks_base.py:424} INFO - Using token auth. For security reasons, please set token in Password field instead of extra
[2023-01-23T12:05:43.851-0300] {databricks.py:91} INFO - run_databricks_notebook in run state: {'life_cycle_state': 'RUNNING', 'result_state': '', 'state_message': 'In run'}
[2023-01-23T12:05:43.851-0300] {databricks.py:92} INFO - View run status, Spark UI, and logs at https://adb-1362567168960874.14.azuredatabricks.net/?o=1362567168960874#job/135373525249994/run/77059
[2023-01-23T12:05:43.851-0300] {databricks.py:93} INFO - Sleeping for 30 seconds.
[2023-01-23T12:06:13.875-0300] {databricks_base.py:424} INFO - Using token auth. For security reasons, please set token in Password field instead of extra
[2023-01-23T12:06:14.141-0300] {databricks.py:91} INFO - run_databricks_notebook in run state: {'life_cycle_state': 'RUNNING', 'result_state': '', 'state_message': 'In run'}
[2023-01-23T12:06:14.142-0300] {databricks.py:92} INFO - View run status, Spark UI, and logs at https://adb-1362567168960874.14.azuredatabricks.net/?o=1362567168960874#job/135373525249994/run/77059
[2023-01-23T12:06:14.142-0300] {databricks.py:93} INFO - Sleeping for 30 seconds.
[2023-01-23T12:06:44.152-0300] {databricks_base.py:424} INFO - Using token auth. For security reasons, please set token in Password field instead of extra
[2023-01-23T12:06:44.418-0300] {databricks.py:91} INFO - run_databricks_notebook in run state: {'life_cycle_state': 'RUNNING', 'result_state': '', 'state_message': 'In run'}
[2023-01-23T12:06:44.418-0300] {databricks.py:92} INFO - View run status, Spark UI, and logs at https://adb-1362567168960874.14.azuredatabricks.net/?o=1362567168960874#job/135373525249994/run/77059
[2023-01-23T12:06:44.418-0300] {databricks.py:93} INFO - Sleeping for 30 seconds.
[2023-01-23T12:07:14.449-0300] {databricks_base.py:424} INFO - Using token auth. For security reasons, please set token in Password field instead of extra
[2023-01-23T12:07:14.718-0300] {databricks.py:61} INFO - run_databricks_notebook completed successfully.
[2023-01-23T12:07:14.719-0300] {databricks.py:62} INFO - View run status, Spark UI, and logs at https://adb-1362567168960874.14.azuredatabricks.net/?o=1362567168960874#job/135373525249994/run/77059
[2023-01-23T12:07:14.726-0300] {logging_mixin.py:137} WARNING - /home/airflow/.local/lib/python3.10/site-packages/airflow/models/baseoperator.py:1393 RemovedInAirflow3Warning: Passing 'execution_date' to 'TaskInstance.xcom_push()' is deprecated.
[2023-01-23T12:07:15.901-0300] {taskinstance.py:1322} INFO - Marking task as SUCCESS. dag_id=bronze_opt_t_servicoconta, task_id=run_databricks_notebook, execution_date=20230123T150415, start_date=20230123T150433, end_date=20230123T150715
[2023-01-23T12:07:16.978-0300] {local_task_job.py:159} INFO - Task exited with return code 0
[2023-01-23T12:07:17.600-0300] {taskinstance.py:2582} INFO - 0 downstream tasks scheduled from follow-on schedule check
