[2023-01-25T12:54:14.000-0300] {taskinstance.py:1087} INFO - Dependencies all met for <TaskInstance: bronze_opt_t_transacaofatura.run_databricks_notebook dataset_triggered__2023-01-25T15:54:03.867458+00:00 [queued]>
[2023-01-25T12:54:14.383-0300] {taskinstance.py:1087} INFO - Dependencies all met for <TaskInstance: bronze_opt_t_transacaofatura.run_databricks_notebook dataset_triggered__2023-01-25T15:54:03.867458+00:00 [queued]>
[2023-01-25T12:54:14.383-0300] {taskinstance.py:1283} INFO - 
--------------------------------------------------------------------------------
[2023-01-25T12:54:14.383-0300] {taskinstance.py:1284} INFO - Starting attempt 1 of 1
[2023-01-25T12:54:14.383-0300] {taskinstance.py:1285} INFO - 
--------------------------------------------------------------------------------
[2023-01-25T12:54:14.860-0300] {taskinstance.py:1304} INFO - Executing <Task(DatabricksSubmitRunOperator): run_databricks_notebook> on 2023-01-25 15:54:03.867458+00:00
[2023-01-25T12:54:14.866-0300] {standard_task_runner.py:55} INFO - Started process 1752229 to run task
[2023-01-25T12:54:14.870-0300] {standard_task_runner.py:82} INFO - Running: ['airflow', 'tasks', 'run', 'bronze_opt_t_transacaofatura', 'run_databricks_notebook', 'dataset_triggered__2023-01-25T15:54:03.867458+00:00', '--job-id', '1501', '--raw', '--subdir', 'DAGS_FOLDER/bronze/dock_opt/bronze_opt_t_transacaofatura.py', '--cfg-path', '/tmp/tmpdbmfhs9g']
[2023-01-25T12:54:14.875-0300] {standard_task_runner.py:83} INFO - Job 1501: Subtask run_databricks_notebook
[2023-01-25T12:54:18.195-0300] {task_command.py:389} INFO - Running <TaskInstance: bronze_opt_t_transacaofatura.run_databricks_notebook dataset_triggered__2023-01-25T15:54:03.867458+00:00 [running]> on host vm-airflow-01
[2023-01-25T12:54:20.686-0300] {taskinstance.py:1511} INFO - Exporting the following env vars:
AIRFLOW_CTX_DAG_OWNER=matheus.rodrigues@fortbrasil.com.br
AIRFLOW_CTX_DAG_ID=bronze_opt_t_transacaofatura
AIRFLOW_CTX_TASK_ID=run_databricks_notebook
AIRFLOW_CTX_EXECUTION_DATE=2023-01-25T15:54:03.867458+00:00
AIRFLOW_CTX_TRY_NUMBER=1
AIRFLOW_CTX_DAG_RUN_ID=dataset_triggered__2023-01-25T15:54:03.867458+00:00
[2023-01-25T12:54:21.195-0300] {base.py:73} INFO - Using connection ID 'adb' for task execution.
[2023-01-25T12:54:21.397-0300] {databricks_base.py:424} INFO - Using token auth. For security reasons, please set token in Password field instead of extra
[2023-01-25T12:54:22.796-0300] {databricks.py:50} INFO - Run submitted with run_id: 156609
[2023-01-25T12:54:22.796-0300] {databricks_base.py:424} INFO - Using token auth. For security reasons, please set token in Password field instead of extra
[2023-01-25T12:54:23.850-0300] {databricks_base.py:424} INFO - Using token auth. For security reasons, please set token in Password field instead of extra
[2023-01-25T12:54:24.138-0300] {databricks.py:91} INFO - run_databricks_notebook in run state: {'life_cycle_state': 'PENDING', 'result_state': '', 'state_message': ''}
[2023-01-25T12:54:24.139-0300] {databricks.py:92} INFO - View run status, Spark UI, and logs at https://adb-1362567168960874.14.azuredatabricks.net/?o=1362567168960874#job/13035898492046/run/156609
[2023-01-25T12:54:24.139-0300] {databricks.py:93} INFO - Sleeping for 30 seconds.
[2023-01-25T12:54:54.170-0300] {databricks_base.py:424} INFO - Using token auth. For security reasons, please set token in Password field instead of extra
[2023-01-25T12:54:54.448-0300] {databricks.py:61} INFO - run_databricks_notebook completed successfully.
[2023-01-25T12:54:54.449-0300] {databricks.py:62} INFO - View run status, Spark UI, and logs at https://adb-1362567168960874.14.azuredatabricks.net/?o=1362567168960874#job/13035898492046/run/156609
[2023-01-25T12:54:54.456-0300] {logging_mixin.py:137} WARNING - /home/airflow/.local/lib/python3.10/site-packages/airflow/models/baseoperator.py:1393 RemovedInAirflow3Warning: Passing 'execution_date' to 'TaskInstance.xcom_push()' is deprecated.
[2023-01-25T12:54:55.605-0300] {taskinstance.py:1322} INFO - Marking task as SUCCESS. dag_id=bronze_opt_t_transacaofatura, task_id=run_databricks_notebook, execution_date=20230125T155403, start_date=20230125T155414, end_date=20230125T155455
[2023-01-25T12:54:56.677-0300] {local_task_job.py:159} INFO - Task exited with return code 0
[2023-01-25T12:54:57.229-0300] {taskinstance.py:2582} INFO - 0 downstream tasks scheduled from follow-on schedule check
