[2023-01-22T12:04:26.510-0300] {taskinstance.py:1087} INFO - Dependencies all met for <TaskInstance: bronze_opt_t_servicoconta.run_databricks_notebook dataset_triggered__2023-01-22T15:04:13.064663+00:00 [queued]>
[2023-01-22T12:04:26.887-0300] {taskinstance.py:1087} INFO - Dependencies all met for <TaskInstance: bronze_opt_t_servicoconta.run_databricks_notebook dataset_triggered__2023-01-22T15:04:13.064663+00:00 [queued]>
[2023-01-22T12:04:26.887-0300] {taskinstance.py:1283} INFO - 
--------------------------------------------------------------------------------
[2023-01-22T12:04:26.888-0300] {taskinstance.py:1284} INFO - Starting attempt 1 of 1
[2023-01-22T12:04:26.888-0300] {taskinstance.py:1285} INFO - 
--------------------------------------------------------------------------------
[2023-01-22T12:04:27.365-0300] {taskinstance.py:1304} INFO - Executing <Task(DatabricksSubmitRunOperator): run_databricks_notebook> on 2023-01-22 15:04:13.064663+00:00
[2023-01-22T12:04:27.371-0300] {standard_task_runner.py:55} INFO - Started process 876559 to run task
[2023-01-22T12:04:27.375-0300] {standard_task_runner.py:82} INFO - Running: ['airflow', 'tasks', 'run', 'bronze_opt_t_servicoconta', 'run_databricks_notebook', 'dataset_triggered__2023-01-22T15:04:13.064663+00:00', '--job-id', '1166', '--raw', '--subdir', 'DAGS_FOLDER/bronze/dock_opt/bronze_opt_t_servicoconta.py', '--cfg-path', '/tmp/tmpt6a9_k2v']
[2023-01-22T12:04:27.380-0300] {standard_task_runner.py:83} INFO - Job 1166: Subtask run_databricks_notebook
[2023-01-22T12:04:30.400-0300] {task_command.py:389} INFO - Running <TaskInstance: bronze_opt_t_servicoconta.run_databricks_notebook dataset_triggered__2023-01-22T15:04:13.064663+00:00 [running]> on host vm-airflow-01
[2023-01-22T12:04:32.794-0300] {taskinstance.py:1511} INFO - Exporting the following env vars:
AIRFLOW_CTX_DAG_OWNER=matheus.rodrigues@fortbrasil.com.br
AIRFLOW_CTX_DAG_ID=bronze_opt_t_servicoconta
AIRFLOW_CTX_TASK_ID=run_databricks_notebook
AIRFLOW_CTX_EXECUTION_DATE=2023-01-22T15:04:13.064663+00:00
AIRFLOW_CTX_TRY_NUMBER=1
AIRFLOW_CTX_DAG_RUN_ID=dataset_triggered__2023-01-22T15:04:13.064663+00:00
[2023-01-22T12:04:33.303-0300] {base.py:73} INFO - Using connection ID 'adb' for task execution.
[2023-01-22T12:04:33.502-0300] {databricks_base.py:424} INFO - Using token auth. For security reasons, please set token in Password field instead of extra
[2023-01-22T12:04:34.767-0300] {databricks.py:50} INFO - Run submitted with run_id: 70976
[2023-01-22T12:04:34.768-0300] {databricks_base.py:424} INFO - Using token auth. For security reasons, please set token in Password field instead of extra
[2023-01-22T12:04:35.767-0300] {databricks_base.py:424} INFO - Using token auth. For security reasons, please set token in Password field instead of extra
[2023-01-22T12:04:36.130-0300] {databricks.py:91} INFO - run_databricks_notebook in run state: {'life_cycle_state': 'PENDING', 'result_state': '', 'state_message': ''}
[2023-01-22T12:04:36.130-0300] {databricks.py:92} INFO - View run status, Spark UI, and logs at https://adb-1362567168960874.14.azuredatabricks.net/?o=1362567168960874#job/419888205897545/run/70976
[2023-01-22T12:04:36.130-0300] {databricks.py:93} INFO - Sleeping for 30 seconds.
[2023-01-22T12:05:06.161-0300] {databricks_base.py:424} INFO - Using token auth. For security reasons, please set token in Password field instead of extra
[2023-01-22T12:05:06.459-0300] {databricks.py:91} INFO - run_databricks_notebook in run state: {'life_cycle_state': 'PENDING', 'result_state': '', 'state_message': ''}
[2023-01-22T12:05:06.460-0300] {databricks.py:92} INFO - View run status, Spark UI, and logs at https://adb-1362567168960874.14.azuredatabricks.net/?o=1362567168960874#job/419888205897545/run/70976
[2023-01-22T12:05:06.460-0300] {databricks.py:93} INFO - Sleeping for 30 seconds.
[2023-01-22T12:05:36.468-0300] {databricks_base.py:424} INFO - Using token auth. For security reasons, please set token in Password field instead of extra
[2023-01-22T12:05:36.737-0300] {databricks.py:91} INFO - run_databricks_notebook in run state: {'life_cycle_state': 'PENDING', 'result_state': '', 'state_message': ''}
[2023-01-22T12:05:36.738-0300] {databricks.py:92} INFO - View run status, Spark UI, and logs at https://adb-1362567168960874.14.azuredatabricks.net/?o=1362567168960874#job/419888205897545/run/70976
[2023-01-22T12:05:36.738-0300] {databricks.py:93} INFO - Sleeping for 30 seconds.
[2023-01-22T12:06:06.769-0300] {databricks_base.py:424} INFO - Using token auth. For security reasons, please set token in Password field instead of extra
[2023-01-22T12:06:07.055-0300] {databricks.py:91} INFO - run_databricks_notebook in run state: {'life_cycle_state': 'PENDING', 'result_state': '', 'state_message': ''}
[2023-01-22T12:06:07.056-0300] {databricks.py:92} INFO - View run status, Spark UI, and logs at https://adb-1362567168960874.14.azuredatabricks.net/?o=1362567168960874#job/419888205897545/run/70976
[2023-01-22T12:06:07.056-0300] {databricks.py:93} INFO - Sleeping for 30 seconds.
[2023-01-22T12:06:37.060-0300] {databricks_base.py:424} INFO - Using token auth. For security reasons, please set token in Password field instead of extra
[2023-01-22T12:06:37.332-0300] {databricks.py:91} INFO - run_databricks_notebook in run state: {'life_cycle_state': 'PENDING', 'result_state': '', 'state_message': ''}
[2023-01-22T12:06:37.332-0300] {databricks.py:92} INFO - View run status, Spark UI, and logs at https://adb-1362567168960874.14.azuredatabricks.net/?o=1362567168960874#job/419888205897545/run/70976
[2023-01-22T12:06:37.332-0300] {databricks.py:93} INFO - Sleeping for 30 seconds.
[2023-01-22T12:07:07.360-0300] {databricks_base.py:424} INFO - Using token auth. For security reasons, please set token in Password field instead of extra
[2023-01-22T12:07:07.702-0300] {databricks.py:91} INFO - run_databricks_notebook in run state: {'life_cycle_state': 'PENDING', 'result_state': '', 'state_message': ''}
[2023-01-22T12:07:07.702-0300] {databricks.py:92} INFO - View run status, Spark UI, and logs at https://adb-1362567168960874.14.azuredatabricks.net/?o=1362567168960874#job/419888205897545/run/70976
[2023-01-22T12:07:07.703-0300] {databricks.py:93} INFO - Sleeping for 30 seconds.
[2023-01-22T12:07:37.733-0300] {databricks_base.py:424} INFO - Using token auth. For security reasons, please set token in Password field instead of extra
[2023-01-22T12:07:38.025-0300] {databricks.py:91} INFO - run_databricks_notebook in run state: {'life_cycle_state': 'PENDING', 'result_state': '', 'state_message': ''}
[2023-01-22T12:07:38.025-0300] {databricks.py:92} INFO - View run status, Spark UI, and logs at https://adb-1362567168960874.14.azuredatabricks.net/?o=1362567168960874#job/419888205897545/run/70976
[2023-01-22T12:07:38.026-0300] {databricks.py:93} INFO - Sleeping for 30 seconds.
[2023-01-22T12:08:08.036-0300] {databricks_base.py:424} INFO - Using token auth. For security reasons, please set token in Password field instead of extra
[2023-01-22T12:08:08.332-0300] {databricks.py:91} INFO - run_databricks_notebook in run state: {'life_cycle_state': 'RUNNING', 'result_state': '', 'state_message': 'In run'}
[2023-01-22T12:08:08.332-0300] {databricks.py:92} INFO - View run status, Spark UI, and logs at https://adb-1362567168960874.14.azuredatabricks.net/?o=1362567168960874#job/419888205897545/run/70976
[2023-01-22T12:08:08.332-0300] {databricks.py:93} INFO - Sleeping for 30 seconds.
[2023-01-22T12:08:38.360-0300] {databricks_base.py:424} INFO - Using token auth. For security reasons, please set token in Password field instead of extra
[2023-01-22T12:08:38.628-0300] {databricks.py:91} INFO - run_databricks_notebook in run state: {'life_cycle_state': 'RUNNING', 'result_state': '', 'state_message': 'In run'}
[2023-01-22T12:08:38.628-0300] {databricks.py:92} INFO - View run status, Spark UI, and logs at https://adb-1362567168960874.14.azuredatabricks.net/?o=1362567168960874#job/419888205897545/run/70976
[2023-01-22T12:08:38.628-0300] {databricks.py:93} INFO - Sleeping for 30 seconds.
[2023-01-22T12:09:08.658-0300] {databricks_base.py:424} INFO - Using token auth. For security reasons, please set token in Password field instead of extra
[2023-01-22T12:09:08.925-0300] {databricks.py:91} INFO - run_databricks_notebook in run state: {'life_cycle_state': 'RUNNING', 'result_state': '', 'state_message': 'In run'}
[2023-01-22T12:09:08.926-0300] {databricks.py:92} INFO - View run status, Spark UI, and logs at https://adb-1362567168960874.14.azuredatabricks.net/?o=1362567168960874#job/419888205897545/run/70976
[2023-01-22T12:09:08.926-0300] {databricks.py:93} INFO - Sleeping for 30 seconds.
[2023-01-22T12:09:38.956-0300] {databricks_base.py:424} INFO - Using token auth. For security reasons, please set token in Password field instead of extra
[2023-01-22T12:09:39.261-0300] {databricks.py:91} INFO - run_databricks_notebook in run state: {'life_cycle_state': 'RUNNING', 'result_state': '', 'state_message': 'In run'}
[2023-01-22T12:09:39.261-0300] {databricks.py:92} INFO - View run status, Spark UI, and logs at https://adb-1362567168960874.14.azuredatabricks.net/?o=1362567168960874#job/419888205897545/run/70976
[2023-01-22T12:09:39.261-0300] {databricks.py:93} INFO - Sleeping for 30 seconds.
[2023-01-22T12:10:09.292-0300] {databricks_base.py:424} INFO - Using token auth. For security reasons, please set token in Password field instead of extra
[2023-01-22T12:10:09.569-0300] {databricks.py:61} INFO - run_databricks_notebook completed successfully.
[2023-01-22T12:10:09.570-0300] {databricks.py:62} INFO - View run status, Spark UI, and logs at https://adb-1362567168960874.14.azuredatabricks.net/?o=1362567168960874#job/419888205897545/run/70976
[2023-01-22T12:10:09.578-0300] {logging_mixin.py:137} WARNING - /home/airflow/.local/lib/python3.10/site-packages/airflow/models/baseoperator.py:1393 RemovedInAirflow3Warning: Passing 'execution_date' to 'TaskInstance.xcom_push()' is deprecated.
[2023-01-22T12:10:10.740-0300] {taskinstance.py:1322} INFO - Marking task as SUCCESS. dag_id=bronze_opt_t_servicoconta, task_id=run_databricks_notebook, execution_date=20230122T150413, start_date=20230122T150426, end_date=20230122T151010
[2023-01-22T12:10:12.567-0300] {local_task_job.py:159} INFO - Task exited with return code 0
[2023-01-22T12:10:13.114-0300] {taskinstance.py:2582} INFO - 0 downstream tasks scheduled from follow-on schedule check
