[2023-01-23T11:52:44.052-0300] {taskinstance.py:1087} INFO - Dependencies all met for <TaskInstance: raw_opt_t_fatura.get_last_date manual__2023-01-23T14:52:13.274594+00:00 [queued]>
[2023-01-23T11:52:44.674-0300] {taskinstance.py:1087} INFO - Dependencies all met for <TaskInstance: raw_opt_t_fatura.get_last_date manual__2023-01-23T14:52:13.274594+00:00 [queued]>
[2023-01-23T11:52:44.674-0300] {taskinstance.py:1283} INFO - 
--------------------------------------------------------------------------------
[2023-01-23T11:52:44.675-0300] {taskinstance.py:1284} INFO - Starting attempt 1 of 1
[2023-01-23T11:52:44.675-0300] {taskinstance.py:1285} INFO - 
--------------------------------------------------------------------------------
[2023-01-23T11:52:45.154-0300] {taskinstance.py:1304} INFO - Executing <Task(DatabricksSubmitRunOperator): get_last_date> on 2023-01-23 14:52:13.274594+00:00
[2023-01-23T11:52:45.162-0300] {standard_task_runner.py:55} INFO - Started process 1107340 to run task
[2023-01-23T11:52:45.167-0300] {standard_task_runner.py:82} INFO - Running: ['airflow', 'tasks', 'run', 'raw_opt_t_fatura', 'get_last_date', 'manual__2023-01-23T14:52:13.274594+00:00', '--job-id', '1178', '--raw', '--subdir', 'DAGS_FOLDER/raw/dock_opt/raw_opt_t_fatura.py', '--cfg-path', '/tmp/tmp526jlzi9']
[2023-01-23T11:52:45.171-0300] {standard_task_runner.py:83} INFO - Job 1178: Subtask get_last_date
[2023-01-23T11:52:48.486-0300] {task_command.py:389} INFO - Running <TaskInstance: raw_opt_t_fatura.get_last_date manual__2023-01-23T14:52:13.274594+00:00 [running]> on host vm-airflow-01
[2023-01-23T11:52:50.985-0300] {taskinstance.py:1511} INFO - Exporting the following env vars:
AIRFLOW_CTX_DAG_OWNER=matheus.rodrigues@fortbrasil.com.br
AIRFLOW_CTX_DAG_ID=raw_opt_t_fatura
AIRFLOW_CTX_TASK_ID=get_last_date
AIRFLOW_CTX_EXECUTION_DATE=2023-01-23T14:52:13.274594+00:00
AIRFLOW_CTX_TRY_NUMBER=1
AIRFLOW_CTX_DAG_RUN_ID=manual__2023-01-23T14:52:13.274594+00:00
[2023-01-23T11:52:51.488-0300] {base.py:73} INFO - Using connection ID 'adb' for task execution.
[2023-01-23T11:52:51.675-0300] {databricks_base.py:424} INFO - Using token auth. For security reasons, please set token in Password field instead of extra
[2023-01-23T11:52:53.067-0300] {databricks.py:50} INFO - Run submitted with run_id: 72147
[2023-01-23T11:52:53.068-0300] {databricks_base.py:424} INFO - Using token auth. For security reasons, please set token in Password field instead of extra
[2023-01-23T11:52:54.125-0300] {databricks_base.py:424} INFO - Using token auth. For security reasons, please set token in Password field instead of extra
[2023-01-23T11:52:54.481-0300] {databricks.py:91} INFO - get_last_date in run state: {'life_cycle_state': 'PENDING', 'result_state': '', 'state_message': ''}
[2023-01-23T11:52:54.603-0300] {databricks.py:92} INFO - View run status, Spark UI, and logs at https://adb-1362567168960874.14.azuredatabricks.net/?o=1362567168960874#job/1093442038732961/run/72147
[2023-01-23T11:52:54.604-0300] {databricks.py:93} INFO - Sleeping for 30 seconds.
[2023-01-23T11:53:24.634-0300] {databricks_base.py:424} INFO - Using token auth. For security reasons, please set token in Password field instead of extra
[2023-01-23T11:53:25.139-0300] {databricks.py:61} INFO - get_last_date completed successfully.
[2023-01-23T11:53:25.140-0300] {databricks.py:62} INFO - View run status, Spark UI, and logs at https://adb-1362567168960874.14.azuredatabricks.net/?o=1362567168960874#job/1093442038732961/run/72147
[2023-01-23T11:53:25.649-0300] {taskinstance.py:1322} INFO - Marking task as SUCCESS. dag_id=raw_opt_t_fatura, task_id=get_last_date, execution_date=20230123T145213, start_date=20230123T145244, end_date=20230123T145325
[2023-01-23T11:53:26.186-0300] {local_task_job.py:159} INFO - Task exited with return code 0
[2023-01-23T11:53:27.007-0300] {taskinstance.py:2582} INFO - 1 downstream tasks scheduled from follow-on schedule check
