[2023-01-24T12:01:08.357-0300] {taskinstance.py:1087} INFO - Dependencies all met for <TaskInstance: raw_opt_t_transacaofatura.get_last_date scheduled__2023-01-23T15:00:00+00:00 [queued]>
[2023-01-24T12:01:09.005-0300] {taskinstance.py:1087} INFO - Dependencies all met for <TaskInstance: raw_opt_t_transacaofatura.get_last_date scheduled__2023-01-23T15:00:00+00:00 [queued]>
[2023-01-24T12:01:09.005-0300] {taskinstance.py:1283} INFO - 
--------------------------------------------------------------------------------
[2023-01-24T12:01:09.006-0300] {taskinstance.py:1284} INFO - Starting attempt 1 of 1
[2023-01-24T12:01:09.006-0300] {taskinstance.py:1285} INFO - 
--------------------------------------------------------------------------------
[2023-01-24T12:01:09.408-0300] {taskinstance.py:1304} INFO - Executing <Task(DatabricksSubmitRunOperator): get_last_date> on 2023-01-23 15:00:00+00:00
[2023-01-24T12:01:09.413-0300] {standard_task_runner.py:55} INFO - Started process 1420440 to run task
[2023-01-24T12:01:09.418-0300] {standard_task_runner.py:82} INFO - Running: ['airflow', 'tasks', 'run', 'raw_opt_t_transacaofatura', 'get_last_date', 'scheduled__2023-01-23T15:00:00+00:00', '--job-id', '1290', '--raw', '--subdir', 'DAGS_FOLDER/raw/dock_opt/raw_opt_t_transacaofatura.py', '--cfg-path', '/tmp/tmpvqjtp5wl']
[2023-01-24T12:01:09.421-0300] {standard_task_runner.py:83} INFO - Job 1290: Subtask get_last_date
[2023-01-24T12:01:12.719-0300] {task_command.py:389} INFO - Running <TaskInstance: raw_opt_t_transacaofatura.get_last_date scheduled__2023-01-23T15:00:00+00:00 [running]> on host vm-airflow-01
[2023-01-24T12:01:15.185-0300] {taskinstance.py:1511} INFO - Exporting the following env vars:
AIRFLOW_CTX_DAG_OWNER=matheus.rodrigues@fortbrasil.com.br
AIRFLOW_CTX_DAG_ID=raw_opt_t_transacaofatura
AIRFLOW_CTX_TASK_ID=get_last_date
AIRFLOW_CTX_EXECUTION_DATE=2023-01-23T15:00:00+00:00
AIRFLOW_CTX_TRY_NUMBER=1
AIRFLOW_CTX_DAG_RUN_ID=scheduled__2023-01-23T15:00:00+00:00
[2023-01-24T12:01:15.704-0300] {base.py:73} INFO - Using connection ID 'adb' for task execution.
[2023-01-24T12:01:15.926-0300] {databricks_base.py:424} INFO - Using token auth. For security reasons, please set token in Password field instead of extra
[2023-01-24T12:01:17.165-0300] {databricks.py:50} INFO - Run submitted with run_id: 87715
[2023-01-24T12:01:17.166-0300] {databricks_base.py:424} INFO - Using token auth. For security reasons, please set token in Password field instead of extra
[2023-01-24T12:01:18.143-0300] {databricks_base.py:424} INFO - Using token auth. For security reasons, please set token in Password field instead of extra
[2023-01-24T12:01:18.420-0300] {databricks.py:91} INFO - get_last_date in run state: {'life_cycle_state': 'PENDING', 'result_state': '', 'state_message': ''}
[2023-01-24T12:01:18.421-0300] {databricks.py:92} INFO - View run status, Spark UI, and logs at https://adb-1362567168960874.14.azuredatabricks.net/?o=1362567168960874#job/424914850298565/run/87715
[2023-01-24T12:01:18.421-0300] {databricks.py:93} INFO - Sleeping for 30 seconds.
[2023-01-24T12:01:48.444-0300] {databricks_base.py:424} INFO - Using token auth. For security reasons, please set token in Password field instead of extra
[2023-01-24T12:01:48.716-0300] {databricks.py:91} INFO - get_last_date in run state: {'life_cycle_state': 'PENDING', 'result_state': '', 'state_message': ''}
[2023-01-24T12:01:48.716-0300] {databricks.py:92} INFO - View run status, Spark UI, and logs at https://adb-1362567168960874.14.azuredatabricks.net/?o=1362567168960874#job/424914850298565/run/87715
[2023-01-24T12:01:48.716-0300] {databricks.py:93} INFO - Sleeping for 30 seconds.
[2023-01-24T12:02:18.748-0300] {databricks_base.py:424} INFO - Using token auth. For security reasons, please set token in Password field instead of extra
[2023-01-24T12:02:19.018-0300] {databricks.py:91} INFO - get_last_date in run state: {'life_cycle_state': 'PENDING', 'result_state': '', 'state_message': ''}
[2023-01-24T12:02:19.018-0300] {databricks.py:92} INFO - View run status, Spark UI, and logs at https://adb-1362567168960874.14.azuredatabricks.net/?o=1362567168960874#job/424914850298565/run/87715
[2023-01-24T12:02:19.018-0300] {databricks.py:93} INFO - Sleeping for 30 seconds.
[2023-01-24T12:02:49.048-0300] {databricks_base.py:424} INFO - Using token auth. For security reasons, please set token in Password field instead of extra
[2023-01-24T12:02:49.369-0300] {databricks.py:91} INFO - get_last_date in run state: {'life_cycle_state': 'PENDING', 'result_state': '', 'state_message': ''}
[2023-01-24T12:02:49.369-0300] {databricks.py:92} INFO - View run status, Spark UI, and logs at https://adb-1362567168960874.14.azuredatabricks.net/?o=1362567168960874#job/424914850298565/run/87715
[2023-01-24T12:02:49.370-0300] {databricks.py:93} INFO - Sleeping for 30 seconds.
[2023-01-24T12:03:19.397-0300] {databricks_base.py:424} INFO - Using token auth. For security reasons, please set token in Password field instead of extra
[2023-01-24T12:03:19.716-0300] {databricks.py:91} INFO - get_last_date in run state: {'life_cycle_state': 'PENDING', 'result_state': '', 'state_message': ''}
[2023-01-24T12:03:19.716-0300] {databricks.py:92} INFO - View run status, Spark UI, and logs at https://adb-1362567168960874.14.azuredatabricks.net/?o=1362567168960874#job/424914850298565/run/87715
[2023-01-24T12:03:19.716-0300] {databricks.py:93} INFO - Sleeping for 30 seconds.
[2023-01-24T12:03:49.743-0300] {databricks_base.py:424} INFO - Using token auth. For security reasons, please set token in Password field instead of extra
[2023-01-24T12:03:50.068-0300] {databricks.py:91} INFO - get_last_date in run state: {'life_cycle_state': 'PENDING', 'result_state': '', 'state_message': ''}
[2023-01-24T12:03:50.068-0300] {databricks.py:92} INFO - View run status, Spark UI, and logs at https://adb-1362567168960874.14.azuredatabricks.net/?o=1362567168960874#job/424914850298565/run/87715
[2023-01-24T12:03:50.068-0300] {databricks.py:93} INFO - Sleeping for 30 seconds.
[2023-01-24T12:04:20.081-0300] {databricks_base.py:424} INFO - Using token auth. For security reasons, please set token in Password field instead of extra
[2023-01-24T12:04:20.377-0300] {databricks.py:91} INFO - get_last_date in run state: {'life_cycle_state': 'PENDING', 'result_state': '', 'state_message': ''}
[2023-01-24T12:04:20.378-0300] {databricks.py:92} INFO - View run status, Spark UI, and logs at https://adb-1362567168960874.14.azuredatabricks.net/?o=1362567168960874#job/424914850298565/run/87715
[2023-01-24T12:04:20.378-0300] {databricks.py:93} INFO - Sleeping for 30 seconds.
[2023-01-24T12:04:50.402-0300] {databricks_base.py:424} INFO - Using token auth. For security reasons, please set token in Password field instead of extra
[2023-01-24T12:04:50.679-0300] {databricks.py:91} INFO - get_last_date in run state: {'life_cycle_state': 'PENDING', 'result_state': '', 'state_message': ''}
[2023-01-24T12:04:50.680-0300] {databricks.py:92} INFO - View run status, Spark UI, and logs at https://adb-1362567168960874.14.azuredatabricks.net/?o=1362567168960874#job/424914850298565/run/87715
[2023-01-24T12:04:50.680-0300] {databricks.py:93} INFO - Sleeping for 30 seconds.
[2023-01-24T12:05:20.711-0300] {databricks_base.py:424} INFO - Using token auth. For security reasons, please set token in Password field instead of extra
[2023-01-24T12:05:21.102-0300] {databricks.py:91} INFO - get_last_date in run state: {'life_cycle_state': 'PENDING', 'result_state': '', 'state_message': ''}
[2023-01-24T12:05:21.102-0300] {databricks.py:92} INFO - View run status, Spark UI, and logs at https://adb-1362567168960874.14.azuredatabricks.net/?o=1362567168960874#job/424914850298565/run/87715
[2023-01-24T12:05:21.102-0300] {databricks.py:93} INFO - Sleeping for 30 seconds.
[2023-01-24T12:05:51.104-0300] {databricks_base.py:424} INFO - Using token auth. For security reasons, please set token in Password field instead of extra
[2023-01-24T12:05:51.447-0300] {databricks.py:91} INFO - get_last_date in run state: {'life_cycle_state': 'RUNNING', 'result_state': '', 'state_message': 'In run'}
[2023-01-24T12:05:51.447-0300] {databricks.py:92} INFO - View run status, Spark UI, and logs at https://adb-1362567168960874.14.azuredatabricks.net/?o=1362567168960874#job/424914850298565/run/87715
[2023-01-24T12:05:51.447-0300] {databricks.py:93} INFO - Sleeping for 30 seconds.
[2023-01-24T12:06:21.476-0300] {databricks_base.py:424} INFO - Using token auth. For security reasons, please set token in Password field instead of extra
[2023-01-24T12:06:21.746-0300] {databricks.py:91} INFO - get_last_date in run state: {'life_cycle_state': 'RUNNING', 'result_state': '', 'state_message': 'In run'}
[2023-01-24T12:06:21.746-0300] {databricks.py:92} INFO - View run status, Spark UI, and logs at https://adb-1362567168960874.14.azuredatabricks.net/?o=1362567168960874#job/424914850298565/run/87715
[2023-01-24T12:06:21.747-0300] {databricks.py:93} INFO - Sleeping for 30 seconds.
[2023-01-24T12:06:51.777-0300] {databricks_base.py:424} INFO - Using token auth. For security reasons, please set token in Password field instead of extra
[2023-01-24T12:06:52.054-0300] {databricks.py:91} INFO - get_last_date in run state: {'life_cycle_state': 'RUNNING', 'result_state': '', 'state_message': 'In run'}
[2023-01-24T12:06:52.054-0300] {databricks.py:92} INFO - View run status, Spark UI, and logs at https://adb-1362567168960874.14.azuredatabricks.net/?o=1362567168960874#job/424914850298565/run/87715
[2023-01-24T12:06:52.054-0300] {databricks.py:93} INFO - Sleeping for 30 seconds.
[2023-01-24T12:07:22.084-0300] {databricks_base.py:424} INFO - Using token auth. For security reasons, please set token in Password field instead of extra
[2023-01-24T12:07:22.345-0300] {databricks.py:91} INFO - get_last_date in run state: {'life_cycle_state': 'RUNNING', 'result_state': '', 'state_message': 'In run'}
[2023-01-24T12:07:22.346-0300] {databricks.py:92} INFO - View run status, Spark UI, and logs at https://adb-1362567168960874.14.azuredatabricks.net/?o=1362567168960874#job/424914850298565/run/87715
[2023-01-24T12:07:22.346-0300] {databricks.py:93} INFO - Sleeping for 30 seconds.
[2023-01-24T12:07:52.376-0300] {databricks_base.py:424} INFO - Using token auth. For security reasons, please set token in Password field instead of extra
[2023-01-24T12:07:52.694-0300] {databricks.py:91} INFO - get_last_date in run state: {'life_cycle_state': 'RUNNING', 'result_state': '', 'state_message': 'In run'}
[2023-01-24T12:07:52.695-0300] {databricks.py:92} INFO - View run status, Spark UI, and logs at https://adb-1362567168960874.14.azuredatabricks.net/?o=1362567168960874#job/424914850298565/run/87715
[2023-01-24T12:07:52.695-0300] {databricks.py:93} INFO - Sleeping for 30 seconds.
[2023-01-24T12:08:22.726-0300] {databricks_base.py:424} INFO - Using token auth. For security reasons, please set token in Password field instead of extra
[2023-01-24T12:08:22.999-0300] {databricks.py:61} INFO - get_last_date completed successfully.
[2023-01-24T12:08:22.999-0300] {databricks.py:62} INFO - View run status, Spark UI, and logs at https://adb-1362567168960874.14.azuredatabricks.net/?o=1362567168960874#job/424914850298565/run/87715
[2023-01-24T12:08:23.463-0300] {taskinstance.py:1322} INFO - Marking task as SUCCESS. dag_id=raw_opt_t_transacaofatura, task_id=get_last_date, execution_date=20230123T150000, start_date=20230124T150108, end_date=20230124T150823
[2023-01-24T12:08:23.992-0300] {local_task_job.py:159} INFO - Task exited with return code 0
[2023-01-24T12:08:26.782-0300] {taskinstance.py:2582} INFO - 1 downstream tasks scheduled from follow-on schedule check
