[2023-01-25T12:03:15.519-0300] {taskinstance.py:1087} INFO - Dependencies all met for <TaskInstance: bronze_opt_t_estabelecimento.run_databricks_notebook dataset_triggered__2023-01-25T15:02:52.777785+00:00 [queued]>
[2023-01-25T12:03:16.086-0300] {taskinstance.py:1087} INFO - Dependencies all met for <TaskInstance: bronze_opt_t_estabelecimento.run_databricks_notebook dataset_triggered__2023-01-25T15:02:52.777785+00:00 [queued]>
[2023-01-25T12:03:16.086-0300] {taskinstance.py:1283} INFO - 
--------------------------------------------------------------------------------
[2023-01-25T12:03:16.086-0300] {taskinstance.py:1284} INFO - Starting attempt 1 of 1
[2023-01-25T12:03:16.087-0300] {taskinstance.py:1285} INFO - 
--------------------------------------------------------------------------------
[2023-01-25T12:03:16.590-0300] {taskinstance.py:1304} INFO - Executing <Task(DatabricksSubmitRunOperator): run_databricks_notebook> on 2023-01-25 15:02:52.777785+00:00
[2023-01-25T12:03:16.595-0300] {standard_task_runner.py:55} INFO - Started process 1739999 to run task
[2023-01-25T12:03:16.600-0300] {standard_task_runner.py:82} INFO - Running: ['airflow', 'tasks', 'run', 'bronze_opt_t_estabelecimento', 'run_databricks_notebook', 'dataset_triggered__2023-01-25T15:02:52.777785+00:00', '--job-id', '1370', '--raw', '--subdir', 'DAGS_FOLDER/bronze/dock_opt/bronze_opt_t_estabelecimento.py', '--cfg-path', '/tmp/tmpfbljtim5']
[2023-01-25T12:03:16.606-0300] {standard_task_runner.py:83} INFO - Job 1370: Subtask run_databricks_notebook
[2023-01-25T12:03:20.584-0300] {task_command.py:389} INFO - Running <TaskInstance: bronze_opt_t_estabelecimento.run_databricks_notebook dataset_triggered__2023-01-25T15:02:52.777785+00:00 [running]> on host vm-airflow-01
[2023-01-25T12:03:23.629-0300] {taskinstance.py:1511} INFO - Exporting the following env vars:
AIRFLOW_CTX_DAG_OWNER=matheus.rodrigues@fortbrasil.com.br
AIRFLOW_CTX_DAG_ID=bronze_opt_t_estabelecimento
AIRFLOW_CTX_TASK_ID=run_databricks_notebook
AIRFLOW_CTX_EXECUTION_DATE=2023-01-25T15:02:52.777785+00:00
AIRFLOW_CTX_TRY_NUMBER=1
AIRFLOW_CTX_DAG_RUN_ID=dataset_triggered__2023-01-25T15:02:52.777785+00:00
[2023-01-25T12:03:24.237-0300] {base.py:73} INFO - Using connection ID 'adb' for task execution.
[2023-01-25T12:03:24.430-0300] {databricks_base.py:424} INFO - Using token auth. For security reasons, please set token in Password field instead of extra
[2023-01-25T12:03:25.776-0300] {databricks.py:50} INFO - Run submitted with run_id: 101468
[2023-01-25T12:03:25.777-0300] {databricks_base.py:424} INFO - Using token auth. For security reasons, please set token in Password field instead of extra
[2023-01-25T12:03:26.947-0300] {databricks_base.py:424} INFO - Using token auth. For security reasons, please set token in Password field instead of extra
[2023-01-25T12:03:27.238-0300] {databricks.py:91} INFO - run_databricks_notebook in run state: {'life_cycle_state': 'PENDING', 'result_state': '', 'state_message': ''}
[2023-01-25T12:03:27.238-0300] {databricks.py:92} INFO - View run status, Spark UI, and logs at https://adb-1362567168960874.14.azuredatabricks.net/?o=1362567168960874#job/789815702197457/run/101468
[2023-01-25T12:03:27.238-0300] {databricks.py:93} INFO - Sleeping for 30 seconds.
[2023-01-25T12:03:57.268-0300] {databricks_base.py:424} INFO - Using token auth. For security reasons, please set token in Password field instead of extra
[2023-01-25T12:03:57.535-0300] {databricks.py:91} INFO - run_databricks_notebook in run state: {'life_cycle_state': 'PENDING', 'result_state': '', 'state_message': ''}
[2023-01-25T12:03:57.535-0300] {databricks.py:92} INFO - View run status, Spark UI, and logs at https://adb-1362567168960874.14.azuredatabricks.net/?o=1362567168960874#job/789815702197457/run/101468
[2023-01-25T12:03:57.536-0300] {databricks.py:93} INFO - Sleeping for 30 seconds.
[2023-01-25T12:04:27.566-0300] {databricks_base.py:424} INFO - Using token auth. For security reasons, please set token in Password field instead of extra
[2023-01-25T12:04:27.850-0300] {databricks.py:91} INFO - run_databricks_notebook in run state: {'life_cycle_state': 'PENDING', 'result_state': '', 'state_message': ''}
[2023-01-25T12:04:27.850-0300] {databricks.py:92} INFO - View run status, Spark UI, and logs at https://adb-1362567168960874.14.azuredatabricks.net/?o=1362567168960874#job/789815702197457/run/101468
[2023-01-25T12:04:27.851-0300] {databricks.py:93} INFO - Sleeping for 30 seconds.
[2023-01-25T12:04:57.880-0300] {databricks_base.py:424} INFO - Using token auth. For security reasons, please set token in Password field instead of extra
[2023-01-25T12:04:58.217-0300] {databricks.py:91} INFO - run_databricks_notebook in run state: {'life_cycle_state': 'PENDING', 'result_state': '', 'state_message': ''}
[2023-01-25T12:04:58.218-0300] {databricks.py:92} INFO - View run status, Spark UI, and logs at https://adb-1362567168960874.14.azuredatabricks.net/?o=1362567168960874#job/789815702197457/run/101468
[2023-01-25T12:04:58.218-0300] {databricks.py:93} INFO - Sleeping for 30 seconds.
[2023-01-25T12:05:28.237-0300] {databricks_base.py:424} INFO - Using token auth. For security reasons, please set token in Password field instead of extra
[2023-01-25T12:05:28.504-0300] {databricks.py:91} INFO - run_databricks_notebook in run state: {'life_cycle_state': 'PENDING', 'result_state': '', 'state_message': ''}
[2023-01-25T12:05:28.504-0300] {databricks.py:92} INFO - View run status, Spark UI, and logs at https://adb-1362567168960874.14.azuredatabricks.net/?o=1362567168960874#job/789815702197457/run/101468
[2023-01-25T12:05:28.504-0300] {databricks.py:93} INFO - Sleeping for 30 seconds.
[2023-01-25T12:05:58.535-0300] {databricks_base.py:424} INFO - Using token auth. For security reasons, please set token in Password field instead of extra
[2023-01-25T12:05:58.817-0300] {databricks.py:91} INFO - run_databricks_notebook in run state: {'life_cycle_state': 'RUNNING', 'result_state': '', 'state_message': 'In run'}
[2023-01-25T12:05:58.817-0300] {databricks.py:92} INFO - View run status, Spark UI, and logs at https://adb-1362567168960874.14.azuredatabricks.net/?o=1362567168960874#job/789815702197457/run/101468
[2023-01-25T12:05:58.817-0300] {databricks.py:93} INFO - Sleeping for 30 seconds.
[2023-01-25T12:06:28.848-0300] {databricks_base.py:424} INFO - Using token auth. For security reasons, please set token in Password field instead of extra
[2023-01-25T12:06:29.131-0300] {databricks.py:91} INFO - run_databricks_notebook in run state: {'life_cycle_state': 'RUNNING', 'result_state': '', 'state_message': 'In run'}
[2023-01-25T12:06:29.131-0300] {databricks.py:92} INFO - View run status, Spark UI, and logs at https://adb-1362567168960874.14.azuredatabricks.net/?o=1362567168960874#job/789815702197457/run/101468
[2023-01-25T12:06:29.131-0300] {databricks.py:93} INFO - Sleeping for 30 seconds.
[2023-01-25T12:06:59.160-0300] {databricks_base.py:424} INFO - Using token auth. For security reasons, please set token in Password field instead of extra
[2023-01-25T12:06:59.427-0300] {databricks.py:91} INFO - run_databricks_notebook in run state: {'life_cycle_state': 'RUNNING', 'result_state': '', 'state_message': 'In run'}
[2023-01-25T12:06:59.427-0300] {databricks.py:92} INFO - View run status, Spark UI, and logs at https://adb-1362567168960874.14.azuredatabricks.net/?o=1362567168960874#job/789815702197457/run/101468
[2023-01-25T12:06:59.427-0300] {databricks.py:93} INFO - Sleeping for 30 seconds.
[2023-01-25T12:07:29.457-0300] {databricks_base.py:424} INFO - Using token auth. For security reasons, please set token in Password field instead of extra
[2023-01-25T12:07:29.722-0300] {databricks.py:91} INFO - run_databricks_notebook in run state: {'life_cycle_state': 'RUNNING', 'result_state': '', 'state_message': 'In run'}
[2023-01-25T12:07:29.722-0300] {databricks.py:92} INFO - View run status, Spark UI, and logs at https://adb-1362567168960874.14.azuredatabricks.net/?o=1362567168960874#job/789815702197457/run/101468
[2023-01-25T12:07:29.722-0300] {databricks.py:93} INFO - Sleeping for 30 seconds.
[2023-01-25T12:07:59.753-0300] {databricks_base.py:424} INFO - Using token auth. For security reasons, please set token in Password field instead of extra
[2023-01-25T12:08:00.017-0300] {databricks.py:91} INFO - run_databricks_notebook in run state: {'life_cycle_state': 'RUNNING', 'result_state': '', 'state_message': 'In run'}
[2023-01-25T12:08:00.017-0300] {databricks.py:92} INFO - View run status, Spark UI, and logs at https://adb-1362567168960874.14.azuredatabricks.net/?o=1362567168960874#job/789815702197457/run/101468
[2023-01-25T12:08:00.017-0300] {databricks.py:93} INFO - Sleeping for 30 seconds.
[2023-01-25T12:08:30.045-0300] {databricks_base.py:424} INFO - Using token auth. For security reasons, please set token in Password field instead of extra
[2023-01-25T12:08:30.359-0300] {databricks.py:61} INFO - run_databricks_notebook completed successfully.
[2023-01-25T12:08:30.360-0300] {databricks.py:62} INFO - View run status, Spark UI, and logs at https://adb-1362567168960874.14.azuredatabricks.net/?o=1362567168960874#job/789815702197457/run/101468
[2023-01-25T12:08:30.368-0300] {logging_mixin.py:137} WARNING - /home/airflow/.local/lib/python3.10/site-packages/airflow/models/baseoperator.py:1393 RemovedInAirflow3Warning: Passing 'execution_date' to 'TaskInstance.xcom_push()' is deprecated.
[2023-01-25T12:08:31.532-0300] {taskinstance.py:1322} INFO - Marking task as SUCCESS. dag_id=bronze_opt_t_estabelecimento, task_id=run_databricks_notebook, execution_date=20230125T150252, start_date=20230125T150315, end_date=20230125T150831
[2023-01-25T12:08:44.787-0300] {standard_task_runner.py:100} ERROR - Failed to execute job 1370 for task run_databricks_notebook ((pyodbc.Error) ('40001', '[40001] [Microsoft][ODBC Driver 17 for SQL Server][SQL Server]Transaction (Process ID 224) was deadlocked on lock resources with another process and has been chosen as the deadlock victim. Rerun the transaction. (1205) (SQLExecDirectW)')
[SQL: UPDATE task_instance SET end_date=?, duration=?, state=?, updated_at=? WHERE task_instance.dag_id = ? AND task_instance.task_id = ? AND task_instance.run_id = ? AND task_instance.map_index = ?]
[parameters: (datetime.datetime(2023, 1, 25, 15, 8, 31, 532354, tzinfo=Timezone('UTC')), 316.011676, <TaskInstanceState.SUCCESS: 'success'>, datetime.datetime(2023, 1, 25, 15, 3, 16, 409141, tzinfo=Timezone('UTC')), 'bronze_opt_t_estabelecimento', 'run_databricks_notebook', 'dataset_triggered__2023-01-25T15:02:52.777785+00:00', -1)]
(Background on this error at: https://sqlalche.me/e/14/dbapi); 1739999)
[2023-01-25T12:08:44.822-0300] {local_task_job.py:159} INFO - Task exited with return code 1
[2023-01-25T12:08:45.416-0300] {taskinstance.py:2582} INFO - 0 downstream tasks scheduled from follow-on schedule check
